model = dict(
    type='Classifier',
    backbone=dict(
        type='MyResNetV1d',
        depth=50,
        num_stages=4,
        out_indices=(0, 1, 2, 3),
        frozen_stages=1,
        norm_cfg=dict(type='BN', requires_grad=True),
        norm_eval=True,
        style='pytorch',
        init_cfg=dict(
            type='ft', checkpoint='../work_dirs/untrained/res50_0020.pth')),
    classifier=dict(dim_in=2048, dim_mid=1024, dim_out=3))
optimizer = dict(type='SGD', lr=0.001, momentum=0.9, weight_decay=0.0001)
runner = dict(epoch=200)
data = dict(
    type='FUSARShip',
    root='../data/fusarship',
    n_class=3,
    percentage=70,
    image_size=64,
    normalize=dict(
        mean=[0.05684700353123015, 0.05684700353123015, 0.05684700353123015],
        std=[0.11367373919156237, 0.11367373919156237, 0.11367373919156237]),
    workers=2,
    batch_size=dict(pretrain=1024, train=512, val=2048))
checkpoints = dict(
    folders=[
        '../work_dirs/untrained',
        '../work_dirs/multiembedding_fusarship_pretrain'
    ],
    index=['res50_0020.pth'])
test_mode = 'ft'
work_dir = '../work_dirs/classifier_fusarship_single_ft'
log_file = '../work_dirs/classifier_fusarship_single_ft/20221010_185908.log'
Test: [  1/200] eta 00:26:32 loss_cls 1.0819 acc 0.0906 f1 nan conf_mat [0,0,420,0,0,102,0,0,52]
Test: [  2/200] eta 00:13:12 loss_cls 1.0300 acc 0.0906 f1 nan conf_mat [0,0,420,0,0,102,0,0,52]
Test: [  3/200] eta 00:13:08 loss_cls 0.9815 acc 0.0906 f1 nan conf_mat [0,0,420,0,0,102,0,0,52]
Test: [  4/200] eta 00:13:04 loss_cls 0.9417 acc 0.0906 f1 nan conf_mat [0,0,420,0,0,102,0,0,52]
Test: [  5/200] eta 00:13:00 loss_cls 0.9096 acc 0.1429 f1 nan conf_mat [30,0,390,6,0,96,0,0,52]
Test: [  6/200] eta 00:12:56 loss_cls 0.8814 acc 0.7317 f1 nan conf_mat [420,0,0,102,0,0,52,0,0]
Test: [  7/200] eta 00:12:52 loss_cls 0.8598 acc 0.7317 f1 nan conf_mat [420,0,0,102,0,0,52,0,0]
Test: [  8/200] eta 00:12:48 loss_cls 0.8398 acc 0.7317 f1 nan conf_mat [420,0,0,102,0,0,52,0,0]
Test: [  9/200] eta 00:12:44 loss_cls 0.8255 acc 0.7317 f1 nan conf_mat [420,0,0,102,0,0,52,0,0]
Test: [ 10/200] eta 00:12:40 loss_cls 0.8132 acc 0.7317 f1 nan conf_mat [420,0,0,102,0,0,52,0,0]
Test: [ 11/200] eta 00:12:36 loss_cls 0.8052 acc 0.7317 f1 nan conf_mat [420,0,0,102,0,0,52,0,0]
Test: [ 12/200] eta 00:12:32 loss_cls 0.7963 acc 0.7317 f1 nan conf_mat [420,0,0,102,0,0,52,0,0]
Test: [ 13/200] eta 00:12:28 loss_cls 0.7875 acc 0.7317 f1 nan conf_mat [420,0,0,102,0,0,52,0,0]
Test: [ 14/200] eta 00:12:24 loss_cls 0.7829 acc 0.7317 f1 nan conf_mat [420,0,0,102,0,0,52,0,0]
Test: [ 15/200] eta 00:12:20 loss_cls 0.7786 acc 0.7317 f1 nan conf_mat [420,0,0,102,0,0,52,0,0]
Test: [ 16/200] eta 00:12:16 loss_cls 0.7735 acc 0.7317 f1 nan conf_mat [420,0,0,102,0,0,52,0,0]
Test: [ 17/200] eta 00:12:12 loss_cls 0.7702 acc 0.7317 f1 nan conf_mat [420,0,0,102,0,0,52,0,0]
Test: [ 18/200] eta 00:15:10 loss_cls 0.7639 acc 0.7317 f1 nan conf_mat [420,0,0,102,0,0,52,0,0]
Test: [ 19/200] eta 00:12:04 loss_cls 0.7608 acc 0.7317 f1 nan conf_mat [420,0,0,102,0,0,52,0,0]
Test: [ 20/200] eta 00:12:00 loss_cls 0.7569 acc 0.7317 f1 nan conf_mat [420,0,0,102,0,0,52,0,0]
Test: [ 21/200] eta 00:11:56 loss_cls 0.7502 acc 0.7317 f1 nan conf_mat [420,0,0,102,0,0,52,0,0]
Test: [ 22/200] eta 00:11:52 loss_cls 0.7496 acc 0.7317 f1 nan conf_mat [420,0,0,102,0,0,52,0,0]
Test: [ 23/200] eta 00:11:48 loss_cls 0.7464 acc 0.7317 f1 nan conf_mat [420,0,0,102,0,0,52,0,0]
Test: [ 24/200] eta 00:11:44 loss_cls 0.7417 acc 0.7317 f1 nan conf_mat [420,0,0,102,0,0,52,0,0]
Test: [ 25/200] eta 00:11:40 loss_cls 0.7402 acc 0.7317 f1 nan conf_mat [420,0,0,102,0,0,52,0,0]
Test: [ 26/200] eta 00:11:36 loss_cls 0.7380 acc 0.7317 f1 nan conf_mat [420,0,0,102,0,0,52,0,0]
Test: [ 27/200] eta 00:11:32 loss_cls 0.7365 acc 0.7317 f1 nan conf_mat [420,0,0,102,0,0,52,0,0]
Test: [ 28/200] eta 00:11:28 loss_cls 0.7314 acc 0.7317 f1 nan conf_mat [420,0,0,102,0,0,52,0,0]
Test: [ 29/200] eta 00:11:24 loss_cls 0.7284 acc 0.7317 f1 nan conf_mat [420,0,0,102,0,0,52,0,0]
Test: [ 30/200] eta 00:14:10 loss_cls 0.7266 acc 0.7317 f1 nan conf_mat [420,0,0,102,0,0,52,0,0]
Test: [ 31/200] eta 00:11:16 loss_cls 0.7232 acc 0.7317 f1 nan conf_mat [420,0,0,102,0,0,52,0,0]
Test: [ 32/200] eta 00:11:12 loss_cls 0.7196 acc 0.7317 f1 nan conf_mat [420,0,0,102,0,0,52,0,0]
Test: [ 33/200] eta 00:11:08 loss_cls 0.7174 acc 0.7317 f1 nan conf_mat [420,0,0,102,0,0,52,0,0]
Test: [ 34/200] eta 00:11:04 loss_cls 0.7150 acc 0.7317 f1 nan conf_mat [420,0,0,102,0,0,52,0,0]
Test: [ 35/200] eta 00:11:00 loss_cls 0.7137 acc 0.7317 f1 nan conf_mat [420,0,0,102,0,0,52,0,0]
Test: [ 36/200] eta 00:10:56 loss_cls 0.7089 acc 0.7317 f1 nan conf_mat [420,0,0,102,0,0,52,0,0]
Test: [ 37/200] eta 00:10:52 loss_cls 0.7083 acc 0.7317 f1 nan conf_mat [420,0,0,102,0,0,52,0,0]
Test: [ 38/200] eta 00:10:48 loss_cls 0.7041 acc 0.7317 f1 nan conf_mat [420,0,0,102,0,0,52,0,0]
Test: [ 39/200] eta 00:10:44 loss_cls 0.7010 acc 0.7317 f1 nan conf_mat [420,0,0,102,0,0,52,0,0]
Test: [ 40/200] eta 00:10:40 loss_cls 0.6992 acc 0.7317 f1 nan conf_mat [420,0,0,102,0,0,52,0,0]
Test: [ 41/200] eta 00:10:36 loss_cls 0.6998 acc 0.7317 f1 nan conf_mat [420,0,0,102,0,0,52,0,0]
Test: [ 42/200] eta 00:10:32 loss_cls 0.6938 acc 0.7317 f1 nan conf_mat [420,0,0,102,0,0,52,0,0]
Test: [ 43/200] eta 00:10:28 loss_cls 0.6927 acc 0.7317 f1 nan conf_mat [420,0,0,102,0,0,52,0,0]
Test: [ 44/200] eta 00:10:24 loss_cls 0.6900 acc 0.7317 f1 nan conf_mat [420,0,0,102,0,0,52,0,0]
Test: [ 45/200] eta 00:10:20 loss_cls 0.6856 acc 0.7317 f1 nan conf_mat [420,0,0,102,0,0,52,0,0]
Test: [ 46/200] eta 00:10:16 loss_cls 0.6839 acc 0.7317 f1 nan conf_mat [420,0,0,102,0,0,52,0,0]
Test: [ 47/200] eta 00:10:12 loss_cls 0.6813 acc 0.7300 f1 nan conf_mat [419,0,1,102,0,0,52,0,0]
Test: [ 48/200] eta 00:10:08 loss_cls 0.6848 acc 0.7300 f1 nan conf_mat [419,0,1,102,0,0,52,0,0]
Test: [ 49/200] eta 00:10:04 loss_cls 0.6799 acc 0.7317 f1 nan conf_mat [420,0,0,102,0,0,52,0,0]
Test: [ 50/200] eta 00:10:00 loss_cls 0.6759 acc 0.7334 f1 nan conf_mat [420,0,0,102,0,0,51,0,1]
Test: [ 51/200] eta 00:09:56 loss_cls 0.6734 acc 0.7317 f1 nan conf_mat [420,0,0,102,0,0,52,0,0]
Test: [ 52/200] eta 00:09:52 loss_cls 0.6698 acc 0.7300 f1 nan conf_mat [419,0,1,102,0,0,52,0,0]
Test: [ 53/200] eta 00:09:48 loss_cls 0.6683 acc 0.7300 f1 nan conf_mat [419,0,1,102,0,0,52,0,0]
Test: [ 54/200] eta 00:09:44 loss_cls 0.6650 acc 0.7317 f1 nan conf_mat [418,0,2,102,0,0,50,0,2]
Test: [ 55/200] eta 00:09:40 loss_cls 0.6636 acc 0.7300 f1 nan conf_mat [419,0,1,102,0,0,52,0,0]
Test: [ 56/200] eta 00:09:36 loss_cls 0.6612 acc 0.7300 f1 nan conf_mat [419,0,1,102,0,0,52,0,0]
Test: [ 57/200] eta 00:09:32 loss_cls 0.6584 acc 0.7300 f1 nan conf_mat [419,0,1,102,0,0,52,0,0]
Test: [ 58/200] eta 00:09:28 loss_cls 0.6566 acc 0.7300 f1 nan conf_mat [419,0,1,102,0,0,52,0,0]
Test: [ 59/200] eta 00:09:24 loss_cls 0.6542 acc 0.7317 f1 nan conf_mat [418,0,2,102,0,0,50,0,2]
Test: [ 60/200] eta 00:09:20 loss_cls 0.6529 acc 0.7317 f1 nan conf_mat [418,0,2,102,0,0,50,0,2]
Test: [ 61/200] eta 00:09:16 loss_cls 0.6537 acc 0.7317 f1 nan conf_mat [418,0,2,102,0,0,50,0,2]
Test: [ 62/200] eta 00:09:12 loss_cls 0.6480 acc 0.7317 f1 nan conf_mat [419,0,1,102,0,0,51,0,1]
Test: [ 63/200] eta 00:09:08 loss_cls 0.6475 acc 0.7317 f1 nan conf_mat [419,0,1,102,0,0,51,0,1]
Test: [ 64/200] eta 00:09:04 loss_cls 0.6435 acc 0.7317 f1 nan conf_mat [417,0,3,101,0,1,49,0,3]
Test: [ 65/200] eta 00:09:00 loss_cls 0.6420 acc 0.7334 f1 nan conf_mat [418,0,2,101,0,1,49,0,3]
Test: [ 66/200] eta 00:08:56 loss_cls 0.6415 acc 0.7317 f1 nan conf_mat [418,0,2,102,0,0,50,0,2]
Test: [ 67/200] eta 00:08:52 loss_cls 0.6382 acc 0.7352 f1 0.6296 conf_mat [419,0,1,100,2,0,51,0,1]
Test: [ 68/200] eta 00:08:48 loss_cls 0.6410 acc 0.7369 f1 0.6366 conf_mat [418,0,2,99,2,1,49,0,3]
Test: [ 69/200] eta 00:08:44 loss_cls 0.6357 acc 0.7352 f1 0.6324 conf_mat [418,0,2,100,2,0,50,0,2]
Test: [ 70/200] eta 00:08:40 loss_cls 0.6326 acc 0.7352 f1 0.6324 conf_mat [418,0,2,100,2,0,50,0,2]
Test: [ 71/200] eta 00:08:36 loss_cls 0.6336 acc 0.7369 f1 0.6391 conf_mat [417,0,3,99,2,1,48,0,4]
Test: [ 72/200] eta 00:08:32 loss_cls 0.6292 acc 0.7352 f1 0.6330 conf_mat [418,0,2,99,2,1,50,0,2]
Test: [ 73/200] eta 00:08:28 loss_cls 0.6288 acc 0.7352 f1 0.6324 conf_mat [418,0,2,100,2,0,50,0,2]
Test: [ 74/200] eta 00:10:30 loss_cls 0.6282 acc 0.7387 f1 0.6425 conf_mat [417,0,3,99,2,1,47,0,5]
Test: [ 75/200] eta 00:08:20 loss_cls 0.6244 acc 0.7369 f1 0.6366 conf_mat [418,0,2,99,2,1,49,0,3]
Test: [ 76/200] eta 00:08:16 loss_cls 0.6223 acc 0.7352 f1 0.6330 conf_mat [418,0,2,99,2,1,50,0,2]
Test: [ 77/200] eta 00:10:15 loss_cls 0.6226 acc 0.7369 f1 0.6391 conf_mat [417,0,3,99,2,1,48,0,4]
Test: [ 78/200] eta 00:08:08 loss_cls 0.6223 acc 0.7352 f1 0.6424 conf_mat [414,0,6,99,2,1,46,0,6]
Test: [ 79/200] eta 00:08:04 loss_cls 0.6186 acc 0.7352 f1 0.6330 conf_mat [418,0,2,99,2,1,50,0,2]
Test: [ 80/200] eta 00:08:00 loss_cls 0.6169 acc 0.7352 f1 0.6330 conf_mat [418,0,2,99,2,1,50,0,2]
Test: [ 81/200] eta 00:07:56 loss_cls 0.6149 acc 0.7369 f1 0.6474 conf_mat [413,0,7,99,2,1,44,0,8]
Test: [ 82/200] eta 00:07:52 loss_cls 0.6128 acc 0.7369 f1 0.6474 conf_mat [413,0,7,99,2,1,44,0,8]
Test: [ 83/200] eta 00:07:48 loss_cls 0.6119 acc 0.7369 f1 0.6366 conf_mat [418,0,2,99,2,1,49,0,3]
Test: [ 84/200] eta 00:07:44 loss_cls 0.6113 acc 0.7369 f1 0.6435 conf_mat [415,0,5,99,2,1,46,0,6]
Test: [ 85/200] eta 00:07:40 loss_cls 0.6100 acc 0.7352 f1 0.6525 conf_mat [408,0,12,99,2,1,40,0,12]
Test: [ 86/200] eta 00:07:36 loss_cls 0.6082 acc 0.7369 f1 0.6414 conf_mat [416,0,4,99,2,1,47,0,5]
Test: [ 87/200] eta 00:07:32 loss_cls 0.6068 acc 0.7369 f1 0.6414 conf_mat [416,0,4,99,2,1,47,0,5]
Test: [ 88/200] eta 00:07:28 loss_cls 0.6054 acc 0.7369 f1 0.6455 conf_mat [414,0,6,99,2,1,45,0,7]
Test: [ 89/200] eta 00:07:24 loss_cls 0.6036 acc 0.7352 f1 0.6424 conf_mat [414,0,6,99,2,1,46,0,6]
Test: [ 90/200] eta 00:07:20 loss_cls 0.6015 acc 0.7369 f1 0.6474 conf_mat [413,0,7,99,2,1,44,0,8]
Test: [ 91/200] eta 00:07:16 loss_cls 0.6031 acc 0.7352 f1 0.6403 conf_mat [415,0,5,99,2,1,47,0,5]
Test: [ 92/200] eta 00:07:12 loss_cls 0.6026 acc 0.7387 f1 0.6504 conf_mat [413,0,7,99,2,1,43,0,9]
Test: [ 93/200] eta 00:07:08 loss_cls 0.5998 acc 0.7352 f1 0.6444 conf_mat [413,0,7,99,2,1,45,0,7]
Test: [ 94/200] eta 00:07:04 loss_cls 0.6005 acc 0.7352 f1 0.6480 conf_mat [411,0,9,99,2,1,43,0,9]
Test: [ 95/200] eta 00:07:00 loss_cls 0.5967 acc 0.7369 f1 0.6455 conf_mat [414,0,6,99,2,1,45,0,7]
Test: [ 96/200] eta 00:06:56 loss_cls 0.5971 acc 0.7352 f1 0.6424 conf_mat [414,0,6,99,2,1,46,0,6]
Test: [ 97/200] eta 00:06:52 loss_cls 0.5966 acc 0.7352 f1 0.6480 conf_mat [411,0,9,99,2,1,43,0,9]
Test: [ 98/200] eta 00:06:48 loss_cls 0.5940 acc 0.7352 f1 0.6403 conf_mat [415,0,5,99,2,1,47,0,5]
Test: [ 99/200] eta 00:06:44 loss_cls 0.5943 acc 0.7352 f1 0.6403 conf_mat [415,0,5,99,2,1,47,0,5]
Test: [100/200] eta 00:06:40 loss_cls 0.5944 acc 0.7404 f1 0.6590 conf_mat [409,0,11,99,2,1,38,0,14]
Test: [101/200] eta 00:08:15 loss_cls 0.5939 acc 0.7439 f1 0.6616 conf_mat [411,0,9,99,2,1,38,0,14]
Test: [102/200] eta 00:06:32 loss_cls 0.5915 acc 0.7369 f1 0.6474 conf_mat [413,0,7,99,2,1,44,0,8]
Test: [103/200] eta 00:06:28 loss_cls 0.5898 acc 0.7352 f1 0.6424 conf_mat [414,0,6,99,2,1,46,0,6]
Test: [104/200] eta 00:06:24 loss_cls 0.5891 acc 0.7387 f1 0.6504 conf_mat [413,0,7,99,2,1,43,0,9]
Test: [105/200] eta 00:06:20 loss_cls 0.5881 acc 0.7404 f1 0.6575 conf_mat [411,0,9,98,3,1,41,0,11]
Test: [106/200] eta 00:07:50 loss_cls 0.5876 acc 0.7456 f1 0.6655 conf_mat [411,0,9,98,3,1,38,0,14]
Test: [107/200] eta 00:06:12 loss_cls 0.5891 acc 0.7387 f1 0.6504 conf_mat [413,0,7,99,2,1,43,0,9]
Test: [108/200] eta 00:07:40 loss_cls 0.5860 acc 0.7369 f1 0.6435 conf_mat [415,0,5,99,2,1,46,0,6]
Test: [109/200] eta 00:06:04 loss_cls 0.5856 acc 0.7456 f1 0.6655 conf_mat [411,0,9,98,3,1,38,0,14]
Test: [110/200] eta 00:06:00 loss_cls 0.5854 acc 0.7404 f1 0.6661 conf_mat [404,0,16,98,3,1,34,0,18]
Test: [111/200] eta 00:05:56 loss_cls 0.5882 acc 0.7387 f1 0.6504 conf_mat [413,0,7,99,2,1,43,0,9]
Test: [112/200] eta 00:05:52 loss_cls 0.5904 acc 0.7369 f1 0.6455 conf_mat [414,0,6,99,2,1,45,0,7]
Test: [113/200] eta 00:05:48 loss_cls 0.5836 acc 0.7422 f1 0.6666 conf_mat [404,0,16,99,2,1,32,0,20]
Test: [114/200] eta 00:05:44 loss_cls 0.5819 acc 0.7369 f1 0.6587 conf_mat [405,0,15,99,2,1,36,0,16]
Test: [115/200] eta 00:05:40 loss_cls 0.5818 acc 0.7352 f1 0.6424 conf_mat [414,0,6,99,2,1,46,0,6]
Test: [116/200] eta 00:05:36 loss_cls 0.5817 acc 0.7387 f1 0.6447 conf_mat [416,0,4,99,2,1,46,0,6]
Test: [117/200] eta 00:05:32 loss_cls 0.5840 acc 0.7474 f1 0.6722 conf_mat [410,1,9,96,5,1,38,0,14]
Test: [118/200] eta 00:05:28 loss_cls 0.5813 acc 0.7387 f1 0.6627 conf_mat [405,0,15,98,3,1,36,0,16]
Test: [119/200] eta 00:05:24 loss_cls 0.5804 acc 0.7439 f1 0.6616 conf_mat [411,0,9,99,2,1,38,0,14]
Test: [120/200] eta 00:05:20 loss_cls 0.5833 acc 0.7439 f1 0.6616 conf_mat [411,0,9,99,2,1,38,0,14]
Test: [121/200] eta 00:05:16 loss_cls 0.5819 acc 0.7422 f1 0.6589 conf_mat [411,0,9,99,2,1,39,0,13]
Test: [122/200] eta 00:05:12 loss_cls 0.5782 acc 0.7352 f1 0.6444 conf_mat [413,0,7,99,2,1,45,0,7]
Test: [123/200] eta 00:05:08 loss_cls 0.5777 acc 0.7422 f1 0.6629 conf_mat [409,0,11,98,3,1,38,0,14]
Test: [124/200] eta 00:05:04 loss_cls 0.5793 acc 0.7456 f1 0.6718 conf_mat [403,0,17,99,2,1,29,0,23]
Test: [125/200] eta 00:05:00 loss_cls 0.5770 acc 0.7439 f1 0.6616 conf_mat [411,0,9,99,2,1,38,0,14]
Test: [126/200] eta 00:04:56 loss_cls 0.5794 acc 0.7422 f1 0.6518 conf_mat [416,0,4,98,3,1,45,0,7]
Test: [127/200] eta 00:04:52 loss_cls 0.5757 acc 0.7439 f1 0.6611 conf_mat [413,0,7,97,4,1,42,0,10]
Test: [128/200] eta 00:04:48 loss_cls 0.5782 acc 0.7404 f1 0.6634 conf_mat [405,0,15,99,2,1,34,0,18]
Test: [129/200] eta 00:04:44 loss_cls 0.5773 acc 0.7526 f1 0.6845 conf_mat [402,0,18,97,4,1,26,0,26]
Test: [130/200] eta 00:04:40 loss_cls 0.5751 acc 0.7456 f1 0.6716 conf_mat [407,0,13,97,4,1,35,0,17]
Test: [131/200] eta 00:04:36 loss_cls 0.5733 acc 0.7439 f1 0.6658 conf_mat [410,1,9,97,4,1,39,0,13]
Test: [132/200] eta 00:04:32 loss_cls 0.5754 acc 0.7404 f1 0.6604 conf_mat [410,1,9,97,4,1,41,0,11]
Test: [133/200] eta 00:04:28 loss_cls 0.5736 acc 0.7439 f1 0.6668 conf_mat [409,0,11,97,4,1,38,0,14]
Test: [134/200] eta 00:04:24 loss_cls 0.5734 acc 0.7404 f1 0.6590 conf_mat [409,0,11,99,2,1,38,0,14]
Test: [135/200] eta 00:04:20 loss_cls 0.5727 acc 0.7369 f1 0.6508 conf_mat [411,0,9,99,2,1,42,0,10]
Test: [136/200] eta 00:04:16 loss_cls 0.5731 acc 0.7439 f1 0.6639 conf_mat [412,1,7,96,5,1,42,0,10]
Test: [137/200] eta 00:04:12 loss_cls 0.5734 acc 0.7439 f1 0.6696 conf_mat [408,1,11,96,5,1,38,0,14]
Test: [138/200] eta 00:04:08 loss_cls 0.5727 acc 0.7544 f1 0.6887 conf_mat [402,1,17,96,5,1,26,0,26]
Test: [139/200] eta 00:04:04 loss_cls 0.5721 acc 0.7439 f1 0.6741 conf_mat [404,1,15,96,5,1,34,0,18]
Test: [140/200] eta 00:04:00 loss_cls 0.5714 acc 0.7491 f1 0.6733 conf_mat [411,0,9,96,5,1,38,0,14]
Test: [141/200] eta 00:03:56 loss_cls 0.5706 acc 0.7456 f1 0.6655 conf_mat [411,0,9,98,3,1,38,0,14]
Test: [142/200] eta 00:03:52 loss_cls 0.5716 acc 0.7387 f1 0.6547 conf_mat [411,0,9,98,3,1,42,0,10]
Test: [143/200] eta 00:03:48 loss_cls 0.5725 acc 0.7474 f1 0.6694 conf_mat [411,0,9,97,4,1,38,0,14]
Test: [144/200] eta 00:04:40 loss_cls 0.5704 acc 0.7456 f1 0.6681 conf_mat [410,0,10,97,4,1,38,0,14]
Test: [145/200] eta 00:04:35 loss_cls 0.5699 acc 0.7456 f1 0.6709 conf_mat [409,1,10,96,5,1,38,0,14]
Test: [146/200] eta 00:03:36 loss_cls 0.5695 acc 0.7439 f1 0.6668 conf_mat [409,0,11,97,4,1,38,0,14]
Test: [147/200] eta 00:03:32 loss_cls 0.5704 acc 0.7439 f1 0.6668 conf_mat [409,0,11,97,4,1,38,0,14]
Test: [148/200] eta 00:03:28 loss_cls 0.5696 acc 0.7456 f1 0.6681 conf_mat [410,0,10,97,4,1,38,0,14]
Test: [149/200] eta 00:03:24 loss_cls 0.5689 acc 0.7439 f1 0.6696 conf_mat [408,1,11,96,5,1,38,0,14]
Test: [150/200] eta 00:03:20 loss_cls 0.5694 acc 0.7422 f1 0.6707 conf_mat [405,1,14,96,5,1,36,0,16]
Test: [151/200] eta 00:03:16 loss_cls 0.5688 acc 0.7456 f1 0.6716 conf_mat [407,0,13,97,4,1,35,0,17]
Test: [152/200] eta 00:03:12 loss_cls 0.5691 acc 0.7456 f1 0.6693 conf_mat [409,0,11,97,4,1,37,0,15]
Test: [153/200] eta 00:03:08 loss_cls 0.5709 acc 0.7422 f1 0.6603 conf_mat [410,0,10,99,2,1,38,0,14]
Test: [154/200] eta 00:03:04 loss_cls 0.5687 acc 0.7439 f1 0.6616 conf_mat [411,0,9,99,2,1,38,0,14]
Test: [155/200] eta 00:03:45 loss_cls 0.5683 acc 0.7456 f1 0.6668 conf_mat [411,0,9,97,4,1,39,0,13]
Test: [156/200] eta 00:02:56 loss_cls 0.5696 acc 0.7439 f1 0.6696 conf_mat [408,1,11,96,5,1,38,0,14]
Test: [157/200] eta 00:02:52 loss_cls 0.5691 acc 0.7439 f1 0.6731 conf_mat [405,1,14,96,5,1,35,0,17]
Test: [158/200] eta 00:02:48 loss_cls 0.5683 acc 0.7422 f1 0.6703 conf_mat [404,1,15,97,4,1,34,0,18]
Test: [159/200] eta 00:02:44 loss_cls 0.5700 acc 0.7456 f1 0.6693 conf_mat [409,0,11,97,4,1,37,0,15]
Test: [160/200] eta 00:02:40 loss_cls 0.5688 acc 0.7422 f1 0.6653 conf_mat [407,0,13,98,3,1,36,0,16]
Test: [161/200] eta 00:02:36 loss_cls 0.5668 acc 0.7439 f1 0.6668 conf_mat [409,0,11,97,4,1,38,0,14]
Test: [162/200] eta 00:02:32 loss_cls 0.5673 acc 0.7439 f1 0.6668 conf_mat [409,0,11,97,4,1,38,0,14]
Test: [163/200] eta 00:02:28 loss_cls 0.5687 acc 0.7474 f1 0.6694 conf_mat [411,0,9,97,4,1,38,0,14]
Test: [164/200] eta 00:02:24 loss_cls 0.5680 acc 0.7456 f1 0.6709 conf_mat [409,1,10,96,5,1,38,0,14]
Test: [165/200] eta 00:02:20 loss_cls 0.5664 acc 0.7439 f1 0.6696 conf_mat [408,1,11,96,5,1,38,0,14]
Test: [166/200] eta 00:02:16 loss_cls 0.5678 acc 0.7456 f1 0.6744 conf_mat [406,1,13,96,5,1,35,0,17]
Test: [167/200] eta 00:02:12 loss_cls 0.5672 acc 0.7422 f1 0.6718 conf_mat [404,1,15,96,5,1,35,0,17]
Test: [168/200] eta 00:02:08 loss_cls 0.5675 acc 0.7474 f1 0.6746 conf_mat [408,1,11,96,5,1,36,0,16]
Test: [169/200] eta 00:02:04 loss_cls 0.5683 acc 0.7439 f1 0.6696 conf_mat [408,1,11,96,5,1,38,0,14]
Test: [170/200] eta 00:02:00 loss_cls 0.5687 acc 0.7456 f1 0.6709 conf_mat [409,1,10,96,5,1,38,0,14]
Test: [171/200] eta 00:01:56 loss_cls 0.5653 acc 0.7456 f1 0.6709 conf_mat [409,1,10,96,5,1,38,0,14]
Test: [172/200] eta 00:01:52 loss_cls 0.5658 acc 0.7439 f1 0.6696 conf_mat [408,1,11,96,5,1,38,0,14]
Test: [173/200] eta 00:01:48 loss_cls 0.5705 acc 0.7439 f1 0.6696 conf_mat [408,1,11,96,5,1,38,0,14]
Test: [174/200] eta 00:01:44 loss_cls 0.5665 acc 0.7456 f1 0.6722 conf_mat [408,1,11,96,5,1,37,0,15]
Test: [175/200] eta 00:01:40 loss_cls 0.5668 acc 0.7474 f1 0.6746 conf_mat [408,1,11,96,5,1,36,0,16]
Test: [176/200] eta 00:01:36 loss_cls 0.5665 acc 0.7456 f1 0.6722 conf_mat [408,1,11,96,5,1,37,0,15]
Test: [177/200] eta 00:01:32 loss_cls 0.5685 acc 0.7456 f1 0.6722 conf_mat [408,1,11,96,5,1,37,0,15]
Test: [178/200] eta 00:01:28 loss_cls 0.5660 acc 0.7456 f1 0.6722 conf_mat [408,1,11,96,5,1,37,0,15]
Test: [179/200] eta 00:01:24 loss_cls 0.5686 acc 0.7439 f1 0.6683 conf_mat [408,1,11,97,4,1,37,0,15]
Test: [180/200] eta 00:01:20 loss_cls 0.5661 acc 0.7422 f1 0.6658 conf_mat [408,1,11,97,4,1,38,0,14]
Test: [181/200] eta 00:01:35 loss_cls 0.5687 acc 0.7422 f1 0.6658 conf_mat [408,1,11,97,4,1,38,0,14]
Test: [182/200] eta 00:01:12 loss_cls 0.5662 acc 0.7439 f1 0.6696 conf_mat [408,1,11,96,5,1,38,0,14]
Test: [183/200] eta 00:01:08 loss_cls 0.5665 acc 0.7439 f1 0.6696 conf_mat [408,1,11,96,5,1,38,0,14]
Test: [184/200] eta 00:01:04 loss_cls 0.5661 acc 0.7439 f1 0.6696 conf_mat [408,1,11,96,5,1,38,0,14]
Test: [185/200] eta 00:01:00 loss_cls 0.5660 acc 0.7439 f1 0.6696 conf_mat [408,1,11,96,5,1,38,0,14]
Test: [186/200] eta 00:00:56 loss_cls 0.5676 acc 0.7439 f1 0.6696 conf_mat [408,1,11,96,5,1,38,0,14]
Test: [187/200] eta 00:00:52 loss_cls 0.5657 acc 0.7439 f1 0.6696 conf_mat [408,1,11,96,5,1,38,0,14]
Test: [188/200] eta 00:00:48 loss_cls 0.5700 acc 0.7474 f1 0.6746 conf_mat [408,1,11,96,5,1,36,0,16]
Test: [189/200] eta 00:00:44 loss_cls 0.5662 acc 0.7474 f1 0.6746 conf_mat [408,1,11,96,5,1,36,0,16]
Test: [190/200] eta 00:00:40 loss_cls 0.5702 acc 0.7474 f1 0.6746 conf_mat [408,1,11,96,5,1,36,0,16]
Test: [191/200] eta 00:00:36 loss_cls 0.5647 acc 0.7456 f1 0.6722 conf_mat [408,1,11,96,5,1,37,0,15]
Test: [192/200] eta 00:00:32 loss_cls 0.5658 acc 0.7456 f1 0.6722 conf_mat [408,1,11,96,5,1,37,0,15]
Test: [193/200] eta 00:00:28 loss_cls 0.5662 acc 0.7439 f1 0.6696 conf_mat [408,1,11,96,5,1,38,0,14]
Test: [194/200] eta 00:00:24 loss_cls 0.5666 acc 0.7439 f1 0.6696 conf_mat [408,1,11,96,5,1,38,0,14]
Test: [195/200] eta 00:00:20 loss_cls 0.5670 acc 0.7439 f1 0.6696 conf_mat [408,1,11,96,5,1,38,0,14]
Test: [196/200] eta 00:00:16 loss_cls 0.5655 acc 0.7439 f1 0.6696 conf_mat [408,1,11,96,5,1,38,0,14]
Test: [197/200] eta 00:00:12 loss_cls 0.5683 acc 0.7456 f1 0.6722 conf_mat [408,1,11,96,5,1,37,0,15]
Test: [198/200] eta 00:00:08 loss_cls 0.5664 acc 0.7439 f1 0.6696 conf_mat [408,1,11,96,5,1,38,0,14]
Test: [199/200] eta 00:00:04 loss_cls 0.5688 acc 0.7439 f1 0.6696 conf_mat [408,1,11,96,5,1,38,0,14]
Test: [200/200] eta 00:00:00 loss_cls 0.5652 acc 0.7439 f1 0.6696 conf_mat [408,1,11,96,5,1,38,0,14]
