model = dict(
    type='Classifier',
    backbone=dict(
        type='MyResNetV1d',
        depth=34,
        num_stages=4,
        out_indices=(0, 1, 2, 3),
        frozen_stages=1,
        norm_cfg=dict(type='BN', requires_grad=True),
        norm_eval=True,
        style='pytorch',
        init_cfg=dict(
            type='ft',
            checkpoint=
            '../work_dirs/multiembedding_fusarship_pretrain/res34_0020.pth')),
    classifier=dict(dim_in=512, dim_mid=256, dim_out=3))
optimizer = dict(type='SGD', lr=0.001, momentum=0.9, weight_decay=0.0001)
runner = dict(epoch=200)
data = dict(
    type='FUSARShip',
    root='../data/fusarship',
    n_class=3,
    percentage=70,
    image_size=64,
    normalize=dict(
        mean=[0.05684700353123015, 0.05684700353123015, 0.05684700353123015],
        std=[0.11367373919156237, 0.11367373919156237, 0.11367373919156237]),
    workers=2,
    batch_size=dict(pretrain=1024, train=512, val=2048))
checkpoints = dict(
    folders=[
        '../work_dirs/untrained',
        '../work_dirs/multiembedding_fusarship_pretrain'
    ],
    index=['res34_0020.pth'])
test_mode = 'ft'
work_dir = '../work_dirs/classifier_fusarship_single_ft'
log_file = '../work_dirs/classifier_fusarship_single_ft/20221010_191404.log'
Test: [  1/200] eta 00:13:16 loss_cls 1.0792 acc 0.1812 f1 nan conf_mat [2,418,0,0,102,0,0,52,0]
Test: [  2/200] eta 00:13:12 loss_cls 1.0360 acc 0.1847 f1 nan conf_mat [4,416,0,0,102,0,0,52,0]
Test: [  3/200] eta 00:13:08 loss_cls 0.9383 acc 0.1777 f1 nan conf_mat [0,417,3,0,102,0,0,52,0]
Test: [  4/200] eta 00:13:04 loss_cls 0.8643 acc 0.2056 f1 nan conf_mat [16,404,0,0,102,0,0,52,0]
Test: [  5/200] eta 00:13:00 loss_cls 0.8082 acc 0.2526 f1 nan conf_mat [47,373,0,4,98,0,1,51,0]
Test: [  6/200] eta 00:12:56 loss_cls 0.7551 acc 0.5923 f1 nan conf_mat [267,153,0,29,73,0,37,15,0]
Test: [  7/200] eta 00:12:52 loss_cls 0.7192 acc 0.7265 f1 0.6549 conf_mat [401,19,0,87,15,0,50,1,1]
Test: [  8/200] eta 00:16:00 loss_cls 0.6833 acc 0.7352 f1 0.6265 conf_mat [420,0,0,101,1,0,51,0,1]
Test: [  9/200] eta 00:12:44 loss_cls 0.6427 acc 0.7317 f1 nan conf_mat [420,0,0,102,0,0,52,0,0]
Test: [ 10/200] eta 00:12:40 loss_cls 0.6133 acc 0.7317 f1 nan conf_mat [420,0,0,102,0,0,52,0,0]
Test: [ 11/200] eta 00:12:36 loss_cls 0.5807 acc 0.7317 f1 nan conf_mat [420,0,0,102,0,0,52,0,0]
Test: [ 12/200] eta 00:12:32 loss_cls 0.5548 acc 0.7317 f1 nan conf_mat [420,0,0,102,0,0,52,0,0]
Test: [ 13/200] eta 00:12:28 loss_cls 0.5349 acc 0.7317 f1 nan conf_mat [420,0,0,102,0,0,52,0,0]
Test: [ 14/200] eta 00:12:24 loss_cls 0.5226 acc 0.7317 f1 nan conf_mat [420,0,0,102,0,0,52,0,0]
Test: [ 15/200] eta 00:12:20 loss_cls 0.5013 acc 0.7317 f1 nan conf_mat [420,0,0,102,0,0,52,0,0]
Test: [ 16/200] eta 00:12:16 loss_cls 0.4764 acc 0.7317 f1 nan conf_mat [420,0,0,102,0,0,52,0,0]
Test: [ 17/200] eta 00:12:12 loss_cls 0.4554 acc 0.7369 f1 0.6309 conf_mat [420,0,0,100,1,1,50,0,2]
Test: [ 18/200] eta 00:12:08 loss_cls 0.4429 acc 0.7317 f1 nan conf_mat [420,0,0,102,0,0,52,0,0]
Test: [ 19/200] eta 00:12:04 loss_cls 0.4431 acc 0.7474 f1 0.6526 conf_mat [420,0,0,99,2,1,45,0,7]
Test: [ 20/200] eta 00:12:00 loss_cls 0.4150 acc 0.7474 f1 0.6537 conf_mat [420,0,0,97,4,1,47,0,5]
Test: [ 21/200] eta 00:11:56 loss_cls 0.3989 acc 0.7456 f1 nan conf_mat [419,0,1,101,0,1,43,0,9]
Test: [ 22/200] eta 00:11:52 loss_cls 0.3814 acc 0.7631 f1 0.7096 conf_mat [408,10,2,81,20,1,42,0,10]
Test: [ 23/200] eta 00:11:48 loss_cls 0.3701 acc 0.7456 f1 0.6514 conf_mat [419,0,1,99,2,1,45,0,7]
Test: [ 24/200] eta 00:11:44 loss_cls 0.3653 acc 0.7404 f1 nan conf_mat [419,0,1,101,0,1,46,0,6]
Test: [ 25/200] eta 00:11:40 loss_cls 0.3437 acc 0.7544 f1 0.7349 conf_mat [375,43,2,55,46,1,39,1,12]
Test: [ 26/200] eta 00:11:36 loss_cls 0.3255 acc 0.7544 f1 0.6747 conf_mat [416,1,3,96,5,1,40,0,12]
Test: [ 27/200] eta 00:11:32 loss_cls 0.3083 acc 0.7561 f1 0.6839 conf_mat [413,1,6,93,7,2,38,0,14]
Test: [ 28/200] eta 00:11:28 loss_cls 0.3121 acc 0.6498 f1 0.6689 conf_mat [291,125,4,33,68,1,23,15,14]
Test: [ 29/200] eta 00:14:15 loss_cls 0.3078 acc 0.6185 f1 0.6434 conf_mat [244,128,48,28,70,4,8,3,41]
Test: [ 30/200] eta 00:11:20 loss_cls 0.3323 acc 0.7509 f1 0.6719 conf_mat [415,3,2,95,6,1,42,0,10]
Test: [ 31/200] eta 00:11:16 loss_cls 0.2966 acc 0.6045 f1 0.6377 conf_mat [252,160,8,29,72,1,16,13,23]
Test: [ 32/200] eta 00:11:12 loss_cls 0.2957 acc 0.7021 f1 0.7162 conf_mat [312,93,15,45,54,3,15,0,37]
Test: [ 33/200] eta 00:11:08 loss_cls 0.2514 acc 0.7561 f1 0.6910 conf_mat [410,7,3,92,9,1,37,0,15]
Test: [ 34/200] eta 00:11:04 loss_cls 0.2356 acc 0.6098 f1 0.6408 conf_mat [236,164,20,23,76,3,9,5,38]
Test: [ 35/200] eta 00:11:00 loss_cls 0.2216 acc 0.7666 f1 0.7112 conf_mat [402,6,12,91,9,2,23,0,29]
Test: [ 36/200] eta 00:10:56 loss_cls 0.2012 acc 0.6882 f1 0.7061 conf_mat [303,101,16,39,61,2,16,5,31]
Test: [ 37/200] eta 00:10:52 loss_cls 0.2019 acc 0.4007 f1 0.4250 conf_mat [142,278,0,16,85,1,6,43,3]
Test: [ 38/200] eta 00:10:48 loss_cls 0.1994 acc 0.4704 f1 0.4925 conf_mat [153,143,124,16,69,17,2,2,48]
Test: [ 39/200] eta 00:10:44 loss_cls 0.1704 acc 0.7404 f1 0.6406 conf_mat [419,1,0,101,1,0,47,0,5]
Test: [ 40/200] eta 00:10:40 loss_cls 0.1950 acc 0.4599 f1 0.4742 conf_mat [138,229,53,12,86,4,0,12,40]
Test: [ 41/200] eta 00:10:36 loss_cls 0.1558 acc 0.7456 f1 0.6885 conf_mat [403,16,1,89,12,1,38,1,13]
Test: [ 42/200] eta 00:13:10 loss_cls 0.1404 acc 0.5366 f1 0.5649 conf_mat [198,135,87,24,66,12,6,2,44]
Test: [ 43/200] eta 00:13:05 loss_cls 0.1572 acc 0.6185 f1 0.6322 conf_mat [283,137,0,35,66,1,27,19,6]
Test: [ 44/200] eta 00:10:24 loss_cls 0.1748 acc 0.7456 f1 0.6754 conf_mat [407,4,9,95,6,1,37,0,15]
Test: [ 45/200] eta 00:10:20 loss_cls 0.1885 acc 0.4530 f1 0.4816 conf_mat [169,251,0,15,86,1,12,35,5]
Test: [ 46/200] eta 00:10:16 loss_cls 0.1605 acc 0.6272 f1 nan conf_mat [312,1,107,72,0,30,4,0,48]
Test: [ 47/200] eta 00:12:45 loss_cls 0.1490 acc 0.7544 f1 0.6706 conf_mat [415,0,5,100,1,1,35,0,17]
Test: [ 48/200] eta 00:10:08 loss_cls 0.1281 acc 0.5540 f1 0.5923 conf_mat [219,184,17,30,71,1,9,15,28]
Test: [ 49/200] eta 00:12:35 loss_cls 0.1136 acc 0.5906 f1 0.6187 conf_mat [236,102,82,32,55,15,4,0,48]
Test: [ 50/200] eta 00:10:00 loss_cls 0.1177 acc 0.7230 f1 0.7155 conf_mat [354,59,7,57,44,1,32,3,17]
Test: [ 51/200] eta 00:09:56 loss_cls 0.0838 acc 0.6986 f1 0.7023 conf_mat [328,67,25,61,39,2,16,2,34]
Test: [ 52/200] eta 00:09:52 loss_cls 0.0804 acc 0.5732 f1 0.6117 conf_mat [234,178,8,29,72,1,12,17,23]
Test: [ 53/200] eta 00:09:48 loss_cls 0.0647 acc 0.6777 f1 0.6941 conf_mat [296,95,29,45,53,4,11,1,40]
Test: [ 54/200] eta 00:12:10 loss_cls 0.0623 acc 0.6986 f1 0.7074 conf_mat [325,83,12,53,47,2,21,2,29]
Test: [ 55/200] eta 00:09:40 loss_cls 0.0627 acc 0.6986 f1 0.7109 conf_mat [321,88,11,47,54,1,19,7,26]
Test: [ 56/200] eta 00:09:36 loss_cls 0.0465 acc 0.6620 f1 0.6824 conf_mat [289,106,25,43,57,2,13,5,34]
Test: [ 57/200] eta 00:09:32 loss_cls 0.0444 acc 0.7091 f1 0.7193 conf_mat [329,84,7,51,50,1,19,5,28]
Test: [ 58/200] eta 00:09:28 loss_cls 0.0386 acc 0.6481 f1 0.6713 conf_mat [278,118,24,39,60,3,14,4,34]
Test: [ 59/200] eta 00:09:24 loss_cls 0.0400 acc 0.6237 f1 0.6515 conf_mat [263,130,27,37,63,2,11,9,32]
Test: [ 60/200] eta 00:09:20 loss_cls 0.0445 acc 0.7352 f1 0.6975 conf_mat [387,31,2,81,20,1,37,0,15]
Test: [ 61/200] eta 00:09:16 loss_cls 0.0434 acc 0.6324 f1 0.6550 conf_mat [268,97,55,39,54,9,10,1,41]
Test: [ 62/200] eta 00:09:12 loss_cls 0.0458 acc 0.5784 f1 0.6144 conf_mat [233,177,10,26,75,1,14,14,24]
Test: [ 63/200] eta 00:09:08 loss_cls 0.0516 acc 0.7265 f1 0.6764 conf_mat [391,25,4,89,12,1,38,0,14]
Test: [ 64/200] eta 00:09:04 loss_cls 0.0766 acc 0.5383 f1 0.5662 conf_mat [195,137,88,22,67,13,2,3,47]
Test: [ 65/200] eta 00:11:15 loss_cls 0.0787 acc 0.7108 f1 0.6694 conf_mat [378,26,16,87,13,2,35,0,17]
Test: [ 66/200] eta 00:08:56 loss_cls 0.0594 acc 0.5941 f1 0.6226 conf_mat [260,160,0,32,69,1,21,19,12]
Test: [ 67/200] eta 00:11:05 loss_cls 0.0466 acc 0.7526 f1 0.7010 conf_mat [394,11,15,92,9,1,23,0,29]
Test: [ 68/200] eta 00:08:48 loss_cls 0.0382 acc 0.7038 f1 0.7138 conf_mat [324,84,12,50,50,2,20,2,30]
Test: [ 69/200] eta 00:10:55 loss_cls 0.0349 acc 0.6969 f1 0.6833 conf_mat [346,48,26,78,22,2,20,0,32]
Test: [ 70/200] eta 00:08:40 loss_cls 0.0311 acc 0.5557 f1 0.5841 conf_mat [204,172,44,24,73,5,5,5,42]
Test: [ 71/200] eta 00:08:36 loss_cls 0.0281 acc 0.7352 f1 0.7287 conf_mat [357,54,9,65,36,1,22,1,29]
Test: [ 72/200] eta 00:10:40 loss_cls 0.0252 acc 0.7352 f1 0.7235 conf_mat [360,41,19,68,33,1,23,0,29]
Test: [ 73/200] eta 00:08:28 loss_cls 0.0216 acc 0.7143 f1 0.7218 conf_mat [327,75,18,50,49,3,18,0,34]
Test: [ 74/200] eta 00:08:24 loss_cls 0.0201 acc 0.7526 f1 0.7284 conf_mat [378,29,13,76,24,2,22,0,30]
Test: [ 75/200] eta 00:08:20 loss_cls 0.0183 acc 0.7038 f1 0.7095 conf_mat [327,71,22,54,44,4,19,0,33]
Test: [ 76/200] eta 00:08:16 loss_cls 0.0175 acc 0.6916 f1 0.7033 conf_mat [314,86,20,47,52,3,20,1,31]
Test: [ 77/200] eta 00:08:12 loss_cls 0.0152 acc 0.7038 f1 0.7040 conf_mat [333,47,40,60,36,6,17,0,35]
Test: [ 78/200] eta 00:08:08 loss_cls 0.0151 acc 0.6812 f1 0.6966 conf_mat [306,93,21,46,52,4,16,3,33]
Test: [ 79/200] eta 00:08:04 loss_cls 0.0143 acc 0.6934 f1 0.7022 conf_mat [321,79,20,52,47,3,20,2,30]
Test: [ 80/200] eta 00:08:00 loss_cls 0.0135 acc 0.7300 f1 0.7216 conf_mat [354,46,20,66,34,2,21,0,31]
Test: [ 81/200] eta 00:07:56 loss_cls 0.0130 acc 0.7282 f1 0.7269 conf_mat [347,61,12,59,41,2,22,0,30]
Test: [ 82/200] eta 00:09:50 loss_cls 0.0127 acc 0.7195 f1 0.7230 conf_mat [338,68,14,54,46,2,21,2,29]
Test: [ 83/200] eta 00:07:48 loss_cls 0.0122 acc 0.7247 f1 0.7213 conf_mat [346,52,22,61,38,3,20,0,32]
Test: [ 84/200] eta 00:07:44 loss_cls 0.0118 acc 0.7195 f1 0.7213 conf_mat [339,64,17,57,43,2,20,1,31]
Test: [ 85/200] eta 00:07:40 loss_cls 0.0116 acc 0.6986 f1 0.7067 conf_mat [323,78,19,52,47,3,20,1,31]
Test: [ 86/200] eta 00:09:30 loss_cls 0.0112 acc 0.7108 f1 0.7135 conf_mat [333,64,23,57,41,4,18,0,34]
Test: [ 87/200] eta 00:07:32 loss_cls 0.0109 acc 0.7056 f1 0.7108 conf_mat [329,70,21,55,44,3,19,1,32]
Test: [ 88/200] eta 00:07:28 loss_cls 0.0108 acc 0.6969 f1 0.7050 conf_mat [323,78,19,53,47,2,20,2,30]
Test: [ 89/200] eta 00:07:24 loss_cls 0.0104 acc 0.7178 f1 0.7197 conf_mat [337,63,20,56,43,3,20,0,32]
Test: [ 90/200] eta 00:07:20 loss_cls 0.0107 acc 0.7195 f1 0.7186 conf_mat [341,54,25,58,40,4,20,0,32]
Test: [ 91/200] eta 00:07:16 loss_cls 0.0104 acc 0.7178 f1 0.7190 conf_mat [338,63,19,58,42,2,20,0,32]
Test: [ 92/200] eta 00:09:00 loss_cls 0.0102 acc 0.7125 f1 0.7155 conf_mat [335,67,18,57,43,2,20,1,31]
Test: [ 93/200] eta 00:07:08 loss_cls 0.0097 acc 0.7091 f1 0.7127 conf_mat [332,68,20,56,43,3,20,0,32]
Test: [ 94/200] eta 00:07:04 loss_cls 0.0098 acc 0.7143 f1 0.7160 conf_mat [336,61,23,56,42,4,20,0,32]
Test: [ 95/200] eta 00:07:00 loss_cls 0.0097 acc 0.7195 f1 0.7206 conf_mat [339,62,19,57,42,3,20,0,32]
Test: [ 96/200] eta 00:08:40 loss_cls 0.0099 acc 0.7143 f1 0.7167 conf_mat [336,65,19,57,43,2,20,1,31]
Test: [ 97/200] eta 00:06:52 loss_cls 0.0093 acc 0.7056 f1 0.7120 conf_mat [326,73,21,53,46,3,19,0,33]
Test: [ 98/200] eta 00:06:48 loss_cls 0.0093 acc 0.7125 f1 0.7146 conf_mat [335,62,23,56,42,4,20,0,32]
Test: [ 99/200] eta 00:08:25 loss_cls 0.0090 acc 0.7195 f1 0.7199 conf_mat [340,60,20,57,41,4,20,0,32]
Test: [100/200] eta 00:08:20 loss_cls 0.0089 acc 0.7178 f1 0.7177 conf_mat [341,60,19,58,42,2,22,1,29]
Test: [101/200] eta 00:06:36 loss_cls 0.0092 acc 0.7160 f1 0.7183 conf_mat [336,64,20,56,43,3,20,0,32]
Test: [102/200] eta 00:06:32 loss_cls 0.0087 acc 0.7143 f1 0.7167 conf_mat [334,61,25,56,42,4,18,0,34]
Test: [103/200] eta 00:08:05 loss_cls 0.0086 acc 0.7108 f1 0.7141 conf_mat [333,66,21,55,44,3,21,0,31]
Test: [104/200] eta 00:06:24 loss_cls 0.0087 acc 0.7125 f1 0.7154 conf_mat [335,66,19,56,44,2,21,1,30]
Test: [105/200] eta 00:07:55 loss_cls 0.0084 acc 0.7230 f1 0.7232 conf_mat [341,60,19,58,42,2,20,0,32]
Test: [106/200] eta 00:06:16 loss_cls 0.0087 acc 0.7195 f1 0.7211 conf_mat [338,62,20,56,43,3,20,0,32]
Test: [107/200] eta 00:06:12 loss_cls 0.0083 acc 0.7108 f1 0.7141 conf_mat [333,67,20,56,43,3,20,0,32]
Test: [108/200] eta 00:06:08 loss_cls 0.0083 acc 0.7178 f1 0.7197 conf_mat [337,63,20,56,43,3,20,0,32]
Test: [109/200] eta 00:06:04 loss_cls 0.0082 acc 0.7178 f1 0.7183 conf_mat [339,59,22,57,41,4,20,0,32]
Test: [110/200] eta 00:07:30 loss_cls 0.0082 acc 0.7178 f1 0.7181 conf_mat [339,58,23,57,41,4,20,0,32]
Test: [111/200] eta 00:05:56 loss_cls 0.0081 acc 0.7143 f1 0.7167 conf_mat [335,64,21,56,43,3,20,0,32]
Test: [112/200] eta 00:05:52 loss_cls 0.0078 acc 0.7073 f1 0.7113 conf_mat [332,68,20,55,44,3,21,1,30]
Test: [113/200] eta 00:05:48 loss_cls 0.0079 acc 0.7125 f1 0.7155 conf_mat [334,66,20,56,43,3,20,0,32]
Test: [114/200] eta 00:05:44 loss_cls 0.0079 acc 0.7160 f1 0.7182 conf_mat [336,63,21,56,43,3,20,0,32]
Test: [115/200] eta 00:05:40 loss_cls 0.0077 acc 0.7230 f1 0.7239 conf_mat [340,60,20,56,43,3,20,0,32]
Test: [116/200] eta 00:07:00 loss_cls 0.0076 acc 0.7213 f1 0.7224 conf_mat [339,60,21,56,43,3,20,0,32]
Test: [117/200] eta 00:06:55 loss_cls 0.0080 acc 0.7178 f1 0.7191 conf_mat [338,61,21,56,42,4,20,0,32]
Test: [118/200] eta 00:06:50 loss_cls 0.0076 acc 0.7143 f1 0.7162 conf_mat [336,63,21,56,43,3,21,0,31]
Test: [119/200] eta 00:05:24 loss_cls 0.0075 acc 0.7195 f1 0.7205 conf_mat [339,62,19,57,43,2,21,0,31]
Test: [120/200] eta 00:05:20 loss_cls 0.0074 acc 0.7213 f1 0.7221 conf_mat [340,61,19,56,43,3,21,0,31]
Test: [121/200] eta 00:06:35 loss_cls 0.0075 acc 0.7195 f1 0.7210 conf_mat [338,61,21,56,43,3,20,0,32]
Test: [122/200] eta 00:05:12 loss_cls 0.0077 acc 0.7195 f1 0.7210 conf_mat [338,61,21,56,43,3,20,0,32]
Test: [123/200] eta 00:05:08 loss_cls 0.0074 acc 0.7213 f1 0.7218 conf_mat [340,60,20,57,42,3,20,0,32]
Test: [124/200] eta 00:05:04 loss_cls 0.0074 acc 0.7213 f1 0.7218 conf_mat [340,60,20,57,42,3,20,0,32]
Test: [125/200] eta 00:05:00 loss_cls 0.0074 acc 0.7178 f1 0.7183 conf_mat [339,59,22,57,41,4,20,0,32]
Test: [126/200] eta 00:04:56 loss_cls 0.0072 acc 0.7143 f1 0.7163 conf_mat [336,63,21,56,42,4,20,0,32]
Test: [127/200] eta 00:04:52 loss_cls 0.0072 acc 0.7178 f1 0.7196 conf_mat [337,62,21,56,43,3,20,0,32]
Test: [128/200] eta 00:04:48 loss_cls 0.0072 acc 0.7195 f1 0.7203 conf_mat [339,60,21,57,42,3,20,0,32]
Test: [129/200] eta 00:04:44 loss_cls 0.0071 acc 0.7178 f1 0.7184 conf_mat [339,60,21,57,42,3,21,0,31]
Test: [130/200] eta 00:04:40 loss_cls 0.0072 acc 0.7160 f1 0.7177 conf_mat [337,62,21,56,43,3,21,0,31]
Test: [131/200] eta 00:04:36 loss_cls 0.0071 acc 0.7143 f1 0.7162 conf_mat [336,63,21,56,43,3,21,0,31]
Test: [132/200] eta 00:04:32 loss_cls 0.0069 acc 0.7213 f1 0.7224 conf_mat [339,60,21,56,43,3,20,0,32]
Test: [133/200] eta 00:05:35 loss_cls 0.0071 acc 0.7178 f1 0.7183 conf_mat [339,59,22,57,41,4,20,0,32]
Test: [134/200] eta 00:04:24 loss_cls 0.0070 acc 0.7178 f1 0.7181 conf_mat [339,58,23,57,41,4,20,0,32]
Test: [135/200] eta 00:04:20 loss_cls 0.0070 acc 0.7195 f1 0.7203 conf_mat [339,60,21,57,42,3,20,0,32]
Test: [136/200] eta 00:04:16 loss_cls 0.0069 acc 0.7213 f1 0.7224 conf_mat [339,60,21,56,43,3,20,0,32]
Test: [137/200] eta 00:04:12 loss_cls 0.0069 acc 0.7195 f1 0.7210 conf_mat [338,61,21,56,43,3,20,0,32]
Test: [138/200] eta 00:04:08 loss_cls 0.0068 acc 0.7195 f1 0.7203 conf_mat [339,60,21,57,42,3,20,0,32]
Test: [139/200] eta 00:05:05 loss_cls 0.0071 acc 0.7195 f1 0.7203 conf_mat [339,60,21,57,42,3,20,0,32]
Test: [140/200] eta 00:05:00 loss_cls 0.0068 acc 0.7178 f1 0.7189 conf_mat [338,61,21,57,42,3,20,0,32]
Test: [141/200] eta 00:03:56 loss_cls 0.0070 acc 0.7160 f1 0.7177 conf_mat [337,62,21,56,42,4,20,0,32]
Test: [142/200] eta 00:03:52 loss_cls 0.0071 acc 0.7178 f1 0.7196 conf_mat [337,62,21,56,43,3,20,0,32]
Test: [143/200] eta 00:04:45 loss_cls 0.0069 acc 0.7178 f1 0.7196 conf_mat [337,62,21,56,43,3,20,0,32]
Test: [144/200] eta 00:03:44 loss_cls 0.0069 acc 0.7195 f1 0.7203 conf_mat [339,60,21,57,42,3,20,0,32]
Test: [145/200] eta 00:04:35 loss_cls 0.0066 acc 0.7195 f1 0.7203 conf_mat [339,60,21,57,42,3,20,0,32]
Test: [146/200] eta 00:03:36 loss_cls 0.0068 acc 0.7195 f1 0.7210 conf_mat [338,61,21,56,43,3,20,0,32]
Test: [147/200] eta 00:04:25 loss_cls 0.0067 acc 0.7195 f1 0.7210 conf_mat [338,61,21,56,43,3,20,0,32]
Test: [148/200] eta 00:03:28 loss_cls 0.0069 acc 0.7195 f1 0.7203 conf_mat [339,60,21,57,42,3,20,0,32]
Test: [149/200] eta 00:04:15 loss_cls 0.0067 acc 0.7195 f1 0.7203 conf_mat [339,60,21,57,42,3,20,0,32]
Test: [150/200] eta 00:04:10 loss_cls 0.0068 acc 0.7195 f1 0.7210 conf_mat [338,61,21,56,43,3,20,0,32]
Test: [151/200] eta 00:03:16 loss_cls 0.0066 acc 0.7178 f1 0.7189 conf_mat [338,61,21,57,42,3,20,0,32]
Test: [152/200] eta 00:03:12 loss_cls 0.0065 acc 0.7143 f1 0.7155 conf_mat [337,61,22,57,41,4,20,0,32]
Test: [153/200] eta 00:03:08 loss_cls 0.0066 acc 0.7160 f1 0.7176 conf_mat [337,61,22,56,42,4,20,0,32]
Test: [154/200] eta 00:03:04 loss_cls 0.0070 acc 0.7160 f1 0.7177 conf_mat [337,62,21,56,43,3,21,0,31]
Test: [155/200] eta 00:03:00 loss_cls 0.0067 acc 0.7195 f1 0.7203 conf_mat [339,60,21,57,42,3,20,0,32]
Test: [156/200] eta 00:02:56 loss_cls 0.0065 acc 0.7213 f1 0.7218 conf_mat [340,60,20,57,42,3,20,0,32]
Test: [157/200] eta 00:02:52 loss_cls 0.0066 acc 0.7213 f1 0.7218 conf_mat [340,60,20,57,42,3,20,0,32]
Test: [158/200] eta 00:02:48 loss_cls 0.0066 acc 0.7195 f1 0.7203 conf_mat [339,60,21,57,42,3,20,0,32]
Test: [159/200] eta 00:03:25 loss_cls 0.0068 acc 0.7195 f1 0.7203 conf_mat [339,60,21,57,42,3,20,0,32]
Test: [160/200] eta 00:02:40 loss_cls 0.0066 acc 0.7178 f1 0.7189 conf_mat [338,61,21,57,42,3,20,0,32]
Test: [161/200] eta 00:02:36 loss_cls 0.0067 acc 0.7178 f1 0.7196 conf_mat [337,62,21,56,43,3,20,0,32]
Test: [162/200] eta 00:02:32 loss_cls 0.0064 acc 0.7160 f1 0.7182 conf_mat [336,63,21,56,43,3,20,0,32]
Test: [163/200] eta 00:02:28 loss_cls 0.0066 acc 0.7178 f1 0.7196 conf_mat [337,62,21,56,43,3,20,0,32]
Test: [164/200] eta 00:02:24 loss_cls 0.0068 acc 0.7178 f1 0.7196 conf_mat [337,62,21,56,43,3,20,0,32]
Test: [165/200] eta 00:02:20 loss_cls 0.0066 acc 0.7178 f1 0.7196 conf_mat [337,62,21,56,43,3,20,0,32]
Test: [166/200] eta 00:02:16 loss_cls 0.0065 acc 0.7195 f1 0.7203 conf_mat [339,60,21,57,42,3,20,0,32]
Test: [167/200] eta 00:02:45 loss_cls 0.0066 acc 0.7195 f1 0.7210 conf_mat [338,61,21,56,43,3,20,0,32]
Test: [168/200] eta 00:02:40 loss_cls 0.0066 acc 0.7195 f1 0.7210 conf_mat [338,61,21,56,43,3,20,0,32]
Test: [169/200] eta 00:02:04 loss_cls 0.0064 acc 0.7178 f1 0.7189 conf_mat [338,61,21,57,42,3,20,0,32]
Test: [170/200] eta 00:02:30 loss_cls 0.0065 acc 0.7178 f1 0.7184 conf_mat [339,60,21,57,41,4,20,0,32]
Test: [171/200] eta 00:01:56 loss_cls 0.0065 acc 0.7160 f1 0.7170 conf_mat [338,61,21,57,42,3,21,0,31]
Test: [172/200] eta 00:01:52 loss_cls 0.0066 acc 0.7178 f1 0.7191 conf_mat [338,61,21,56,43,3,21,0,31]
Test: [173/200] eta 00:01:48 loss_cls 0.0065 acc 0.7160 f1 0.7170 conf_mat [338,61,21,57,42,3,21,0,31]
Test: [174/200] eta 00:02:10 loss_cls 0.0064 acc 0.7178 f1 0.7184 conf_mat [339,60,21,57,42,3,21,0,31]
Test: [175/200] eta 00:01:40 loss_cls 0.0064 acc 0.7178 f1 0.7184 conf_mat [339,60,21,57,42,3,21,0,31]
Test: [176/200] eta 00:01:36 loss_cls 0.0066 acc 0.7195 f1 0.7203 conf_mat [339,60,21,57,42,3,20,0,32]
Test: [177/200] eta 00:01:32 loss_cls 0.0064 acc 0.7195 f1 0.7203 conf_mat [339,60,21,57,42,3,20,0,32]
Test: [178/200] eta 00:01:28 loss_cls 0.0065 acc 0.7195 f1 0.7203 conf_mat [339,60,21,57,42,3,20,0,32]
Test: [179/200] eta 00:01:24 loss_cls 0.0067 acc 0.7195 f1 0.7203 conf_mat [339,60,21,57,42,3,20,0,32]
Test: [180/200] eta 00:01:40 loss_cls 0.0065 acc 0.7195 f1 0.7203 conf_mat [339,60,21,57,42,3,20,0,32]
Test: [181/200] eta 00:01:35 loss_cls 0.0064 acc 0.7195 f1 0.7203 conf_mat [339,60,21,57,42,3,20,0,32]
Test: [182/200] eta 00:01:12 loss_cls 0.0066 acc 0.7195 f1 0.7203 conf_mat [339,60,21,57,42,3,20,0,32]
Test: [183/200] eta 00:01:25 loss_cls 0.0064 acc 0.7195 f1 0.7203 conf_mat [339,60,21,57,42,3,20,0,32]
Test: [184/200] eta 00:01:04 loss_cls 0.0071 acc 0.7195 f1 0.7203 conf_mat [339,60,21,57,42,3,20,0,32]
Test: [185/200] eta 00:01:00 loss_cls 0.0066 acc 0.7195 f1 0.7210 conf_mat [338,61,21,56,43,3,20,0,32]
Test: [186/200] eta 00:00:56 loss_cls 0.0065 acc 0.7178 f1 0.7189 conf_mat [338,61,21,57,42,3,20,0,32]
Test: [187/200] eta 00:00:52 loss_cls 0.0065 acc 0.7178 f1 0.7189 conf_mat [338,61,21,57,42,3,20,0,32]
Test: [188/200] eta 00:00:48 loss_cls 0.0063 acc 0.7178 f1 0.7189 conf_mat [338,61,21,57,42,3,20,0,32]
Test: [189/200] eta 00:00:44 loss_cls 0.0064 acc 0.7178 f1 0.7189 conf_mat [338,61,21,57,42,3,20,0,32]
Test: [190/200] eta 00:00:40 loss_cls 0.0063 acc 0.7178 f1 0.7189 conf_mat [338,61,21,57,42,3,20,0,32]
Test: [191/200] eta 00:00:36 loss_cls 0.0066 acc 0.7178 f1 0.7189 conf_mat [338,61,21,57,42,3,20,0,32]
Test: [192/200] eta 00:00:32 loss_cls 0.0068 acc 0.7178 f1 0.7189 conf_mat [338,61,21,57,42,3,20,0,32]
Test: [193/200] eta 00:00:28 loss_cls 0.0064 acc 0.7195 f1 0.7203 conf_mat [339,60,21,57,42,3,20,0,32]
Test: [194/200] eta 00:00:24 loss_cls 0.0067 acc 0.7178 f1 0.7189 conf_mat [338,61,21,57,42,3,20,0,32]
Test: [195/200] eta 00:00:20 loss_cls 0.0065 acc 0.7178 f1 0.7189 conf_mat [338,61,21,57,42,3,20,0,32]
Test: [196/200] eta 00:00:16 loss_cls 0.0063 acc 0.7178 f1 0.7189 conf_mat [338,61,21,57,42,3,20,0,32]
Test: [197/200] eta 00:00:12 loss_cls 0.0065 acc 0.7195 f1 0.7203 conf_mat [339,60,21,57,42,3,20,0,32]
Test: [198/200] eta 00:00:10 loss_cls 0.0064 acc 0.7195 f1 0.7203 conf_mat [339,60,21,57,42,3,20,0,32]
Test: [199/200] eta 00:00:04 loss_cls 0.0063 acc 0.7195 f1 0.7203 conf_mat [339,60,21,57,42,3,20,0,32]
Test: [200/200] eta 00:00:00 loss_cls 0.0064 acc 0.7178 f1 0.7189 conf_mat [338,61,21,57,42,3,20,0,32]
