model = dict(
    type='Classifier',
    backbone=dict(
        type='MyResNetV1d',
        depth=18,
        num_stages=4,
        out_indices=(0, 1, 2, 3),
        frozen_stages=1,
        norm_cfg=dict(type='BN', requires_grad=True),
        norm_eval=True,
        style='pytorch',
        init_cfg=dict(
            type='ft', checkpoint='../work_dirs/untrained/res18_0020.pth')),
    classifier=dict(dim_in=512, dim_mid=256, dim_out=3))
optimizer = dict(type='SGD', lr=0.001, momentum=0.9, weight_decay=0.0001)
runner = dict(epoch=200)
data = dict(
    type='FUSARShip',
    root='../data/fusarship',
    n_class=3,
    percentage=70,
    image_size=64,
    normalize=dict(
        mean=[0.05684700353123015, 0.05684700353123015, 0.05684700353123015],
        std=[0.11367373919156237, 0.11367373919156237, 0.11367373919156237]),
    workers=2,
    batch_size=dict(pretrain=1024, train=512, val=2048))
checkpoints = dict(
    folders=[
        '../work_dirs/untrained',
        '../work_dirs/multiembedding_fusarship_pretrain'
    ],
    index=['res18_0020.pth'])
test_mode = 'ft'
work_dir = '../work_dirs/classifier_fusarship_single_ft'
log_file = '../work_dirs/classifier_fusarship_single_ft/20221010_185658.log'
Test: [  1/200] eta 00:16:35 loss_cls 1.0519 acc 0.1777 f1 nan conf_mat [0,420,0,0,102,0,0,52,0]
Test: [  2/200] eta 00:13:12 loss_cls 1.0086 acc 0.1777 f1 nan conf_mat [0,420,0,0,102,0,0,52,0]
Test: [  3/200] eta 00:13:08 loss_cls 0.9553 acc 0.2125 f1 nan conf_mat [22,398,0,2,100,0,0,52,0]
Test: [  4/200] eta 00:13:04 loss_cls 0.9090 acc 0.7317 f1 nan conf_mat [420,0,0,102,0,0,52,0,0]
Test: [  5/200] eta 00:13:00 loss_cls 0.8728 acc 0.7317 f1 nan conf_mat [420,0,0,102,0,0,52,0,0]
Test: [  6/200] eta 00:12:56 loss_cls 0.8431 acc 0.7317 f1 nan conf_mat [420,0,0,102,0,0,52,0,0]
Test: [  7/200] eta 00:12:52 loss_cls 0.8193 acc 0.7317 f1 nan conf_mat [420,0,0,102,0,0,52,0,0]
Test: [  8/200] eta 00:12:48 loss_cls 0.8026 acc 0.7317 f1 nan conf_mat [420,0,0,102,0,0,52,0,0]
Test: [  9/200] eta 00:12:44 loss_cls 0.7878 acc 0.7317 f1 nan conf_mat [420,0,0,102,0,0,52,0,0]
Test: [ 10/200] eta 00:12:40 loss_cls 0.7763 acc 0.7317 f1 nan conf_mat [420,0,0,102,0,0,52,0,0]
Test: [ 11/200] eta 00:12:36 loss_cls 0.7697 acc 0.7317 f1 nan conf_mat [420,0,0,102,0,0,52,0,0]
Test: [ 12/200] eta 00:12:32 loss_cls 0.7609 acc 0.7317 f1 nan conf_mat [420,0,0,102,0,0,52,0,0]
Test: [ 13/200] eta 00:12:28 loss_cls 0.7530 acc 0.7317 f1 nan conf_mat [420,0,0,102,0,0,52,0,0]
Test: [ 14/200] eta 00:15:30 loss_cls 0.7513 acc 0.7317 f1 nan conf_mat [420,0,0,102,0,0,52,0,0]
Test: [ 15/200] eta 00:12:20 loss_cls 0.7431 acc 0.7317 f1 nan conf_mat [420,0,0,102,0,0,52,0,0]
Test: [ 16/200] eta 00:12:16 loss_cls 0.7361 acc 0.7317 f1 nan conf_mat [420,0,0,102,0,0,52,0,0]
Test: [ 17/200] eta 00:12:12 loss_cls 0.7324 acc 0.7317 f1 nan conf_mat [420,0,0,102,0,0,52,0,0]
Test: [ 18/200] eta 00:12:08 loss_cls 0.7278 acc 0.7317 f1 nan conf_mat [420,0,0,102,0,0,52,0,0]
Test: [ 19/200] eta 00:12:04 loss_cls 0.7229 acc 0.7317 f1 nan conf_mat [420,0,0,102,0,0,52,0,0]
Test: [ 20/200] eta 00:12:00 loss_cls 0.7200 acc 0.7317 f1 nan conf_mat [420,0,0,102,0,0,52,0,0]
Test: [ 21/200] eta 00:11:56 loss_cls 0.7125 acc 0.7317 f1 nan conf_mat [420,0,0,102,0,0,52,0,0]
Test: [ 22/200] eta 00:11:52 loss_cls 0.7089 acc 0.7317 f1 nan conf_mat [420,0,0,102,0,0,52,0,0]
Test: [ 23/200] eta 00:11:48 loss_cls 0.7022 acc 0.7317 f1 nan conf_mat [420,0,0,102,0,0,52,0,0]
Test: [ 24/200] eta 00:11:44 loss_cls 0.6986 acc 0.7317 f1 nan conf_mat [420,0,0,102,0,0,52,0,0]
Test: [ 25/200] eta 00:11:40 loss_cls 0.6938 acc 0.7317 f1 nan conf_mat [420,0,0,102,0,0,52,0,0]
Test: [ 26/200] eta 00:14:30 loss_cls 0.6918 acc 0.7317 f1 nan conf_mat [420,0,0,102,0,0,52,0,0]
Test: [ 27/200] eta 00:14:25 loss_cls 0.6860 acc 0.7317 f1 nan conf_mat [420,0,0,102,0,0,52,0,0]
Test: [ 28/200] eta 00:11:28 loss_cls 0.6817 acc 0.7317 f1 nan conf_mat [420,0,0,102,0,0,52,0,0]
Test: [ 29/200] eta 00:11:24 loss_cls 0.6762 acc 0.7317 f1 nan conf_mat [420,0,0,102,0,0,52,0,0]
Test: [ 30/200] eta 00:11:20 loss_cls 0.6734 acc 0.7317 f1 nan conf_mat [420,0,0,102,0,0,52,0,0]
Test: [ 31/200] eta 00:11:16 loss_cls 0.6684 acc 0.7317 f1 nan conf_mat [420,0,0,102,0,0,52,0,0]
Test: [ 32/200] eta 00:11:12 loss_cls 0.6639 acc 0.7317 f1 nan conf_mat [420,0,0,102,0,0,52,0,0]
Test: [ 33/200] eta 00:13:55 loss_cls 0.6604 acc 0.7317 f1 nan conf_mat [420,0,0,102,0,0,52,0,0]
Test: [ 34/200] eta 00:13:50 loss_cls 0.6548 acc 0.7317 f1 nan conf_mat [420,0,0,102,0,0,52,0,0]
Test: [ 35/200] eta 00:11:00 loss_cls 0.6513 acc 0.7334 f1 nan conf_mat [420,0,0,101,0,1,51,0,1]
Test: [ 36/200] eta 00:10:56 loss_cls 0.6463 acc 0.7352 f1 nan conf_mat [420,0,0,101,0,1,50,0,2]
Test: [ 37/200] eta 00:13:35 loss_cls 0.6424 acc 0.7352 f1 nan conf_mat [420,0,0,101,0,1,50,0,2]
Test: [ 38/200] eta 00:10:48 loss_cls 0.6387 acc 0.7352 f1 nan conf_mat [419,0,1,101,0,1,49,0,3]
Test: [ 39/200] eta 00:13:25 loss_cls 0.6338 acc 0.7352 f1 nan conf_mat [419,0,1,101,0,1,49,0,3]
Test: [ 40/200] eta 00:10:40 loss_cls 0.6293 acc 0.7369 f1 nan conf_mat [419,0,1,101,0,1,48,0,4]
Test: [ 41/200] eta 00:10:36 loss_cls 0.6278 acc 0.7369 f1 nan conf_mat [419,0,1,101,0,1,48,0,4]
Test: [ 42/200] eta 00:10:32 loss_cls 0.6228 acc 0.7387 f1 nan conf_mat [419,0,1,101,0,1,47,0,5]
Test: [ 43/200] eta 00:10:28 loss_cls 0.6191 acc 0.7422 f1 nan conf_mat [419,0,1,101,0,1,45,0,7]
Test: [ 44/200] eta 00:13:00 loss_cls 0.6160 acc 0.7422 f1 nan conf_mat [419,0,1,101,0,1,45,0,7]
Test: [ 45/200] eta 00:10:20 loss_cls 0.6112 acc 0.7456 f1 nan conf_mat [419,0,1,101,0,1,43,0,9]
Test: [ 46/200] eta 00:12:50 loss_cls 0.6094 acc 0.7456 f1 nan conf_mat [419,0,1,101,0,1,43,0,9]
Test: [ 47/200] eta 00:10:12 loss_cls 0.6047 acc 0.7474 f1 0.6537 conf_mat [419,0,1,100,1,1,43,0,9]
Test: [ 48/200] eta 00:10:08 loss_cls 0.6008 acc 0.7474 f1 0.6537 conf_mat [419,0,1,100,1,1,43,0,9]
Test: [ 49/200] eta 00:10:04 loss_cls 0.5980 acc 0.7491 f1 0.6578 conf_mat [419,0,1,99,2,1,43,0,9]
Test: [ 50/200] eta 00:12:30 loss_cls 0.5936 acc 0.7491 f1 0.6605 conf_mat [418,0,2,98,3,1,43,0,9]
Test: [ 51/200] eta 00:12:25 loss_cls 0.5921 acc 0.7474 f1 0.6565 conf_mat [418,0,2,99,2,1,43,0,9]
Test: [ 52/200] eta 00:09:52 loss_cls 0.5899 acc 0.7509 f1 0.6635 conf_mat [418,0,2,98,3,1,42,0,10]
Test: [ 53/200] eta 00:09:48 loss_cls 0.5868 acc 0.7509 f1 0.6635 conf_mat [418,0,2,98,3,1,42,0,10]
Test: [ 54/200] eta 00:09:44 loss_cls 0.5820 acc 0.7456 f1 0.6600 conf_mat [415,1,4,98,3,1,42,0,10]
Test: [ 55/200] eta 00:12:05 loss_cls 0.5803 acc 0.7474 f1 0.6655 conf_mat [414,1,5,97,4,1,41,0,11]
Test: [ 56/200] eta 00:09:36 loss_cls 0.5768 acc 0.7491 f1 0.6668 conf_mat [415,1,4,97,4,1,41,0,11]
Test: [ 57/200] eta 00:09:32 loss_cls 0.5750 acc 0.7456 f1 0.6629 conf_mat [414,2,4,97,4,1,42,0,10]
Test: [ 58/200] eta 00:09:28 loss_cls 0.5719 acc 0.7491 f1 0.6696 conf_mat [414,2,4,96,5,1,41,0,11]
Test: [ 59/200] eta 00:09:24 loss_cls 0.5730 acc 0.7578 f1 0.6855 conf_mat [413,2,5,95,6,1,36,0,16]
Test: [ 60/200] eta 00:09:20 loss_cls 0.5679 acc 0.7561 f1 0.6886 conf_mat [409,2,9,94,7,1,34,0,18]
Test: [ 61/200] eta 00:09:16 loss_cls 0.5687 acc 0.7544 f1 0.6816 conf_mat [412,2,6,95,6,1,37,0,15]
Test: [ 62/200] eta 00:09:12 loss_cls 0.5641 acc 0.7578 f1 0.6903 conf_mat [412,4,4,92,9,1,38,0,14]
Test: [ 63/200] eta 00:09:08 loss_cls 0.5629 acc 0.7578 f1 0.6928 conf_mat [410,4,6,92,9,1,36,0,16]
Test: [ 64/200] eta 00:11:20 loss_cls 0.5577 acc 0.7613 f1 0.6988 conf_mat [410,4,6,91,10,1,35,0,17]
Test: [ 65/200] eta 00:11:15 loss_cls 0.5566 acc 0.7613 f1 0.6940 conf_mat [412,2,6,93,8,1,35,0,17]
Test: [ 66/200] eta 00:11:10 loss_cls 0.5543 acc 0.7596 f1 0.6984 conf_mat [408,4,8,91,10,1,34,0,18]
Test: [ 67/200] eta 00:11:05 loss_cls 0.5536 acc 0.7613 f1 0.7008 conf_mat [408,4,8,91,10,1,33,0,19]
Test: [ 68/200] eta 00:08:48 loss_cls 0.5502 acc 0.7666 f1 0.7081 conf_mat [410,4,6,89,12,1,34,0,18]
Test: [ 69/200] eta 00:08:44 loss_cls 0.5485 acc 0.7666 f1 0.7151 conf_mat [406,6,8,86,15,1,33,0,19]
Test: [ 70/200] eta 00:08:40 loss_cls 0.5463 acc 0.7683 f1 0.7145 conf_mat [407,5,8,88,13,1,31,0,21]
Test: [ 71/200] eta 00:08:36 loss_cls 0.5445 acc 0.7631 f1 0.7044 conf_mat [407,5,8,91,10,1,31,0,21]
Test: [ 72/200] eta 00:10:40 loss_cls 0.5438 acc 0.7666 f1 0.7061 conf_mat [410,4,6,91,10,1,32,0,20]
Test: [ 73/200] eta 00:08:28 loss_cls 0.5423 acc 0.7683 f1 0.7107 conf_mat [409,5,6,90,11,1,31,0,21]
Test: [ 74/200] eta 00:08:24 loss_cls 0.5400 acc 0.7666 f1 0.7131 conf_mat [406,5,9,88,13,1,31,0,21]
Test: [ 75/200] eta 00:08:20 loss_cls 0.5382 acc 0.7683 f1 0.7150 conf_mat [405,5,10,89,12,1,28,0,24]
Test: [ 76/200] eta 00:08:16 loss_cls 0.5379 acc 0.7700 f1 0.7178 conf_mat [404,5,11,89,12,1,26,0,26]
Test: [ 77/200] eta 00:08:12 loss_cls 0.5400 acc 0.7787 f1 0.7357 conf_mat [402,7,11,84,17,1,24,0,28]
Test: [ 78/200] eta 00:10:10 loss_cls 0.5344 acc 0.7735 f1 0.7305 conf_mat [402,8,10,83,18,1,28,0,24]
Test: [ 79/200] eta 00:08:04 loss_cls 0.5363 acc 0.7700 f1 0.7252 conf_mat [402,8,10,84,17,1,29,0,23]
Test: [ 80/200] eta 00:08:00 loss_cls 0.5352 acc 0.7787 f1 0.7352 conf_mat [405,9,6,83,18,1,28,0,24]
Test: [ 81/200] eta 00:07:56 loss_cls 0.5302 acc 0.7753 f1 0.7317 conf_mat [402,8,10,84,17,1,26,0,26]
Test: [ 82/200] eta 00:09:50 loss_cls 0.5305 acc 0.7770 f1 0.7330 conf_mat [403,7,10,84,17,1,26,0,26]
Test: [ 83/200] eta 00:07:48 loss_cls 0.5296 acc 0.7735 f1 0.7296 conf_mat [402,8,10,84,17,1,27,0,25]
Test: [ 84/200] eta 00:09:40 loss_cls 0.5266 acc 0.7787 f1 0.7375 conf_mat [401,8,11,83,18,1,24,0,28]
Test: [ 85/200] eta 00:09:35 loss_cls 0.5267 acc 0.7770 f1 0.7338 conf_mat [402,8,10,84,17,1,25,0,27]
Test: [ 86/200] eta 00:09:30 loss_cls 0.5242 acc 0.7753 f1 0.7317 conf_mat [402,8,10,84,17,1,26,0,26]
Test: [ 87/200] eta 00:09:25 loss_cls 0.5238 acc 0.7770 f1 0.7335 conf_mat [404,8,8,83,18,1,28,0,24]
Test: [ 88/200] eta 00:09:20 loss_cls 0.5229 acc 0.7805 f1 0.7365 conf_mat [406,8,6,83,18,1,28,0,24]
Test: [ 89/200] eta 00:09:15 loss_cls 0.5236 acc 0.7770 f1 0.7352 conf_mat [403,9,8,82,19,1,28,0,24]
Test: [ 90/200] eta 00:07:20 loss_cls 0.5203 acc 0.7770 f1 0.7362 conf_mat [400,9,11,83,18,1,24,0,28]
Test: [ 91/200] eta 00:09:05 loss_cls 0.5197 acc 0.7805 f1 0.7395 conf_mat [401,8,11,83,18,1,23,0,29]
Test: [ 92/200] eta 00:07:12 loss_cls 0.5187 acc 0.7805 f1 0.7390 conf_mat [402,8,10,83,18,1,24,0,28]
Test: [ 93/200] eta 00:07:08 loss_cls 0.5182 acc 0.7753 f1 0.7344 conf_mat [401,9,10,82,19,1,27,0,25]
Test: [ 94/200] eta 00:08:50 loss_cls 0.5160 acc 0.7840 f1 0.7425 conf_mat [406,8,6,81,20,1,28,0,24]
Test: [ 95/200] eta 00:07:00 loss_cls 0.5169 acc 0.7822 f1 0.7446 conf_mat [401,9,10,80,21,1,25,0,27]
Test: [ 96/200] eta 00:06:56 loss_cls 0.5153 acc 0.7822 f1 0.7437 conf_mat [401,9,10,81,20,1,24,0,28]
Test: [ 97/200] eta 00:06:52 loss_cls 0.5177 acc 0.7840 f1 0.7463 conf_mat [400,9,11,81,20,1,22,0,30]
Test: [ 98/200] eta 00:06:48 loss_cls 0.5133 acc 0.7822 f1 0.7438 conf_mat [402,8,10,80,21,1,26,0,26]
Test: [ 99/200] eta 00:08:25 loss_cls 0.5124 acc 0.7770 f1 0.7369 conf_mat [402,10,8,81,20,1,28,0,24]
Test: [100/200] eta 00:06:40 loss_cls 0.5131 acc 0.7857 f1 0.7496 conf_mat [401,9,10,79,22,1,24,0,28]
Test: [101/200] eta 00:08:15 loss_cls 0.5099 acc 0.7875 f1 0.7520 conf_mat [400,8,12,79,22,1,22,0,30]
Test: [102/200] eta 00:06:32 loss_cls 0.5090 acc 0.7857 f1 0.7496 conf_mat [401,9,10,79,22,1,24,0,28]
Test: [103/200] eta 00:08:05 loss_cls 0.5108 acc 0.7822 f1 0.7462 conf_mat [400,10,10,79,22,1,25,0,27]
Test: [104/200] eta 00:06:24 loss_cls 0.5081 acc 0.7875 f1 0.7510 conf_mat [402,8,10,79,22,1,24,0,28]
Test: [105/200] eta 00:07:55 loss_cls 0.5078 acc 0.7875 f1 0.7501 conf_mat [402,8,10,80,21,1,23,0,29]
Test: [106/200] eta 00:06:16 loss_cls 0.5071 acc 0.7857 f1 0.7471 conf_mat [402,8,10,81,20,1,23,0,29]
Test: [107/200] eta 00:06:12 loss_cls 0.5055 acc 0.7875 f1 0.7517 conf_mat [401,9,10,79,22,1,23,0,29]
Test: [108/200] eta 00:06:08 loss_cls 0.5052 acc 0.7857 f1 0.7512 conf_mat [400,10,10,78,23,1,24,0,28]
Test: [109/200] eta 00:06:04 loss_cls 0.5039 acc 0.7875 f1 0.7540 conf_mat [400,10,10,77,24,1,24,0,28]
Test: [110/200] eta 00:06:00 loss_cls 0.5059 acc 0.7857 f1 0.7494 conf_mat [400,10,10,80,21,1,22,0,30]
Test: [111/200] eta 00:05:56 loss_cls 0.5024 acc 0.7892 f1 0.7530 conf_mat [402,8,10,79,22,1,23,0,29]
Test: [112/200] eta 00:07:20 loss_cls 0.5032 acc 0.7909 f1 0.7557 conf_mat [401,9,10,79,22,1,21,0,31]
Test: [113/200] eta 00:07:15 loss_cls 0.5034 acc 0.7875 f1 0.7517 conf_mat [401,9,10,79,22,1,23,0,29]
Test: [114/200] eta 00:07:10 loss_cls 0.5013 acc 0.7857 f1 0.7503 conf_mat [400,10,10,79,22,1,23,0,29]
Test: [115/200] eta 00:05:40 loss_cls 0.5070 acc 0.7927 f1 0.7617 conf_mat [400,10,10,75,26,1,23,0,29]
Test: [116/200] eta 00:05:36 loss_cls 0.5009 acc 0.7927 f1 0.7617 conf_mat [400,10,10,75,26,1,23,0,29]
Test: [117/200] eta 00:05:32 loss_cls 0.5000 acc 0.7944 f1 0.7645 conf_mat [400,10,10,74,27,1,23,0,29]
Test: [118/200] eta 00:06:50 loss_cls 0.5002 acc 0.7875 f1 0.7532 conf_mat [400,10,10,78,23,1,23,0,29]
Test: [119/200] eta 00:05:24 loss_cls 0.4984 acc 0.7909 f1 0.7557 conf_mat [401,9,10,79,22,1,21,0,31]
Test: [120/200] eta 00:06:40 loss_cls 0.4991 acc 0.7927 f1 0.7586 conf_mat [401,9,10,78,23,1,21,0,31]
Test: [121/200] eta 00:05:16 loss_cls 0.4985 acc 0.7875 f1 0.7532 conf_mat [400,10,10,78,23,1,23,0,29]
Test: [122/200] eta 00:05:12 loss_cls 0.5003 acc 0.7979 f1 0.7693 conf_mat [400,10,10,73,28,1,22,0,30]
Test: [123/200] eta 00:05:08 loss_cls 0.4966 acc 0.7997 f1 0.7720 conf_mat [400,10,10,72,29,1,22,0,30]
Test: [124/200] eta 00:06:20 loss_cls 0.4969 acc 0.7962 f1 0.7672 conf_mat [400,10,10,73,28,1,23,0,29]
Test: [125/200] eta 00:06:15 loss_cls 0.4992 acc 0.7944 f1 0.7623 conf_mat [401,9,10,76,25,1,22,0,30]
Test: [126/200] eta 00:04:56 loss_cls 0.5008 acc 0.7944 f1 0.7605 conf_mat [403,9,8,77,24,1,23,0,29]
Test: [127/200] eta 00:04:52 loss_cls 0.4957 acc 0.7962 f1 0.7621 conf_mat [404,9,7,77,24,1,23,0,29]
Test: [128/200] eta 00:04:48 loss_cls 0.4940 acc 0.7909 f1 0.7581 conf_mat [400,10,10,77,24,1,22,0,30]
Test: [129/200] eta 00:05:55 loss_cls 0.4951 acc 0.7909 f1 0.7581 conf_mat [400,10,10,77,24,1,22,0,30]
Test: [130/200] eta 00:04:40 loss_cls 0.4951 acc 0.7944 f1 0.7638 conf_mat [400,10,10,75,26,1,22,0,30]
Test: [131/200] eta 00:04:36 loss_cls 0.4938 acc 0.7944 f1 0.7630 conf_mat [400,10,10,76,25,1,21,0,31]
Test: [132/200] eta 00:04:32 loss_cls 0.4960 acc 0.8014 f1 0.7740 conf_mat [400,10,10,72,29,1,21,0,31]
Test: [133/200] eta 00:04:28 loss_cls 0.4971 acc 0.8031 f1 0.7772 conf_mat [399,11,10,71,30,1,20,0,32]
Test: [134/200] eta 00:04:24 loss_cls 0.4932 acc 0.8014 f1 0.7738 conf_mat [399,11,10,73,28,1,19,0,33]
Test: [135/200] eta 00:05:25 loss_cls 0.4928 acc 0.7997 f1 0.7702 conf_mat [401,11,8,74,27,1,21,0,31]
Test: [136/200] eta 00:05:20 loss_cls 0.4928 acc 0.7997 f1 0.7705 conf_mat [402,11,7,73,28,1,23,0,29]
Test: [137/200] eta 00:05:15 loss_cls 0.4899 acc 0.7997 f1 0.7705 conf_mat [402,11,7,73,28,1,23,0,29]
Test: [138/200] eta 00:04:08 loss_cls 0.4916 acc 0.7962 f1 0.7679 conf_mat [399,11,10,73,28,1,22,0,30]
Test: [139/200] eta 00:04:04 loss_cls 0.4904 acc 0.7944 f1 0.7638 conf_mat [400,10,10,75,26,1,22,0,30]
Test: [140/200] eta 00:05:00 loss_cls 0.4934 acc 0.7979 f1 0.7677 conf_mat [400,10,10,75,26,1,20,0,32]
Test: [141/200] eta 00:03:56 loss_cls 0.4939 acc 0.7944 f1 0.7638 conf_mat [400,10,10,75,26,1,22,0,30]
Test: [142/200] eta 00:03:52 loss_cls 0.4899 acc 0.7979 f1 0.7685 conf_mat [400,10,10,74,27,1,21,0,31]
Test: [143/200] eta 00:03:48 loss_cls 0.4901 acc 0.7927 f1 0.7610 conf_mat [400,10,10,76,25,1,22,0,30]
Test: [144/200] eta 00:03:44 loss_cls 0.4941 acc 0.7979 f1 0.7706 conf_mat [399,11,10,72,29,1,22,0,30]
Test: [145/200] eta 00:03:40 loss_cls 0.4907 acc 0.7997 f1 0.7710 conf_mat [401,11,8,73,28,1,22,0,30]
Test: [146/200] eta 00:03:36 loss_cls 0.4899 acc 0.7979 f1 0.7685 conf_mat [400,10,10,74,27,1,21,0,31]
Test: [147/200] eta 00:03:32 loss_cls 0.4883 acc 0.8014 f1 0.7738 conf_mat [399,11,10,73,28,1,19,0,33]
Test: [148/200] eta 00:04:20 loss_cls 0.4896 acc 0.8031 f1 0.7772 conf_mat [399,11,10,71,30,1,20,0,32]
Test: [149/200] eta 00:04:15 loss_cls 0.4886 acc 0.8014 f1 0.7746 conf_mat [399,11,10,72,29,1,20,0,32]
Test: [150/200] eta 00:04:10 loss_cls 0.4881 acc 0.8049 f1 0.7764 conf_mat [402,10,8,73,28,1,20,0,32]
Test: [151/200] eta 00:03:16 loss_cls 0.4893 acc 0.8014 f1 0.7716 conf_mat [402,10,8,74,27,1,21,0,31]
Test: [152/200] eta 00:03:12 loss_cls 0.4875 acc 0.7997 f1 0.7710 conf_mat [401,11,8,73,28,1,22,0,30]
Test: [153/200] eta 00:03:08 loss_cls 0.4875 acc 0.8014 f1 0.7724 conf_mat [402,10,8,73,28,1,22,0,30]
Test: [154/200] eta 00:03:04 loss_cls 0.4874 acc 0.7997 f1 0.7710 conf_mat [401,11,8,73,28,1,22,0,30]
Test: [155/200] eta 00:03:45 loss_cls 0.4879 acc 0.7979 f1 0.7706 conf_mat [399,11,10,72,29,1,22,0,30]
Test: [156/200] eta 00:02:56 loss_cls 0.4877 acc 0.8014 f1 0.7746 conf_mat [399,11,10,72,29,1,20,0,32]
Test: [157/200] eta 00:02:52 loss_cls 0.4869 acc 0.8031 f1 0.7752 conf_mat [400,10,10,73,28,1,19,0,33]
Test: [158/200] eta 00:02:48 loss_cls 0.4880 acc 0.8031 f1 0.7752 conf_mat [400,10,10,73,28,1,19,0,33]
Test: [159/200] eta 00:03:25 loss_cls 0.4871 acc 0.7979 f1 0.7677 conf_mat [400,10,10,75,26,1,20,0,32]
Test: [160/200] eta 00:03:20 loss_cls 0.4882 acc 0.8014 f1 0.7702 conf_mat [403,9,8,75,26,1,21,0,31]
Test: [161/200] eta 00:03:15 loss_cls 0.4876 acc 0.7979 f1 0.7682 conf_mat [401,11,8,74,27,1,22,0,30]
Test: [162/200] eta 00:03:10 loss_cls 0.4880 acc 0.8014 f1 0.7737 conf_mat [401,11,8,72,29,1,22,0,30]
Test: [163/200] eta 00:02:28 loss_cls 0.4895 acc 0.8014 f1 0.7737 conf_mat [401,11,8,72,29,1,22,0,30]
Test: [164/200] eta 00:03:00 loss_cls 0.4877 acc 0.8014 f1 0.7730 conf_mat [401,11,8,73,28,1,21,0,31]
Test: [165/200] eta 00:02:20 loss_cls 0.4893 acc 0.7997 f1 0.7726 conf_mat [399,11,10,72,29,1,21,0,31]
Test: [166/200] eta 00:02:50 loss_cls 0.4856 acc 0.8031 f1 0.7765 conf_mat [399,11,10,72,29,1,19,0,33]
Test: [167/200] eta 00:02:12 loss_cls 0.4893 acc 0.8014 f1 0.7738 conf_mat [399,11,10,73,28,1,19,0,33]
Test: [168/200] eta 00:02:40 loss_cls 0.4863 acc 0.8014 f1 0.7738 conf_mat [399,11,10,73,28,1,19,0,33]
Test: [169/200] eta 00:02:35 loss_cls 0.4853 acc 0.8049 f1 0.7769 conf_mat [401,11,8,73,28,1,19,0,33]
Test: [170/200] eta 00:02:00 loss_cls 0.4856 acc 0.8031 f1 0.7728 conf_mat [402,10,8,75,26,1,19,0,33]
Test: [171/200] eta 00:01:56 loss_cls 0.4875 acc 0.8014 f1 0.7708 conf_mat [402,10,8,75,26,1,20,0,32]
Test: [172/200] eta 00:01:52 loss_cls 0.4861 acc 0.8031 f1 0.7750 conf_mat [401,11,8,73,28,1,20,0,32]
Test: [173/200] eta 00:01:48 loss_cls 0.4846 acc 0.8031 f1 0.7750 conf_mat [401,11,8,73,28,1,20,0,32]
Test: [174/200] eta 00:01:44 loss_cls 0.4854 acc 0.8031 f1 0.7757 conf_mat [401,11,8,72,29,1,21,0,31]
Test: [175/200] eta 00:01:40 loss_cls 0.4876 acc 0.8014 f1 0.7730 conf_mat [401,11,8,73,28,1,21,0,31]
Test: [176/200] eta 00:01:36 loss_cls 0.4880 acc 0.8014 f1 0.7746 conf_mat [399,11,10,72,29,1,20,0,32]
Test: [177/200] eta 00:01:32 loss_cls 0.4852 acc 0.8014 f1 0.7746 conf_mat [399,11,10,72,29,1,20,0,32]
Test: [178/200] eta 00:01:28 loss_cls 0.4848 acc 0.8014 f1 0.7746 conf_mat [399,11,10,72,29,1,20,0,32]
Test: [179/200] eta 00:01:24 loss_cls 0.4860 acc 0.7979 f1 0.7699 conf_mat [399,11,10,73,28,1,21,0,31]
Test: [180/200] eta 00:01:20 loss_cls 0.4847 acc 0.8014 f1 0.7746 conf_mat [399,11,10,72,29,1,20,0,32]
Test: [181/200] eta 00:01:16 loss_cls 0.4847 acc 0.7997 f1 0.7719 conf_mat [399,11,10,73,28,1,20,0,32]
Test: [182/200] eta 00:01:12 loss_cls 0.4847 acc 0.7979 f1 0.7699 conf_mat [399,11,10,73,28,1,21,0,31]
Test: [183/200] eta 00:01:25 loss_cls 0.4843 acc 0.7979 f1 0.7699 conf_mat [399,11,10,73,28,1,21,0,31]
Test: [184/200] eta 00:01:04 loss_cls 0.4853 acc 0.7997 f1 0.7719 conf_mat [399,11,10,73,28,1,20,0,32]
Test: [185/200] eta 00:01:00 loss_cls 0.4848 acc 0.7979 f1 0.7691 conf_mat [399,11,10,74,27,1,20,0,32]
Test: [186/200] eta 00:00:56 loss_cls 0.4856 acc 0.7979 f1 0.7677 conf_mat [400,10,10,75,26,1,20,0,32]
Test: [187/200] eta 00:00:52 loss_cls 0.4851 acc 0.8014 f1 0.7708 conf_mat [402,10,8,75,26,1,20,0,32]
Test: [188/200] eta 00:00:48 loss_cls 0.4847 acc 0.7997 f1 0.7689 conf_mat [402,10,8,75,26,1,21,0,31]
Test: [189/200] eta 00:00:44 loss_cls 0.4849 acc 0.8014 f1 0.7722 conf_mat [401,11,8,74,27,1,20,0,32]
Test: [190/200] eta 00:00:40 loss_cls 0.4860 acc 0.8014 f1 0.7738 conf_mat [399,11,10,73,28,1,19,0,33]
Test: [191/200] eta 00:00:45 loss_cls 0.4865 acc 0.7997 f1 0.7711 conf_mat [399,11,10,74,27,1,19,0,33]
Test: [192/200] eta 00:00:40 loss_cls 0.4833 acc 0.8014 f1 0.7708 conf_mat [402,10,8,75,26,1,20,0,32]
Test: [193/200] eta 00:00:28 loss_cls 0.4853 acc 0.8014 f1 0.7708 conf_mat [402,10,8,75,26,1,20,0,32]
Test: [194/200] eta 00:00:30 loss_cls 0.4859 acc 0.8014 f1 0.7738 conf_mat [399,11,10,73,28,1,19,0,33]
Test: [195/200] eta 00:00:25 loss_cls 0.4858 acc 0.8014 f1 0.7738 conf_mat [399,11,10,73,28,1,19,0,33]
Test: [196/200] eta 00:00:16 loss_cls 0.4871 acc 0.7997 f1 0.7719 conf_mat [399,11,10,73,28,1,20,0,32]
Test: [197/200] eta 00:00:12 loss_cls 0.4855 acc 0.7997 f1 0.7719 conf_mat [399,11,10,73,28,1,20,0,32]
Test: [198/200] eta 00:00:08 loss_cls 0.4851 acc 0.8014 f1 0.7730 conf_mat [401,11,8,73,28,1,21,0,31]
Test: [199/200] eta 00:00:05 loss_cls 0.4851 acc 0.8014 f1 0.7722 conf_mat [401,11,8,74,27,1,20,0,32]
Test: [200/200] eta 00:00:00 loss_cls 0.4858 acc 0.8014 f1 0.7738 conf_mat [399,11,10,73,28,1,19,0,33]
