model = dict(
    type='Classifier',
    backbone=dict(
        type='MyResNetV1d',
        depth=18,
        num_stages=4,
        out_indices=(0, 1, 2, 3),
        frozen_stages=1,
        norm_cfg=dict(type='BN', requires_grad=True),
        norm_eval=True,
        style='pytorch',
        init_cfg=dict(
            type='ft',
            checkpoint=
            '../work_dirs/multiembedding_fusarship_pretrain/res18_0020.pth')),
    classifier=dict(dim_in=512, dim_mid=256, dim_out=3))
optimizer = dict(type='SGD', lr=0.001, momentum=0.9, weight_decay=0.0001)
runner = dict(epoch=200)
data = dict(
    type='FUSARShip',
    root='../data/fusarship',
    n_class=3,
    percentage=70,
    image_size=64,
    normalize=dict(
        mean=[0.05684700353123015, 0.05684700353123015, 0.05684700353123015],
        std=[0.11367373919156237, 0.11367373919156237, 0.11367373919156237]),
    workers=2,
    batch_size=dict(pretrain=1024, train=512, val=2048))
checkpoints = dict(
    folders=[
        '../work_dirs/untrained',
        '../work_dirs/multiembedding_fusarship_pretrain'
    ],
    index=['res18_0020.pth'])
test_mode = 'ft'
work_dir = '../work_dirs/classifier_fusarship_single_ft'
log_file = '../work_dirs/classifier_fusarship_single_ft/20221010_191335.log'
Test: [  1/200] eta 00:16:35 loss_cls 1.2108 acc 0.1777 f1 nan conf_mat [1,412,7,0,101,1,0,52,0]
Test: [  2/200] eta 00:16:30 loss_cls 1.0738 acc 0.2317 f1 nan conf_mat [35,375,10,4,98,0,1,51,0]
Test: [  3/200] eta 00:16:25 loss_cls 0.9962 acc 0.2700 f1 nan conf_mat [57,358,5,4,98,0,4,48,0]
Test: [  4/200] eta 00:16:20 loss_cls 0.9186 acc 0.7108 f1 nan conf_mat [405,12,3,99,3,0,52,0,0]
Test: [  5/200] eta 00:13:00 loss_cls 0.8608 acc 0.7282 f1 nan conf_mat [418,0,2,102,0,0,52,0,0]
Test: [  6/200] eta 00:16:10 loss_cls 0.8054 acc 0.7300 f1 nan conf_mat [419,0,1,102,0,0,52,0,0]
Test: [  7/200] eta 00:12:52 loss_cls 0.7700 acc 0.7317 f1 nan conf_mat [420,0,0,102,0,0,52,0,0]
Test: [  8/200] eta 00:12:48 loss_cls 0.7434 acc 0.7317 f1 nan conf_mat [420,0,0,102,0,0,52,0,0]
Test: [  9/200] eta 00:15:55 loss_cls 0.7241 acc 0.7317 f1 nan conf_mat [420,0,0,102,0,0,52,0,0]
Test: [ 10/200] eta 00:15:50 loss_cls 0.7115 acc 0.7317 f1 nan conf_mat [420,0,0,102,0,0,52,0,0]
Test: [ 11/200] eta 00:15:45 loss_cls 0.7001 acc 0.7317 f1 nan conf_mat [420,0,0,102,0,0,52,0,0]
Test: [ 12/200] eta 00:12:32 loss_cls 0.6918 acc 0.7317 f1 nan conf_mat [420,0,0,102,0,0,52,0,0]
Test: [ 13/200] eta 00:12:28 loss_cls 0.6811 acc 0.7317 f1 nan conf_mat [420,0,0,102,0,0,52,0,0]
Test: [ 14/200] eta 00:15:30 loss_cls 0.6707 acc 0.7317 f1 nan conf_mat [420,0,0,102,0,0,52,0,0]
Test: [ 15/200] eta 00:15:25 loss_cls 0.6597 acc 0.7317 f1 nan conf_mat [420,0,0,102,0,0,52,0,0]
Test: [ 16/200] eta 00:15:20 loss_cls 0.6433 acc 0.7317 f1 nan conf_mat [420,0,0,102,0,0,52,0,0]
Test: [ 17/200] eta 00:12:12 loss_cls 0.6325 acc 0.7317 f1 nan conf_mat [420,0,0,102,0,0,52,0,0]
Test: [ 18/200] eta 00:15:10 loss_cls 0.6221 acc 0.7317 f1 nan conf_mat [420,0,0,102,0,0,52,0,0]
Test: [ 19/200] eta 00:12:04 loss_cls 0.6076 acc 0.7317 f1 nan conf_mat [420,0,0,102,0,0,52,0,0]
Test: [ 20/200] eta 00:15:00 loss_cls 0.5953 acc 0.7300 f1 nan conf_mat [419,0,1,102,0,0,52,0,0]
Test: [ 21/200] eta 00:11:56 loss_cls 0.5800 acc 0.7317 f1 nan conf_mat [419,0,1,102,0,0,51,0,1]
Test: [ 22/200] eta 00:11:52 loss_cls 0.5658 acc 0.7317 f1 nan conf_mat [419,0,1,102,0,0,51,0,1]
Test: [ 23/200] eta 00:11:48 loss_cls 0.5541 acc 0.7317 f1 nan conf_mat [419,0,1,102,0,0,51,0,1]
Test: [ 24/200] eta 00:11:44 loss_cls 0.5397 acc 0.7422 f1 0.6526 conf_mat [416,3,1,93,9,0,51,0,1]
Test: [ 25/200] eta 00:14:35 loss_cls 0.5287 acc 0.7474 f1 0.6781 conf_mat [409,10,1,85,17,0,49,0,3]
Test: [ 26/200] eta 00:14:30 loss_cls 0.5152 acc 0.7439 f1 0.6567 conf_mat [416,3,1,94,8,0,49,0,3]
Test: [ 27/200] eta 00:14:25 loss_cls 0.5054 acc 0.7561 f1 0.6993 conf_mat [407,11,2,83,18,1,43,0,9]
Test: [ 28/200] eta 00:11:28 loss_cls 0.4932 acc 0.7596 f1 0.7117 conf_mat [403,13,4,78,23,1,42,0,10]
Test: [ 29/200] eta 00:14:15 loss_cls 0.4821 acc 0.7561 f1 0.7171 conf_mat [395,20,5,72,29,1,42,0,10]
Test: [ 30/200] eta 00:11:20 loss_cls 0.4730 acc 0.7648 f1 0.7270 conf_mat [398,16,6,72,29,1,40,0,12]
Test: [ 31/200] eta 00:14:05 loss_cls 0.4619 acc 0.7561 f1 0.7317 conf_mat [383,30,7,65,36,1,37,0,15]
Test: [ 32/200] eta 00:14:00 loss_cls 0.4539 acc 0.7648 f1 0.7367 conf_mat [390,23,7,67,34,1,37,0,15]
Test: [ 33/200] eta 00:11:08 loss_cls 0.4436 acc 0.7613 f1 0.7496 conf_mat [371,41,8,55,46,1,32,0,20]
Test: [ 34/200] eta 00:13:50 loss_cls 0.4348 acc 0.7631 f1 0.7396 conf_mat [385,27,8,65,36,1,35,0,17]
Test: [ 35/200] eta 00:11:00 loss_cls 0.4244 acc 0.7735 f1 0.7478 conf_mat [390,18,12,71,30,1,28,0,24]
Test: [ 36/200] eta 00:13:40 loss_cls 0.4143 acc 0.7718 f1 0.7447 conf_mat [390,18,12,73,28,1,27,0,25]
Test: [ 37/200] eta 00:10:52 loss_cls 0.4051 acc 0.7631 f1 0.7185 conf_mat [402,12,6,80,21,1,37,0,15]
Test: [ 38/200] eta 00:13:30 loss_cls 0.3994 acc 0.7787 f1 0.7598 conf_mat [384,22,14,67,34,1,23,0,29]
Test: [ 39/200] eta 00:13:25 loss_cls 0.3901 acc 0.7770 f1 0.7538 conf_mat [389,20,11,69,32,1,27,0,25]
Test: [ 40/200] eta 00:13:20 loss_cls 0.3826 acc 0.7735 f1 0.7623 conf_mat [372,32,16,62,39,1,19,0,33]
Test: [ 41/200] eta 00:13:15 loss_cls 0.3762 acc 0.7805 f1 0.7368 conf_mat [401,6,13,85,16,1,21,0,31]
Test: [ 42/200] eta 00:10:32 loss_cls 0.3659 acc 0.7770 f1 0.7681 conf_mat [370,33,17,59,42,1,18,0,34]
Test: [ 43/200] eta 00:13:05 loss_cls 0.3574 acc 0.7927 f1 0.7656 conf_mat [394,13,13,74,27,1,18,0,34]
Test: [ 44/200] eta 00:13:00 loss_cls 0.3497 acc 0.7857 f1 0.7539 conf_mat [397,12,11,77,24,1,22,0,30]
Test: [ 45/200] eta 00:12:55 loss_cls 0.3396 acc 0.7770 f1 0.7692 conf_mat [368,36,16,58,42,2,16,0,36]
Test: [ 46/200] eta 00:10:16 loss_cls 0.3327 acc 0.7805 f1 0.7281 conf_mat [404,4,12,90,11,1,19,0,33]
Test: [ 47/200] eta 00:12:45 loss_cls 0.3299 acc 0.7648 f1 0.7597 conf_mat [362,45,13,57,44,1,19,0,33]
Test: [ 48/200] eta 00:12:40 loss_cls 0.3201 acc 0.7666 f1 0.7612 conf_mat [359,38,23,57,42,3,13,0,39]
Test: [ 49/200] eta 00:12:35 loss_cls 0.3171 acc 0.7561 f1 0.6786 conf_mat [414,3,3,98,3,1,35,0,17]
Test: [ 50/200] eta 00:10:00 loss_cls 0.3089 acc 0.7787 f1 0.7686 conf_mat [372,32,16,60,40,2,17,0,35]
Test: [ 51/200] eta 00:09:56 loss_cls 0.2948 acc 0.7770 f1 0.7641 conf_mat [375,33,12,64,36,2,17,0,35]
Test: [ 52/200] eta 00:09:52 loss_cls 0.2837 acc 0.7683 f1 0.6962 conf_mat [410,0,10,98,3,1,24,0,28]
Test: [ 53/200] eta 00:09:48 loss_cls 0.2772 acc 0.7334 f1 0.7407 conf_mat [328,68,24,47,53,2,12,0,40]
Test: [ 54/200] eta 00:12:10 loss_cls 0.2734 acc 0.7805 f1 0.7663 conf_mat [378,30,12,65,36,1,18,0,34]
Test: [ 55/200] eta 00:09:40 loss_cls 0.2575 acc 0.7822 f1 0.7587 conf_mat [385,21,14,73,27,2,15,0,37]
Test: [ 56/200] eta 00:12:00 loss_cls 0.2480 acc 0.7927 f1 0.7688 conf_mat [392,14,14,71,30,1,19,0,33]
Test: [ 57/200] eta 00:09:32 loss_cls 0.2452 acc 0.7927 f1 0.7661 conf_mat [393,14,13,74,27,1,17,0,35]
Test: [ 58/200] eta 00:11:50 loss_cls 0.2345 acc 0.6951 f1 0.7150 conf_mat [294,109,17,35,66,1,11,2,39]
Test: [ 59/200] eta 00:09:24 loss_cls 0.2370 acc 0.7770 f1 0.7228 conf_mat [403,3,14,91,10,1,19,0,33]
Test: [ 60/200] eta 00:09:20 loss_cls 0.2276 acc 0.7683 f1 0.7177 conf_mat [400,8,12,89,11,2,22,0,30]
Test: [ 61/200] eta 00:11:35 loss_cls 0.2197 acc 0.7666 f1 0.7074 conf_mat [406,6,8,93,8,1,26,0,26]
Test: [ 62/200] eta 00:11:30 loss_cls 0.2136 acc 0.7631 f1 0.7038 conf_mat [408,6,6,91,10,1,32,0,20]
Test: [ 63/200] eta 00:11:25 loss_cls 0.2110 acc 0.7770 f1 0.7252 conf_mat [405,4,11,89,12,1,23,0,29]
Test: [ 64/200] eta 00:11:20 loss_cls 0.2185 acc 0.6777 f1 0.7041 conf_mat [279,132,9,27,74,1,12,4,36]
Test: [ 65/200] eta 00:09:00 loss_cls 0.2164 acc 0.6986 f1 0.7107 conf_mat [316,85,19,52,48,2,12,3,37]
Test: [ 66/200] eta 00:11:10 loss_cls 0.2606 acc 0.6951 f1 0.7147 conf_mat [295,109,16,37,64,1,11,1,40]
Test: [ 67/200] eta 00:08:52 loss_cls 0.2111 acc 0.7561 f1 0.6746 conf_mat [415,0,5,99,2,1,35,0,17]
Test: [ 68/200] eta 00:08:48 loss_cls 0.2120 acc 0.4547 f1 0.4895 conf_mat [153,257,10,12,89,1,2,31,19]
Test: [ 69/200] eta 00:10:55 loss_cls 0.2304 acc 0.7753 f1 0.7371 conf_mat [396,13,11,83,18,1,21,0,31]
Test: [ 70/200] eta 00:08:40 loss_cls 0.1842 acc 0.7544 f1 0.6826 conf_mat [412,5,3,95,6,1,37,0,15]
Test: [ 71/200] eta 00:08:36 loss_cls 0.1890 acc 0.7596 f1 0.7491 conf_mat [361,36,23,65,34,3,11,0,41]
Test: [ 72/200] eta 00:10:40 loss_cls 0.1656 acc 0.7178 f1 0.7323 conf_mat [317,91,12,43,57,2,12,2,38]
Test: [ 73/200] eta 00:10:35 loss_cls 0.1534 acc 0.7578 f1 0.6806 conf_mat [414,2,4,98,3,1,34,0,18]
Test: [ 74/200] eta 00:08:24 loss_cls 0.1688 acc 0.7822 f1 0.7459 conf_mat [399,10,11,80,21,1,23,0,29]
Test: [ 75/200] eta 00:10:25 loss_cls 0.1410 acc 0.7787 f1 0.7398 conf_mat [395,11,14,83,17,2,17,0,35]
Test: [ 76/200] eta 00:10:20 loss_cls 0.1398 acc 0.7909 f1 0.7750 conf_mat [381,22,17,65,35,2,14,0,38]
Test: [ 77/200] eta 00:08:12 loss_cls 0.1232 acc 0.7613 f1 0.7582 conf_mat [357,49,14,57,44,1,16,0,36]
Test: [ 78/200] eta 00:08:08 loss_cls 0.1237 acc 0.6916 f1 0.7122 conf_mat [302,107,11,39,62,1,13,6,33]
Test: [ 79/200] eta 00:08:04 loss_cls 0.1309 acc 0.6603 f1 0.6828 conf_mat [270,117,33,31,67,4,8,2,42]
Test: [ 80/200] eta 00:10:00 loss_cls 0.1307 acc 0.7857 f1 0.7696 conf_mat [383,26,11,65,36,1,20,0,32]
Test: [ 81/200] eta 00:07:56 loss_cls 0.1207 acc 0.7509 f1 0.6628 conf_mat [417,0,3,100,1,1,39,0,13]
Test: [ 82/200] eta 00:09:50 loss_cls 0.1406 acc 0.7230 f1 0.7363 conf_mat [319,87,14,42,59,1,13,2,37]
Test: [ 83/200] eta 00:09:45 loss_cls 0.1198 acc 0.7439 f1 0.7212 conf_mat [375,37,8,79,22,1,21,1,30]
Test: [ 84/200] eta 00:07:44 loss_cls 0.1203 acc 0.7439 f1 0.7469 conf_mat [345,64,11,50,51,1,20,1,31]
Test: [ 85/200] eta 00:09:35 loss_cls 0.1035 acc 0.7753 f1 0.7435 conf_mat [388,14,18,80,21,1,16,0,36]
Test: [ 86/200] eta 00:07:36 loss_cls 0.0946 acc 0.6916 f1 0.7120 conf_mat [299,107,14,36,64,2,13,5,34]
Test: [ 87/200] eta 00:07:32 loss_cls 0.0873 acc 0.7456 f1 0.7316 conf_mat [363,37,20,69,29,4,16,0,36]
Test: [ 88/200] eta 00:09:20 loss_cls 0.0861 acc 0.7300 f1 0.7400 conf_mat [328,78,14,43,57,2,16,2,34]
Test: [ 89/200] eta 00:09:15 loss_cls 0.0805 acc 0.7578 f1 0.7312 conf_mat [380,26,14,79,22,1,19,0,33]
Test: [ 90/200] eta 00:09:10 loss_cls 0.0784 acc 0.7334 f1 0.7464 conf_mat [321,84,15,40,60,2,10,2,40]
Test: [ 91/200] eta 00:09:05 loss_cls 0.0817 acc 0.7683 f1 0.7133 conf_mat [404,9,7,91,9,2,24,0,28]
Test: [ 92/200] eta 00:09:00 loss_cls 0.0828 acc 0.7666 f1 0.7285 conf_mat [398,17,5,79,21,2,31,0,21]
Test: [ 93/200] eta 00:07:08 loss_cls 0.0973 acc 0.6185 f1 0.6528 conf_mat [252,156,12,29,71,2,9,11,32]
Test: [ 94/200] eta 00:07:04 loss_cls 0.1116 acc 0.7596 f1 0.7611 conf_mat [350,55,15,49,52,1,17,1,34]
Test: [ 95/200] eta 00:07:00 loss_cls 0.0907 acc 0.7491 f1 0.7221 conf_mat [384,32,4,74,27,1,32,1,19]
Test: [ 96/200] eta 00:06:56 loss_cls 0.0835 acc 0.7718 f1 0.7222 conf_mat [403,10,7,88,12,2,24,0,28]
Test: [ 97/200] eta 00:06:52 loss_cls 0.0725 acc 0.5784 f1 0.6119 conf_mat [218,178,24,23,77,2,5,10,37]
Test: [ 98/200] eta 00:06:48 loss_cls 0.0819 acc 0.7787 f1 0.7438 conf_mat [394,12,14,80,20,2,19,0,33]
Test: [ 99/200] eta 00:08:25 loss_cls 0.0711 acc 0.7666 f1 0.7656 conf_mat [356,50,14,52,48,2,15,1,36]
Test: [100/200] eta 00:08:20 loss_cls 0.0687 acc 0.6707 f1 0.6957 conf_mat [284,120,16,33,66,3,10,7,35]
Test: [101/200] eta 00:06:36 loss_cls 0.0824 acc 0.7648 f1 0.7108 conf_mat [405,9,6,88,11,3,29,0,23]
Test: [102/200] eta 00:08:10 loss_cls 0.0753 acc 0.7160 f1 0.7310 conf_mat [312,89,19,41,58,3,8,3,41]
Test: [103/200] eta 00:08:05 loss_cls 0.0762 acc 0.6969 f1 0.7166 conf_mat [300,104,16,38,61,3,9,4,39]
Test: [104/200] eta 00:08:00 loss_cls 0.0667 acc 0.7770 f1 0.7430 conf_mat [395,15,10,79,21,2,22,0,30]
Test: [105/200] eta 00:07:55 loss_cls 0.0573 acc 0.7526 f1 0.7546 conf_mat [344,51,25,50,49,3,12,1,39]
Test: [106/200] eta 00:07:50 loss_cls 0.0614 acc 0.7735 f1 0.7596 conf_mat [377,32,11,64,36,2,20,1,31]
Test: [107/200] eta 00:06:12 loss_cls 0.0516 acc 0.7422 f1 0.7486 conf_mat [337,66,17,48,51,3,11,3,38]
Test: [108/200] eta 00:06:08 loss_cls 0.0526 acc 0.7578 f1 0.7558 conf_mat [355,51,14,56,44,2,15,1,36]
Test: [109/200] eta 00:07:35 loss_cls 0.0490 acc 0.7578 f1 0.7337 conf_mat [380,30,10,77,24,1,21,0,31]
Test: [110/200] eta 00:07:30 loss_cls 0.0472 acc 0.7735 f1 0.7508 conf_mat [382,23,15,73,27,2,17,0,35]
Test: [111/200] eta 00:07:25 loss_cls 0.0465 acc 0.6951 f1 0.7149 conf_mat [298,104,18,38,61,3,8,4,40]
Test: [112/200] eta 00:07:20 loss_cls 0.0452 acc 0.7683 f1 0.7247 conf_mat [396,12,12,85,14,3,21,0,31]
Test: [113/200] eta 00:05:48 loss_cls 0.0458 acc 0.7230 f1 0.7376 conf_mat [318,87,15,40,61,1,11,5,36]
Test: [114/200] eta 00:05:44 loss_cls 0.0419 acc 0.7787 f1 0.7513 conf_mat [390,19,11,75,25,2,20,0,32]
Test: [115/200] eta 00:05:40 loss_cls 0.0407 acc 0.7718 f1 0.7413 conf_mat [390,20,10,78,22,2,21,0,31]
Test: [116/200] eta 00:07:00 loss_cls 0.0397 acc 0.7509 f1 0.7524 conf_mat [349,58,13,52,48,2,16,2,34]
Test: [117/200] eta 00:06:55 loss_cls 0.0391 acc 0.7753 f1 0.7652 conf_mat [370,35,15,62,38,2,14,1,37]
Test: [118/200] eta 00:05:28 loss_cls 0.0372 acc 0.7718 f1 0.7512 conf_mat [379,26,15,72,28,2,16,0,36]
Test: [119/200] eta 00:06:45 loss_cls 0.0365 acc 0.7509 f1 0.7497 conf_mat [353,53,14,55,45,2,17,2,33]
Test: [120/200] eta 00:05:20 loss_cls 0.0370 acc 0.7735 f1 0.7629 conf_mat [371,34,15,62,38,2,16,1,35]
Test: [121/200] eta 00:05:16 loss_cls 0.0350 acc 0.7718 f1 0.7621 conf_mat [370,36,14,61,39,2,17,1,34]
Test: [122/200] eta 00:05:12 loss_cls 0.0341 acc 0.7544 f1 0.7530 conf_mat [354,52,14,55,45,2,16,2,34]
Test: [123/200] eta 00:05:08 loss_cls 0.0348 acc 0.7718 f1 0.7673 conf_mat [362,43,15,56,44,2,14,1,37]
Test: [124/200] eta 00:05:04 loss_cls 0.0345 acc 0.7753 f1 0.7675 conf_mat [367,36,17,59,41,2,14,1,37]
Test: [125/200] eta 00:05:00 loss_cls 0.0340 acc 0.7578 f1 0.7565 conf_mat [354,52,14,55,45,2,15,1,36]
Test: [126/200] eta 00:04:56 loss_cls 0.0335 acc 0.7648 f1 0.7518 conf_mat [371,35,14,66,34,2,17,1,34]
Test: [127/200] eta 00:06:05 loss_cls 0.0337 acc 0.7631 f1 0.7573 conf_mat [361,43,16,59,41,2,15,1,36]
Test: [128/200] eta 00:04:48 loss_cls 0.0347 acc 0.7578 f1 0.7543 conf_mat [357,49,14,58,42,2,15,1,36]
Test: [129/200] eta 00:05:55 loss_cls 0.0333 acc 0.7491 f1 0.7525 conf_mat [343,61,16,51,49,2,13,1,38]
Test: [130/200] eta 00:04:40 loss_cls 0.0311 acc 0.7648 f1 0.7514 conf_mat [371,35,14,67,33,2,16,1,35]
Test: [131/200] eta 00:04:36 loss_cls 0.0319 acc 0.7718 f1 0.7589 conf_mat [373,33,14,65,35,2,16,1,35]
Test: [132/200] eta 00:05:40 loss_cls 0.0293 acc 0.7578 f1 0.7594 conf_mat [349,56,15,51,49,2,14,1,37]
Test: [133/200] eta 00:04:28 loss_cls 0.0296 acc 0.7735 f1 0.7644 conf_mat [369,37,14,61,39,2,15,1,36]
Test: [134/200] eta 00:05:30 loss_cls 0.0289 acc 0.7683 f1 0.7620 conf_mat [363,41,16,59,41,2,14,1,37]
Test: [135/200] eta 00:04:20 loss_cls 0.0303 acc 0.7718 f1 0.7612 conf_mat [371,35,14,62,38,2,17,1,34]
Test: [136/200] eta 00:05:20 loss_cls 0.0285 acc 0.7561 f1 0.7551 conf_mat [354,52,14,54,46,2,16,2,34]
Test: [137/200] eta 00:05:15 loss_cls 0.0283 acc 0.7666 f1 0.7631 conf_mat [359,46,15,56,44,2,14,1,37]
Test: [138/200] eta 00:04:08 loss_cls 0.0289 acc 0.7718 f1 0.7534 conf_mat [378,27,15,70,30,2,16,1,35]
Test: [139/200] eta 00:05:05 loss_cls 0.0309 acc 0.7544 f1 0.7557 conf_mat [348,56,16,52,48,2,14,1,37]
Test: [140/200] eta 00:04:00 loss_cls 0.0285 acc 0.7526 f1 0.7557 conf_mat [345,59,16,51,49,2,12,2,38]
Test: [141/200] eta 00:03:56 loss_cls 0.0290 acc 0.7735 f1 0.7421 conf_mat [392,19,9,78,22,2,22,0,30]
Test: [142/200] eta 00:03:52 loss_cls 0.0282 acc 0.7631 f1 0.7621 conf_mat [353,50,17,54,46,2,12,1,39]
Test: [143/200] eta 00:03:48 loss_cls 0.0280 acc 0.7666 f1 0.7623 conf_mat [360,45,15,57,43,2,14,1,37]
Test: [144/200] eta 00:04:40 loss_cls 0.0265 acc 0.7735 f1 0.7631 conf_mat [371,35,14,62,38,2,16,1,35]
Test: [145/200] eta 00:04:35 loss_cls 0.0265 acc 0.7718 f1 0.7651 conf_mat [366,40,14,58,42,2,16,1,35]
Test: [146/200] eta 00:04:30 loss_cls 0.0259 acc 0.7753 f1 0.7662 conf_mat [370,36,14,60,40,2,16,1,35]
Test: [147/200] eta 00:04:25 loss_cls 0.0257 acc 0.7735 f1 0.7640 conf_mat [370,36,14,61,39,2,16,1,35]
Test: [148/200] eta 00:03:28 loss_cls 0.0256 acc 0.7753 f1 0.7678 conf_mat [367,38,15,59,41,2,14,1,37]
Test: [149/200] eta 00:04:15 loss_cls 0.0255 acc 0.7700 f1 0.7633 conf_mat [365,41,14,59,41,2,15,1,36]
Test: [150/200] eta 00:03:20 loss_cls 0.0262 acc 0.7648 f1 0.7609 conf_mat [359,46,15,57,43,2,14,1,37]
Test: [151/200] eta 00:04:05 loss_cls 0.0252 acc 0.7753 f1 0.7658 conf_mat [370,36,14,61,39,2,15,1,36]
Test: [152/200] eta 00:04:00 loss_cls 0.0247 acc 0.7718 f1 0.7650 conf_mat [365,40,15,59,41,2,14,1,37]
Test: [153/200] eta 00:03:55 loss_cls 0.0263 acc 0.7648 f1 0.7624 conf_mat [357,48,15,55,45,2,14,1,37]
Test: [154/200] eta 00:03:50 loss_cls 0.0252 acc 0.7561 f1 0.7560 conf_mat [351,54,15,54,46,2,14,1,37]
Test: [155/200] eta 00:03:00 loss_cls 0.0246 acc 0.7753 f1 0.7675 conf_mat [368,38,14,59,41,2,15,1,36]
Test: [156/200] eta 00:03:40 loss_cls 0.0253 acc 0.7753 f1 0.7649 conf_mat [371,35,14,62,38,2,15,1,36]
Test: [157/200] eta 00:03:35 loss_cls 0.0245 acc 0.7735 f1 0.7672 conf_mat [365,40,15,58,42,2,14,1,37]
Test: [158/200] eta 00:02:48 loss_cls 0.0243 acc 0.7753 f1 0.7670 conf_mat [368,37,15,60,40,2,14,1,37]
Test: [159/200] eta 00:02:44 loss_cls 0.0241 acc 0.7683 f1 0.7622 conf_mat [363,42,15,59,41,2,14,1,37]
Test: [160/200] eta 00:02:40 loss_cls 0.0244 acc 0.7596 f1 0.7586 conf_mat [353,51,16,54,46,2,14,1,37]
Test: [161/200] eta 00:03:15 loss_cls 0.0243 acc 0.7753 f1 0.7678 conf_mat [367,38,15,59,41,2,14,1,37]
Test: [162/200] eta 00:02:32 loss_cls 0.0241 acc 0.7770 f1 0.7650 conf_mat [374,32,14,63,37,2,16,1,35]
Test: [163/200] eta 00:03:05 loss_cls 0.0246 acc 0.7770 f1 0.7681 conf_mat [370,36,14,60,40,2,15,1,36]
Test: [164/200] eta 00:03:00 loss_cls 0.0238 acc 0.7666 f1 0.7647 conf_mat [356,48,16,54,46,2,13,1,38]
Test: [165/200] eta 00:02:55 loss_cls 0.0242 acc 0.7735 f1 0.7672 conf_mat [365,40,15,58,42,2,14,1,37]
Test: [166/200] eta 00:02:50 loss_cls 0.0238 acc 0.7753 f1 0.7645 conf_mat [372,34,14,62,38,2,16,1,35]
Test: [167/200] eta 00:02:12 loss_cls 0.0234 acc 0.7770 f1 0.7681 conf_mat [370,36,14,60,40,2,15,1,36]
Test: [168/200] eta 00:02:08 loss_cls 0.0236 acc 0.7648 f1 0.7609 conf_mat [359,46,15,57,43,2,14,1,37]
Test: [169/200] eta 00:02:35 loss_cls 0.0232 acc 0.7648 f1 0.7624 conf_mat [357,48,15,55,45,2,14,1,37]
Test: [170/200] eta 00:02:30 loss_cls 0.0234 acc 0.7770 f1 0.7700 conf_mat [367,38,15,58,42,2,14,1,37]
Test: [171/200] eta 00:02:25 loss_cls 0.0234 acc 0.7753 f1 0.7667 conf_mat [369,37,14,60,40,2,15,1,36]
Test: [172/200] eta 00:02:20 loss_cls 0.0248 acc 0.7770 f1 0.7672 conf_mat [371,35,14,61,39,2,15,1,36]
Test: [173/200] eta 00:02:15 loss_cls 0.0235 acc 0.7753 f1 0.7686 conf_mat [366,39,15,58,42,2,14,1,37]
Test: [174/200] eta 00:02:10 loss_cls 0.0231 acc 0.7753 f1 0.7686 conf_mat [366,39,15,58,42,2,14,1,37]
Test: [175/200] eta 00:01:40 loss_cls 0.0233 acc 0.7753 f1 0.7678 conf_mat [367,38,15,59,41,2,14,1,37]
Test: [176/200] eta 00:02:00 loss_cls 0.0230 acc 0.7770 f1 0.7692 conf_mat [368,37,15,59,41,2,14,1,37]
Test: [177/200] eta 00:01:32 loss_cls 0.0233 acc 0.7718 f1 0.7650 conf_mat [365,40,15,59,41,2,14,1,37]
Test: [178/200] eta 00:01:50 loss_cls 0.0231 acc 0.7648 f1 0.7617 conf_mat [358,47,15,56,44,2,14,1,37]
Test: [179/200] eta 00:01:45 loss_cls 0.0230 acc 0.7700 f1 0.7659 conf_mat [361,44,15,56,44,2,14,1,37]
Test: [180/200] eta 00:01:20 loss_cls 0.0228 acc 0.7700 f1 0.7644 conf_mat [363,42,15,58,42,2,14,1,37]
Test: [181/200] eta 00:01:16 loss_cls 0.0233 acc 0.7700 f1 0.7644 conf_mat [363,42,15,58,42,2,14,1,37]
Test: [182/200] eta 00:01:12 loss_cls 0.0233 acc 0.7718 f1 0.7658 conf_mat [364,41,15,58,42,2,14,1,37]
Test: [183/200] eta 00:01:25 loss_cls 0.0226 acc 0.7753 f1 0.7678 conf_mat [367,38,15,59,41,2,14,1,37]
Test: [184/200] eta 00:01:20 loss_cls 0.0229 acc 0.7753 f1 0.7678 conf_mat [367,38,15,59,41,2,14,1,37]
Test: [185/200] eta 00:01:15 loss_cls 0.0230 acc 0.7753 f1 0.7678 conf_mat [367,38,15,59,41,2,14,1,37]
Test: [186/200] eta 00:00:56 loss_cls 0.0226 acc 0.7753 f1 0.7678 conf_mat [367,38,15,59,41,2,14,1,37]
Test: [187/200] eta 00:00:52 loss_cls 0.0228 acc 0.7753 f1 0.7678 conf_mat [367,38,15,59,41,2,14,1,37]
Test: [188/200] eta 00:01:00 loss_cls 0.0230 acc 0.7753 f1 0.7678 conf_mat [367,38,15,59,41,2,14,1,37]
Test: [189/200] eta 00:00:55 loss_cls 0.0230 acc 0.7770 f1 0.7692 conf_mat [368,37,15,59,41,2,14,1,37]
Test: [190/200] eta 00:00:50 loss_cls 0.0224 acc 0.7770 f1 0.7692 conf_mat [368,37,15,59,41,2,14,1,37]
Test: [191/200] eta 00:00:45 loss_cls 0.0236 acc 0.7735 f1 0.7672 conf_mat [365,40,15,58,42,2,14,1,37]
Test: [192/200] eta 00:00:32 loss_cls 0.0230 acc 0.7735 f1 0.7672 conf_mat [365,40,15,58,42,2,14,1,37]
Test: [193/200] eta 00:00:28 loss_cls 0.0234 acc 0.7735 f1 0.7672 conf_mat [365,40,15,58,42,2,14,1,37]
Test: [194/200] eta 00:00:30 loss_cls 0.0226 acc 0.7735 f1 0.7672 conf_mat [365,40,15,58,42,2,14,1,37]
Test: [195/200] eta 00:00:20 loss_cls 0.0226 acc 0.7735 f1 0.7672 conf_mat [365,40,15,58,42,2,14,1,37]
Test: [196/200] eta 00:00:20 loss_cls 0.0229 acc 0.7735 f1 0.7672 conf_mat [365,40,15,58,42,2,14,1,37]
Test: [197/200] eta 00:00:15 loss_cls 0.0225 acc 0.7735 f1 0.7672 conf_mat [365,40,15,58,42,2,14,1,37]
Test: [198/200] eta 00:00:08 loss_cls 0.0234 acc 0.7735 f1 0.7672 conf_mat [365,40,15,58,42,2,14,1,37]
Test: [199/200] eta 00:00:05 loss_cls 0.0229 acc 0.7735 f1 0.7672 conf_mat [365,40,15,58,42,2,14,1,37]
Test: [200/200] eta 00:00:00 loss_cls 0.0228 acc 0.7735 f1 0.7672 conf_mat [365,40,15,58,42,2,14,1,37]
