model = dict(
    type='Classifier',
    backbone=dict(
        type='MyResNetV1d',
        depth=50,
        num_stages=4,
        out_indices=(0, 1, 2, 3),
        frozen_stages=1,
        norm_cfg=dict(type='BN', requires_grad=True),
        norm_eval=True,
        style='pytorch',
        init_cfg=dict(
            type='ft',
            checkpoint=
            '../work_dirs/multiembedding_fusarship_pretrain/res50_0020.pth')),
    classifier=dict(dim_in=2048, dim_mid=1024, dim_out=3))
optimizer = dict(type='SGD', lr=0.001, momentum=0.9, weight_decay=0.0001)
runner = dict(epoch=200)
data = dict(
    type='FUSARShip',
    root='../data/fusarship',
    n_class=3,
    percentage=70,
    image_size=64,
    normalize=dict(
        mean=[0.05684700353123015, 0.05684700353123015, 0.05684700353123015],
        std=[0.11367373919156237, 0.11367373919156237, 0.11367373919156237]),
    workers=2,
    batch_size=dict(pretrain=1024, train=512, val=2048))
checkpoints = dict(
    folders=[
        '../work_dirs/untrained',
        '../work_dirs/multiembedding_fusarship_pretrain'
    ],
    index=['res50_0020.pth'])
test_mode = 'ft'
work_dir = '../work_dirs/classifier_fusarship_single_ft'
log_file = '../work_dirs/classifier_fusarship_single_ft/20221010_191509.log'
Test: [  1/200] eta 00:13:16 loss_cls 1.0062 acc 0.7317 f1 nan conf_mat [420,0,0,102,0,0,52,0,0]
Test: [  2/200] eta 00:13:12 loss_cls 0.7623 acc 0.7317 f1 nan conf_mat [420,0,0,102,0,0,52,0,0]
Test: [  3/200] eta 00:13:08 loss_cls 0.6341 acc 0.7317 f1 nan conf_mat [420,0,0,102,0,0,52,0,0]
Test: [  4/200] eta 00:13:04 loss_cls 0.5669 acc 0.7317 f1 nan conf_mat [420,0,0,102,0,0,52,0,0]
Test: [  5/200] eta 00:13:00 loss_cls 0.5349 acc 0.7317 f1 nan conf_mat [420,0,0,102,0,0,52,0,0]
Test: [  6/200] eta 00:12:56 loss_cls 0.5077 acc 0.7317 f1 nan conf_mat [420,0,0,102,0,0,52,0,0]
Test: [  7/200] eta 00:12:52 loss_cls 0.4727 acc 0.7317 f1 nan conf_mat [420,0,0,102,0,0,52,0,0]
Test: [  8/200] eta 00:12:48 loss_cls 0.4585 acc 0.7317 f1 nan conf_mat [420,0,0,102,0,0,52,0,0]
Test: [  9/200] eta 00:12:44 loss_cls 0.4294 acc 0.7317 f1 nan conf_mat [420,0,0,102,0,0,52,0,0]
Test: [ 10/200] eta 00:12:40 loss_cls 0.4105 acc 0.7300 f1 nan conf_mat [419,1,0,102,0,0,52,0,0]
Test: [ 11/200] eta 00:12:36 loss_cls 0.3897 acc 0.7334 f1 nan conf_mat [420,0,0,101,1,0,52,0,0]
Test: [ 12/200] eta 00:12:32 loss_cls 0.3775 acc 0.7317 f1 nan conf_mat [420,0,0,102,0,0,52,0,0]
Test: [ 13/200] eta 00:12:28 loss_cls 0.3569 acc 0.7334 f1 nan conf_mat [420,0,0,101,1,0,52,0,0]
Test: [ 14/200] eta 00:12:24 loss_cls 0.3366 acc 0.7544 f1 nan conf_mat [416,0,4,100,0,2,35,0,17]
Test: [ 15/200] eta 00:12:20 loss_cls 0.3249 acc 0.7544 f1 0.6895 conf_mat [407,6,7,94,7,1,33,0,19]
Test: [ 16/200] eta 00:12:16 loss_cls 0.3157 acc 0.6899 f1 nan conf_mat [341,79,0,47,55,0,45,7,0]
Test: [ 17/200] eta 00:12:12 loss_cls 0.3074 acc 0.7073 f1 0.7005 conf_mat [343,72,5,49,52,1,37,4,11]
Test: [ 18/200] eta 00:15:10 loss_cls 0.3044 acc 0.7317 f1 nan conf_mat [419,1,0,101,1,0,52,0,0]
Test: [ 19/200] eta 00:12:04 loss_cls 0.2840 acc 0.7578 f1 nan conf_mat [418,0,2,101,0,1,35,0,17]
Test: [ 20/200] eta 00:12:00 loss_cls 0.2618 acc 0.7596 f1 0.6839 conf_mat [412,3,5,99,2,1,30,0,22]
Test: [ 21/200] eta 00:11:56 loss_cls 0.2756 acc 0.7247 f1 nan conf_mat [409,11,0,95,7,0,51,1,0]
Test: [ 22/200] eta 00:11:52 loss_cls 0.3067 acc 0.7404 f1 nan conf_mat [420,0,0,101,0,1,47,0,5]
Test: [ 23/200] eta 00:11:48 loss_cls 0.2641 acc 0.4704 f1 0.5144 conf_mat [179,234,7,27,74,1,6,29,17]
Test: [ 24/200] eta 00:11:44 loss_cls 0.3072 acc 0.7334 f1 nan conf_mat [420,0,0,101,1,0,52,0,0]
Test: [ 25/200] eta 00:11:40 loss_cls 0.3148 acc 0.7491 f1 0.6889 conf_mat [406,13,1,88,13,1,41,0,11]
Test: [ 26/200] eta 00:11:36 loss_cls 0.2766 acc 0.7456 f1 nan conf_mat [416,0,4,100,0,2,40,0,12]
Test: [ 27/200] eta 00:11:32 loss_cls 0.2552 acc 0.7317 f1 nan conf_mat [420,0,0,102,0,0,52,0,0]
Test: [ 28/200] eta 00:11:28 loss_cls 0.2412 acc 0.7317 f1 nan conf_mat [420,0,0,102,0,0,52,0,0]
Test: [ 29/200] eta 00:11:24 loss_cls 0.2806 acc 0.7387 f1 nan conf_mat [420,0,0,101,0,1,48,0,4]
Test: [ 30/200] eta 00:11:20 loss_cls 0.2423 acc 0.7300 f1 nan conf_mat [414,6,0,97,5,0,52,0,0]
Test: [ 31/200] eta 00:14:05 loss_cls 0.2884 acc 0.7334 f1 nan conf_mat [420,0,0,101,1,0,52,0,0]
Test: [ 32/200] eta 00:14:00 loss_cls 0.2590 acc 0.7369 f1 nan conf_mat [419,1,0,98,4,0,52,0,0]
Test: [ 33/200] eta 00:11:08 loss_cls 0.2462 acc 0.7317 f1 nan conf_mat [420,0,0,102,0,0,52,0,0]
Test: [ 34/200] eta 00:11:04 loss_cls 0.2183 acc 0.7334 f1 nan conf_mat [420,0,0,101,1,0,52,0,0]
Test: [ 35/200] eta 00:11:00 loss_cls 0.1804 acc 0.7596 f1 nan conf_mat [414,0,6,100,0,2,30,0,22]
Test: [ 36/200] eta 00:10:56 loss_cls 0.1854 acc 0.7300 f1 0.7193 conf_mat [358,50,12,73,27,2,15,3,34]
Test: [ 37/200] eta 00:10:52 loss_cls 0.1864 acc 0.5993 f1 nan conf_mat [284,136,0,42,60,0,24,28,0]
Test: [ 38/200] eta 00:10:48 loss_cls 0.1598 acc 0.6132 f1 0.6400 conf_mat [279,137,4,41,61,0,14,26,12]
Test: [ 39/200] eta 00:10:44 loss_cls 0.1467 acc 0.7300 f1 nan conf_mat [418,2,0,101,1,0,52,0,0]
Test: [ 40/200] eta 00:10:40 loss_cls 0.1636 acc 0.7317 f1 nan conf_mat [420,0,0,102,0,0,52,0,0]
Test: [ 41/200] eta 00:10:36 loss_cls 0.1440 acc 0.7317 f1 nan conf_mat [420,0,0,102,0,0,52,0,0]
Test: [ 42/200] eta 00:10:32 loss_cls 0.1141 acc 0.7317 f1 nan conf_mat [420,0,0,102,0,0,52,0,0]
Test: [ 43/200] eta 00:10:28 loss_cls 0.1054 acc 0.7247 f1 nan conf_mat [415,5,0,101,1,0,52,0,0]
Test: [ 44/200] eta 00:10:24 loss_cls 0.1027 acc 0.6864 f1 0.6756 conf_mat [343,77,0,59,42,1,39,4,9]
Test: [ 45/200] eta 00:10:20 loss_cls 0.1178 acc 0.7230 f1 nan conf_mat [411,9,0,98,4,0,52,0,0]
Test: [ 46/200] eta 00:10:16 loss_cls 0.1007 acc 0.7317 f1 nan conf_mat [420,0,0,102,0,0,52,0,0]
Test: [ 47/200] eta 00:10:12 loss_cls 0.0740 acc 0.7509 f1 nan conf_mat [419,0,1,101,0,1,40,0,12]
Test: [ 48/200] eta 00:10:08 loss_cls 0.0603 acc 0.7491 f1 0.6585 conf_mat [418,0,2,100,1,1,41,0,11]
Test: [ 49/200] eta 00:10:04 loss_cls 0.0605 acc 0.6777 f1 0.6766 conf_mat [322,55,43,70,27,5,10,2,40]
Test: [ 50/200] eta 00:10:00 loss_cls 0.0863 acc 0.5714 f1 0.6044 conf_mat [224,161,35,28,70,4,7,11,34]
Test: [ 51/200] eta 00:09:56 loss_cls 0.0932 acc 0.5209 f1 0.5580 conf_mat [203,215,2,19,82,1,15,23,14]
Test: [ 52/200] eta 00:09:52 loss_cls 0.0734 acc 0.5976 f1 nan conf_mat [298,122,0,57,45,0,23,29,0]
Test: [ 53/200] eta 00:09:48 loss_cls 0.0775 acc 0.7578 f1 0.6794 conf_mat [414,4,2,100,1,1,31,1,20]
Test: [ 54/200] eta 00:09:44 loss_cls 0.0622 acc 0.7666 f1 nan conf_mat [414,1,5,99,0,3,26,0,26]
Test: [ 55/200] eta 00:09:40 loss_cls 0.0465 acc 0.7718 f1 nan conf_mat [414,1,5,101,0,1,23,0,29]
Test: [ 56/200] eta 00:09:36 loss_cls 0.0455 acc 0.7317 f1 nan conf_mat [420,0,0,102,0,0,52,0,0]
Test: [ 57/200] eta 00:09:32 loss_cls 0.0255 acc 0.7456 f1 0.6603 conf_mat [416,4,0,96,5,1,45,0,7]
Test: [ 58/200] eta 00:09:28 loss_cls 0.0251 acc 0.7544 f1 0.6710 conf_mat [417,3,0,99,2,1,38,0,14]
Test: [ 59/200] eta 00:09:24 loss_cls 0.0245 acc 0.5610 f1 0.5553 conf_mat [273,3,144,75,2,25,5,0,47]
Test: [ 60/200] eta 00:09:20 loss_cls 0.0408 acc 0.6341 f1 0.6617 conf_mat [270,136,14,40,61,1,15,4,33]
Test: [ 61/200] eta 00:09:16 loss_cls 0.0383 acc 0.7056 f1 0.7040 conf_mat [346,70,4,70,31,1,21,3,28]
Test: [ 62/200] eta 00:11:30 loss_cls 0.0265 acc 0.7648 f1 0.6998 conf_mat [408,8,4,97,4,1,24,1,27]
Test: [ 63/200] eta 00:09:08 loss_cls 0.0203 acc 0.7439 f1 0.6615 conf_mat [414,6,0,96,5,1,44,0,8]
Test: [ 64/200] eta 00:09:04 loss_cls 0.0145 acc 0.7474 f1 0.6909 conf_mat [403,16,1,91,10,1,34,2,16]
Test: [ 65/200] eta 00:09:00 loss_cls 0.0120 acc 0.7387 f1 0.6985 conf_mat [389,27,4,87,14,1,29,2,21]
Test: [ 66/200] eta 00:08:56 loss_cls 0.0098 acc 0.7317 f1 0.6863 conf_mat [392,28,0,87,14,1,34,4,14]
Test: [ 67/200] eta 00:08:52 loss_cls 0.0079 acc 0.7213 f1 0.7115 conf_mat [354,52,14,74,27,1,16,3,33]
Test: [ 68/200] eta 00:08:48 loss_cls 0.0065 acc 0.7369 f1 0.7228 conf_mat [363,45,12,75,26,1,16,2,34]
Test: [ 69/200] eta 00:08:44 loss_cls 0.0054 acc 0.7352 f1 0.7326 conf_mat [354,60,6,65,36,1,17,3,32]
Test: [ 70/200] eta 00:08:40 loss_cls 0.0047 acc 0.7195 f1 0.7238 conf_mat [341,71,8,59,42,1,17,5,30]
Test: [ 71/200] eta 00:08:36 loss_cls 0.0042 acc 0.7352 f1 0.7185 conf_mat [366,44,10,78,23,1,16,3,33]
Test: [ 72/200] eta 00:08:32 loss_cls 0.0039 acc 0.7404 f1 0.7127 conf_mat [375,33,12,84,17,1,17,2,33]
Test: [ 73/200] eta 00:08:28 loss_cls 0.0036 acc 0.7247 f1 0.7097 conf_mat [359,45,16,77,24,1,17,2,33]
Test: [ 74/200] eta 00:08:24 loss_cls 0.0033 acc 0.7247 f1 0.7226 conf_mat [347,59,14,65,36,1,16,3,33]
Test: [ 75/200] eta 00:08:20 loss_cls 0.0030 acc 0.7317 f1 0.7172 conf_mat [363,47,10,76,25,1,18,2,32]
Test: [ 76/200] eta 00:08:16 loss_cls 0.0028 acc 0.7300 f1 0.7132 conf_mat [364,45,11,78,23,1,18,2,32]
Test: [ 77/200] eta 00:10:15 loss_cls 0.0027 acc 0.7334 f1 0.7226 conf_mat [360,49,11,72,29,1,18,2,32]
Test: [ 78/200] eta 00:08:08 loss_cls 0.0026 acc 0.7265 f1 0.7281 conf_mat [343,64,13,60,41,1,16,3,33]
Test: [ 79/200] eta 00:08:04 loss_cls 0.0024 acc 0.7247 f1 0.7229 conf_mat [347,60,13,65,36,1,16,3,33]
Test: [ 80/200] eta 00:08:00 loss_cls 0.0022 acc 0.7265 f1 0.7185 conf_mat [354,52,14,71,30,1,16,3,33]
Test: [ 81/200] eta 00:09:55 loss_cls 0.0022 acc 0.7125 f1 0.7087 conf_mat [345,60,15,70,31,1,16,3,33]
Test: [ 82/200] eta 00:07:52 loss_cls 0.0022 acc 0.7160 f1 0.7182 conf_mat [339,67,14,62,39,1,16,3,33]
Test: [ 83/200] eta 00:09:45 loss_cls 0.0022 acc 0.7230 f1 0.7202 conf_mat [348,60,12,67,34,1,16,3,33]
Test: [ 84/200] eta 00:07:44 loss_cls 0.0020 acc 0.7230 f1 0.7168 conf_mat [351,55,14,70,31,1,16,3,33]
Test: [ 85/200] eta 00:09:35 loss_cls 0.0019 acc 0.7230 f1 0.7152 conf_mat [352,53,15,71,30,1,17,2,33]
Test: [ 86/200] eta 00:07:36 loss_cls 0.0020 acc 0.7230 f1 0.7187 conf_mat [349,57,14,68,33,1,16,3,33]
Test: [ 87/200] eta 00:07:32 loss_cls 0.0019 acc 0.7247 f1 0.7209 conf_mat [350,58,12,67,34,1,17,3,32]
Test: [ 88/200] eta 00:07:28 loss_cls 0.0019 acc 0.7265 f1 0.7198 conf_mat [354,55,11,70,31,1,17,3,32]
Test: [ 89/200] eta 00:07:24 loss_cls 0.0018 acc 0.7230 f1 0.7156 conf_mat [353,54,13,71,30,1,17,3,32]
Test: [ 90/200] eta 00:07:20 loss_cls 0.0018 acc 0.7195 f1 0.7178 conf_mat [345,61,14,66,35,1,16,3,33]
Test: [ 91/200] eta 00:07:16 loss_cls 0.0018 acc 0.7160 f1 0.7179 conf_mat [339,66,15,62,39,1,16,3,33]
Test: [ 92/200] eta 00:07:12 loss_cls 0.0018 acc 0.7247 f1 0.7200 conf_mat [350,56,14,68,33,1,16,3,33]
Test: [ 93/200] eta 00:07:08 loss_cls 0.0017 acc 0.7230 f1 0.7135 conf_mat [355,53,12,73,28,1,18,2,32]
Test: [ 94/200] eta 00:07:04 loss_cls 0.0019 acc 0.7247 f1 0.7147 conf_mat [356,52,12,73,28,1,18,2,32]
Test: [ 95/200] eta 00:07:00 loss_cls 0.0017 acc 0.7213 f1 0.7155 conf_mat [350,56,14,70,31,1,16,3,33]
Test: [ 96/200] eta 00:06:56 loss_cls 0.0016 acc 0.7091 f1 0.7133 conf_mat [333,70,17,60,41,1,16,3,33]
Test: [ 97/200] eta 00:06:52 loss_cls 0.0016 acc 0.7073 f1 0.7126 conf_mat [331,71,18,58,42,2,16,3,33]
Test: [ 98/200] eta 00:06:48 loss_cls 0.0016 acc 0.7195 f1 0.7201 conf_mat [342,64,14,63,38,1,16,3,33]
Test: [ 99/200] eta 00:08:25 loss_cls 0.0016 acc 0.7247 f1 0.7172 conf_mat [353,53,14,71,30,1,16,3,33]
Test: [100/200] eta 00:06:40 loss_cls 0.0016 acc 0.7213 f1 0.7086 conf_mat [356,49,15,76,25,1,17,2,33]
Test: [101/200] eta 00:08:15 loss_cls 0.0016 acc 0.7195 f1 0.7117 conf_mat [351,53,16,72,29,1,16,3,33]
Test: [102/200] eta 00:06:32 loss_cls 0.0015 acc 0.7125 f1 0.7121 conf_mat [341,64,15,66,35,1,16,3,33]
Test: [103/200] eta 00:06:28 loss_cls 0.0015 acc 0.7160 f1 0.7189 conf_mat [338,68,14,61,40,1,16,3,33]
Test: [104/200] eta 00:06:24 loss_cls 0.0015 acc 0.7178 f1 0.7216 conf_mat [338,70,12,60,41,1,16,3,33]
Test: [105/200] eta 00:06:20 loss_cls 0.0015 acc 0.7195 f1 0.7189 conf_mat [344,63,13,65,36,1,16,3,33]
Test: [106/200] eta 00:06:16 loss_cls 0.0015 acc 0.7247 f1 0.7191 conf_mat [351,55,14,69,32,1,16,3,33]
Test: [107/200] eta 00:07:45 loss_cls 0.0015 acc 0.7213 f1 0.7165 conf_mat [349,57,14,69,32,1,16,3,33]
Test: [108/200] eta 00:06:08 loss_cls 0.0014 acc 0.7160 f1 0.7145 conf_mat [343,61,16,66,35,1,16,3,33]
Test: [109/200] eta 00:06:04 loss_cls 0.0014 acc 0.7143 f1 0.7132 conf_mat [342,62,16,66,35,1,16,3,33]
Test: [110/200] eta 00:06:00 loss_cls 0.0015 acc 0.7247 f1 0.7200 conf_mat [350,56,14,68,33,1,16,3,33]
Test: [111/200] eta 00:07:25 loss_cls 0.0014 acc 0.7213 f1 0.7191 conf_mat [346,60,14,66,35,1,16,3,33]
Test: [112/200] eta 00:05:52 loss_cls 0.0014 acc 0.7160 f1 0.7154 conf_mat [343,64,13,66,35,1,16,3,33]
Test: [113/200] eta 00:05:48 loss_cls 0.0013 acc 0.7125 f1 0.7124 conf_mat [341,65,14,66,35,1,16,3,33]
Test: [114/200] eta 00:05:44 loss_cls 0.0013 acc 0.7125 f1 0.7129 conf_mat [340,65,15,65,36,1,16,3,33]
Test: [115/200] eta 00:05:40 loss_cls 0.0014 acc 0.7125 f1 0.7129 conf_mat [340,65,15,65,36,1,16,3,33]
Test: [116/200] eta 00:07:00 loss_cls 0.0013 acc 0.7178 f1 0.7159 conf_mat [344,60,16,66,35,1,16,3,33]
Test: [117/200] eta 00:05:32 loss_cls 0.0013 acc 0.7178 f1 0.7159 conf_mat [344,60,16,66,35,1,16,3,33]
Test: [118/200] eta 00:05:28 loss_cls 0.0013 acc 0.7230 f1 0.7204 conf_mat [347,59,14,66,35,1,16,3,33]
Test: [119/200] eta 00:06:45 loss_cls 0.0013 acc 0.7178 f1 0.7164 conf_mat [344,62,14,66,35,1,16,3,33]
Test: [120/200] eta 00:05:20 loss_cls 0.0013 acc 0.7125 f1 0.7124 conf_mat [341,65,14,66,35,1,16,3,33]
Test: [121/200] eta 00:06:35 loss_cls 0.0014 acc 0.7108 f1 0.7108 conf_mat [340,65,15,66,35,1,16,3,33]
Test: [122/200] eta 00:05:12 loss_cls 0.0013 acc 0.7108 f1 0.7108 conf_mat [340,65,15,66,35,1,16,3,33]
Test: [123/200] eta 00:06:25 loss_cls 0.0013 acc 0.7195 f1 0.7178 conf_mat [345,61,14,66,35,1,16,3,33]
Test: [124/200] eta 00:05:04 loss_cls 0.0013 acc 0.7195 f1 0.7178 conf_mat [345,61,14,66,35,1,16,3,33]
Test: [125/200] eta 00:05:00 loss_cls 0.0013 acc 0.7230 f1 0.7204 conf_mat [347,59,14,66,35,1,16,3,33]
Test: [126/200] eta 00:04:56 loss_cls 0.0012 acc 0.7247 f1 0.7218 conf_mat [348,58,14,66,35,1,16,3,33]
Test: [127/200] eta 00:04:52 loss_cls 0.0013 acc 0.7213 f1 0.7191 conf_mat [346,60,14,66,35,1,16,3,33]
Test: [128/200] eta 00:04:48 loss_cls 0.0012 acc 0.7160 f1 0.7151 conf_mat [343,63,14,66,35,1,16,3,33]
Test: [129/200] eta 00:04:44 loss_cls 0.0013 acc 0.7178 f1 0.7164 conf_mat [344,62,14,66,35,1,16,3,33]
Test: [130/200] eta 00:04:40 loss_cls 0.0012 acc 0.7125 f1 0.7129 conf_mat [340,65,15,65,36,1,16,3,33]
Test: [131/200] eta 00:04:36 loss_cls 0.0012 acc 0.7108 f1 0.7131 conf_mat [337,68,15,63,38,1,16,3,33]
Test: [132/200] eta 00:04:32 loss_cls 0.0012 acc 0.7125 f1 0.7137 conf_mat [339,66,15,64,37,1,16,3,33]
Test: [133/200] eta 00:04:28 loss_cls 0.0012 acc 0.7108 f1 0.7108 conf_mat [340,65,15,66,35,1,16,3,33]
Test: [134/200] eta 00:04:24 loss_cls 0.0012 acc 0.7160 f1 0.7148 conf_mat [343,62,15,66,35,1,16,3,33]
Test: [135/200] eta 00:04:20 loss_cls 0.0012 acc 0.7230 f1 0.7204 conf_mat [347,59,14,66,35,1,16,3,33]
Test: [136/200] eta 00:04:16 loss_cls 0.0013 acc 0.7230 f1 0.7187 conf_mat [349,57,14,68,33,1,16,3,33]
Test: [137/200] eta 00:05:15 loss_cls 0.0013 acc 0.7213 f1 0.7185 conf_mat [346,58,16,66,35,1,16,3,33]
Test: [138/200] eta 00:04:08 loss_cls 0.0013 acc 0.7125 f1 0.7121 conf_mat [341,64,15,66,35,1,16,3,33]
Test: [139/200] eta 00:04:04 loss_cls 0.0012 acc 0.7125 f1 0.7145 conf_mat [338,67,15,63,38,1,16,3,33]
Test: [140/200] eta 00:05:00 loss_cls 0.0012 acc 0.7125 f1 0.7145 conf_mat [338,67,15,63,38,1,16,3,33]
Test: [141/200] eta 00:04:55 loss_cls 0.0012 acc 0.7125 f1 0.7137 conf_mat [339,66,15,64,37,1,16,3,33]
Test: [142/200] eta 00:03:52 loss_cls 0.0012 acc 0.7178 f1 0.7164 conf_mat [344,62,14,66,35,1,16,3,33]
Test: [143/200] eta 00:03:48 loss_cls 0.0013 acc 0.7230 f1 0.7204 conf_mat [347,59,14,66,35,1,16,3,33]
Test: [144/200] eta 00:03:44 loss_cls 0.0012 acc 0.7247 f1 0.7218 conf_mat [348,58,14,66,35,1,16,3,33]
Test: [145/200] eta 00:03:40 loss_cls 0.0012 acc 0.7247 f1 0.7209 conf_mat [349,57,14,67,34,1,16,3,33]
Test: [146/200] eta 00:03:36 loss_cls 0.0011 acc 0.7230 f1 0.7204 conf_mat [347,59,14,66,35,1,16,3,33]
Test: [147/200] eta 00:03:32 loss_cls 0.0011 acc 0.7195 f1 0.7178 conf_mat [345,61,14,66,35,1,16,3,33]
Test: [148/200] eta 00:03:28 loss_cls 0.0012 acc 0.7143 f1 0.7138 conf_mat [342,64,14,66,35,1,16,3,33]
Test: [149/200] eta 00:03:24 loss_cls 0.0012 acc 0.7108 f1 0.7108 conf_mat [340,65,15,66,35,1,16,3,33]
Test: [150/200] eta 00:03:20 loss_cls 0.0012 acc 0.7108 f1 0.7108 conf_mat [340,65,15,66,35,1,16,3,33]
Test: [151/200] eta 00:03:16 loss_cls 0.0012 acc 0.7091 f1 0.7095 conf_mat [339,66,15,66,35,1,16,3,33]
Test: [152/200] eta 00:03:12 loss_cls 0.0012 acc 0.7091 f1 0.7095 conf_mat [339,66,15,66,35,1,16,3,33]
Test: [153/200] eta 00:03:08 loss_cls 0.0011 acc 0.7091 f1 0.7095 conf_mat [339,66,15,66,35,1,16,3,33]
Test: [154/200] eta 00:03:50 loss_cls 0.0012 acc 0.7108 f1 0.7108 conf_mat [340,65,15,66,35,1,16,3,33]
Test: [155/200] eta 00:03:00 loss_cls 0.0013 acc 0.7108 f1 0.7111 conf_mat [340,66,14,66,35,1,16,3,33]
Test: [156/200] eta 00:02:56 loss_cls 0.0013 acc 0.7091 f1 0.7095 conf_mat [339,66,15,66,35,1,16,3,33]
Test: [157/200] eta 00:02:52 loss_cls 0.0012 acc 0.7108 f1 0.7124 conf_mat [338,67,15,64,37,1,16,3,33]
Test: [158/200] eta 00:02:48 loss_cls 0.0012 acc 0.7125 f1 0.7145 conf_mat [338,67,15,63,38,1,16,3,33]
Test: [159/200] eta 00:02:44 loss_cls 0.0011 acc 0.7108 f1 0.7124 conf_mat [338,67,15,64,37,1,16,3,33]
Test: [160/200] eta 00:02:40 loss_cls 0.0012 acc 0.7108 f1 0.7124 conf_mat [338,67,15,64,37,1,16,3,33]
Test: [161/200] eta 00:02:36 loss_cls 0.0011 acc 0.7091 f1 0.7095 conf_mat [339,66,15,66,35,1,16,3,33]
Test: [162/200] eta 00:02:32 loss_cls 0.0011 acc 0.7091 f1 0.7095 conf_mat [339,66,15,66,35,1,16,3,33]
Test: [163/200] eta 00:02:28 loss_cls 0.0012 acc 0.7125 f1 0.7121 conf_mat [341,64,15,66,35,1,16,3,33]
Test: [164/200] eta 00:02:24 loss_cls 0.0011 acc 0.7125 f1 0.7124 conf_mat [341,65,14,66,35,1,16,3,33]
Test: [165/200] eta 00:02:20 loss_cls 0.0011 acc 0.7178 f1 0.7164 conf_mat [344,62,14,66,35,1,16,3,33]
Test: [166/200] eta 00:02:16 loss_cls 0.0011 acc 0.7125 f1 0.7124 conf_mat [341,65,14,66,35,1,16,3,33]
Test: [167/200] eta 00:02:12 loss_cls 0.0011 acc 0.7143 f1 0.7138 conf_mat [342,64,14,66,35,1,16,3,33]
Test: [168/200] eta 00:02:08 loss_cls 0.0011 acc 0.7108 f1 0.7111 conf_mat [340,66,14,66,35,1,16,3,33]
Test: [169/200] eta 00:02:04 loss_cls 0.0011 acc 0.7143 f1 0.7138 conf_mat [342,64,14,66,35,1,16,3,33]
Test: [170/200] eta 00:02:00 loss_cls 0.0011 acc 0.7091 f1 0.7095 conf_mat [339,66,15,66,35,1,16,3,33]
Test: [171/200] eta 00:01:56 loss_cls 0.0011 acc 0.7091 f1 0.7095 conf_mat [339,66,15,66,35,1,16,3,33]
Test: [172/200] eta 00:01:52 loss_cls 0.0011 acc 0.7091 f1 0.7095 conf_mat [339,66,15,66,35,1,16,3,33]
Test: [173/200] eta 00:01:48 loss_cls 0.0012 acc 0.7091 f1 0.7095 conf_mat [339,66,15,66,35,1,16,3,33]
Test: [174/200] eta 00:01:44 loss_cls 0.0011 acc 0.7091 f1 0.7095 conf_mat [339,66,15,66,35,1,16,3,33]
Test: [175/200] eta 00:01:40 loss_cls 0.0011 acc 0.7091 f1 0.7095 conf_mat [339,66,15,66,35,1,16,3,33]
Test: [176/200] eta 00:01:36 loss_cls 0.0011 acc 0.7091 f1 0.7095 conf_mat [339,66,15,66,35,1,16,3,33]
Test: [177/200] eta 00:01:32 loss_cls 0.0011 acc 0.7091 f1 0.7095 conf_mat [339,66,15,66,35,1,16,3,33]
Test: [178/200] eta 00:01:50 loss_cls 0.0011 acc 0.7091 f1 0.7095 conf_mat [339,66,15,66,35,1,16,3,33]
Test: [179/200] eta 00:01:24 loss_cls 0.0011 acc 0.7091 f1 0.7095 conf_mat [339,66,15,66,35,1,16,3,33]
Test: [180/200] eta 00:01:20 loss_cls 0.0011 acc 0.7091 f1 0.7095 conf_mat [339,66,15,66,35,1,16,3,33]
Test: [181/200] eta 00:01:16 loss_cls 0.0012 acc 0.7091 f1 0.7095 conf_mat [339,66,15,66,35,1,16,3,33]
Test: [182/200] eta 00:01:12 loss_cls 0.0011 acc 0.7091 f1 0.7095 conf_mat [339,66,15,66,35,1,16,3,33]
Test: [183/200] eta 00:01:08 loss_cls 0.0012 acc 0.7091 f1 0.7095 conf_mat [339,66,15,66,35,1,16,3,33]
Test: [184/200] eta 00:01:04 loss_cls 0.0011 acc 0.7091 f1 0.7095 conf_mat [339,66,15,66,35,1,16,3,33]
Test: [185/200] eta 00:01:00 loss_cls 0.0011 acc 0.7091 f1 0.7095 conf_mat [339,66,15,66,35,1,16,3,33]
Test: [186/200] eta 00:00:56 loss_cls 0.0012 acc 0.7091 f1 0.7095 conf_mat [339,66,15,66,35,1,16,3,33]
Test: [187/200] eta 00:00:52 loss_cls 0.0012 acc 0.7160 f1 0.7151 conf_mat [343,63,14,66,35,1,16,3,33]
Test: [188/200] eta 00:00:48 loss_cls 0.0011 acc 0.7108 f1 0.7108 conf_mat [340,65,15,66,35,1,16,3,33]
Test: [189/200] eta 00:00:44 loss_cls 0.0011 acc 0.7091 f1 0.7095 conf_mat [339,66,15,66,35,1,16,3,33]
Test: [190/200] eta 00:00:40 loss_cls 0.0012 acc 0.7091 f1 0.7095 conf_mat [339,66,15,66,35,1,16,3,33]
Test: [191/200] eta 00:00:36 loss_cls 0.0011 acc 0.7091 f1 0.7095 conf_mat [339,66,15,66,35,1,16,3,33]
Test: [192/200] eta 00:00:32 loss_cls 0.0011 acc 0.7091 f1 0.7095 conf_mat [339,66,15,66,35,1,16,3,33]
Test: [193/200] eta 00:00:28 loss_cls 0.0011 acc 0.7091 f1 0.7095 conf_mat [339,66,15,66,35,1,16,3,33]
Test: [194/200] eta 00:00:24 loss_cls 0.0012 acc 0.7091 f1 0.7095 conf_mat [339,66,15,66,35,1,16,3,33]
Test: [195/200] eta 00:00:20 loss_cls 0.0011 acc 0.7091 f1 0.7095 conf_mat [339,66,15,66,35,1,16,3,33]
Test: [196/200] eta 00:00:16 loss_cls 0.0011 acc 0.7091 f1 0.7095 conf_mat [339,66,15,66,35,1,16,3,33]
Test: [197/200] eta 00:00:12 loss_cls 0.0011 acc 0.7091 f1 0.7095 conf_mat [339,66,15,66,35,1,16,3,33]
Test: [198/200] eta 00:00:08 loss_cls 0.0011 acc 0.7091 f1 0.7095 conf_mat [339,66,15,66,35,1,16,3,33]
Test: [199/200] eta 00:00:04 loss_cls 0.0011 acc 0.7091 f1 0.7095 conf_mat [339,66,15,66,35,1,16,3,33]
Test: [200/200] eta 00:00:00 loss_cls 0.0011 acc 0.7125 f1 0.7121 conf_mat [341,64,15,66,35,1,16,3,33]
