model = dict(
    type='Classifier',
    backbone=dict(
        type='MyResNetV1d',
        depth=34,
        num_stages=4,
        out_indices=(0, 1, 2, 3),
        frozen_stages=1,
        norm_cfg=dict(type='BN', requires_grad=True),
        norm_eval=True,
        style='pytorch',
        init_cfg=dict(
            type='ft', checkpoint='../work_dirs/untrained/res34_0020.pth')),
    classifier=dict(dim_in=512, dim_mid=256, dim_out=3))
optimizer = dict(type='SGD', lr=0.001, momentum=0.9, weight_decay=0.0001)
runner = dict(epoch=200)
data = dict(
    type='FUSARShip',
    root='../data/fusarship',
    n_class=3,
    percentage=70,
    image_size=64,
    normalize=dict(
        mean=[0.05684700353123015, 0.05684700353123015, 0.05684700353123015],
        std=[0.11367373919156237, 0.11367373919156237, 0.11367373919156237]),
    workers=2,
    batch_size=dict(pretrain=1024, train=512, val=2048))
checkpoints = dict(
    folders=[
        '../work_dirs/untrained',
        '../work_dirs/multiembedding_fusarship_pretrain'
    ],
    index=['res34_0020.pth'])
test_mode = 'ft'
work_dir = '../work_dirs/classifier_fusarship_single_ft'
log_file = '../work_dirs/classifier_fusarship_single_ft/20221010_185750.log'
Test: [  1/200] eta 00:16:35 loss_cls 1.1489 acc 0.0906 f1 nan conf_mat [0,0,420,0,0,102,0,0,52]
Test: [  2/200] eta 00:13:12 loss_cls 1.0544 acc 0.0906 f1 nan conf_mat [0,0,420,0,0,102,0,0,52]
Test: [  3/200] eta 00:13:08 loss_cls 0.9749 acc 0.0906 f1 nan conf_mat [0,0,420,0,0,102,0,0,52]
Test: [  4/200] eta 00:13:04 loss_cls 0.9230 acc 0.2108 f1 nan conf_mat [71,0,349,9,0,93,2,0,50]
Test: [  5/200] eta 00:13:00 loss_cls 0.8822 acc 0.7317 f1 nan conf_mat [420,0,0,102,0,0,52,0,0]
Test: [  6/200] eta 00:12:56 loss_cls 0.8513 acc 0.7317 f1 nan conf_mat [420,0,0,102,0,0,52,0,0]
Test: [  7/200] eta 00:12:52 loss_cls 0.8273 acc 0.7317 f1 nan conf_mat [420,0,0,102,0,0,52,0,0]
Test: [  8/200] eta 00:12:48 loss_cls 0.8084 acc 0.7317 f1 nan conf_mat [420,0,0,102,0,0,52,0,0]
Test: [  9/200] eta 00:12:44 loss_cls 0.7948 acc 0.7317 f1 nan conf_mat [420,0,0,102,0,0,52,0,0]
Test: [ 10/200] eta 00:12:40 loss_cls 0.7857 acc 0.7317 f1 nan conf_mat [420,0,0,102,0,0,52,0,0]
Test: [ 11/200] eta 00:12:36 loss_cls 0.7745 acc 0.7317 f1 nan conf_mat [420,0,0,102,0,0,52,0,0]
Test: [ 12/200] eta 00:12:32 loss_cls 0.7673 acc 0.7317 f1 nan conf_mat [420,0,0,102,0,0,52,0,0]
Test: [ 13/200] eta 00:12:28 loss_cls 0.7604 acc 0.7317 f1 nan conf_mat [420,0,0,102,0,0,52,0,0]
Test: [ 14/200] eta 00:12:24 loss_cls 0.7549 acc 0.7317 f1 nan conf_mat [420,0,0,102,0,0,52,0,0]
Test: [ 15/200] eta 00:12:20 loss_cls 0.7474 acc 0.7317 f1 nan conf_mat [420,0,0,102,0,0,52,0,0]
Test: [ 16/200] eta 00:15:20 loss_cls 0.7404 acc 0.7317 f1 nan conf_mat [420,0,0,102,0,0,52,0,0]
Test: [ 17/200] eta 00:15:15 loss_cls 0.7356 acc 0.7317 f1 nan conf_mat [420,0,0,102,0,0,52,0,0]
Test: [ 18/200] eta 00:12:08 loss_cls 0.7283 acc 0.7317 f1 nan conf_mat [420,0,0,102,0,0,52,0,0]
Test: [ 19/200] eta 00:12:04 loss_cls 0.7241 acc 0.7317 f1 nan conf_mat [420,0,0,102,0,0,52,0,0]
Test: [ 20/200] eta 00:15:00 loss_cls 0.7187 acc 0.7317 f1 nan conf_mat [420,0,0,102,0,0,52,0,0]
Test: [ 21/200] eta 00:11:56 loss_cls 0.7150 acc 0.7317 f1 nan conf_mat [420,0,0,102,0,0,52,0,0]
Test: [ 22/200] eta 00:11:52 loss_cls 0.7087 acc 0.7317 f1 nan conf_mat [420,0,0,102,0,0,52,0,0]
Test: [ 23/200] eta 00:11:48 loss_cls 0.7038 acc 0.7317 f1 nan conf_mat [420,0,0,102,0,0,52,0,0]
Test: [ 24/200] eta 00:11:44 loss_cls 0.6987 acc 0.7317 f1 nan conf_mat [420,0,0,102,0,0,52,0,0]
Test: [ 25/200] eta 00:14:35 loss_cls 0.6950 acc 0.7317 f1 nan conf_mat [420,0,0,102,0,0,52,0,0]
Test: [ 26/200] eta 00:11:36 loss_cls 0.6901 acc 0.7317 f1 nan conf_mat [420,0,0,102,0,0,52,0,0]
Test: [ 27/200] eta 00:11:32 loss_cls 0.6844 acc 0.7317 f1 nan conf_mat [420,0,0,102,0,0,52,0,0]
Test: [ 28/200] eta 00:11:28 loss_cls 0.6799 acc 0.7317 f1 nan conf_mat [420,0,0,102,0,0,52,0,0]
Test: [ 29/200] eta 00:11:24 loss_cls 0.6769 acc 0.7317 f1 nan conf_mat [420,0,0,102,0,0,52,0,0]
Test: [ 30/200] eta 00:11:20 loss_cls 0.6718 acc 0.7317 f1 nan conf_mat [420,0,0,102,0,0,52,0,0]
Test: [ 31/200] eta 00:11:16 loss_cls 0.6690 acc 0.7317 f1 nan conf_mat [420,0,0,102,0,0,52,0,0]
Test: [ 32/200] eta 00:11:12 loss_cls 0.6637 acc 0.7317 f1 nan conf_mat [420,0,0,102,0,0,52,0,0]
Test: [ 33/200] eta 00:11:08 loss_cls 0.6604 acc 0.7317 f1 nan conf_mat [420,0,0,102,0,0,52,0,0]
Test: [ 34/200] eta 00:11:04 loss_cls 0.6554 acc 0.7317 f1 nan conf_mat [420,0,0,102,0,0,52,0,0]
Test: [ 35/200] eta 00:11:00 loss_cls 0.6511 acc 0.7317 f1 nan conf_mat [420,0,0,102,0,0,52,0,0]
Test: [ 36/200] eta 00:10:56 loss_cls 0.6486 acc 0.7317 f1 nan conf_mat [420,0,0,102,0,0,52,0,0]
Test: [ 37/200] eta 00:13:35 loss_cls 0.6417 acc 0.7317 f1 nan conf_mat [420,0,0,102,0,0,52,0,0]
Test: [ 38/200] eta 00:13:30 loss_cls 0.6420 acc 0.7317 f1 nan conf_mat [420,0,0,102,0,0,52,0,0]
Test: [ 39/200] eta 00:10:44 loss_cls 0.6392 acc 0.7317 f1 nan conf_mat [420,0,0,102,0,0,52,0,0]
Test: [ 40/200] eta 00:10:40 loss_cls 0.6332 acc 0.7317 f1 nan conf_mat [420,0,0,102,0,0,52,0,0]
Test: [ 41/200] eta 00:10:36 loss_cls 0.6309 acc 0.7317 f1 nan conf_mat [420,0,0,102,0,0,52,0,0]
Test: [ 42/200] eta 00:10:32 loss_cls 0.6281 acc 0.7317 f1 nan conf_mat [420,0,0,102,0,0,52,0,0]
Test: [ 43/200] eta 00:10:28 loss_cls 0.6276 acc 0.7334 f1 nan conf_mat [420,0,0,101,1,0,52,0,0]
Test: [ 44/200] eta 00:10:24 loss_cls 0.6205 acc 0.7334 f1 nan conf_mat [420,0,0,101,1,0,52,0,0]
Test: [ 45/200] eta 00:10:20 loss_cls 0.6171 acc 0.7334 f1 nan conf_mat [420,0,0,101,1,0,52,0,0]
Test: [ 46/200] eta 00:10:16 loss_cls 0.6161 acc 0.7404 f1 0.6383 conf_mat [420,0,0,98,4,0,51,0,1]
Test: [ 47/200] eta 00:12:45 loss_cls 0.6125 acc 0.7439 f1 0.6459 conf_mat [420,0,0,96,6,0,51,0,1]
Test: [ 48/200] eta 00:10:08 loss_cls 0.6098 acc 0.7439 f1 0.6459 conf_mat [420,0,0,96,6,0,51,0,1]
Test: [ 49/200] eta 00:10:04 loss_cls 0.6060 acc 0.7439 f1 0.6459 conf_mat [420,0,0,96,6,0,51,0,1]
Test: [ 50/200] eta 00:10:00 loss_cls 0.6030 acc 0.7439 f1 0.6459 conf_mat [420,0,0,96,6,0,51,0,1]
Test: [ 51/200] eta 00:09:56 loss_cls 0.6002 acc 0.7422 f1 0.6421 conf_mat [420,0,0,97,5,0,51,0,1]
Test: [ 52/200] eta 00:09:52 loss_cls 0.5966 acc 0.7474 f1 0.6588 conf_mat [418,2,0,94,8,0,49,0,3]
Test: [ 53/200] eta 00:09:48 loss_cls 0.5951 acc 0.7491 f1 0.6624 conf_mat [418,2,0,93,9,0,49,0,3]
Test: [ 54/200] eta 00:09:44 loss_cls 0.5937 acc 0.7474 f1 0.6593 conf_mat [418,2,0,93,8,1,49,0,3]
Test: [ 55/200] eta 00:09:40 loss_cls 0.5904 acc 0.7491 f1 0.6654 conf_mat [417,2,1,92,9,1,48,0,4]
Test: [ 56/200] eta 00:09:36 loss_cls 0.5886 acc 0.7456 f1 0.6675 conf_mat [413,6,1,89,12,1,49,0,3]
Test: [ 57/200] eta 00:09:32 loss_cls 0.5841 acc 0.7491 f1 0.6760 conf_mat [412,7,1,86,15,1,49,0,3]
Test: [ 58/200] eta 00:09:28 loss_cls 0.5817 acc 0.7456 f1 0.6632 conf_mat [415,3,2,92,9,1,48,0,4]
Test: [ 59/200] eta 00:09:24 loss_cls 0.5802 acc 0.7474 f1 0.6643 conf_mat [416,2,2,92,9,1,48,0,4]
Test: [ 60/200] eta 00:09:20 loss_cls 0.5750 acc 0.7456 f1 0.6779 conf_mat [408,11,1,85,16,1,48,0,4]
Test: [ 61/200] eta 00:09:16 loss_cls 0.5754 acc 0.7474 f1 0.6809 conf_mat [408,11,1,84,17,1,48,0,4]
Test: [ 62/200] eta 00:09:12 loss_cls 0.5710 acc 0.7456 f1 0.6700 conf_mat [412,6,2,89,12,1,48,0,4]
Test: [ 63/200] eta 00:09:08 loss_cls 0.5722 acc 0.7474 f1 0.6754 conf_mat [411,7,2,87,14,1,48,0,4]
Test: [ 64/200] eta 00:09:04 loss_cls 0.5656 acc 0.7509 f1 0.6869 conf_mat [408,11,1,82,19,1,48,0,4]
Test: [ 65/200] eta 00:09:00 loss_cls 0.5665 acc 0.7491 f1 0.6839 conf_mat [408,11,1,83,18,1,48,0,4]
Test: [ 66/200] eta 00:08:56 loss_cls 0.5650 acc 0.7491 f1 0.6790 conf_mat [411,7,2,88,13,1,46,0,6]
Test: [ 67/200] eta 00:08:52 loss_cls 0.5598 acc 0.7544 f1 0.6924 conf_mat [409,9,2,84,17,1,45,0,7]
Test: [ 68/200] eta 00:08:48 loss_cls 0.5612 acc 0.7509 f1 0.6861 conf_mat [409,9,2,85,16,1,46,0,6]
Test: [ 69/200] eta 00:08:44 loss_cls 0.5558 acc 0.7509 f1 0.6822 conf_mat [411,7,2,87,14,1,46,0,6]
Test: [ 70/200] eta 00:08:40 loss_cls 0.5543 acc 0.7509 f1 0.6878 conf_mat [408,11,1,84,17,1,46,0,6]
Test: [ 71/200] eta 00:08:36 loss_cls 0.5535 acc 0.7561 f1 0.6972 conf_mat [408,11,1,82,19,1,45,0,7]
Test: [ 72/200] eta 00:08:32 loss_cls 0.5492 acc 0.7526 f1 0.6875 conf_mat [410,8,2,87,14,1,44,0,8]
Test: [ 73/200] eta 00:08:28 loss_cls 0.5494 acc 0.7544 f1 0.6926 conf_mat [409,9,2,85,16,1,44,0,8]
Test: [ 74/200] eta 00:08:24 loss_cls 0.5456 acc 0.7544 f1 0.7013 conf_mat [404,10,6,83,18,1,41,0,11]
Test: [ 75/200] eta 00:08:20 loss_cls 0.5459 acc 0.7526 f1 0.6998 conf_mat [403,10,7,84,17,1,40,0,12]
Test: [ 76/200] eta 00:08:16 loss_cls 0.5424 acc 0.7561 f1 0.6974 conf_mat [408,9,3,85,16,1,42,0,10]
Test: [ 77/200] eta 00:08:12 loss_cls 0.5399 acc 0.7578 f1 0.7057 conf_mat [405,12,3,81,20,1,42,0,10]
Test: [ 78/200] eta 00:08:08 loss_cls 0.5413 acc 0.7544 f1 0.6998 conf_mat [405,12,3,83,18,1,42,0,10]
Test: [ 79/200] eta 00:08:04 loss_cls 0.5394 acc 0.7613 f1 0.7093 conf_mat [406,10,4,84,17,1,38,0,14]
Test: [ 80/200] eta 00:08:00 loss_cls 0.5353 acc 0.7561 f1 0.6954 conf_mat [409,9,2,87,14,1,41,0,11]
Test: [ 81/200] eta 00:09:55 loss_cls 0.5339 acc 0.7561 f1 0.7007 conf_mat [406,10,4,85,16,1,40,0,12]
Test: [ 82/200] eta 00:07:52 loss_cls 0.5313 acc 0.7631 f1 0.7185 conf_mat [402,12,6,80,21,1,37,0,15]
Test: [ 83/200] eta 00:07:48 loss_cls 0.5324 acc 0.7596 f1 0.7116 conf_mat [403,11,6,81,20,1,39,0,13]
Test: [ 84/200] eta 00:09:40 loss_cls 0.5291 acc 0.7561 f1 0.7053 conf_mat [403,11,6,84,17,1,38,0,14]
Test: [ 85/200] eta 00:07:40 loss_cls 0.5280 acc 0.7561 f1 0.7094 conf_mat [400,11,9,83,18,1,36,0,16]
Test: [ 86/200] eta 00:07:36 loss_cls 0.5263 acc 0.7666 f1 0.7254 conf_mat [401,12,7,78,23,1,36,0,16]
Test: [ 87/200] eta 00:07:32 loss_cls 0.5250 acc 0.7648 f1 0.7162 conf_mat [405,10,5,83,18,1,36,0,16]
Test: [ 88/200] eta 00:07:28 loss_cls 0.5229 acc 0.7613 f1 0.7068 conf_mat [407,8,5,86,15,1,37,0,15]
Test: [ 89/200] eta 00:07:24 loss_cls 0.5234 acc 0.7666 f1 0.7197 conf_mat [405,11,4,81,20,1,37,0,15]
Test: [ 90/200] eta 00:07:20 loss_cls 0.5202 acc 0.7718 f1 0.7311 conf_mat [403,12,5,77,24,1,36,0,16]
Test: [ 91/200] eta 00:07:16 loss_cls 0.5193 acc 0.7648 f1 0.7236 conf_mat [399,11,10,81,20,1,32,0,20]
Test: [ 92/200] eta 00:07:12 loss_cls 0.5183 acc 0.7648 f1 0.7210 conf_mat [401,10,9,82,19,1,33,0,19]
Test: [ 93/200] eta 00:07:08 loss_cls 0.5173 acc 0.7700 f1 0.7294 conf_mat [402,12,6,78,23,1,35,0,17]
Test: [ 94/200] eta 00:07:04 loss_cls 0.5165 acc 0.7700 f1 0.7297 conf_mat [402,12,6,77,24,1,36,0,16]
Test: [ 95/200] eta 00:07:00 loss_cls 0.5168 acc 0.7631 f1 0.7177 conf_mat [402,11,7,82,19,1,35,0,17]
Test: [ 96/200] eta 00:06:56 loss_cls 0.5158 acc 0.7648 f1 0.7219 conf_mat [400,10,10,82,19,1,32,0,20]
Test: [ 97/200] eta 00:06:52 loss_cls 0.5134 acc 0.7683 f1 0.7257 conf_mat [400,10,10,83,18,1,29,0,23]
Test: [ 98/200] eta 00:06:48 loss_cls 0.5111 acc 0.7666 f1 0.7234 conf_mat [401,10,9,82,19,1,32,0,20]
Test: [ 99/200] eta 00:06:44 loss_cls 0.5107 acc 0.7631 f1 0.7170 conf_mat [402,10,8,83,18,1,34,0,18]
Test: [100/200] eta 00:06:40 loss_cls 0.5087 acc 0.7805 f1 0.7463 conf_mat [399,11,10,77,24,1,27,0,25]
Test: [101/200] eta 00:06:36 loss_cls 0.5099 acc 0.7648 f1 0.7211 conf_mat [401,11,8,82,19,1,33,0,19]
Test: [102/200] eta 00:06:32 loss_cls 0.5090 acc 0.7666 f1 0.7216 conf_mat [403,11,6,82,19,1,34,0,18]
Test: [103/200] eta 00:06:28 loss_cls 0.5060 acc 0.7735 f1 0.7342 conf_mat [402,11,7,78,23,1,33,0,19]
Test: [104/200] eta 00:06:24 loss_cls 0.5100 acc 0.7735 f1 0.7374 conf_mat [399,11,10,77,24,1,31,0,21]
Test: [105/200] eta 00:06:20 loss_cls 0.5086 acc 0.7666 f1 0.7235 conf_mat [400,10,10,83,18,1,30,0,22]
Test: [106/200] eta 00:06:16 loss_cls 0.5031 acc 0.7840 f1 0.7498 conf_mat [399,11,10,78,23,1,24,0,28]
Test: [107/200] eta 00:07:45 loss_cls 0.5032 acc 0.7787 f1 0.7435 conf_mat [399,11,10,78,23,1,27,0,25]
Test: [108/200] eta 00:06:08 loss_cls 0.5016 acc 0.7666 f1 0.7181 conf_mat [405,9,6,84,17,1,34,0,18]
Test: [109/200] eta 00:06:04 loss_cls 0.5012 acc 0.7683 f1 0.7229 conf_mat [404,10,6,82,19,1,34,0,18]
Test: [110/200] eta 00:06:00 loss_cls 0.4998 acc 0.7753 f1 0.7380 conf_mat [401,11,8,77,24,1,32,0,20]
Test: [111/200] eta 00:05:56 loss_cls 0.4984 acc 0.7805 f1 0.7455 conf_mat [400,10,10,77,24,1,28,0,24]
Test: [112/200] eta 00:05:52 loss_cls 0.5000 acc 0.7735 f1 0.7348 conf_mat [399,11,10,81,20,1,27,0,25]
Test: [113/200] eta 00:05:48 loss_cls 0.4986 acc 0.7683 f1 0.7275 conf_mat [399,11,10,82,19,1,29,0,23]
Test: [114/200] eta 00:05:44 loss_cls 0.4981 acc 0.7770 f1 0.7388 conf_mat [402,10,8,78,23,1,31,0,21]
Test: [115/200] eta 00:05:40 loss_cls 0.4964 acc 0.7735 f1 0.7376 conf_mat [399,13,8,77,24,1,31,0,21]
Test: [116/200] eta 00:05:36 loss_cls 0.4960 acc 0.7718 f1 0.7298 conf_mat [403,10,7,80,21,1,33,0,19]
Test: [117/200] eta 00:05:32 loss_cls 0.4949 acc 0.7700 f1 0.7288 conf_mat [400,10,10,82,19,1,29,0,23]
Test: [118/200] eta 00:05:28 loss_cls 0.4959 acc 0.7787 f1 0.7433 conf_mat [400,10,10,77,24,1,29,0,23]
Test: [119/200] eta 00:05:24 loss_cls 0.4936 acc 0.7840 f1 0.7506 conf_mat [400,11,9,76,25,1,27,0,25]
Test: [120/200] eta 00:06:40 loss_cls 0.4931 acc 0.7753 f1 0.7361 conf_mat [400,10,10,81,20,1,27,0,25]
Test: [121/200] eta 00:05:16 loss_cls 0.4913 acc 0.7718 f1 0.7292 conf_mat [401,9,10,83,18,1,28,0,24]
Test: [122/200] eta 00:05:12 loss_cls 0.4930 acc 0.7735 f1 0.7340 conf_mat [399,11,10,82,19,1,26,0,26]
Test: [123/200] eta 00:05:08 loss_cls 0.4906 acc 0.7770 f1 0.7425 conf_mat [399,11,10,76,25,1,30,0,22]
Test: [124/200] eta 00:06:20 loss_cls 0.4909 acc 0.7770 f1 0.7455 conf_mat [397,15,8,74,27,1,30,0,22]
Test: [125/200] eta 00:05:00 loss_cls 0.4905 acc 0.7822 f1 0.7490 conf_mat [400,11,9,75,26,1,29,0,23]
Test: [126/200] eta 00:06:10 loss_cls 0.4902 acc 0.7840 f1 0.7505 conf_mat [400,10,10,76,25,1,27,0,25]
Test: [127/200] eta 00:04:52 loss_cls 0.4868 acc 0.7787 f1 0.7412 conf_mat [400,10,10,80,21,1,26,0,26]
Test: [128/200] eta 00:06:00 loss_cls 0.4873 acc 0.7718 f1 0.7318 conf_mat [399,11,10,82,19,1,27,0,25]
Test: [129/200] eta 00:04:44 loss_cls 0.4871 acc 0.7700 f1 0.7280 conf_mat [401,10,9,82,19,1,30,0,22]
Test: [130/200] eta 00:04:40 loss_cls 0.4866 acc 0.7822 f1 0.7477 conf_mat [401,11,8,76,25,1,29,0,23]
Test: [131/200] eta 00:05:45 loss_cls 0.4871 acc 0.7787 f1 0.7441 conf_mat [400,12,8,76,25,1,30,0,22]
Test: [132/200] eta 00:04:32 loss_cls 0.4853 acc 0.7822 f1 0.7499 conf_mat [398,12,10,76,25,1,26,0,26]
Test: [133/200] eta 00:04:28 loss_cls 0.4859 acc 0.7840 f1 0.7505 conf_mat [400,10,10,76,25,1,27,0,25]
Test: [134/200] eta 00:04:24 loss_cls 0.4841 acc 0.7822 f1 0.7485 conf_mat [400,11,9,76,25,1,28,0,24]
Test: [135/200] eta 00:04:20 loss_cls 0.4869 acc 0.7822 f1 0.7468 conf_mat [402,10,8,76,25,1,30,0,22]
Test: [136/200] eta 00:04:16 loss_cls 0.4839 acc 0.7753 f1 0.7369 conf_mat [401,11,8,79,22,1,30,0,22]
Test: [137/200] eta 00:04:12 loss_cls 0.4831 acc 0.7822 f1 0.7492 conf_mat [399,11,10,76,25,1,27,0,25]
Test: [138/200] eta 00:04:08 loss_cls 0.4820 acc 0.7787 f1 0.7464 conf_mat [397,13,10,76,25,1,27,0,25]
Test: [139/200] eta 00:04:04 loss_cls 0.4822 acc 0.7822 f1 0.7513 conf_mat [397,13,10,75,26,1,26,0,26]
Test: [140/200] eta 00:05:00 loss_cls 0.4819 acc 0.7840 f1 0.7527 conf_mat [398,12,10,75,26,1,26,0,26]
Test: [141/200] eta 00:03:56 loss_cls 0.4816 acc 0.7840 f1 0.7527 conf_mat [398,12,10,75,26,1,26,0,26]
Test: [142/200] eta 00:03:52 loss_cls 0.4814 acc 0.7875 f1 0.7555 conf_mat [400,10,10,75,26,1,26,0,26]
Test: [143/200] eta 00:03:48 loss_cls 0.4835 acc 0.7875 f1 0.7543 conf_mat [401,11,8,76,25,1,26,0,26]
Test: [144/200] eta 00:03:44 loss_cls 0.4812 acc 0.7822 f1 0.7486 conf_mat [400,12,8,76,25,1,28,0,24]
Test: [145/200] eta 00:03:40 loss_cls 0.4825 acc 0.7822 f1 0.7493 conf_mat [399,12,9,76,25,1,27,0,25]
Test: [146/200] eta 00:03:36 loss_cls 0.4820 acc 0.7840 f1 0.7521 conf_mat [398,12,10,76,25,1,25,0,27]
Test: [147/200] eta 00:03:32 loss_cls 0.4844 acc 0.7857 f1 0.7541 conf_mat [399,11,10,75,26,1,26,0,26]
Test: [148/200] eta 00:03:28 loss_cls 0.4822 acc 0.7787 f1 0.7428 conf_mat [400,11,9,78,23,1,28,0,24]
Test: [149/200] eta 00:03:24 loss_cls 0.4802 acc 0.7857 f1 0.7534 conf_mat [400,11,9,75,26,1,27,0,25]
Test: [150/200] eta 00:03:20 loss_cls 0.4803 acc 0.7892 f1 0.7591 conf_mat [399,12,9,74,27,1,25,0,27]
Test: [151/200] eta 00:03:16 loss_cls 0.4790 acc 0.7875 f1 0.7555 conf_mat [399,11,10,76,25,1,24,0,28]
Test: [152/200] eta 00:03:12 loss_cls 0.4771 acc 0.7892 f1 0.7569 conf_mat [400,10,10,76,25,1,24,0,28]
Test: [153/200] eta 00:03:08 loss_cls 0.4782 acc 0.7822 f1 0.7462 conf_mat [400,10,10,79,22,1,25,0,27]
Test: [154/200] eta 00:03:04 loss_cls 0.4786 acc 0.7840 f1 0.7471 conf_mat [402,10,8,79,22,1,26,0,26]
Test: [155/200] eta 00:03:00 loss_cls 0.4840 acc 0.7857 f1 0.7519 conf_mat [402,10,8,75,26,1,29,0,23]
Test: [156/200] eta 00:02:56 loss_cls 0.4774 acc 0.7822 f1 0.7456 conf_mat [402,10,8,78,23,1,28,0,24]
Test: [157/200] eta 00:02:52 loss_cls 0.4789 acc 0.7909 f1 0.7585 conf_mat [402,10,8,75,26,1,26,0,26]
Test: [158/200] eta 00:02:48 loss_cls 0.4774 acc 0.7927 f1 0.7606 conf_mat [402,10,8,75,26,1,25,0,27]
Test: [159/200] eta 00:02:44 loss_cls 0.4780 acc 0.7909 f1 0.7585 conf_mat [402,10,8,75,26,1,26,0,26]
Test: [160/200] eta 00:02:40 loss_cls 0.4796 acc 0.7909 f1 0.7592 conf_mat [401,11,8,75,26,1,25,0,27]
Test: [161/200] eta 00:02:36 loss_cls 0.4772 acc 0.7875 f1 0.7563 conf_mat [399,12,9,75,26,1,25,0,27]
Test: [162/200] eta 00:02:32 loss_cls 0.4788 acc 0.7875 f1 0.7565 conf_mat [399,13,8,75,26,1,25,0,27]
Test: [163/200] eta 00:02:28 loss_cls 0.4769 acc 0.7892 f1 0.7579 conf_mat [400,12,8,75,26,1,25,0,27]
Test: [164/200] eta 00:02:24 loss_cls 0.4763 acc 0.7892 f1 0.7579 conf_mat [400,12,8,75,26,1,25,0,27]
Test: [165/200] eta 00:02:20 loss_cls 0.4757 acc 0.7927 f1 0.7606 conf_mat [402,10,8,75,26,1,25,0,27]
Test: [166/200] eta 00:02:50 loss_cls 0.4766 acc 0.7927 f1 0.7606 conf_mat [402,10,8,75,26,1,25,0,27]
Test: [167/200] eta 00:02:12 loss_cls 0.4758 acc 0.7892 f1 0.7576 conf_mat [400,10,10,75,26,1,25,0,27]
Test: [168/200] eta 00:02:08 loss_cls 0.4766 acc 0.7892 f1 0.7579 conf_mat [400,12,8,75,26,1,25,0,27]
Test: [169/200] eta 00:02:04 loss_cls 0.4754 acc 0.7909 f1 0.7592 conf_mat [401,11,8,75,26,1,25,0,27]
Test: [170/200] eta 00:02:00 loss_cls 0.4755 acc 0.7909 f1 0.7591 conf_mat [401,10,9,75,26,1,25,0,27]
Test: [171/200] eta 00:01:56 loss_cls 0.4742 acc 0.7927 f1 0.7612 conf_mat [401,10,9,75,26,1,24,0,28]
Test: [172/200] eta 00:01:52 loss_cls 0.4767 acc 0.7927 f1 0.7606 conf_mat [402,10,8,75,26,1,25,0,27]
Test: [173/200] eta 00:01:48 loss_cls 0.4751 acc 0.7892 f1 0.7583 conf_mat [399,11,10,75,26,1,24,0,28]
Test: [174/200] eta 00:01:44 loss_cls 0.4739 acc 0.7857 f1 0.7536 conf_mat [399,12,9,76,25,1,25,0,27]
Test: [175/200] eta 00:01:40 loss_cls 0.4763 acc 0.7892 f1 0.7584 conf_mat [399,12,9,75,26,1,24,0,28]
Test: [176/200] eta 00:01:36 loss_cls 0.4746 acc 0.7892 f1 0.7584 conf_mat [399,12,9,75,26,1,24,0,28]
Test: [177/200] eta 00:01:32 loss_cls 0.4759 acc 0.7892 f1 0.7569 conf_mat [400,10,10,76,25,1,24,0,28]
Test: [178/200] eta 00:01:28 loss_cls 0.4745 acc 0.7892 f1 0.7563 conf_mat [401,10,9,76,25,1,25,0,27]
Test: [179/200] eta 00:01:45 loss_cls 0.4754 acc 0.7927 f1 0.7612 conf_mat [401,10,9,75,26,1,24,0,28]
Test: [180/200] eta 00:01:40 loss_cls 0.4753 acc 0.7927 f1 0.7612 conf_mat [401,10,9,75,26,1,24,0,28]
Test: [181/200] eta 00:01:16 loss_cls 0.4759 acc 0.7927 f1 0.7606 conf_mat [402,10,8,75,26,1,25,0,27]
Test: [182/200] eta 00:01:12 loss_cls 0.4753 acc 0.7927 f1 0.7606 conf_mat [402,10,8,75,26,1,25,0,27]
Test: [183/200] eta 00:01:08 loss_cls 0.4753 acc 0.7927 f1 0.7606 conf_mat [402,10,8,75,26,1,25,0,27]
Test: [184/200] eta 00:01:04 loss_cls 0.4772 acc 0.7927 f1 0.7606 conf_mat [402,10,8,75,26,1,25,0,27]
Test: [185/200] eta 00:01:00 loss_cls 0.4755 acc 0.7927 f1 0.7606 conf_mat [402,10,8,75,26,1,25,0,27]
Test: [186/200] eta 00:00:56 loss_cls 0.4752 acc 0.7927 f1 0.7606 conf_mat [402,10,8,75,26,1,25,0,27]
Test: [187/200] eta 00:00:52 loss_cls 0.4740 acc 0.7927 f1 0.7612 conf_mat [401,10,9,75,26,1,24,0,28]
Test: [188/200] eta 00:00:48 loss_cls 0.4745 acc 0.7927 f1 0.7612 conf_mat [401,10,9,75,26,1,24,0,28]
Test: [189/200] eta 00:00:44 loss_cls 0.4754 acc 0.7927 f1 0.7606 conf_mat [402,10,8,75,26,1,25,0,27]
Test: [190/200] eta 00:00:40 loss_cls 0.4780 acc 0.7927 f1 0.7606 conf_mat [402,10,8,75,26,1,25,0,27]
Test: [191/200] eta 00:00:45 loss_cls 0.4745 acc 0.7927 f1 0.7606 conf_mat [402,10,8,75,26,1,25,0,27]
Test: [192/200] eta 00:00:40 loss_cls 0.4747 acc 0.7927 f1 0.7606 conf_mat [402,10,8,75,26,1,25,0,27]
Test: [193/200] eta 00:00:28 loss_cls 0.4750 acc 0.7927 f1 0.7606 conf_mat [402,10,8,75,26,1,25,0,27]
Test: [194/200] eta 00:00:24 loss_cls 0.4777 acc 0.7927 f1 0.7612 conf_mat [401,10,9,75,26,1,24,0,28]
Test: [195/200] eta 00:00:20 loss_cls 0.4754 acc 0.7927 f1 0.7612 conf_mat [401,10,9,75,26,1,24,0,28]
Test: [196/200] eta 00:00:16 loss_cls 0.4741 acc 0.7927 f1 0.7606 conf_mat [402,10,8,75,26,1,25,0,27]
Test: [197/200] eta 00:00:12 loss_cls 0.4726 acc 0.7927 f1 0.7612 conf_mat [401,10,9,75,26,1,24,0,28]
Test: [198/200] eta 00:00:08 loss_cls 0.4751 acc 0.7927 f1 0.7612 conf_mat [401,10,9,75,26,1,24,0,28]
Test: [199/200] eta 00:00:04 loss_cls 0.4748 acc 0.7927 f1 0.7606 conf_mat [402,10,8,75,26,1,25,0,27]
Test: [200/200] eta 00:00:00 loss_cls 0.4745 acc 0.7927 f1 0.7606 conf_mat [402,10,8,75,26,1,25,0,27]
