model = dict(
    type='Classifier',
    backbone=dict(
        type='MyResNetV1d',
        depth=50,
        num_stages=4,
        out_indices=(0, 1, 2, 3),
        frozen_stages=1,
        norm_cfg=dict(type='BN', requires_grad=True),
        norm_eval=True,
        style='pytorch',
        init_cfg=dict(
            type='ft',
            checkpoint=
            '../work_dirs/multiembedding_opensarship_pretrain/0020.pth')),
    classifier=dict(dim_in=2048, dim_mid=1024, dim_out=5))
optimizer = dict(type='SGD', lr=0.001, momentum=0.9, weight_decay=0.0001)
runner = dict(epoch=200)
data = dict(
    type='OpenSARShip',
    root='../data/opensarship',
    n_class=5,
    percentage=70,
    image_size=64,
    normalize=dict(
        mean=[
            0.026807075832908405, 0.026807075832908405, 0.026807075832908405
        ],
        std=[0.039102898421077066, 0.039102898421077066,
             0.039102898421077066]),
    workers=2,
    batch_size=dict(pretrain=1024, train=512, val=2048))
checkpoints = dict(
    folders=['../work_dirs/multiembedding_opensarship_pretrain'],
    index=['0020.pth'])
test_mode = 'ft'
work_dir = '../work_dirs/classifier_opensarship_single_ft'
log_file = '../work_dirs/classifier_opensarship_single_ft/20221010_105004.log'
Test: [  1/200] eta 00:46:26 loss_cls 1.4866 acc 0.3953 f1 nan conf_mat [735,0,4,66,9,557,0,0,13,4,25,0,1,38,23,541,0,5,109,58,22,0,0,15,57]
Test: [  2/200] eta 00:26:24 loss_cls 1.2861 acc 0.4216 f1 0.3668 conf_mat [656,14,0,144,0,476,63,0,35,0,16,0,6,65,0,471,15,5,222,0,19,0,9,51,15]
Test: [  3/200] eta 00:26:16 loss_cls 1.1911 acc 0.4452 f1 0.4097 conf_mat [485,287,0,36,6,203,359,0,10,2,27,0,3,41,16,320,230,4,115,44,15,6,2,17,54]
Test: [  4/200] eta 00:26:08 loss_cls 1.1476 acc 0.4623 f1 0.4393 conf_mat [477,292,0,45,0,194,364,0,16,0,23,0,2,61,1,298,233,1,171,10,13,7,0,33,41]
Test: [  5/200] eta 00:26:00 loss_cls 1.1213 acc 0.4715 f1 0.4493 conf_mat [529,256,3,26,0,230,334,1,9,0,23,0,32,32,0,363,168,26,153,3,18,1,7,40,28]
Test: [  6/200] eta 00:25:52 loss_cls 1.0890 acc 0.4912 f1 0.4767 conf_mat [519,260,1,34,0,214,342,0,18,0,20,0,24,42,1,316,180,13,192,12,16,2,4,28,44]
Test: [  7/200] eta 00:28:57 loss_cls 1.0452 acc 0.5259 f1 0.5183 conf_mat [557,227,1,29,0,228,315,0,31,0,24,0,26,37,0,287,139,15,270,2,8,1,6,47,32]
Test: [  8/200] eta 00:28:48 loss_cls 1.0036 acc 0.5771 f1 0.5776 conf_mat [521,195,4,94,0,205,298,1,70,0,7,0,44,36,0,153,114,29,412,5,5,1,8,38,42]
Test: [  9/200] eta 00:25:28 loss_cls 0.9514 acc 0.5925 f1 0.5884 conf_mat [583,187,0,44,0,219,306,0,49,0,17,0,23,47,0,191,105,9,404,4,2,2,2,52,36]
Test: [ 10/200] eta 00:28:30 loss_cls 0.8848 acc 0.6174 f1 0.6153 conf_mat [468,211,0,135,0,128,358,0,88,0,1,0,31,55,0,70,113,10,517,3,1,2,2,54,35]
Test: [ 11/200] eta 00:25:12 loss_cls 0.8225 acc 0.6595 f1 0.6590 conf_mat [546,211,0,57,0,128,391,0,55,0,5,0,34,48,0,103,106,7,495,2,1,3,2,49,39]
Test: [ 12/200] eta 00:25:04 loss_cls 0.7802 acc 0.6385 f1 0.6355 conf_mat [590,171,0,51,2,147,385,0,42,0,17,0,27,27,16,176,104,6,396,31,2,4,2,27,59]
Test: [ 13/200] eta 00:24:56 loss_cls 0.7548 acc 0.6652 f1 0.6539 conf_mat [553,203,0,58,0,104,426,0,44,0,5,0,15,67,0,95,107,2,508,1,2,2,0,74,16]
Test: [ 14/200] eta 00:27:54 loss_cls 0.7077 acc 0.6670 f1 0.6625 conf_mat [599,176,0,39,0,132,410,0,32,0,10,0,29,48,0,146,107,6,453,1,2,2,3,56,31]
Test: [ 15/200] eta 00:24:40 loss_cls 0.6756 acc 0.6665 f1 0.6635 conf_mat [531,239,0,44,0,88,452,0,34,0,6,0,24,56,1,99,127,4,478,5,2,2,1,53,36]
Test: [ 16/200] eta 00:27:36 loss_cls 0.6304 acc 0.6845 f1 0.6829 conf_mat [641,147,2,24,0,145,406,1,22,0,9,1,48,24,5,155,107,23,406,22,2,2,6,23,61]
Test: [ 17/200] eta 00:24:24 loss_cls 0.5848 acc 0.6976 f1 0.6955 conf_mat [640,119,2,53,0,147,381,0,46,0,9,0,44,34,0,137,70,18,484,4,4,2,8,37,43]
Test: [ 18/200] eta 00:27:18 loss_cls 0.5701 acc 0.6884 f1 0.6792 conf_mat [604,162,0,48,0,119,414,0,41,0,7,0,12,66,2,103,99,1,508,2,2,2,0,57,33]
Test: [ 19/200] eta 00:27:09 loss_cls 0.5375 acc 0.6902 f1 0.6817 conf_mat [590,137,0,87,0,125,401,0,48,0,3,1,26,57,0,96,77,3,537,0,1,3,3,66,21]
Test: [ 20/200] eta 00:27:00 loss_cls 0.4850 acc 0.6981 f1 0.6991 conf_mat [596,176,2,40,0,108,421,0,45,0,7,0,55,23,2,110,103,22,469,9,1,2,7,32,52]
Test: [ 21/200] eta 00:26:51 loss_cls 0.4519 acc 0.7011 f1 0.6992 conf_mat [608,84,2,120,0,144,342,1,87,0,4,0,53,29,1,90,56,13,546,8,1,2,4,36,51]
Test: [ 22/200] eta 00:23:44 loss_cls 0.4113 acc 0.7025 f1 0.7007 conf_mat [658,128,3,25,0,123,420,3,28,0,4,1,62,17,3,141,115,42,404,11,2,4,8,21,59]
Test: [ 23/200] eta 00:23:36 loss_cls 0.4171 acc 0.6849 f1 0.6854 conf_mat [613,178,1,22,0,111,438,2,23,0,6,0,59,20,2,119,150,36,398,10,2,9,9,19,55]
Test: [ 24/200] eta 00:23:28 loss_cls 0.3820 acc 0.6556 f1 0.6476 conf_mat [716,53,0,45,0,198,315,1,60,0,19,3,49,11,5,272,56,13,362,10,13,7,4,16,54]
Test: [ 25/200] eta 00:23:20 loss_cls 0.3687 acc 0.6985 f1 0.6771 conf_mat [663,95,0,56,0,133,380,0,61,0,5,0,5,77,0,112,63,2,536,0,2,2,0,80,10]
Test: [ 26/200] eta 00:26:06 loss_cls 0.3583 acc 0.6981 f1 0.6967 conf_mat [607,133,1,73,0,99,431,0,44,0,5,0,44,38,0,122,116,5,468,2,2,6,2,41,43]
Test: [ 27/200] eta 00:25:57 loss_cls 0.3133 acc 0.6700 f1 0.6706 conf_mat [535,132,4,142,1,83,335,4,151,1,2,3,57,17,8,62,55,31,532,33,1,3,5,15,70]
Test: [ 28/200] eta 00:22:56 loss_cls 0.2900 acc 0.6779 f1 0.6788 conf_mat [550,151,5,106,2,120,378,3,71,2,2,4,63,15,3,89,66,41,493,24,0,4,6,21,63]
Test: [ 29/200] eta 00:22:48 loss_cls 0.2647 acc 0.7358 f1 0.7342 conf_mat [678,94,2,40,0,116,419,2,37,0,7,0,56,22,2,140,70,24,465,14,6,2,5,20,61]
Test: [ 30/200] eta 00:22:40 loss_cls 0.2368 acc 0.6310 f1 0.6190 conf_mat [722,22,1,69,0,188,252,1,133,0,24,2,50,9,2,295,31,11,367,9,14,9,4,18,49]
Test: [ 31/200] eta 00:22:32 loss_cls 0.2557 acc 0.6621 f1 0.6564 conf_mat [516,81,0,217,0,93,311,0,169,1,2,1,21,58,5,44,44,3,617,5,0,3,0,45,46]
Test: [ 32/200] eta 00:22:24 loss_cls 0.2469 acc 0.6621 f1 0.6652 conf_mat [490,295,1,28,0,51,505,1,16,1,3,4,45,22,13,80,189,14,401,29,0,11,0,13,70]
Test: [ 33/200] eta 00:22:16 loss_cls 0.2013 acc 0.6862 f1 0.6821 conf_mat [684,110,3,17,0,147,403,3,21,0,13,0,64,10,0,204,92,49,363,5,7,4,18,13,52]
Test: [ 34/200] eta 00:22:08 loss_cls 0.2120 acc 0.6363 f1 0.6402 conf_mat [522,234,1,56,1,102,421,2,48,1,5,9,60,10,3,88,177,37,389,22,1,14,8,11,60]
Test: [ 35/200] eta 00:24:45 loss_cls 0.2171 acc 0.7169 f1 0.7120 conf_mat [699,74,0,40,1,157,373,1,43,0,4,1,34,45,3,140,72,14,477,10,0,3,3,35,53]
Test: [ 36/200] eta 00:24:36 loss_cls 0.1822 acc 0.6551 f1 0.6548 conf_mat [420,92,0,302,0,38,361,1,174,0,3,0,52,26,6,37,48,13,600,15,1,2,3,26,62]
Test: [ 37/200] eta 00:24:27 loss_cls 0.1379 acc 0.7099 f1 0.7077 conf_mat [635,106,2,71,0,109,410,3,52,0,6,0,54,26,1,129,67,30,486,1,9,2,16,32,35]
Test: [ 38/200] eta 00:24:18 loss_cls 0.1559 acc 0.7046 f1 0.7044 conf_mat [570,140,0,104,0,67,423,3,81,0,2,0,43,42,0,63,102,14,532,2,0,3,4,47,40]
Test: [ 39/200] eta 00:24:09 loss_cls 0.1106 acc 0.7467 f1 0.7461 conf_mat [678,77,3,56,0,119,399,2,53,1,7,1,63,13,3,101,59,37,502,14,3,2,7,20,62]
Test: [ 40/200] eta 00:21:20 loss_cls 0.0652 acc 0.6880 f1 0.6815 conf_mat [660,125,4,25,0,116,438,3,16,1,5,0,61,19,2,201,114,34,346,18,2,3,10,14,65]
Test: [ 41/200] eta 00:21:12 loss_cls 0.0623 acc 0.7292 f1 0.7284 conf_mat [636,112,0,66,0,90,425,1,58,0,10,1,48,22,6,127,73,9,492,12,6,2,3,20,63]
Test: [ 42/200] eta 00:23:42 loss_cls 0.0644 acc 0.6902 f1 0.6903 conf_mat [598,62,0,154,0,116,360,1,97,0,16,0,51,16,4,134,33,22,506,18,5,3,6,20,60]
Test: [ 43/200] eta 00:23:33 loss_cls 0.0664 acc 0.7156 f1 0.7141 conf_mat [587,162,1,64,0,79,470,0,25,0,2,1,35,45,4,104,110,6,487,6,1,6,1,32,54]
Test: [ 44/200] eta 00:20:48 loss_cls 0.0458 acc 0.7397 f1 0.7400 conf_mat [607,95,3,109,0,79,408,4,81,2,4,0,53,26,4,72,44,21,554,22,2,2,8,16,66]
Test: [ 45/200] eta 00:20:40 loss_cls 0.0372 acc 0.7217 f1 0.7207 conf_mat [569,163,1,80,1,55,458,1,59,1,4,0,32,39,12,70,80,13,523,27,0,4,1,24,65]
Test: [ 46/200] eta 00:23:06 loss_cls 0.0281 acc 0.7432 f1 0.7417 conf_mat [672,89,2,51,0,101,409,2,61,1,8,0,52,26,1,101,62,27,514,9,2,3,9,31,49]
Test: [ 47/200] eta 00:20:24 loss_cls 0.0194 acc 0.7432 f1 0.7424 conf_mat [663,90,3,58,0,117,401,2,52,2,3,0,53,27,4,91,65,24,521,12,1,3,7,25,58]
Test: [ 48/200] eta 00:20:16 loss_cls 0.0251 acc 0.7301 f1 0.7287 conf_mat [591,135,0,88,0,75,425,1,71,2,1,1,33,42,10,62,68,7,557,19,0,5,2,27,60]
Test: [ 49/200] eta 00:22:39 loss_cls 0.0188 acc 0.7138 f1 0.7162 conf_mat [564,217,0,33,0,68,476,1,29,0,6,0,58,21,2,85,117,22,472,17,4,4,7,20,59]
Test: [ 50/200] eta 00:20:00 loss_cls 0.0242 acc 0.7572 f1 0.7566 conf_mat [666,104,0,44,0,104,424,2,44,0,4,0,54,27,2,91,68,16,525,13,2,3,4,26,59]
Test: [ 51/200] eta 00:19:52 loss_cls 0.0223 acc 0.7209 f1 0.7217 conf_mat [579,172,1,62,0,57,465,0,51,1,3,2,44,31,7,79,113,10,493,18,0,5,3,22,64]
Test: [ 52/200] eta 00:19:44 loss_cls 0.0125 acc 0.7393 f1 0.7404 conf_mat [573,134,4,102,1,62,435,4,71,2,3,0,60,22,2,48,69,26,554,16,0,2,6,21,65]
Test: [ 53/200] eta 00:19:36 loss_cls 0.0078 acc 0.7590 f1 0.7568 conf_mat [670,85,1,58,0,97,424,1,52,0,4,0,40,36,7,91,60,8,541,13,2,2,3,30,57]
Test: [ 54/200] eta 00:19:28 loss_cls 0.0052 acc 0.7555 f1 0.7548 conf_mat [651,82,2,78,1,92,405,1,75,1,5,0,51,23,8,83,46,13,550,21,0,2,5,20,67]
Test: [ 55/200] eta 00:19:20 loss_cls 0.0050 acc 0.7542 f1 0.7523 conf_mat [667,88,0,59,0,101,413,0,58,2,5,0,42,37,3,93,59,9,540,12,0,3,2,30,59]
Test: [ 56/200] eta 00:16:48 loss_cls 0.0043 acc 0.7590 f1 0.7586 conf_mat [641,101,1,71,0,83,427,1,61,2,4,0,50,28,5,75,57,10,550,21,0,4,3,23,64]
Test: [ 57/200] eta 00:16:41 loss_cls 0.0033 acc 0.7594 f1 0.7592 conf_mat [644,102,1,66,1,81,424,2,65,2,4,0,51,24,8,77,55,13,545,23,0,2,3,20,69]
Test: [ 58/200] eta 00:16:34 loss_cls 0.0029 acc 0.7629 f1 0.7617 conf_mat [682,75,1,56,0,106,411,1,54,2,5,0,53,24,5,95,57,11,533,17,0,4,4,24,62]
Test: [ 59/200] eta 00:18:48 loss_cls 0.0026 acc 0.7612 f1 0.7603 conf_mat [642,93,1,78,0,79,425,1,67,2,4,0,44,34,5,69,56,10,563,15,0,2,3,26,63]
Test: [ 60/200] eta 00:18:40 loss_cls 0.0021 acc 0.7616 f1 0.7611 conf_mat [651,84,2,75,2,88,414,1,69,2,4,0,53,26,4,75,53,15,555,15,0,2,4,23,65]
Test: [ 61/200] eta 00:18:32 loss_cls 0.0020 acc 0.7634 f1 0.7626 conf_mat [659,87,1,66,1,91,420,1,60,2,4,0,52,28,3,80,58,10,549,16,1,2,4,25,62]
Test: [ 62/200] eta 00:18:24 loss_cls 0.0019 acc 0.7642 f1 0.7635 conf_mat [660,83,1,70,0,90,415,1,66,2,4,0,51,28,4,78,54,10,554,17,0,2,4,24,64]
Test: [ 63/200] eta 00:18:16 loss_cls 0.0018 acc 0.7656 f1 0.7648 conf_mat [656,86,1,71,0,85,421,1,65,2,5,0,49,28,5,77,53,10,557,16,0,2,4,24,64]
Test: [ 64/200] eta 00:18:08 loss_cls 0.0016 acc 0.7629 f1 0.7622 conf_mat [657,86,1,70,0,91,415,1,65,2,5,0,52,27,3,78,54,11,553,17,0,2,4,24,64]
Test: [ 65/200] eta 00:18:00 loss_cls 0.0016 acc 0.7660 f1 0.7652 conf_mat [663,82,1,68,0,90,418,1,63,2,4,0,52,28,3,80,54,11,551,17,0,2,4,24,64]
Test: [ 66/200] eta 00:17:52 loss_cls 0.0015 acc 0.7656 f1 0.7649 conf_mat [656,85,1,72,0,87,420,1,64,2,4,0,51,28,4,78,53,10,556,16,0,2,4,24,64]
Test: [ 67/200] eta 00:17:44 loss_cls 0.0015 acc 0.7651 f1 0.7642 conf_mat [662,85,1,66,0,88,419,1,64,2,5,0,49,28,5,81,54,10,552,16,0,2,4,24,64]
Test: [ 68/200] eta 00:17:36 loss_cls 0.0014 acc 0.7642 f1 0.7635 conf_mat [659,88,1,66,0,87,420,1,64,2,5,0,50,27,5,80,55,10,551,17,0,2,4,24,64]
Test: [ 69/200] eta 00:17:28 loss_cls 0.0013 acc 0.7634 f1 0.7626 conf_mat [659,88,1,66,0,91,417,1,63,2,5,0,52,27,3,81,54,11,551,16,0,2,5,24,63]
Test: [ 70/200] eta 00:17:20 loss_cls 0.0013 acc 0.7638 f1 0.7630 conf_mat [658,85,1,70,0,90,416,1,65,2,5,0,50,27,5,80,53,10,554,16,0,2,4,23,65]
Test: [ 71/200] eta 00:17:12 loss_cls 0.0013 acc 0.7634 f1 0.7627 conf_mat [659,87,1,67,0,89,420,1,62,2,5,0,52,27,3,83,55,11,546,18,0,2,5,22,65]
Test: [ 72/200] eta 00:17:04 loss_cls 0.0013 acc 0.7651 f1 0.7643 conf_mat [664,81,1,68,0,92,416,1,63,2,5,0,51,27,4,83,53,10,550,17,0,2,5,22,65]
Test: [ 73/200] eta 00:16:56 loss_cls 0.0012 acc 0.7647 f1 0.7639 conf_mat [659,85,1,69,0,90,417,1,64,2,4,0,52,28,3,80,51,11,554,17,0,2,5,24,63]
Test: [ 74/200] eta 00:16:48 loss_cls 0.0012 acc 0.7625 f1 0.7617 conf_mat [654,90,1,69,0,89,419,1,63,2,5,0,50,28,4,78,55,10,554,16,0,2,4,25,63]
Test: [ 75/200] eta 00:16:40 loss_cls 0.0012 acc 0.7634 f1 0.7624 conf_mat [660,83,1,70,0,91,416,1,64,2,5,0,49,28,5,82,51,10,553,17,0,2,5,23,64]
Test: [ 76/200] eta 00:16:32 loss_cls 0.0011 acc 0.7656 f1 0.7648 conf_mat [659,85,1,69,0,89,418,1,64,2,5,0,52,27,3,79,52,11,554,17,0,2,5,23,64]
Test: [ 77/200] eta 00:16:24 loss_cls 0.0011 acc 0.7664 f1 0.7656 conf_mat [663,84,1,66,0,90,418,1,63,2,4,0,51,29,3,81,51,10,554,17,0,2,5,24,63]
Test: [ 78/200] eta 00:16:16 loss_cls 0.0011 acc 0.7647 f1 0.7639 conf_mat [660,83,1,70,0,90,418,1,63,2,5,0,52,27,3,83,51,11,551,17,0,2,5,23,64]
Test: [ 79/200] eta 00:16:08 loss_cls 0.0011 acc 0.7629 f1 0.7622 conf_mat [656,87,1,70,0,89,420,1,62,2,5,0,51,28,3,82,53,10,551,17,0,2,5,24,63]
Test: [ 80/200] eta 00:16:00 loss_cls 0.0010 acc 0.7669 f1 0.7660 conf_mat [661,82,1,70,0,90,417,1,64,2,4,0,51,29,3,77,52,10,558,16,0,2,4,25,63]
Test: [ 81/200] eta 00:15:52 loss_cls 0.0010 acc 0.7651 f1 0.7644 conf_mat [661,82,1,70,0,90,419,1,62,2,5,0,52,27,3,82,52,11,551,17,0,2,5,24,63]
Test: [ 82/200] eta 00:13:46 loss_cls 0.0010 acc 0.7647 f1 0.7638 conf_mat [660,85,1,68,0,88,421,1,62,2,4,0,49,29,5,81,54,10,552,16,0,2,4,25,63]
Test: [ 83/200] eta 00:13:39 loss_cls 0.0010 acc 0.7642 f1 0.7635 conf_mat [656,86,1,71,0,89,419,1,63,2,5,0,51,28,3,79,53,10,554,17,0,2,5,23,64]
Test: [ 84/200] eta 00:13:32 loss_cls 0.0010 acc 0.7642 f1 0.7636 conf_mat [657,88,1,68,0,89,419,1,63,2,5,0,52,27,3,81,53,10,552,17,0,2,5,23,64]
Test: [ 85/200] eta 00:15:20 loss_cls 0.0009 acc 0.7656 f1 0.7648 conf_mat [661,83,1,69,0,90,418,1,63,2,4,0,52,28,3,82,52,11,552,16,0,2,5,23,64]
Test: [ 86/200] eta 00:15:12 loss_cls 0.0009 acc 0.7651 f1 0.7643 conf_mat [662,82,1,69,0,90,417,1,64,2,5,0,52,27,3,82,52,11,551,17,0,2,5,23,64]
Test: [ 87/200] eta 00:15:04 loss_cls 0.0009 acc 0.7651 f1 0.7643 conf_mat [660,84,1,69,0,90,418,1,63,2,4,0,51,29,3,82,52,10,553,16,0,2,5,23,64]
Test: [ 88/200] eta 00:14:56 loss_cls 0.0009 acc 0.7660 f1 0.7652 conf_mat [663,85,1,65,0,90,419,1,62,2,5,0,52,27,3,81,54,11,550,17,0,2,5,23,64]
Test: [ 89/200] eta 00:14:48 loss_cls 0.0009 acc 0.7647 f1 0.7639 conf_mat [658,87,1,68,0,89,419,1,63,2,4,0,51,29,3,80,53,10,554,16,0,2,5,24,63]
Test: [ 90/200] eta 00:14:40 loss_cls 0.0009 acc 0.7651 f1 0.7644 conf_mat [657,87,1,69,0,87,422,1,62,2,4,0,51,29,3,81,53,10,553,16,0,2,5,24,63]
Test: [ 91/200] eta 00:14:32 loss_cls 0.0009 acc 0.7647 f1 0.7638 conf_mat [661,86,1,66,0,89,420,1,62,2,4,0,50,29,4,81,55,10,551,16,0,2,5,24,63]
Test: [ 92/200] eta 00:14:24 loss_cls 0.0009 acc 0.7642 f1 0.7634 conf_mat [660,84,1,69,0,89,419,1,63,2,5,0,49,28,5,81,53,10,551,18,0,2,5,22,65]
Test: [ 93/200] eta 00:14:16 loss_cls 0.0008 acc 0.7660 f1 0.7653 conf_mat [659,87,1,67,0,89,421,1,61,2,5,0,52,27,3,81,53,11,552,16,0,2,5,23,64]
Test: [ 94/200] eta 00:14:08 loss_cls 0.0008 acc 0.7669 f1 0.7661 conf_mat [662,84,1,67,0,90,420,1,61,2,5,0,52,27,3,82,52,11,551,17,0,2,5,22,65]
Test: [ 95/200] eta 00:14:00 loss_cls 0.0008 acc 0.7673 f1 0.7666 conf_mat [663,84,1,66,0,90,420,1,61,2,5,0,52,27,3,82,52,11,551,17,0,2,5,22,65]
Test: [ 96/200] eta 00:13:52 loss_cls 0.0008 acc 0.7660 f1 0.7652 conf_mat [663,84,1,66,0,91,419,1,61,2,5,0,52,27,3,85,52,11,549,16,0,2,5,22,65]
Test: [ 97/200] eta 00:13:44 loss_cls 0.0008 acc 0.7651 f1 0.7645 conf_mat [657,89,1,67,0,88,421,1,62,2,5,0,52,27,3,81,53,11,552,16,0,2,5,23,64]
Test: [ 98/200] eta 00:13:36 loss_cls 0.0008 acc 0.7656 f1 0.7648 conf_mat [660,85,1,68,0,90,420,1,61,2,5,0,52,27,3,82,53,10,552,16,0,2,5,24,63]
Test: [ 99/200] eta 00:13:28 loss_cls 0.0008 acc 0.7669 f1 0.7661 conf_mat [664,82,1,67,0,91,419,1,61,2,5,0,52,27,3,83,52,11,550,17,0,2,5,22,65]
Test: [100/200] eta 00:13:20 loss_cls 0.0008 acc 0.7647 f1 0.7640 conf_mat [657,87,1,69,0,88,421,1,62,2,4,0,51,28,4,81,53,11,551,17,0,2,5,22,65]
Test: [101/200] eta 00:13:12 loss_cls 0.0008 acc 0.7651 f1 0.7645 conf_mat [658,88,1,67,0,89,421,1,61,2,4,0,52,28,3,81,54,11,551,16,0,2,5,23,64]
Test: [102/200] eta 00:13:04 loss_cls 0.0007 acc 0.7656 f1 0.7649 conf_mat [658,86,1,69,0,89,421,1,61,2,4,0,52,28,3,81,53,11,552,16,0,2,5,23,64]
Test: [103/200] eta 00:12:56 loss_cls 0.0008 acc 0.7642 f1 0.7636 conf_mat [655,89,1,69,0,88,421,1,62,2,4,0,52,28,3,81,53,11,551,17,0,2,5,22,65]
Test: [104/200] eta 00:12:48 loss_cls 0.0008 acc 0.7660 f1 0.7651 conf_mat [663,83,1,67,0,91,419,1,61,2,4,0,50,29,4,82,53,10,552,16,0,2,5,23,64]
Test: [105/200] eta 00:12:40 loss_cls 0.0007 acc 0.7673 f1 0.7666 conf_mat [661,84,1,68,0,89,421,1,61,2,4,0,52,28,3,81,53,11,552,16,0,2,5,22,65]
Test: [106/200] eta 00:12:32 loss_cls 0.0007 acc 0.7651 f1 0.7645 conf_mat [656,88,1,69,0,88,421,1,62,2,4,0,52,28,3,81,53,11,552,16,0,2,5,22,65]
Test: [107/200] eta 00:10:51 loss_cls 0.0007 acc 0.7656 f1 0.7649 conf_mat [659,86,1,68,0,89,421,1,61,2,4,0,52,28,3,81,54,11,550,17,0,2,5,22,65]
Test: [108/200] eta 00:10:44 loss_cls 0.0007 acc 0.7656 f1 0.7649 conf_mat [658,87,1,68,0,89,421,1,61,2,5,0,52,27,3,82,53,11,551,16,0,2,5,22,65]
Test: [109/200] eta 00:10:37 loss_cls 0.0007 acc 0.7660 f1 0.7653 conf_mat [658,87,1,68,0,89,421,1,61,2,4,0,52,28,3,81,53,11,552,16,0,2,5,22,65]
Test: [110/200] eta 00:10:30 loss_cls 0.0007 acc 0.7664 f1 0.7657 conf_mat [661,84,1,68,0,90,420,1,61,2,4,0,52,28,3,82,53,11,551,16,0,2,5,22,65]
Test: [111/200] eta 00:10:23 loss_cls 0.0007 acc 0.7664 f1 0.7657 conf_mat [662,83,1,68,0,91,419,1,61,2,5,0,52,27,3,83,52,11,551,16,0,2,5,22,65]
Test: [112/200] eta 00:11:44 loss_cls 0.0007 acc 0.7647 f1 0.7640 conf_mat [658,88,1,67,0,90,420,1,61,2,5,0,52,27,3,82,54,11,550,16,0,2,5,22,65]
Test: [113/200] eta 00:11:36 loss_cls 0.0007 acc 0.7669 f1 0.7662 conf_mat [661,84,1,68,0,89,421,1,61,2,5,0,52,27,3,83,52,11,551,16,0,2,5,22,65]
Test: [114/200] eta 00:11:28 loss_cls 0.0007 acc 0.7651 f1 0.7645 conf_mat [658,87,1,68,0,89,421,1,61,2,4,0,52,28,3,82,54,11,550,16,0,2,5,22,65]
Test: [115/200] eta 00:11:20 loss_cls 0.0007 acc 0.7656 f1 0.7649 conf_mat [658,87,1,68,0,89,421,1,61,2,4,0,52,28,3,82,53,11,551,16,0,2,5,22,65]
Test: [116/200] eta 00:11:12 loss_cls 0.0007 acc 0.7651 f1 0.7644 conf_mat [658,87,1,68,0,89,421,1,61,2,5,0,51,27,4,82,53,11,551,16,0,2,5,22,65]
Test: [117/200] eta 00:11:04 loss_cls 0.0007 acc 0.7656 f1 0.7649 conf_mat [658,87,1,68,0,89,421,1,61,2,4,0,52,28,3,82,53,11,551,16,0,2,5,22,65]
Test: [118/200] eta 00:10:56 loss_cls 0.0007 acc 0.7656 f1 0.7649 conf_mat [658,87,1,68,0,89,421,1,61,2,4,0,51,28,4,81,53,11,552,16,0,2,5,22,65]
Test: [119/200] eta 00:10:48 loss_cls 0.0007 acc 0.7651 f1 0.7644 conf_mat [658,87,1,68,0,88,421,1,62,2,4,0,52,28,3,81,53,11,552,16,0,2,5,24,63]
Test: [120/200] eta 00:10:40 loss_cls 0.0007 acc 0.7656 f1 0.7649 conf_mat [658,87,1,68,0,89,421,1,61,2,5,0,52,27,3,82,53,11,551,16,0,2,5,22,65]
Test: [121/200] eta 00:10:32 loss_cls 0.0007 acc 0.7651 f1 0.7645 conf_mat [657,88,1,68,0,88,421,1,62,2,4,0,52,28,3,81,54,11,551,16,0,2,5,22,65]
Test: [122/200] eta 00:10:24 loss_cls 0.0007 acc 0.7642 f1 0.7635 conf_mat [656,87,1,70,0,88,420,1,63,2,4,0,50,29,4,81,53,10,553,16,0,2,5,22,65]
Test: [123/200] eta 00:10:16 loss_cls 0.0007 acc 0.7638 f1 0.7631 conf_mat [656,88,1,69,0,88,421,1,62,2,4,0,50,29,4,81,54,11,551,16,0,2,5,22,65]
Test: [124/200] eta 00:10:08 loss_cls 0.0007 acc 0.7642 f1 0.7636 conf_mat [655,89,1,69,0,86,423,1,62,2,4,0,50,29,4,80,55,11,551,16,0,2,5,22,65]
Test: [125/200] eta 00:10:00 loss_cls 0.0007 acc 0.7660 f1 0.7652 conf_mat [660,85,1,68,0,88,421,1,62,2,4,0,50,29,4,81,53,10,553,16,0,2,5,23,64]
Test: [126/200] eta 00:09:52 loss_cls 0.0007 acc 0.7669 f1 0.7661 conf_mat [659,85,1,69,0,87,422,1,62,2,4,0,51,29,3,80,52,10,555,16,0,2,5,24,63]
Test: [127/200] eta 00:09:44 loss_cls 0.0006 acc 0.7634 f1 0.7627 conf_mat [653,90,1,70,0,87,422,1,62,2,4,0,50,29,4,79,55,10,553,16,0,2,5,23,64]
Test: [128/200] eta 00:09:36 loss_cls 0.0007 acc 0.7647 f1 0.7640 conf_mat [658,87,1,68,0,89,421,1,61,2,5,0,52,27,3,82,54,11,550,16,0,2,5,23,64]
Test: [129/200] eta 00:09:28 loss_cls 0.0007 acc 0.7642 f1 0.7636 conf_mat [655,87,1,71,0,88,420,1,63,2,4,0,52,28,3,80,54,11,552,16,0,2,5,22,65]
Test: [130/200] eta 00:09:20 loss_cls 0.0007 acc 0.7629 f1 0.7622 conf_mat [655,87,1,71,0,88,419,1,64,2,4,0,51,29,3,80,53,11,553,16,0,2,5,24,63]
Test: [131/200] eta 00:09:12 loss_cls 0.0006 acc 0.7634 f1 0.7627 conf_mat [655,88,1,70,0,88,421,1,62,2,4,0,52,28,3,81,54,11,551,16,0,2,5,24,63]
Test: [132/200] eta 00:09:04 loss_cls 0.0006 acc 0.7647 f1 0.7640 conf_mat [657,87,1,69,0,88,421,1,62,2,4,0,52,28,3,81,54,11,551,16,0,2,5,23,64]
Test: [133/200] eta 00:08:56 loss_cls 0.0006 acc 0.7638 f1 0.7631 conf_mat [656,87,1,70,0,88,421,1,62,2,4,0,50,29,4,81,53,11,552,16,0,2,5,23,64]
Test: [134/200] eta 00:08:48 loss_cls 0.0006 acc 0.7651 f1 0.7645 conf_mat [655,88,1,70,0,86,423,1,62,2,4,0,52,28,3,79,55,11,552,16,0,2,5,23,64]
Test: [135/200] eta 00:07:35 loss_cls 0.0006 acc 0.7651 f1 0.7645 conf_mat [657,87,1,69,0,89,421,1,61,2,4,0,52,28,3,81,53,11,552,16,0,2,5,23,64]
Test: [136/200] eta 00:07:28 loss_cls 0.0007 acc 0.7656 f1 0.7649 conf_mat [658,87,1,68,0,89,421,1,61,2,4,0,52,28,3,81,54,11,551,16,0,2,5,22,65]
Test: [137/200] eta 00:07:21 loss_cls 0.0006 acc 0.7651 f1 0.7645 conf_mat [656,88,1,69,0,88,422,1,61,2,4,0,52,28,3,80,55,11,551,16,0,2,5,22,65]
Test: [138/200] eta 00:08:16 loss_cls 0.0006 acc 0.7647 f1 0.7641 conf_mat [657,88,1,68,0,89,421,1,61,2,5,0,52,27,3,81,55,11,550,16,0,2,5,22,65]
Test: [139/200] eta 00:08:08 loss_cls 0.0006 acc 0.7656 f1 0.7649 conf_mat [659,87,1,67,0,89,421,1,61,2,5,0,52,27,3,82,54,11,550,16,0,2,5,22,65]
Test: [140/200] eta 00:08:00 loss_cls 0.0006 acc 0.7651 f1 0.7644 conf_mat [659,87,1,67,0,89,421,1,61,2,5,0,52,27,3,83,53,11,550,16,0,2,5,23,64]
Test: [141/200] eta 00:07:52 loss_cls 0.0006 acc 0.7651 f1 0.7644 conf_mat [658,87,1,68,0,89,421,1,61,2,4,0,51,28,4,81,54,11,551,16,0,2,5,22,65]
Test: [142/200] eta 00:07:44 loss_cls 0.0006 acc 0.7660 f1 0.7653 conf_mat [658,87,1,68,0,89,421,1,61,2,4,0,52,28,3,81,53,11,552,16,0,2,5,22,65]
Test: [143/200] eta 00:07:36 loss_cls 0.0006 acc 0.7651 f1 0.7645 conf_mat [658,87,1,68,0,89,421,1,61,2,5,0,52,27,3,82,54,11,550,16,0,2,5,22,65]
Test: [144/200] eta 00:07:28 loss_cls 0.0006 acc 0.7651 f1 0.7645 conf_mat [658,87,1,68,0,89,421,1,61,2,4,0,52,28,3,81,54,11,551,16,0,2,5,23,64]
Test: [145/200] eta 00:08:15 loss_cls 0.0006 acc 0.7656 f1 0.7649 conf_mat [659,86,1,68,0,89,420,1,62,2,4,0,52,28,3,82,52,11,552,16,0,2,5,23,64]
Test: [146/200] eta 00:07:12 loss_cls 0.0006 acc 0.7651 f1 0.7645 conf_mat [657,87,1,69,0,89,421,1,61,2,4,0,52,28,3,81,53,11,552,16,0,2,5,23,64]
Test: [147/200] eta 00:07:57 loss_cls 0.0006 acc 0.7656 f1 0.7648 conf_mat [658,87,1,68,0,89,420,1,62,2,4,0,50,29,4,81,52,10,554,16,0,2,5,22,65]
Test: [148/200] eta 00:07:48 loss_cls 0.0006 acc 0.7664 f1 0.7658 conf_mat [658,87,1,68,0,89,421,1,61,2,4,0,53,27,3,81,53,11,552,16,0,2,5,22,65]
Test: [149/200] eta 00:07:39 loss_cls 0.0006 acc 0.7651 f1 0.7645 conf_mat [656,88,1,69,0,87,422,1,62,2,4,0,52,28,3,81,54,11,551,16,0,2,5,22,65]
Test: [150/200] eta 00:07:30 loss_cls 0.0006 acc 0.7656 f1 0.7649 conf_mat [657,88,1,68,0,87,423,1,61,2,4,0,52,28,3,80,55,11,551,16,0,2,5,23,64]
Test: [151/200] eta 00:06:32 loss_cls 0.0006 acc 0.7642 f1 0.7636 conf_mat [655,88,1,70,0,87,422,1,62,2,4,0,52,28,3,80,55,11,551,16,0,2,5,23,64]
Test: [152/200] eta 00:07:12 loss_cls 0.0006 acc 0.7651 f1 0.7645 conf_mat [658,87,1,68,0,89,421,1,61,2,5,0,52,27,3,82,54,11,550,16,0,2,5,22,65]
Test: [153/200] eta 00:06:16 loss_cls 0.0006 acc 0.7651 f1 0.7645 conf_mat [658,87,1,68,0,89,421,1,61,2,5,0,52,27,3,82,54,11,550,16,0,2,5,22,65]
Test: [154/200] eta 00:06:08 loss_cls 0.0006 acc 0.7656 f1 0.7649 conf_mat [658,87,1,68,0,88,422,1,61,2,5,0,52,27,3,82,54,11,550,16,0,2,5,22,65]
Test: [155/200] eta 00:06:45 loss_cls 0.0006 acc 0.7656 f1 0.7649 conf_mat [658,87,1,68,0,89,421,1,61,2,5,0,52,27,3,81,54,11,551,16,0,2,5,22,65]
Test: [156/200] eta 00:05:52 loss_cls 0.0006 acc 0.7660 f1 0.7653 conf_mat [658,87,1,68,0,89,421,1,61,2,4,0,52,28,3,82,52,11,552,16,0,2,5,22,65]
Test: [157/200] eta 00:05:44 loss_cls 0.0006 acc 0.7651 f1 0.7645 conf_mat [658,87,1,68,0,89,421,1,61,2,4,0,52,28,3,81,54,11,551,16,0,2,5,23,64]
Test: [158/200] eta 00:05:36 loss_cls 0.0006 acc 0.7656 f1 0.7649 conf_mat [658,87,1,68,0,89,421,1,61,2,4,0,52,28,3,81,54,11,551,16,0,2,5,22,65]
Test: [159/200] eta 00:06:09 loss_cls 0.0006 acc 0.7656 f1 0.7649 conf_mat [657,87,1,69,0,89,421,1,61,2,4,0,52,28,3,81,53,11,552,16,0,2,5,22,65]
Test: [160/200] eta 00:05:20 loss_cls 0.0006 acc 0.7660 f1 0.7654 conf_mat [658,87,1,68,0,88,422,1,61,2,4,0,52,28,3,81,54,11,551,16,0,2,5,22,65]
Test: [161/200] eta 00:05:51 loss_cls 0.0006 acc 0.7656 f1 0.7649 conf_mat [657,87,1,69,0,88,421,1,62,2,4,0,52,28,3,81,53,11,552,16,0,2,5,22,65]
Test: [162/200] eta 00:05:04 loss_cls 0.0006 acc 0.7651 f1 0.7644 conf_mat [658,87,1,68,0,89,421,1,61,2,5,0,51,27,4,81,54,11,551,16,0,2,5,22,65]
Test: [163/200] eta 00:04:56 loss_cls 0.0006 acc 0.7656 f1 0.7649 conf_mat [658,87,1,68,0,88,422,1,61,2,5,0,52,27,3,81,54,11,550,17,0,2,5,22,65]
Test: [164/200] eta 00:04:48 loss_cls 0.0006 acc 0.7651 f1 0.7645 conf_mat [658,87,1,68,0,89,421,1,61,2,4,0,53,27,3,82,54,11,549,17,0,2,5,22,65]
Test: [165/200] eta 00:05:15 loss_cls 0.0006 acc 0.7647 f1 0.7640 conf_mat [658,87,1,68,0,89,421,1,61,2,5,0,52,27,3,82,54,11,550,16,0,2,5,23,64]
Test: [166/200] eta 00:05:06 loss_cls 0.0006 acc 0.7660 f1 0.7654 conf_mat [657,88,1,68,0,86,424,1,61,2,4,0,52,28,3,81,54,11,551,16,0,2,5,23,64]
Test: [167/200] eta 00:04:24 loss_cls 0.0006 acc 0.7660 f1 0.7654 conf_mat [658,87,1,68,0,87,423,1,61,2,4,0,52,28,3,81,54,11,551,16,0,2,5,23,64]
Test: [168/200] eta 00:04:16 loss_cls 0.0006 acc 0.7656 f1 0.7649 conf_mat [658,87,1,68,0,88,422,1,61,2,4,0,52,28,3,81,54,11,551,16,0,2,5,23,64]
Test: [169/200] eta 00:04:39 loss_cls 0.0006 acc 0.7647 f1 0.7640 conf_mat [658,87,1,68,0,89,421,1,61,2,5,0,52,27,3,82,54,11,549,17,0,2,5,22,65]
Test: [170/200] eta 00:04:30 loss_cls 0.0006 acc 0.7651 f1 0.7645 conf_mat [658,87,1,68,0,89,421,1,61,2,5,0,52,27,3,82,54,11,550,16,0,2,5,22,65]
Test: [171/200] eta 00:04:21 loss_cls 0.0006 acc 0.7651 f1 0.7643 conf_mat [658,87,1,68,0,89,420,1,62,2,4,0,50,29,4,82,51,11,553,16,0,2,5,22,65]
Test: [172/200] eta 00:04:12 loss_cls 0.0006 acc 0.7651 f1 0.7645 conf_mat [658,87,1,68,0,89,421,1,61,2,5,0,52,27,3,83,53,11,550,16,0,2,5,22,65]
Test: [173/200] eta 00:04:03 loss_cls 0.0006 acc 0.7656 f1 0.7649 conf_mat [658,87,1,68,0,89,421,1,61,2,5,0,52,27,3,81,54,11,551,16,0,2,5,22,65]
Test: [174/200] eta 00:03:28 loss_cls 0.0006 acc 0.7656 f1 0.7649 conf_mat [657,88,1,68,0,87,423,1,61,2,5,0,52,27,3,82,54,11,550,16,0,2,5,22,65]
Test: [175/200] eta 00:03:20 loss_cls 0.0006 acc 0.7660 f1 0.7654 conf_mat [656,88,1,69,0,85,424,1,62,2,4,0,52,28,3,80,55,11,551,16,0,2,5,22,65]
Test: [176/200] eta 00:03:12 loss_cls 0.0006 acc 0.7656 f1 0.7649 conf_mat [658,87,1,68,0,89,420,1,62,2,4,0,52,28,3,81,52,11,553,16,0,2,5,23,64]
Test: [177/200] eta 00:03:04 loss_cls 0.0006 acc 0.7660 f1 0.7653 conf_mat [658,87,1,68,0,89,421,1,61,2,4,0,52,28,3,81,53,11,552,16,0,2,5,22,65]
Test: [178/200] eta 00:02:56 loss_cls 0.0006 acc 0.7651 f1 0.7643 conf_mat [660,85,1,68,0,89,418,1,64,2,4,0,51,29,3,82,51,10,554,16,0,2,5,24,63]
Test: [179/200] eta 00:02:48 loss_cls 0.0006 acc 0.7651 f1 0.7644 conf_mat [659,86,1,68,0,89,421,1,61,2,5,0,51,27,4,83,53,11,550,16,0,2,5,22,65]
Test: [180/200] eta 00:02:40 loss_cls 0.0006 acc 0.7651 f1 0.7645 conf_mat [658,87,1,68,0,89,421,1,61,2,4,0,52,28,3,81,54,11,551,16,0,2,5,23,64]
Test: [181/200] eta 00:02:32 loss_cls 0.0006 acc 0.7647 f1 0.7640 conf_mat [658,87,1,68,0,89,421,1,61,2,5,0,52,27,3,82,54,11,550,16,0,2,5,23,64]
Test: [182/200] eta 00:02:24 loss_cls 0.0006 acc 0.7660 f1 0.7654 conf_mat [658,87,1,68,0,87,423,1,61,2,5,0,52,27,3,82,54,11,550,16,0,2,5,22,65]
Test: [183/200] eta 00:02:16 loss_cls 0.0006 acc 0.7656 f1 0.7649 conf_mat [657,88,1,68,0,87,423,1,61,2,5,0,51,27,4,80,55,11,551,16,0,2,5,22,65]
Test: [184/200] eta 00:02:08 loss_cls 0.0006 acc 0.7656 f1 0.7649 conf_mat [657,88,1,68,0,87,423,1,61,2,5,0,51,27,4,80,55,11,551,16,0,2,5,22,65]
Test: [185/200] eta 00:02:00 loss_cls 0.0006 acc 0.7656 f1 0.7649 conf_mat [657,87,1,69,0,86,423,1,62,2,4,0,51,28,4,81,54,11,551,16,0,2,5,22,65]
Test: [186/200] eta 00:01:52 loss_cls 0.0006 acc 0.7664 f1 0.7658 conf_mat [658,87,1,68,0,87,423,1,61,2,4,0,52,28,3,81,54,11,551,16,0,2,5,22,65]
Test: [187/200] eta 00:01:31 loss_cls 0.0006 acc 0.7651 f1 0.7645 conf_mat [659,87,1,67,0,89,421,1,61,2,5,0,52,26,4,83,53,11,549,17,0,2,5,22,65]
Test: [188/200] eta 00:01:24 loss_cls 0.0006 acc 0.7660 f1 0.7653 conf_mat [658,87,1,68,0,87,423,1,61,2,4,0,51,28,4,81,54,11,551,16,0,2,5,22,65]
Test: [189/200] eta 00:01:17 loss_cls 0.0006 acc 0.7660 f1 0.7654 conf_mat [658,87,1,68,0,87,423,1,61,2,4,0,52,28,3,81,54,11,551,16,0,2,5,23,64]
Test: [190/200] eta 00:01:10 loss_cls 0.0006 acc 0.7656 f1 0.7649 conf_mat [657,88,1,68,0,87,423,1,61,2,4,0,52,28,3,80,55,11,551,16,0,2,5,23,64]
Test: [191/200] eta 00:01:03 loss_cls 0.0006 acc 0.7656 f1 0.7649 conf_mat [657,88,1,68,0,87,423,1,61,2,4,0,52,28,3,80,55,11,551,16,0,2,5,23,64]
Test: [192/200] eta 00:01:04 loss_cls 0.0006 acc 0.7660 f1 0.7654 conf_mat [655,88,1,70,0,85,424,1,62,2,4,0,52,28,3,78,55,11,553,16,0,2,5,23,64]
Test: [193/200] eta 00:00:56 loss_cls 0.0006 acc 0.7660 f1 0.7654 conf_mat [657,88,1,68,0,86,424,1,61,2,4,0,52,28,3,80,55,11,551,16,0,2,5,23,64]
Test: [194/200] eta 00:00:48 loss_cls 0.0006 acc 0.7664 f1 0.7659 conf_mat [655,88,1,70,0,85,424,1,62,2,4,0,52,28,3,78,55,11,553,16,0,2,5,22,65]
Test: [195/200] eta 00:00:40 loss_cls 0.0006 acc 0.7664 f1 0.7658 conf_mat [658,87,1,68,0,87,423,1,61,2,4,0,52,28,3,81,54,11,551,16,0,2,5,22,65]
Test: [196/200] eta 00:00:32 loss_cls 0.0006 acc 0.7669 f1 0.7662 conf_mat [658,87,1,68,0,87,423,1,61,2,4,0,52,28,3,81,53,11,552,16,0,2,5,22,65]
Test: [197/200] eta 00:00:24 loss_cls 0.0006 acc 0.7664 f1 0.7658 conf_mat [658,87,1,68,0,87,423,1,61,2,4,0,52,28,3,81,54,11,551,16,0,2,5,22,65]
Test: [198/200] eta 00:00:18 loss_cls 0.0006 acc 0.7651 f1 0.7645 conf_mat [657,88,1,68,0,86,424,1,61,2,5,0,51,27,4,81,55,11,549,17,0,2,5,22,65]
Test: [199/200] eta 00:00:08 loss_cls 0.0006 acc 0.7656 f1 0.7649 conf_mat [658,87,1,68,0,87,423,1,61,2,5,0,51,27,4,82,54,11,550,16,0,2,5,22,65]
Test: [200/200] eta 00:00:00 loss_cls 0.0006 acc 0.7660 f1 0.7654 conf_mat [658,87,1,68,0,87,423,1,61,2,5,0,52,27,3,82,54,11,550,16,0,2,5,22,65]
