model = dict(
    type='Classifier',
    backbone=dict(
        type='MyResNetV1d',
        depth=34,
        num_stages=4,
        out_indices=(0, 1, 2, 3),
        frozen_stages=1,
        norm_cfg=dict(type='BN', requires_grad=True),
        norm_eval=True,
        style='pytorch',
        init_cfg=dict(
            type='ft', checkpoint='../work_dirs/untrained/ResNetV1d34.pth')),
    classifier=dict(dim_in=512, dim_mid=256, dim_out=5))
optimizer = dict(type='SGD', lr=0.001, momentum=0.9, weight_decay=0.0001)
runner = dict(epoch=200)
data = dict(
    type='OpenSARShip',
    root='../data/opensarship',
    n_class=5,
    percentage=70,
    image_size=64,
    normalize=dict(
        mean=[
            0.026807075832908405, 0.026807075832908405, 0.026807075832908405
        ],
        std=[0.039102898421077066, 0.039102898421077066,
             0.039102898421077066]),
    workers=2,
    batch_size=dict(pretrain=1024, train=512, val=2048))
checkpoints = dict(
    folders=['../work_dirs/untrained'], index=['ResNetV1d34.pth'])
test_mode = 'ft'
work_dir = '../work_dirs/classifier_opensarship_single_ft'
log_file = '../work_dirs/classifier_opensarship_single_ft/20221010_144618.log'
Test: [  1/200] eta 00:33:10 loss_cls 1.5023 acc 0.2515 f1 nan conf_mat [0,814,0,0,0,0,574,0,0,0,0,87,0,0,0,0,712,1,0,0,0,93,1,0,0]
Test: [  2/200] eta 00:29:42 loss_cls 1.3454 acc 0.3103 f1 nan conf_mat [59,745,0,10,0,13,558,0,3,0,9,36,0,42,0,56,566,0,91,0,22,30,0,42,0]
Test: [  3/200] eta 00:26:16 loss_cls 1.2625 acc 0.4229 f1 nan conf_mat [293,480,0,41,0,83,478,0,13,0,14,4,0,69,0,153,366,0,194,0,12,15,0,67,0]
Test: [  4/200] eta 00:26:08 loss_cls 1.2048 acc 0.4746 f1 nan conf_mat [403,353,0,58,0,132,417,0,25,0,8,2,0,77,0,163,287,0,263,0,10,12,0,72,0]
Test: [  5/200] eta 00:26:00 loss_cls 1.1603 acc 0.4917 f1 nan conf_mat [415,254,0,145,0,178,347,0,49,0,5,1,0,81,0,167,186,0,360,0,5,8,0,81,0]
Test: [  6/200] eta 00:25:52 loss_cls 1.1236 acc 0.5188 f1 nan conf_mat [508,181,0,125,0,227,301,0,46,0,5,1,0,81,0,218,120,0,375,0,9,1,0,84,0]
Test: [  7/200] eta 00:25:44 loss_cls 1.0933 acc 0.5263 f1 nan conf_mat [430,209,0,175,0,177,325,0,72,0,2,1,0,84,0,135,132,0,446,0,4,2,0,88,0]
Test: [  8/200] eta 00:25:36 loss_cls 1.0660 acc 0.5491 f1 nan conf_mat [473,196,0,145,0,175,320,0,79,0,1,1,0,85,0,133,120,0,460,0,3,2,0,89,0]
Test: [  9/200] eta 00:25:28 loss_cls 1.0382 acc 0.5749 f1 0.5652 conf_mat [494,217,1,102,0,160,341,0,73,0,4,1,10,72,0,143,118,3,449,0,1,3,1,71,18]
Test: [ 10/200] eta 00:25:20 loss_cls 1.0171 acc 0.5574 f1 0.5419 conf_mat [333,255,0,226,0,70,387,0,117,0,0,1,6,78,2,55,135,1,519,3,1,3,1,62,27]
Test: [ 11/200] eta 00:25:12 loss_cls 0.9966 acc 0.5631 f1 0.5545 conf_mat [354,230,4,226,0,83,362,0,129,0,0,1,21,64,1,58,117,13,521,4,1,2,4,60,27]
Test: [ 12/200] eta 00:25:04 loss_cls 0.9764 acc 0.5995 f1 0.5929 conf_mat [459,233,1,121,0,107,367,0,100,0,0,0,15,71,1,93,107,8,501,4,1,2,3,62,26]
Test: [ 13/200] eta 00:24:56 loss_cls 0.9594 acc 0.5925 f1 0.5836 conf_mat [432,205,0,177,0,99,341,0,134,0,0,0,15,72,0,70,93,7,541,2,1,2,3,65,23]
Test: [ 14/200] eta 00:24:48 loss_cls 0.9424 acc 0.6166 f1 0.6150 conf_mat [456,231,4,123,0,100,381,1,92,0,0,0,31,55,1,72,116,17,504,4,1,2,2,54,35]
Test: [ 15/200] eta 00:24:40 loss_cls 0.9261 acc 0.6266 f1 0.6270 conf_mat [511,228,3,72,0,114,391,1,68,0,3,1,30,47,6,97,121,19,452,24,1,3,3,41,46]
Test: [ 16/200] eta 00:24:32 loss_cls 0.9134 acc 0.6297 f1 0.6285 conf_mat [556,197,1,60,0,161,351,1,61,0,7,0,32,46,2,130,101,16,459,7,2,2,3,48,39]
Test: [ 17/200] eta 00:24:24 loss_cls 0.8996 acc 0.6376 f1 0.6352 conf_mat [527,211,0,76,0,121,376,0,77,0,4,0,24,57,2,98,106,14,491,4,1,2,2,52,37]
Test: [ 18/200] eta 00:24:16 loss_cls 0.8884 acc 0.6446 f1 0.6448 conf_mat [535,198,1,80,0,125,374,1,74,0,1,0,34,47,5,90,106,18,480,19,1,2,3,40,48]
Test: [ 19/200] eta 00:21:07 loss_cls 0.8764 acc 0.6503 f1 0.6510 conf_mat [549,195,5,65,0,132,378,1,63,0,3,0,43,39,2,99,103,30,472,9,1,2,5,44,42]
Test: [ 20/200] eta 00:21:00 loss_cls 0.8673 acc 0.6328 f1 0.6329 conf_mat [568,212,2,32,0,140,397,2,34,1,9,2,42,26,8,148,122,25,383,35,4,4,5,27,54]
Test: [ 21/200] eta 00:23:52 loss_cls 0.8634 acc 0.5793 f1 0.5634 conf_mat [679,121,0,14,0,242,312,0,20,0,31,0,19,34,3,350,79,7,270,7,11,2,3,36,42]
Test: [ 22/200] eta 00:23:44 loss_cls 0.8502 acc 0.6025 f1 0.5889 conf_mat [701,94,0,19,0,263,286,2,23,0,20,0,38,28,1,299,68,20,325,1,7,2,6,54,25]
Test: [ 23/200] eta 00:23:36 loss_cls 0.8452 acc 0.6560 f1 0.6530 conf_mat [582,159,0,73,0,143,353,0,78,0,7,0,32,46,2,127,78,12,492,4,2,2,3,49,38]
Test: [ 24/200] eta 00:26:24 loss_cls 0.8447 acc 0.6060 f1 0.6058 conf_mat [394,281,13,123,3,51,459,5,57,2,0,0,58,15,14,52,147,57,409,48,1,4,6,20,63]
Test: [ 25/200] eta 00:23:20 loss_cls 0.8390 acc 0.6389 f1 0.6361 conf_mat [447,265,0,102,0,61,433,0,80,0,0,0,20,60,7,49,121,6,507,30,1,2,2,38,51]
Test: [ 26/200] eta 00:23:12 loss_cls 0.8212 acc 0.6547 f1 0.6543 conf_mat [594,189,0,31,0,144,397,2,31,0,4,0,44,35,4,150,111,22,406,24,2,4,4,31,53]
Test: [ 27/200] eta 00:23:04 loss_cls 0.8134 acc 0.6595 f1 0.6546 conf_mat [653,142,0,19,0,184,364,0,26,0,8,0,38,39,2,189,91,13,417,3,3,2,3,53,33]
Test: [ 28/200] eta 00:22:56 loss_cls 0.8048 acc 0.6665 f1 0.6549 conf_mat [670,89,0,55,0,194,316,0,64,0,5,0,20,61,1,166,55,3,488,1,2,2,2,61,27]
Test: [ 29/200] eta 00:22:48 loss_cls 0.7947 acc 0.6626 f1 0.6631 conf_mat [495,175,6,138,0,82,378,2,112,0,0,0,52,33,2,56,67,37,538,15,1,2,6,36,49]
Test: [ 30/200] eta 00:22:40 loss_cls 0.7896 acc 0.6591 f1 0.6538 conf_mat [475,203,0,136,0,75,398,0,101,0,0,0,20,64,3,53,83,4,568,5,1,2,2,46,43]
Test: [ 31/200] eta 00:22:32 loss_cls 0.7831 acc 0.6705 f1 0.6669 conf_mat [665,120,0,29,0,188,358,2,26,0,6,0,44,35,2,195,78,16,418,6,3,2,4,40,45]
Test: [ 32/200] eta 00:22:24 loss_cls 0.7753 acc 0.6757 f1 0.6706 conf_mat [670,111,0,33,0,190,347,0,37,0,6,0,32,47,2,181,68,8,450,6,2,2,3,44,43]
Test: [ 33/200] eta 00:22:16 loss_cls 0.7785 acc 0.6148 f1 0.6114 conf_mat [356,295,12,151,0,27,448,6,91,2,0,0,59,19,9,34,113,50,477,39,1,2,5,23,63]
Test: [ 34/200] eta 00:22:08 loss_cls 0.7703 acc 0.6683 f1 0.6545 conf_mat [732,46,0,36,0,252,280,0,42,0,7,0,25,54,1,203,44,6,457,3,2,2,2,57,31]
Test: [ 35/200] eta 00:22:00 loss_cls 0.7647 acc 0.6266 f1 0.6264 conf_mat [386,355,2,71,0,33,495,3,42,1,0,0,42,29,16,44,160,18,445,46,1,5,4,22,62]
Test: [ 36/200] eta 00:21:52 loss_cls 0.7584 acc 0.6639 f1 0.6581 conf_mat [696,95,0,23,0,215,335,1,23,0,9,0,40,36,2,233,61,13,400,6,3,2,4,41,44]
Test: [ 37/200] eta 00:24:27 loss_cls 0.7545 acc 0.6854 f1 0.6795 conf_mat [704,75,0,35,0,213,317,1,43,0,6,0,47,33,1,193,46,14,454,6,2,2,5,43,42]
Test: [ 38/200] eta 00:21:36 loss_cls 0.7463 acc 0.5539 f1 0.5167 conf_mat [181,250,1,382,0,9,404,0,161,0,0,0,26,59,2,16,74,11,608,4,0,2,2,45,45]
Test: [ 39/200] eta 00:21:28 loss_cls 0.7555 acc 0.6941 f1 0.6880 conf_mat [660,103,0,51,0,166,340,1,67,0,3,0,46,38,0,125,57,19,509,3,1,2,6,56,29]
Test: [ 40/200] eta 00:21:20 loss_cls 0.7397 acc 0.6117 f1 0.6020 conf_mat [326,253,0,235,0,23,435,0,116,0,0,0,41,42,4,35,94,19,540,25,0,2,3,35,54]
Test: [ 41/200] eta 00:18:33 loss_cls 0.7368 acc 0.6525 f1 0.6405 conf_mat [724,58,0,32,0,252,282,0,40,0,16,0,36,35,0,248,36,7,422,0,5,2,4,58,25]
Test: [ 42/200] eta 00:21:04 loss_cls 0.7246 acc 0.7077 f1 0.7029 conf_mat [632,104,0,78,0,132,361,0,81,0,2,0,33,51,1,92,59,8,550,4,1,2,2,50,39]
Test: [ 43/200] eta 00:20:56 loss_cls 0.7241 acc 0.6547 f1 0.6530 conf_mat [490,206,0,118,0,82,418,0,74,0,0,0,30,54,3,91,98,8,506,10,1,2,2,39,50]
Test: [ 44/200] eta 00:20:48 loss_cls 0.7308 acc 0.6630 f1 0.6532 conf_mat [683,107,0,24,0,193,352,0,29,0,6,0,23,58,0,216,65,6,426,0,2,2,2,59,29]
Test: [ 45/200] eta 00:20:40 loss_cls 0.7219 acc 0.6328 f1 0.6318 conf_mat [400,274,10,129,1,38,464,6,63,3,0,0,67,13,7,46,105,63,448,51,1,2,6,20,65]
Test: [ 46/200] eta 00:20:32 loss_cls 0.7169 acc 0.6792 f1 0.6815 conf_mat [517,211,5,81,0,91,417,6,60,0,1,0,62,20,4,64,95,41,500,13,1,2,5,32,54]
Test: [ 47/200] eta 00:20:24 loss_cls 0.7015 acc 0.7099 f1 0.7023 conf_mat [642,100,0,72,0,139,369,0,66,0,2,0,21,63,1,105,53,2,549,4,1,2,2,50,39]
Test: [ 48/200] eta 00:17:44 loss_cls 0.6985 acc 0.6569 f1 0.6547 conf_mat [472,103,0,239,0,56,353,0,165,0,1,0,30,56,0,51,46,8,604,4,0,2,3,49,40]
Test: [ 49/200] eta 00:20:08 loss_cls 0.7008 acc 0.5916 f1 0.5872 conf_mat [433,34,1,346,0,73,210,1,290,0,1,0,57,29,0,47,15,36,605,10,0,0,7,42,45]
Test: [ 50/200] eta 00:20:00 loss_cls 0.6908 acc 0.6876 f1 0.6783 conf_mat [717,61,0,36,0,225,308,0,41,0,5,0,30,52,0,189,38,6,477,3,2,2,2,51,37]
Test: [ 51/200] eta 00:19:52 loss_cls 0.6823 acc 0.6731 f1 0.6738 conf_mat [575,222,0,17,0,102,451,1,20,0,4,1,51,29,2,145,131,19,408,10,1,7,4,31,51]
Test: [ 52/200] eta 00:19:44 loss_cls 0.6766 acc 0.6245 f1 0.6215 conf_mat [396,88,0,330,0,46,316,0,212,0,0,0,34,50,3,35,34,8,626,10,0,2,2,37,53]
Test: [ 53/200] eta 00:19:36 loss_cls 0.6759 acc 0.6521 f1 0.6538 conf_mat [499,272,0,43,0,63,479,3,29,0,2,1,55,21,8,91,162,39,391,30,1,7,6,16,64]
Test: [ 54/200] eta 00:19:28 loss_cls 0.6696 acc 0.6643 f1 0.6592 conf_mat [672,129,0,13,0,182,371,0,21,0,7,0,34,43,3,232,76,6,393,6,2,2,3,41,46]
Test: [ 55/200] eta 00:19:20 loss_cls 0.6850 acc 0.6981 f1 0.6978 conf_mat [627,163,0,24,0,121,429,2,22,0,4,0,61,19,3,140,98,43,419,13,2,2,6,27,57]
Test: [ 56/200] eta 00:19:12 loss_cls 0.6719 acc 0.6262 f1 0.6176 conf_mat [356,158,0,300,0,28,389,0,157,0,0,0,26,58,3,36,52,8,605,12,0,2,2,37,53]
Test: [ 57/200] eta 00:19:04 loss_cls 0.6623 acc 0.5973 f1 0.5765 conf_mat [704,104,0,6,0,222,344,0,8,0,21,0,21,45,0,370,64,4,275,0,7,4,2,62,19]
Test: [ 58/200] eta 00:18:56 loss_cls 0.6534 acc 0.7029 f1 0.7002 conf_mat [576,91,0,147,0,97,365,0,112,0,1,0,30,52,4,70,44,7,580,12,1,2,2,36,53]
Test: [ 59/200] eta 00:18:48 loss_cls 0.6465 acc 0.6560 f1 0.6534 conf_mat [412,143,0,259,0,39,382,2,151,0,0,0,54,31,2,37,49,19,597,11,0,2,4,36,52]
Test: [ 60/200] eta 00:18:40 loss_cls 0.6407 acc 0.7016 f1 0.6985 conf_mat [674,125,0,15,0,142,413,1,18,0,3,1,50,29,4,179,99,14,407,14,2,3,4,28,57]
Test: [ 61/200] eta 00:18:32 loss_cls 0.6354 acc 0.7095 f1 0.7012 conf_mat [643,59,0,112,0,140,334,0,100,0,1,0,24,61,1,91,36,2,582,2,1,2,2,53,36]
Test: [ 62/200] eta 00:20:42 loss_cls 0.6237 acc 0.6928 f1 0.6940 conf_mat [504,194,3,113,0,61,437,6,70,0,0,0,66,18,3,60,79,42,513,19,1,2,7,23,61]
Test: [ 63/200] eta 00:18:16 loss_cls 0.6286 acc 0.6862 f1 0.6852 conf_mat [454,228,1,131,0,42,456,2,74,0,0,0,57,27,3,44,85,29,539,16,1,3,4,26,60]
Test: [ 64/200] eta 00:18:08 loss_cls 0.6253 acc 0.6429 f1 0.6432 conf_mat [396,351,2,65,0,29,499,4,42,0,1,0,66,14,6,40,136,56,441,40,1,4,8,16,65]
Test: [ 65/200] eta 00:18:00 loss_cls 0.6214 acc 0.7108 f1 0.7109 conf_mat [591,124,0,99,0,99,394,3,78,0,2,0,62,22,1,80,62,36,526,9,2,2,6,35,49]
Test: [ 66/200] eta 00:17:52 loss_cls 0.6107 acc 0.6231 f1 0.6241 conf_mat [377,401,0,36,0,26,525,1,21,1,1,3,55,12,16,47,184,31,397,54,1,9,5,11,68]
Test: [ 67/200] eta 00:17:44 loss_cls 0.6123 acc 0.6516 f1 0.6452 conf_mat [387,319,0,108,0,27,488,0,59,0,0,0,25,58,4,39,126,6,533,9,1,4,2,33,54]
Test: [ 68/200] eta 00:17:36 loss_cls 0.6042 acc 0.5377 f1 0.4979 conf_mat [790,22,0,2,0,371,199,0,4,0,28,0,16,43,0,498,20,3,192,0,15,0,1,48,30]
Test: [ 69/200] eta 00:17:28 loss_cls 0.5979 acc 0.7125 f1 0.7061 conf_mat [711,68,0,35,0,180,355,0,39,0,4,0,30,51,2,170,51,5,484,3,2,2,3,41,46]
Test: [ 70/200] eta 00:17:20 loss_cls 0.5981 acc 0.7204 f1 0.7190 conf_mat [597,150,0,67,0,90,424,0,60,0,3,0,37,44,3,99,63,7,532,12,2,2,3,33,54]
Test: [ 71/200] eta 00:15:03 loss_cls 0.5940 acc 0.6551 f1 0.6424 conf_mat [720,79,0,15,0,218,338,0,18,0,19,0,44,24,0,271,55,10,377,0,5,1,5,67,16]
Test: [ 72/200] eta 00:14:56 loss_cls 0.5983 acc 0.5434 f1 0.5327 conf_mat [301,19,0,494,0,36,199,1,338,0,0,0,42,44,1,32,13,14,647,7,0,0,4,39,51]
Test: [ 73/200] eta 00:14:49 loss_cls 0.5919 acc 0.4684 f1 0.3876 conf_mat [21,692,8,89,4,0,536,4,30,4,0,0,62,13,12,1,196,55,381,80,0,6,7,12,69]
Test: [ 74/200] eta 00:14:42 loss_cls 0.5982 acc 0.6678 f1 0.6672 conf_mat [428,298,0,88,0,27,498,2,47,0,0,0,50,31,6,54,134,16,485,24,1,5,4,21,63]
Test: [ 75/200] eta 00:14:35 loss_cls 0.5702 acc 0.5968 f1 0.5645 conf_mat [544,11,0,259,0,246,114,0,214,0,0,0,42,45,0,76,7,10,615,5,2,0,4,41,47]
Test: [ 76/200] eta 00:14:28 loss_cls 0.5793 acc 0.6398 f1 0.6269 conf_mat [765,42,0,7,0,273,289,0,12,0,15,0,40,30,2,343,37,7,322,4,5,1,3,41,44]
Test: [ 77/200] eta 00:14:21 loss_cls 0.5657 acc 0.6998 f1 0.6946 conf_mat [608,153,0,53,0,105,416,0,53,0,3,0,26,57,1,125,72,4,512,0,2,2,3,52,35]
Test: [ 78/200] eta 00:14:14 loss_cls 0.5778 acc 0.6380 f1 0.6251 conf_mat [766,35,0,13,0,290,262,0,22,0,27,0,38,22,0,324,31,6,352,0,8,0,3,45,38]
Test: [ 79/200] eta 00:14:07 loss_cls 0.5565 acc 0.7025 f1 0.6934 conf_mat [704,83,0,27,0,175,365,0,34,0,5,0,30,52,0,181,50,5,477,0,3,1,3,60,27]
Test: [ 80/200] eta 00:14:00 loss_cls 0.5461 acc 0.6950 f1 0.6911 conf_mat [587,32,0,195,0,106,299,0,169,0,2,0,32,52,1,64,20,5,620,4,1,0,3,42,48]
Test: [ 81/200] eta 00:13:53 loss_cls 0.5343 acc 0.7349 f1 0.7346 conf_mat [586,111,0,117,0,77,416,1,80,0,1,0,55,30,1,73,51,16,568,5,2,2,4,34,52]
Test: [ 82/200] eta 00:13:46 loss_cls 0.5327 acc 0.6674 f1 0.6619 conf_mat [454,120,0,240,0,44,382,0,148,0,1,0,27,59,0,39,43,4,627,0,1,2,3,55,33]
Test: [ 83/200] eta 00:13:39 loss_cls 0.5335 acc 0.7292 f1 0.7292 conf_mat [562,132,0,120,0,58,427,0,89,0,1,0,51,34,1,67,50,18,569,9,2,2,4,31,55]
Test: [ 84/200] eta 00:13:32 loss_cls 0.5266 acc 0.5784 f1 0.5522 conf_mat [784,23,0,7,0,332,227,0,15,0,33,0,24,29,1,436,22,4,251,0,13,1,3,43,34]
Test: [ 85/200] eta 00:13:25 loss_cls 0.5261 acc 0.6407 f1 0.6257 conf_mat [781,24,0,9,0,313,247,1,13,0,16,0,42,25,4,315,39,11,341,7,5,7,4,27,51]
Test: [ 86/200] eta 00:13:18 loss_cls 0.5156 acc 0.7152 f1 0.7105 conf_mat [729,61,0,24,0,184,352,1,37,0,10,0,49,27,1,200,42,13,455,3,3,2,5,37,47]
Test: [ 87/200] eta 00:13:11 loss_cls 0.5252 acc 0.6805 f1 0.6795 conf_mat [440,277,0,97,0,27,497,3,47,0,0,0,56,26,5,56,117,24,498,18,2,4,4,22,62]
Test: [ 88/200] eta 00:13:04 loss_cls 0.4975 acc 0.7055 f1 0.7080 conf_mat [537,246,0,31,0,52,492,1,29,0,2,0,57,25,3,85,125,25,463,15,2,6,5,20,61]
Test: [ 89/200] eta 00:12:57 loss_cls 0.5005 acc 0.6805 f1 0.6724 conf_mat [746,60,0,8,0,234,324,1,15,0,6,1,54,21,5,237,68,22,368,18,5,5,5,18,61]
Test: [ 90/200] eta 00:12:50 loss_cls 0.5284 acc 0.5026 f1 0.4421 conf_mat [805,7,0,2,0,408,157,0,9,0,55,0,1,31,0,524,13,1,175,0,28,0,0,57,9]
Test: [ 91/200] eta 00:12:43 loss_cls 0.5054 acc 0.7283 f1 0.7275 conf_mat [583,127,0,104,0,82,422,0,70,0,1,0,44,40,2,81,55,10,558,9,3,1,4,31,55]
Test: [ 92/200] eta 00:12:36 loss_cls 0.4979 acc 0.6981 f1 0.6956 conf_mat [638,155,0,21,0,107,445,1,21,0,4,0,61,19,3,155,111,39,388,20,3,6,7,17,61]
Test: [ 93/200] eta 00:12:29 loss_cls 0.4863 acc 0.6275 f1 0.6048 conf_mat [693,117,0,4,0,149,419,0,6,0,15,3,33,27,9,350,115,8,229,11,3,13,3,17,58]
Test: [ 94/200] eta 00:12:22 loss_cls 0.4729 acc 0.6131 f1 0.6001 conf_mat [283,410,2,119,0,12,507,3,52,0,0,0,65,17,5,22,133,39,477,42,1,6,7,13,67]
Test: [ 95/200] eta 00:12:15 loss_cls 0.4885 acc 0.6201 f1 0.6161 conf_mat [367,365,2,80,0,24,517,3,30,0,0,1,66,12,8,60,161,46,399,47,1,10,7,10,66]
Test: [ 96/200] eta 00:12:08 loss_cls 0.4882 acc 0.5876 f1 0.5619 conf_mat [580,231,0,3,0,84,486,0,4,0,17,5,33,28,4,288,223,9,189,4,2,22,3,14,53]
Test: [ 97/200] eta 00:12:01 loss_cls 0.4720 acc 0.7121 f1 0.7129 conf_mat [548,205,0,61,0,61,471,1,41,0,2,0,48,31,6,89,96,13,495,20,2,6,4,19,63]
Test: [ 98/200] eta 00:11:54 loss_cls 0.4682 acc 0.7296 f1 0.7295 conf_mat [623,139,0,52,0,90,442,2,40,0,1,0,56,27,3,112,79,21,485,16,3,3,5,24,59]
Test: [ 99/200] eta 00:11:47 loss_cls 0.4515 acc 0.6963 f1 0.6854 conf_mat [741,28,0,45,0,237,283,0,54,0,11,0,35,41,0,190,23,5,495,0,5,0,3,51,35]
Test: [100/200] eta 00:11:40 loss_cls 0.4531 acc 0.6858 f1 0.6720 conf_mat [653,15,0,146,0,189,222,0,163,0,2,0,47,38,0,85,15,12,596,5,3,0,5,39,47]
Test: [101/200] eta 00:11:33 loss_cls 0.4344 acc 0.6481 f1 0.6195 conf_mat [748,11,0,55,0,309,176,0,89,0,10,0,27,50,0,200,7,4,502,0,4,0,3,61,26]
Test: [102/200] eta 00:11:26 loss_cls 0.4626 acc 0.6074 f1 0.5823 conf_mat [240,207,0,367,0,10,439,1,124,0,0,0,47,38,2,18,59,18,603,15,0,2,4,31,57]
Test: [103/200] eta 00:11:19 loss_cls 0.4621 acc 0.6748 f1 0.6723 conf_mat [435,201,1,177,0,30,468,4,72,0,0,0,60,23,4,56,84,32,517,24,1,5,6,22,60]
Test: [104/200] eta 00:11:12 loss_cls 0.4458 acc 0.6845 f1 0.6642 conf_mat [722,31,0,61,0,222,269,0,83,0,3,0,21,63,0,151,25,3,534,0,3,0,1,74,16]
Test: [105/200] eta 00:11:05 loss_cls 0.4443 acc 0.6661 f1 0.6598 conf_mat [387,136,0,291,0,23,420,1,130,0,0,0,37,48,2,34,44,8,622,5,2,2,3,33,54]
Test: [106/200] eta 00:10:58 loss_cls 0.4239 acc 0.6981 f1 0.7002 conf_mat [543,242,0,29,0,57,491,0,26,0,3,0,51,31,2,96,141,16,454,6,2,6,4,28,54]
Test: [107/200] eta 00:10:51 loss_cls 0.4165 acc 0.6209 f1 0.6016 conf_mat [277,226,1,310,0,13,447,3,111,0,0,0,45,34,8,21,61,14,585,32,0,2,3,26,63]
Test: [108/200] eta 00:10:44 loss_cls 0.4085 acc 0.6021 f1 0.5708 conf_mat [799,10,0,5,0,381,169,0,24,0,18,0,18,51,0,343,9,3,358,0,8,1,0,55,30]
Test: [109/200] eta 00:10:37 loss_cls 0.3980 acc 0.5859 f1 0.5680 conf_mat [237,112,5,460,0,8,373,6,187,0,0,0,65,22,0,16,28,49,610,10,0,0,12,30,52]
Test: [110/200] eta 00:10:30 loss_cls 0.3982 acc 0.5451 f1 0.4785 conf_mat [92,273,1,448,0,0,447,3,124,0,0,0,51,28,8,5,52,26,589,41,0,2,3,24,65]
Test: [111/200] eta 00:10:23 loss_cls 0.4166 acc 0.5289 f1 0.4793 conf_mat [106,593,0,115,0,4,538,1,29,2,0,0,45,26,16,8,189,14,449,53,0,11,3,11,69]
Test: [112/200] eta 00:10:16 loss_cls 0.4607 acc 0.6740 f1 0.6761 conf_mat [502,288,0,24,0,59,494,0,21,0,12,0,49,24,2,120,136,14,439,4,3,6,5,26,54]
Test: [113/200] eta 00:10:09 loss_cls 0.4481 acc 0.6358 f1 0.6138 conf_mat [711,99,0,4,0,149,417,0,8,0,15,0,38,31,3,357,110,10,234,2,5,11,3,24,51]
Test: [114/200] eta 00:10:02 loss_cls 0.4010 acc 0.6591 f1 0.6409 conf_mat [785,16,0,13,0,311,234,0,29,0,10,0,29,48,0,268,16,4,425,0,5,0,3,55,31]
Test: [115/200] eta 00:09:55 loss_cls 0.3849 acc 0.7152 f1 0.7141 conf_mat [495,157,0,162,0,38,445,2,89,0,0,0,49,35,3,45,62,13,585,8,2,4,3,27,58]
Test: [116/200] eta 00:09:48 loss_cls 0.3814 acc 0.7125 f1 0.7114 conf_mat [610,152,0,52,0,71,470,1,32,0,3,0,52,31,1,129,121,17,442,4,3,7,5,27,52]
Test: [117/200] eta 00:09:41 loss_cls 0.3834 acc 0.5806 f1 0.5433 conf_mat [747,66,0,1,0,217,354,0,3,0,34,0,20,30,3,476,73,4,159,1,12,7,1,29,45]
Test: [118/200] eta 00:09:34 loss_cls 0.3840 acc 0.6617 f1 0.6594 conf_mat [386,353,0,75,0,21,520,1,32,0,0,0,50,35,2,50,145,15,498,5,1,7,4,26,56]
Test: [119/200] eta 00:09:27 loss_cls 0.3655 acc 0.6744 f1 0.6630 conf_mat [696,109,0,9,0,126,435,0,13,0,25,1,41,16,4,251,132,11,315,4,5,12,2,23,52]
Test: [120/200] eta 00:10:40 loss_cls 0.3850 acc 0.6297 f1 0.6328 conf_mat [401,396,0,17,0,23,535,0,16,0,2,5,52,22,6,63,226,18,387,19,1,11,4,16,62]
Test: [121/200] eta 00:09:13 loss_cls 0.3738 acc 0.5517 f1 0.4833 conf_mat [91,345,1,377,0,1,467,3,103,0,0,0,52,33,2,6,83,19,588,17,0,5,3,25,61]
Test: [122/200] eta 00:09:06 loss_cls 0.3684 acc 0.7375 f1 0.7363 conf_mat [639,108,0,67,0,98,422,2,52,0,2,0,51,33,1,116,60,13,523,1,3,3,5,35,48]
Test: [123/200] eta 00:08:59 loss_cls 0.3659 acc 0.7292 f1 0.7282 conf_mat [631,54,0,129,0,118,368,1,87,0,0,0,49,37,1,101,32,13,562,5,3,2,4,31,54]
Test: [124/200] eta 00:08:52 loss_cls 0.3590 acc 0.7371 f1 0.7373 conf_mat [552,165,0,97,0,48,470,2,54,0,0,0,60,24,3,66,64,28,540,15,2,4,5,23,60]
Test: [125/200] eta 00:08:45 loss_cls 0.3529 acc 0.7077 f1 0.7087 conf_mat [550,206,0,58,0,48,486,0,40,0,2,0,41,31,13,70,118,15,475,35,3,7,3,18,63]
Test: [126/200] eta 00:08:38 loss_cls 0.3623 acc 0.6218 f1 0.6026 conf_mat [774,32,0,8,0,317,243,1,13,0,7,0,54,22,4,333,53,24,291,12,8,3,5,21,57]
Test: [127/200] eta 00:08:31 loss_cls 0.3740 acc 0.6665 f1 0.6565 conf_mat [768,40,0,6,0,244,313,0,17,0,14,0,47,25,1,319,33,9,352,0,5,3,5,40,41]
Test: [128/200] eta 00:08:24 loss_cls 0.3418 acc 0.7279 f1 0.7277 conf_mat [525,171,0,118,0,41,458,2,73,0,0,0,57,27,3,56,60,24,563,10,2,4,5,25,58]
Test: [129/200] eta 00:08:17 loss_cls 0.3281 acc 0.7384 f1 0.7345 conf_mat [702,75,0,37,0,141,389,0,44,0,8,0,43,35,1,160,36,7,509,1,4,3,5,40,42]
Test: [130/200] eta 00:08:10 loss_cls 0.3295 acc 0.7472 f1 0.7461 conf_mat [594,95,0,125,0,64,424,0,86,0,2,0,44,40,1,71,38,9,593,2,3,2,4,35,50]
Test: [131/200] eta 00:08:03 loss_cls 0.3211 acc 0.6691 f1 0.6563 conf_mat [790,17,0,7,0,296,254,0,24,0,7,0,49,30,1,289,18,12,393,1,7,2,6,38,41]
Test: [132/200] eta 00:09:04 loss_cls 0.3285 acc 0.7336 f1 0.7328 conf_mat [570,92,0,152,0,70,412,1,91,0,0,0,42,43,2,62,38,12,595,6,3,2,3,31,55]
Test: [133/200] eta 00:07:49 loss_cls 0.3228 acc 0.7178 f1 0.7177 conf_mat [519,98,0,197,0,49,411,2,112,0,0,0,51,35,1,49,38,16,606,4,3,2,6,32,51]
Test: [134/200] eta 00:07:42 loss_cls 0.3217 acc 0.6928 f1 0.6941 conf_mat [480,268,0,65,1,33,507,2,32,0,0,0,52,27,8,56,127,23,478,29,1,9,3,17,64]
Test: [135/200] eta 00:07:35 loss_cls 0.3069 acc 0.7112 f1 0.7055 conf_mat [704,102,0,8,0,132,422,0,20,0,8,0,44,34,1,208,86,8,411,0,4,5,4,39,42]
Test: [136/200] eta 00:07:28 loss_cls 0.3107 acc 0.7244 f1 0.7197 conf_mat [660,35,0,119,0,128,316,0,130,0,4,0,47,35,1,97,19,10,586,1,3,0,4,43,44]
Test: [137/200] eta 00:07:21 loss_cls 0.3177 acc 0.6656 f1 0.6626 conf_mat [390,97,1,326,0,26,411,2,135,0,0,0,48,38,1,36,39,17,615,6,1,1,4,33,55]
Test: [138/200] eta 00:07:14 loss_cls 0.3167 acc 0.7454 f1 0.7436 conf_mat [614,144,0,56,0,73,455,0,46,0,3,0,45,38,1,100,60,8,543,2,2,5,4,39,44]
Test: [139/200] eta 00:07:07 loss_cls 0.3050 acc 0.7428 f1 0.7427 conf_mat [589,135,0,90,0,60,460,2,52,0,1,0,54,30,2,82,65,22,536,8,3,4,5,26,56]
Test: [140/200] eta 00:07:00 loss_cls 0.2985 acc 0.6740 f1 0.6750 conf_mat [440,307,1,66,0,30,508,1,35,0,1,0,58,22,6,52,139,29,468,25,1,11,5,13,64]
Test: [141/200] eta 00:06:53 loss_cls 0.3068 acc 0.7415 f1 0.7410 conf_mat [593,84,0,137,0,74,413,1,86,0,0,0,45,40,2,74,35,12,586,6,3,2,4,30,55]
Test: [142/200] eta 00:06:46 loss_cls 0.3003 acc 0.5885 f1 0.5572 conf_mat [803,7,0,4,0,413,148,0,13,0,14,0,41,31,1,384,10,6,313,0,9,2,4,41,38]
Test: [143/200] eta 00:06:39 loss_cls 0.2949 acc 0.7384 f1 0.7367 conf_mat [682,89,0,43,0,118,417,0,39,0,8,0,54,23,2,153,51,25,478,6,4,4,5,27,54]
Test: [144/200] eta 00:06:32 loss_cls 0.2965 acc 0.6398 f1 0.6265 conf_mat [314,325,0,174,1,15,498,2,59,0,0,0,54,25,8,25,98,21,533,36,1,7,3,22,61]
Test: [145/200] eta 00:06:25 loss_cls 0.2924 acc 0.6135 f1 0.6100 conf_mat [322,439,0,53,0,18,532,1,23,0,0,0,53,27,7,38,202,19,430,24,1,10,3,17,63]
Test: [146/200] eta 00:06:18 loss_cls 0.2815 acc 0.7090 f1 0.7087 conf_mat [607,189,0,18,0,66,486,0,22,0,7,0,56,19,5,116,148,25,409,15,3,8,5,18,60]
Test: [147/200] eta 00:06:11 loss_cls 0.2770 acc 0.6867 f1 0.6680 conf_mat [769,10,0,35,0,290,221,0,63,0,6,0,33,48,0,193,10,5,505,0,5,0,4,46,39]
Test: [148/200] eta 00:06:04 loss_cls 0.2761 acc 0.6499 f1 0.6342 conf_mat [796,13,0,5,0,327,224,0,23,0,15,0,44,27,1,318,12,8,375,0,8,2,5,35,44]
Test: [149/200] eta 00:05:57 loss_cls 0.2854 acc 0.6635 f1 0.6410 conf_mat [784,9,0,21,0,302,219,0,53,0,10,0,26,51,0,240,10,4,459,0,6,0,4,58,26]
Test: [150/200] eta 00:05:50 loss_cls 0.2867 acc 0.7025 f1 0.6946 conf_mat [771,32,0,11,0,225,317,0,32,0,8,0,49,28,2,238,41,14,410,10,5,3,5,25,56]
Test: [151/200] eta 00:05:43 loss_cls 0.2726 acc 0.7384 f1 0.7353 conf_mat [626,101,0,87,0,92,417,0,65,0,3,0,41,42,1,95,48,7,562,1,3,3,4,45,39]
Test: [152/200] eta 00:05:36 loss_cls 0.2908 acc 0.6578 f1 0.6444 conf_mat [772,38,0,4,0,230,332,0,12,0,20,0,46,19,2,343,48,15,303,4,7,6,5,28,48]
Test: [153/200] eta 00:05:29 loss_cls 0.2768 acc 0.6341 f1 0.6335 conf_mat [383,45,0,386,0,35,321,2,216,0,0,0,43,43,1,27,22,11,648,5,0,0,4,38,52]
Test: [154/200] eta 00:05:22 loss_cls 0.2754 acc 0.7217 f1 0.7220 conf_mat [572,129,0,113,0,80,434,2,58,0,0,0,54,27,6,83,49,24,525,32,3,4,4,21,62]
Test: [155/200] eta 00:05:15 loss_cls 0.2795 acc 0.7025 f1 0.7030 conf_mat [509,219,0,86,0,39,488,2,45,0,1,0,57,24,5,69,103,25,487,29,2,8,5,17,62]
Test: [156/200] eta 00:05:08 loss_cls 0.2742 acc 0.7064 f1 0.7077 conf_mat [549,227,0,38,0,53,495,0,26,0,5,0,44,35,3,90,138,9,469,7,2,7,5,25,55]
Test: [157/200] eta 00:05:01 loss_cls 0.2656 acc 0.7349 f1 0.7349 conf_mat [550,157,0,107,0,46,457,2,69,0,2,0,57,27,1,67,59,23,557,7,2,4,5,27,56]
Test: [158/200] eta 00:04:54 loss_cls 0.2623 acc 0.6897 f1 0.6831 conf_mat [409,180,0,225,0,29,456,1,88,0,0,0,45,40,2,31,53,12,609,8,0,6,3,30,55]
Test: [159/200] eta 00:04:47 loss_cls 0.2596 acc 0.7454 f1 0.7455 conf_mat [592,164,0,58,0,63,467,0,44,0,4,0,52,30,1,89,72,14,537,1,3,4,5,29,53]
Test: [160/200] eta 00:04:40 loss_cls 0.2525 acc 0.7450 f1 0.7415 conf_mat [703,54,0,57,0,149,371,0,54,0,6,0,48,32,1,138,30,12,532,1,3,3,4,38,46]
Test: [161/200] eta 00:04:33 loss_cls 0.2551 acc 0.7344 f1 0.7296 conf_mat [747,34,0,33,0,199,332,0,43,0,7,0,49,29,2,174,24,15,494,6,5,3,5,27,54]
Test: [162/200] eta 00:04:26 loss_cls 0.2523 acc 0.7445 f1 0.7413 conf_mat [706,52,0,56,0,154,364,0,56,0,6,0,51,29,1,140,29,13,529,2,3,3,5,34,49]
Test: [163/200] eta 00:04:19 loss_cls 0.2497 acc 0.7331 f1 0.7337 conf_mat [562,192,0,60,0,56,474,0,44,0,4,0,52,29,2,78,82,18,531,4,2,5,5,28,54]
Test: [164/200] eta 00:04:12 loss_cls 0.2570 acc 0.7279 f1 0.7275 conf_mat [525,176,0,113,0,41,473,2,58,0,0,0,55,30,2,59,67,23,550,14,2,5,5,24,58]
Test: [165/200] eta 00:04:05 loss_cls 0.2610 acc 0.7511 f1 0.7509 conf_mat [611,117,0,86,0,67,446,1,60,0,2,0,54,29,2,80,54,20,547,12,3,4,5,26,56]
Test: [166/200] eta 00:03:58 loss_cls 0.2607 acc 0.7379 f1 0.7343 conf_mat [662,74,0,78,0,116,373,0,85,0,5,0,44,37,1,109,33,7,563,1,4,2,4,42,42]
Test: [167/200] eta 00:03:51 loss_cls 0.2564 acc 0.6968 f1 0.6971 conf_mat [559,214,0,41,0,55,495,1,23,0,2,0,55,22,8,105,144,22,420,22,2,11,4,16,61]
Test: [168/200] eta 00:03:44 loss_cls 0.2495 acc 0.7336 f1 0.7330 conf_mat [539,129,0,146,0,46,439,1,88,0,1,0,51,33,2,57,45,16,590,5,3,4,4,28,55]
Test: [169/200] eta 00:03:37 loss_cls 0.2426 acc 0.7362 f1 0.7325 conf_mat [726,67,0,21,0,149,393,0,32,0,7,0,48,30,2,181,51,15,462,4,4,4,5,30,51]
Test: [170/200] eta 00:03:30 loss_cls 0.2405 acc 0.7375 f1 0.7379 conf_mat [568,92,0,154,0,57,414,1,102,0,1,0,53,32,1,62,36,18,592,5,3,3,4,28,56]
Test: [171/200] eta 00:03:23 loss_cls 0.2439 acc 0.7200 f1 0.7190 conf_mat [622,164,0,28,0,71,479,0,24,0,8,0,54,22,3,125,124,23,430,11,4,7,5,20,58]
Test: [172/200] eta 00:03:16 loss_cls 0.2426 acc 0.7599 f1 0.7591 conf_mat [632,107,0,75,0,78,440,0,56,0,3,0,52,31,1,89,50,14,558,2,3,4,5,30,52]
Test: [173/200] eta 00:03:09 loss_cls 0.2391 acc 0.7441 f1 0.7434 conf_mat [640,125,0,49,0,84,453,0,37,0,6,0,55,24,2,114,73,22,495,9,3,5,5,26,55]
Test: [174/200] eta 00:03:02 loss_cls 0.2387 acc 0.7564 f1 0.7549 conf_mat [674,75,0,65,0,112,412,0,50,0,4,0,51,30,2,110,49,15,535,4,3,4,5,28,54]
Test: [175/200] eta 00:02:55 loss_cls 0.2380 acc 0.7485 f1 0.7472 conf_mat [654,65,0,95,0,111,390,1,72,0,2,0,50,33,2,104,32,14,559,4,3,4,4,28,55]
Test: [176/200] eta 00:02:48 loss_cls 0.2379 acc 0.7384 f1 0.7382 conf_mat [571,140,0,103,0,57,454,1,62,0,0,0,51,34,2,72,62,18,554,7,3,4,4,28,55]
Test: [177/200] eta 00:02:41 loss_cls 0.2400 acc 0.7493 f1 0.7486 conf_mat [613,133,0,68,0,72,458,0,44,0,3,0,50,33,1,92,65,15,538,3,3,4,5,31,51]
Test: [178/200] eta 00:02:34 loss_cls 0.2400 acc 0.7564 f1 0.7548 conf_mat [679,76,0,59,0,110,411,0,53,0,5,0,52,28,2,112,49,17,530,5,3,4,5,28,54]
Test: [179/200] eta 00:02:27 loss_cls 0.2342 acc 0.7564 f1 0.7551 conf_mat [664,100,0,50,0,96,436,0,42,0,5,0,51,30,1,115,57,16,523,2,3,4,5,30,52]
Test: [180/200] eta 00:02:20 loss_cls 0.2335 acc 0.7467 f1 0.7461 conf_mat [624,96,0,94,0,84,425,1,64,0,2,0,51,32,2,95,46,17,549,6,3,4,4,28,55]
Test: [181/200] eta 00:02:13 loss_cls 0.2359 acc 0.7502 f1 0.7498 conf_mat [617,120,0,77,0,75,451,1,47,0,2,0,54,29,2,93,58,18,534,10,3,4,5,26,56]
Test: [182/200] eta 00:02:06 loss_cls 0.2330 acc 0.7480 f1 0.7478 conf_mat [605,120,0,89,0,67,445,1,61,0,2,0,55,28,2,87,54,18,547,7,3,4,5,27,55]
Test: [183/200] eta 00:01:59 loss_cls 0.2326 acc 0.7476 f1 0.7471 conf_mat [626,104,0,84,0,87,433,1,53,0,2,0,54,29,2,98,51,18,538,8,3,4,5,27,55]
Test: [184/200] eta 00:01:52 loss_cls 0.2326 acc 0.7458 f1 0.7454 conf_mat [608,127,0,79,0,72,449,1,52,0,3,0,51,31,2,91,61,16,540,5,3,4,5,28,54]
Test: [185/200] eta 00:01:45 loss_cls 0.2319 acc 0.7441 f1 0.7437 conf_mat [594,133,0,87,0,64,454,1,55,0,2,0,51,32,2,87,60,17,544,5,3,4,5,27,55]
Test: [186/200] eta 00:01:38 loss_cls 0.2315 acc 0.7546 f1 0.7539 conf_mat [638,110,0,66,0,83,445,1,45,0,2,0,53,30,2,100,57,17,531,8,3,4,5,27,55]
Test: [187/200] eta 00:01:31 loss_cls 0.2339 acc 0.7507 f1 0.7500 conf_mat [630,94,0,90,0,88,426,1,59,0,2,0,52,31,2,96,46,16,550,5,3,4,5,27,55]
Test: [188/200] eta 00:01:24 loss_cls 0.2319 acc 0.7559 f1 0.7551 conf_mat [644,106,0,64,0,82,444,1,47,0,3,0,51,31,2,101,58,16,531,7,3,4,5,27,55]
Test: [189/200] eta 00:01:17 loss_cls 0.2299 acc 0.7458 f1 0.7455 conf_mat [608,122,0,84,0,69,449,1,55,0,2,0,53,30,2,91,59,18,537,8,3,4,5,27,55]
Test: [190/200] eta 00:01:10 loss_cls 0.2314 acc 0.7594 f1 0.7585 conf_mat [650,97,0,67,0,89,436,1,48,0,4,0,50,32,1,100,54,14,543,2,3,4,5,28,54]
Test: [191/200] eta 00:01:03 loss_cls 0.2303 acc 0.7559 f1 0.7552 conf_mat [637,106,0,71,0,76,447,1,50,0,3,0,51,31,2,95,58,17,535,8,3,4,5,27,55]
Test: [192/200] eta 00:00:56 loss_cls 0.2293 acc 0.7559 f1 0.7553 conf_mat [632,110,0,72,0,77,446,1,50,0,3,0,51,31,2,93,57,16,541,6,3,4,5,27,55]
Test: [193/200] eta 00:00:49 loss_cls 0.2308 acc 0.7511 f1 0.7506 conf_mat [619,117,0,78,0,74,448,1,51,0,2,0,52,31,2,92,57,17,540,7,3,4,5,27,55]
Test: [194/200] eta 00:00:42 loss_cls 0.2293 acc 0.7550 f1 0.7544 conf_mat [630,108,0,76,0,76,445,1,52,0,3,0,51,31,2,92,57,16,542,6,3,4,5,27,55]
Test: [195/200] eta 00:00:35 loss_cls 0.2303 acc 0.7572 f1 0.7566 conf_mat [637,104,0,73,0,78,443,1,52,0,3,0,51,31,2,93,57,16,542,5,3,4,5,27,55]
Test: [196/200] eta 00:00:28 loss_cls 0.2296 acc 0.7568 f1 0.7561 conf_mat [636,106,0,72,0,80,443,1,50,0,3,0,51,31,2,93,57,16,542,5,3,4,5,27,55]
Test: [197/200] eta 00:00:21 loss_cls 0.2325 acc 0.7533 f1 0.7528 conf_mat [626,116,0,72,0,75,447,1,51,0,3,0,52,30,2,93,57,17,539,7,3,4,5,27,55]
Test: [198/200] eta 00:00:14 loss_cls 0.2298 acc 0.7537 f1 0.7532 conf_mat [627,112,0,75,0,75,447,1,51,0,3,0,52,30,2,93,57,17,539,7,3,4,5,27,55]
Test: [199/200] eta 00:00:07 loss_cls 0.2292 acc 0.7555 f1 0.7549 conf_mat [633,107,0,74,0,77,445,1,51,0,3,0,52,30,2,93,57,17,539,7,3,4,5,27,55]
Test: [200/200] eta 00:00:00 loss_cls 0.2289 acc 0.7550 f1 0.7545 conf_mat [631,110,0,73,0,76,446,1,51,0,3,0,52,30,2,93,57,17,539,7,3,4,5,27,55]
