model = dict(
    type='Classifier',
    backbone=dict(
        type='MyResNetV1d',
        depth=34,
        num_stages=4,
        out_indices=(0, 1, 2, 3),
        frozen_stages=1,
        norm_cfg=dict(type='BN', requires_grad=True),
        norm_eval=True,
        style='pytorch',
        init_cfg=dict(
            type='ft',
            checkpoint=
            '../work_dirs/multiembedding_opensarship_pretrain/0020.pth')),
    classifier=dict(dim_in=512, dim_mid=256, dim_out=5))
optimizer = dict(type='SGD', lr=0.001, momentum=0.9, weight_decay=0.0001)
runner = dict(epoch=200)
data = dict(
    type='OpenSARShip',
    root='../data/opensarship',
    n_class=5,
    percentage=70,
    image_size=64,
    normalize=dict(
        mean=[
            0.026807075832908405, 0.026807075832908405, 0.026807075832908405
        ],
        std=[0.039102898421077066, 0.039102898421077066,
             0.039102898421077066]),
    workers=2,
    batch_size=dict(pretrain=1024, train=512, val=2048))
checkpoints = dict(
    folders=['../work_dirs/multiembedding_opensarship_pretrain'],
    index=['0020.pth'])
test_mode = 'ft'
work_dir = '../work_dirs/classifier_opensarship_single_ft'
log_file = '../work_dirs/classifier_opensarship_single_ft/20221010_134147.log'
Test: [  1/200] eta 00:29:51 loss_cls 1.5754 acc 0.3861 f1 nan conf_mat [738,0,33,33,10,555,0,10,8,1,23,0,14,34,16,548,0,44,84,37,21,0,7,21,45]
Test: [  2/200] eta 00:23:06 loss_cls 1.4543 acc 0.3935 f1 nan conf_mat [615,0,0,198,1,526,0,0,48,0,9,0,0,74,4,448,0,0,259,6,16,0,0,54,24]
Test: [  3/200] eta 00:22:59 loss_cls 1.3518 acc 0.3940 f1 nan conf_mat [603,0,0,210,1,517,0,0,57,0,9,0,0,77,1,434,0,0,277,2,16,0,0,59,19]
Test: [  4/200] eta 00:22:52 loss_cls 1.2782 acc 0.4382 f1 nan conf_mat [487,195,0,132,0,274,267,0,33,0,16,0,0,67,4,361,123,0,220,9,17,0,0,51,26]
Test: [  5/200] eta 00:22:45 loss_cls 1.2357 acc 0.4202 f1 nan conf_mat [391,344,0,74,5,172,382,0,19,1,19,1,0,48,19,253,278,0,135,47,12,9,0,22,51]
Test: [  6/200] eta 00:22:38 loss_cls 1.2078 acc 0.4330 f1 nan conf_mat [394,321,0,99,0,182,374,0,18,0,17,1,0,68,1,248,262,0,196,7,11,9,0,50,24]
Test: [  7/200] eta 00:25:44 loss_cls 1.1910 acc 0.4356 f1 0.4035 conf_mat [470,316,1,27,0,195,371,1,7,0,33,1,10,41,2,327,257,7,113,9,21,8,3,32,30]
Test: [  8/200] eta 00:25:36 loss_cls 1.1753 acc 0.4286 f1 0.4091 conf_mat [384,303,0,124,3,186,357,0,30,1,12,2,1,47,25,238,242,1,179,53,10,7,0,20,57]
Test: [  9/200] eta 00:25:28 loss_cls 1.1702 acc 0.4224 f1 nan conf_mat [448,344,0,22,0,182,386,0,6,0,34,1,0,52,0,308,278,0,127,0,17,9,0,65,3]
Test: [ 10/200] eta 00:25:20 loss_cls 1.1527 acc 0.4553 f1 0.4338 conf_mat [472,304,0,38,0,196,364,1,13,0,20,1,10,54,2,298,242,8,157,8,14,7,3,34,36]
Test: [ 11/200] eta 00:25:12 loss_cls 1.1373 acc 0.4347 f1 nan conf_mat [399,277,0,136,2,193,333,0,47,1,9,0,0,51,27,253,200,0,202,58,12,4,0,20,58]
Test: [ 12/200] eta 00:25:04 loss_cls 1.1402 acc 0.4597 f1 0.4323 conf_mat [524,267,0,23,0,232,332,0,10,0,24,0,1,61,1,353,195,0,162,3,18,3,0,43,30]
Test: [ 13/200] eta 00:24:56 loss_cls 1.1091 acc 0.4023 f1 0.3960 conf_mat [322,226,2,254,10,166,293,1,108,6,2,0,7,33,45,212,145,17,225,114,13,0,2,8,71]
Test: [ 14/200] eta 00:24:48 loss_cls 1.0937 acc 0.4365 f1 0.4298 conf_mat [358,216,0,234,6,162,293,1,114,4,2,0,5,42,38,209,134,6,271,93,9,0,0,16,69]
Test: [ 15/200] eta 00:24:40 loss_cls 1.0890 acc 0.4452 f1 0.4088 conf_mat [569,237,1,7,0,265,297,1,11,0,34,1,13,39,0,428,150,8,127,0,20,0,5,59,10]
Test: [ 16/200] eta 00:24:32 loss_cls 1.0584 acc 0.4369 f1 0.3936 conf_mat [567,239,0,8,0,254,303,0,17,0,56,0,6,25,0,440,156,2,115,0,33,0,1,54,6]
Test: [ 17/200] eta 00:24:24 loss_cls 1.0386 acc 0.5048 f1 0.4845 conf_mat [597,198,0,19,0,256,284,0,34,0,16,0,5,66,0,355,118,1,239,0,10,0,0,57,27]
Test: [ 18/200] eta 00:24:16 loss_cls 1.0203 acc 0.4684 f1 0.4318 conf_mat [606,196,1,11,0,273,286,1,14,0,25,0,30,32,0,422,115,31,145,0,24,0,14,54,2]
Test: [ 19/200] eta 00:24:08 loss_cls 0.9949 acc 0.5850 f1 0.5804 conf_mat [461,219,0,134,0,116,345,0,113,0,2,0,10,72,3,104,123,4,467,15,3,0,1,38,52]
Test: [ 20/200] eta 00:24:00 loss_cls 0.9519 acc 0.4172 f1 0.3731 conf_mat [109,187,0,505,13,42,274,0,250,8,0,0,1,41,45,15,88,0,501,109,0,0,0,27,67]
Test: [ 21/200] eta 00:23:52 loss_cls 0.9315 acc 0.6008 f1 0.5992 conf_mat [458,210,0,146,0,104,364,0,105,1,1,0,18,54,14,62,136,7,469,39,1,2,1,28,62]
Test: [ 22/200] eta 00:23:44 loss_cls 0.8812 acc 0.5009 f1 0.4669 conf_mat [639,161,0,14,0,260,297,0,17,0,59,0,6,22,0,411,104,3,195,0,30,1,1,56,6]
Test: [ 23/200] eta 00:23:36 loss_cls 0.8776 acc 0.5504 f1 0.5269 conf_mat [225,281,1,307,0,16,400,1,157,0,1,0,29,57,0,23,116,9,560,5,0,2,5,45,42]
Test: [ 24/200] eta 00:20:32 loss_cls 0.8226 acc 0.6039 f1 0.6057 conf_mat [455,303,1,55,0,75,468,1,30,0,1,2,45,38,1,89,229,21,361,13,1,8,3,33,49]
Test: [ 25/200] eta 00:23:20 loss_cls 0.7987 acc 0.6507 f1 0.6508 conf_mat [482,238,0,94,0,72,442,1,59,0,2,1,29,42,13,64,138,12,468,31,1,2,3,24,64]
Test: [ 26/200] eta 00:23:12 loss_cls 0.7819 acc 0.6591 f1 0.6576 conf_mat [525,240,0,49,0,86,445,0,43,0,4,1,20,53,9,85,146,4,459,19,1,2,1,35,55]
Test: [ 27/200] eta 00:23:04 loss_cls 0.7408 acc 0.6858 f1 0.6797 conf_mat [638,64,0,112,0,152,292,2,128,0,2,0,45,39,1,98,44,16,549,6,1,2,6,44,41]
Test: [ 28/200] eta 00:20:04 loss_cls 0.7247 acc 0.5504 f1 0.5183 conf_mat [703,88,0,23,0,286,259,0,29,0,17,0,5,65,0,384,43,1,285,0,15,0,0,75,4]
Test: [ 29/200] eta 00:19:57 loss_cls 0.7067 acc 0.6481 f1 0.6417 conf_mat [615,186,0,13,0,111,447,1,15,0,5,3,44,35,0,185,175,15,334,4,3,6,7,39,39]
Test: [ 30/200] eta 00:19:50 loss_cls 0.6655 acc 0.6446 f1 0.6355 conf_mat [364,192,0,258,0,32,425,1,116,0,0,0,29,57,1,25,81,2,600,5,0,2,1,38,53]
Test: [ 31/200] eta 00:19:43 loss_cls 0.6416 acc 0.6836 f1 0.6696 conf_mat [691,63,0,60,0,190,303,0,81,0,3,0,12,69,3,153,42,2,515,1,2,2,0,51,39]
Test: [ 32/200] eta 00:19:36 loss_cls 0.6519 acc 0.6547 f1 0.6415 conf_mat [614,157,0,43,0,118,424,0,32,0,3,3,9,72,0,152,137,1,423,0,4,4,1,61,24]
Test: [ 33/200] eta 00:19:29 loss_cls 0.6279 acc 0.6004 f1 0.6021 conf_mat [392,93,8,321,0,74,336,7,157,0,0,0,67,17,3,53,48,69,517,26,0,2,13,21,58]
Test: [ 34/200] eta 00:22:08 loss_cls 0.6271 acc 0.6665 f1 0.6527 conf_mat [663,138,0,13,0,133,423,0,18,0,6,3,24,54,0,195,121,2,395,0,3,5,1,69,16]
Test: [ 35/200] eta 00:22:00 loss_cls 0.5874 acc 0.5302 f1 0.5225 conf_mat [251,54,5,503,1,53,299,2,218,2,0,0,44,26,17,38,36,26,548,65,0,0,3,23,68]
Test: [ 36/200] eta 00:21:52 loss_cls 0.5944 acc 0.5911 f1 0.5298 conf_mat [620,2,0,192,0,250,40,1,283,0,0,0,42,44,1,97,1,12,596,7,2,0,4,37,51]
Test: [ 37/200] eta 00:21:44 loss_cls 0.5543 acc 0.6919 f1 0.6857 conf_mat [667,85,0,62,0,147,372,0,55,0,9,1,17,31,29,150,57,8,454,44,4,2,2,17,69]
Test: [ 38/200] eta 00:21:36 loss_cls 0.5094 acc 0.6446 f1 0.6310 conf_mat [582,25,1,206,0,124,223,1,226,0,1,0,40,46,0,76,21,8,608,0,1,0,3,72,18]
Test: [ 39/200] eta 00:21:28 loss_cls 0.4909 acc 0.5053 f1 0.4875 conf_mat [354,455,0,5,0,24,547,0,3,0,3,35,44,3,2,64,443,23,153,30,0,33,5,1,55]
Test: [ 40/200] eta 00:21:20 loss_cls 0.4577 acc 0.5416 f1 0.5143 conf_mat [372,70,0,372,0,60,208,0,306,0,1,0,2,84,0,41,21,1,650,0,0,0,0,90,4]
Test: [ 41/200] eta 00:21:12 loss_cls 0.6906 acc 0.4150 f1 0.3425 conf_mat [82,17,1,714,0,8,101,2,463,0,0,0,40,41,6,4,4,15,667,23,0,0,3,34,57]
Test: [ 42/200] eta 00:21:04 loss_cls 0.5481 acc 0.6889 f1 0.6820 conf_mat [711,72,0,31,0,183,351,1,39,0,9,3,40,34,1,214,54,9,435,1,6,1,3,49,35]
Test: [ 43/200] eta 00:20:56 loss_cls 0.4678 acc 0.6889 f1 0.6899 conf_mat [553,201,0,60,0,68,470,1,35,0,1,2,43,39,2,92,150,14,452,5,3,4,5,28,54]
Test: [ 44/200] eta 00:20:48 loss_cls 0.4365 acc 0.6814 f1 0.6783 conf_mat [633,151,0,30,0,119,421,1,33,0,3,2,39,33,10,169,109,15,397,23,3,4,4,18,65]
Test: [ 45/200] eta 00:20:40 loss_cls 0.4238 acc 0.6030 f1 0.5849 conf_mat [267,214,3,330,0,15,453,2,104,0,0,2,59,21,5,18,104,32,532,27,0,3,5,21,65]
Test: [ 46/200] eta 00:20:32 loss_cls 0.4196 acc 0.6472 f1 0.6450 conf_mat [656,40,8,109,1,196,278,14,79,7,0,0,61,19,7,153,22,83,409,46,3,2,9,7,73]
Test: [ 47/200] eta 00:20:24 loss_cls 0.3685 acc 0.6297 f1 0.6314 conf_mat [483,287,1,43,0,69,476,3,23,3,2,2,46,17,20,79,168,35,356,75,1,5,4,8,76]
Test: [ 48/200] eta 00:20:16 loss_cls 0.3426 acc 0.6179 f1 0.6158 conf_mat [377,58,1,378,0,38,298,1,237,0,0,2,51,32,2,27,26,16,637,7,0,0,5,42,47]
Test: [ 49/200] eta 00:20:08 loss_cls 0.3207 acc 0.6017 f1 0.5769 conf_mat [788,12,0,14,0,360,178,0,36,0,27,1,31,25,3,361,14,4,332,2,13,0,1,36,44]
Test: [ 50/200] eta 00:20:00 loss_cls 0.2827 acc 0.6578 f1 0.6474 conf_mat [362,228,0,224,0,20,453,0,101,0,0,6,33,43,5,26,72,8,594,13,0,4,1,30,59]
Test: [ 51/200] eta 00:19:52 loss_cls 0.2494 acc 0.6227 f1 0.5992 conf_mat [555,26,0,233,0,126,193,0,255,0,1,0,9,77,0,59,10,1,643,0,0,0,0,73,21]
Test: [ 52/200] eta 00:19:44 loss_cls 0.2884 acc 0.5333 f1 0.4623 conf_mat [78,276,4,450,6,1,441,4,123,5,0,0,58,21,8,4,63,39,560,47,0,3,4,7,80]
Test: [ 53/200] eta 00:17:09 loss_cls 0.2728 acc 0.6670 f1 0.6576 conf_mat [710,91,0,13,0,170,380,1,23,0,9,9,44,23,2,224,129,8,352,0,4,20,7,27,36]
Test: [ 54/200] eta 00:17:02 loss_cls 0.2606 acc 0.6512 f1 0.6285 conf_mat [723,9,0,82,0,303,179,0,91,1,0,0,36,47,4,177,12,13,502,9,7,0,2,39,46]
Test: [ 55/200] eta 00:16:55 loss_cls 0.2149 acc 0.6258 f1 0.6068 conf_mat [785,19,0,10,0,329,225,1,19,0,13,4,29,41,0,335,23,2,353,0,12,5,2,39,36]
Test: [ 56/200] eta 00:16:48 loss_cls 0.2316 acc 0.5789 f1 0.5660 conf_mat [492,313,0,7,2,43,516,1,12,2,8,16,40,4,19,111,329,11,204,58,0,20,2,3,69]
Test: [ 57/200] eta 00:16:41 loss_cls 0.2216 acc 0.5876 f1 0.5599 conf_mat [789,20,0,5,0,328,234,0,12,0,27,2,29,29,0,407,29,3,273,1,19,3,0,56,16]
Test: [ 58/200] eta 00:16:34 loss_cls 0.2060 acc 0.4321 f1 0.3626 conf_mat [87,8,2,717,0,12,122,3,437,0,0,0,41,46,0,3,1,10,699,0,0,0,12,45,37]
Test: [ 59/200] eta 00:16:27 loss_cls 0.1918 acc 0.6043 f1 0.5957 conf_mat [515,291,0,8,0,42,523,0,9,0,5,14,59,6,3,108,334,29,230,12,2,27,7,6,52]
Test: [ 60/200] eta 00:18:40 loss_cls 0.1475 acc 0.6766 f1 0.6725 conf_mat [412,218,0,184,0,20,475,1,78,0,0,3,43,27,14,26,101,14,545,27,0,5,3,17,69]
Test: [ 61/200] eta 00:18:32 loss_cls 0.1165 acc 0.7169 f1 0.7184 conf_mat [567,146,5,96,0,76,429,4,65,0,0,2,66,17,2,64,73,40,518,18,2,3,10,23,56]
Test: [ 62/200] eta 00:18:24 loss_cls 0.0815 acc 0.7152 f1 0.7160 conf_mat [551,171,0,92,0,51,459,1,63,0,5,4,51,24,3,71,97,21,517,7,1,7,4,28,54]
Test: [ 63/200] eta 00:18:16 loss_cls 0.0762 acc 0.7266 f1 0.7209 conf_mat [703,45,0,66,0,177,310,1,86,0,2,2,50,27,6,127,23,14,533,16,2,2,0,28,62]
Test: [ 64/200] eta 00:18:08 loss_cls 0.1051 acc 0.6512 f1 0.6364 conf_mat [722,80,4,8,0,151,403,8,12,0,6,2,66,13,0,229,114,113,255,2,4,6,24,20,40]
Test: [ 65/200] eta 00:20:15 loss_cls 0.0824 acc 0.7038 f1 0.6974 conf_mat [742,28,2,42,0,196,320,1,57,0,6,2,53,17,9,198,32,18,424,41,5,2,4,16,67]
Test: [ 66/200] eta 00:20:06 loss_cls 0.0662 acc 0.7261 f1 0.7257 conf_mat [576,84,1,153,0,67,394,2,111,0,1,2,41,42,1,65,41,11,594,2,1,4,2,35,52]
Test: [ 67/200] eta 00:17:44 loss_cls 0.0496 acc 0.7143 f1 0.7074 conf_mat [603,84,0,127,0,78,386,1,109,0,1,2,31,53,0,77,39,9,588,0,3,3,1,65,22]
Test: [ 68/200] eta 00:17:36 loss_cls 0.0852 acc 0.7016 f1 0.7019 conf_mat [484,215,1,111,3,33,483,2,53,3,1,2,49,21,14,45,95,17,507,49,0,4,1,11,78]
Test: [ 69/200] eta 00:19:39 loss_cls 0.0655 acc 0.7336 f1 0.7351 conf_mat [609,131,5,69,0,73,445,2,53,1,2,2,58,16,9,78,72,41,491,31,0,3,8,12,71]
Test: [ 70/200] eta 00:17:20 loss_cls 0.0600 acc 0.7222 f1 0.7211 conf_mat [615,144,0,55,0,65,463,0,45,1,6,4,43,25,9,116,97,17,463,20,1,5,3,21,64]
Test: [ 71/200] eta 00:17:12 loss_cls 0.0487 acc 0.7353 f1 0.7352 conf_mat [633,119,1,61,0,75,457,1,41,0,3,2,56,15,11,99,84,32,462,36,1,4,6,13,70]
Test: [ 72/200] eta 00:17:04 loss_cls 0.0312 acc 0.7454 f1 0.7451 conf_mat [612,113,1,88,0,72,418,1,83,0,1,4,50,26,6,75,53,14,563,8,2,4,2,28,58]
Test: [ 73/200] eta 00:19:03 loss_cls 0.0222 acc 0.7450 f1 0.7445 conf_mat [633,131,0,50,0,77,448,1,48,0,4,4,45,28,6,104,74,15,512,8,2,4,2,24,62]
Test: [ 74/200] eta 00:18:54 loss_cls 0.0183 acc 0.7362 f1 0.7323 conf_mat [709,79,0,26,0,114,425,1,34,0,6,5,48,20,8,174,77,18,430,14,3,4,4,15,68]
Test: [ 75/200] eta 00:18:45 loss_cls 0.0134 acc 0.7559 f1 0.7542 conf_mat [669,86,2,57,0,95,417,2,60,0,1,3,46,35,2,101,51,16,541,4,2,3,4,33,52]
Test: [ 76/200] eta 00:18:36 loss_cls 0.0104 acc 0.7542 f1 0.7524 conf_mat [686,78,1,48,1,112,410,1,51,0,2,3,47,29,6,116,52,15,514,16,2,3,3,22,64]
Test: [ 77/200] eta 00:20:30 loss_cls 0.0090 acc 0.7572 f1 0.7560 conf_mat [672,91,2,49,0,100,424,1,49,0,2,2,48,31,4,109,56,16,522,10,2,4,3,23,62]
Test: [ 78/200] eta 00:18:18 loss_cls 0.0080 acc 0.7555 f1 0.7544 conf_mat [654,94,2,64,0,86,424,2,62,0,1,3,44,35,4,94,53,15,541,10,2,4,3,24,61]
Test: [ 79/200] eta 00:18:09 loss_cls 0.0074 acc 0.7528 f1 0.7525 conf_mat [648,102,3,60,1,86,431,2,55,0,1,3,50,24,9,90,62,19,523,19,2,3,3,20,66]
Test: [ 80/200] eta 00:18:00 loss_cls 0.0068 acc 0.7493 f1 0.7496 conf_mat [615,113,3,81,2,70,439,2,63,0,1,2,52,24,8,77,59,21,537,19,2,3,3,19,67]
Test: [ 81/200] eta 00:13:53 loss_cls 0.0064 acc 0.7445 f1 0.7446 conf_mat [601,120,4,87,2,62,438,2,72,0,1,3,47,29,7,71,61,17,549,15,2,3,3,22,64]
Test: [ 82/200] eta 00:13:46 loss_cls 0.0065 acc 0.7507 f1 0.7505 conf_mat [643,92,3,74,2,87,418,2,67,0,1,2,54,24,6,86,55,21,534,17,2,2,4,22,64]
Test: [ 83/200] eta 00:13:39 loss_cls 0.0060 acc 0.7546 f1 0.7535 conf_mat [659,76,1,76,2,95,402,2,75,0,1,3,48,29,6,90,42,16,549,16,2,3,2,23,64]
Test: [ 84/200] eta 00:13:32 loss_cls 0.0058 acc 0.7555 f1 0.7550 conf_mat [655,89,3,67,0,90,416,2,66,0,1,2,52,28,4,91,53,20,538,11,2,3,4,22,63]
Test: [ 85/200] eta 00:13:25 loss_cls 0.0055 acc 0.7502 f1 0.7503 conf_mat [626,105,4,77,2,76,433,2,63,0,1,2,51,25,8,79,58,21,536,19,2,3,3,20,66]
Test: [ 86/200] eta 00:15:12 loss_cls 0.0052 acc 0.7454 f1 0.7454 conf_mat [622,110,3,77,2,76,430,2,66,0,1,3,50,26,7,81,60,20,535,17,2,4,3,21,64]
Test: [ 87/200] eta 00:15:04 loss_cls 0.0051 acc 0.7485 f1 0.7483 conf_mat [629,103,3,77,2,81,424,2,67,0,1,2,49,29,6,79,58,19,542,15,2,3,3,22,64]
Test: [ 88/200] eta 00:14:56 loss_cls 0.0050 acc 0.7524 f1 0.7516 conf_mat [660,92,3,58,1,95,422,2,55,0,1,3,48,28,7,97,57,19,523,17,2,3,3,22,64]
Test: [ 89/200] eta 00:14:48 loss_cls 0.0049 acc 0.7476 f1 0.7475 conf_mat [630,102,3,77,2,80,425,2,67,0,1,2,51,26,7,83,57,19,537,17,2,3,4,22,63]
Test: [ 90/200] eta 00:14:40 loss_cls 0.0047 acc 0.7441 f1 0.7440 conf_mat [622,111,3,76,2,79,427,2,66,0,1,3,48,28,7,81,58,19,537,18,2,3,3,22,64]
Test: [ 91/200] eta 00:14:32 loss_cls 0.0046 acc 0.7489 f1 0.7485 conf_mat [639,96,3,74,2,84,421,2,67,0,1,3,48,28,7,85,55,19,537,17,2,3,3,22,64]
Test: [ 92/200] eta 00:14:24 loss_cls 0.0044 acc 0.7454 f1 0.7454 conf_mat [629,107,3,73,2,82,426,2,64,0,1,2,51,26,7,83,60,21,532,17,2,3,4,22,63]
Test: [ 93/200] eta 00:14:16 loss_cls 0.0042 acc 0.7485 f1 0.7484 conf_mat [635,101,3,73,2,83,425,2,64,0,1,2,51,26,7,82,58,21,534,18,2,3,4,22,63]
Test: [ 94/200] eta 00:14:08 loss_cls 0.0042 acc 0.7463 f1 0.7463 conf_mat [619,108,3,82,2,73,429,2,70,0,1,2,49,28,7,77,57,19,542,18,2,3,3,22,64]
Test: [ 95/200] eta 00:14:00 loss_cls 0.0041 acc 0.7489 f1 0.7485 conf_mat [638,96,3,75,2,87,419,2,66,0,1,3,49,27,7,83,55,19,539,17,2,3,3,22,64]
Test: [ 96/200] eta 00:13:52 loss_cls 0.0041 acc 0.7472 f1 0.7473 conf_mat [617,114,3,78,2,71,440,2,61,0,1,2,49,29,6,75,65,20,536,17,2,3,4,22,63]
Test: [ 97/200] eta 00:13:44 loss_cls 0.0042 acc 0.7467 f1 0.7467 conf_mat [628,104,3,77,2,81,424,2,67,0,1,2,51,26,7,79,57,21,538,18,2,3,4,22,63]
Test: [ 98/200] eta 00:13:36 loss_cls 0.0041 acc 0.7498 f1 0.7493 conf_mat [643,91,3,75,2,88,417,2,67,0,1,3,49,27,7,84,55,19,538,17,2,3,3,22,64]
Test: [ 99/200] eta 00:13:28 loss_cls 0.0039 acc 0.7489 f1 0.7490 conf_mat [619,112,3,78,2,72,436,2,64,0,1,2,50,28,6,75,61,19,540,18,2,3,3,22,64]
Test: [100/200] eta 00:13:20 loss_cls 0.0038 acc 0.7511 f1 0.7508 conf_mat [646,93,3,70,2,87,420,2,65,0,1,2,51,27,6,86,55,21,534,17,2,3,4,22,63]
Test: [101/200] eta 00:13:12 loss_cls 0.0036 acc 0.7493 f1 0.7493 conf_mat [631,107,3,71,2,80,431,2,61,0,1,2,51,27,6,81,61,20,533,18,2,3,3,22,64]
Test: [102/200] eta 00:13:04 loss_cls 0.0035 acc 0.7463 f1 0.7465 conf_mat [618,107,4,83,2,74,426,2,72,0,1,2,51,26,7,75,56,20,544,18,2,2,4,22,64]
Test: [103/200] eta 00:12:56 loss_cls 0.0036 acc 0.7493 f1 0.7490 conf_mat [639,100,3,70,2,85,423,2,64,0,1,2,49,29,6,84,58,19,535,17,2,3,3,22,64]
Test: [104/200] eta 00:12:48 loss_cls 0.0036 acc 0.7472 f1 0.7471 conf_mat [629,102,3,78,2,79,424,2,69,0,1,2,49,28,7,80,57,20,538,18,2,2,3,22,65]
Test: [105/200] eta 00:12:40 loss_cls 0.0035 acc 0.7480 f1 0.7479 conf_mat [633,105,3,71,2,85,425,2,62,0,1,2,51,27,6,83,58,20,535,17,2,3,4,22,63]
Test: [106/200] eta 00:12:32 loss_cls 0.0035 acc 0.7458 f1 0.7459 conf_mat [619,106,4,83,2,74,425,2,73,0,1,2,49,29,6,77,55,20,544,17,2,2,3,22,65]
Test: [107/200] eta 00:10:51 loss_cls 0.0036 acc 0.7467 f1 0.7465 conf_mat [633,103,3,73,2,85,423,2,64,0,1,2,50,28,6,83,58,20,535,17,2,3,4,22,63]
Test: [108/200] eta 00:10:44 loss_cls 0.0033 acc 0.7467 f1 0.7467 conf_mat [632,105,3,72,2,84,424,2,64,0,1,2,51,26,7,82,58,21,534,18,2,3,4,22,63]
Test: [109/200] eta 00:10:37 loss_cls 0.0033 acc 0.7467 f1 0.7467 conf_mat [625,108,3,76,2,77,427,2,68,0,1,2,50,28,6,78,59,20,538,18,2,3,3,22,64]
Test: [110/200] eta 00:10:30 loss_cls 0.0033 acc 0.7502 f1 0.7499 conf_mat [643,95,3,71,2,87,421,2,64,0,2,2,51,26,6,84,58,20,534,17,2,3,4,22,63]
Test: [111/200] eta 00:10:23 loss_cls 0.0032 acc 0.7463 f1 0.7462 conf_mat [627,106,3,76,2,78,425,2,69,0,1,2,49,28,7,79,59,19,539,17,2,3,4,22,63]
Test: [112/200] eta 00:11:44 loss_cls 0.0033 acc 0.7485 f1 0.7483 conf_mat [638,98,3,73,2,86,421,2,65,0,1,2,52,27,5,84,58,20,534,17,2,3,4,22,63]
Test: [113/200] eta 00:11:36 loss_cls 0.0032 acc 0.7467 f1 0.7468 conf_mat [624,111,3,74,2,77,429,2,66,0,1,2,51,26,7,80,59,20,536,18,2,3,3,22,64]
Test: [114/200] eta 00:11:28 loss_cls 0.0032 acc 0.7493 f1 0.7489 conf_mat [644,96,3,69,2,87,420,2,65,0,2,2,49,28,6,85,57,20,534,17,2,3,4,22,63]
Test: [115/200] eta 00:11:20 loss_cls 0.0031 acc 0.7458 f1 0.7460 conf_mat [620,110,4,78,2,75,428,2,69,0,1,2,51,26,7,77,59,20,539,18,2,2,4,22,64]
Test: [116/200] eta 00:11:12 loss_cls 0.0031 acc 0.7489 f1 0.7486 conf_mat [641,98,3,70,2,86,422,2,64,0,1,2,49,29,6,84,58,20,534,17,2,3,4,22,63]
Test: [117/200] eta 00:11:04 loss_cls 0.0030 acc 0.7450 f1 0.7450 conf_mat [626,106,3,77,2,79,425,2,68,0,1,2,51,27,6,81,58,22,534,18,2,2,4,22,64]
Test: [118/200] eta 00:10:56 loss_cls 0.0030 acc 0.7480 f1 0.7479 conf_mat [633,102,3,74,2,82,425,2,65,0,1,2,50,28,6,82,58,20,535,18,2,3,3,22,64]
Test: [119/200] eta 00:10:48 loss_cls 0.0030 acc 0.7476 f1 0.7475 conf_mat [633,102,3,74,2,82,425,2,65,0,1,2,50,28,6,82,58,20,535,18,2,3,4,22,63]
Test: [120/200] eta 00:10:40 loss_cls 0.0030 acc 0.7472 f1 0.7471 conf_mat [629,107,3,73,2,81,426,2,65,0,1,2,51,27,6,81,59,20,536,17,2,3,4,22,63]
Test: [121/200] eta 00:10:32 loss_cls 0.0030 acc 0.7472 f1 0.7471 conf_mat [630,105,3,74,2,80,426,2,66,0,1,2,51,27,6,81,59,20,535,18,2,3,4,22,63]
Test: [122/200] eta 00:10:24 loss_cls 0.0030 acc 0.7476 f1 0.7474 conf_mat [630,104,3,75,2,81,425,2,66,0,1,2,49,29,6,80,58,19,538,18,2,3,3,22,64]
Test: [123/200] eta 00:10:16 loss_cls 0.0029 acc 0.7476 f1 0.7476 conf_mat [632,104,3,73,2,81,426,3,64,0,1,2,51,27,6,82,58,22,534,17,2,3,4,22,63]
Test: [124/200] eta 00:10:08 loss_cls 0.0029 acc 0.7476 f1 0.7476 conf_mat [630,104,3,75,2,81,424,3,66,0,1,2,51,27,6,82,57,20,536,18,2,2,3,22,65]
Test: [125/200] eta 00:10:00 loss_cls 0.0028 acc 0.7480 f1 0.7480 conf_mat [630,106,3,73,2,81,427,3,63,0,1,2,51,27,6,81,59,20,535,18,2,2,4,22,64]
Test: [126/200] eta 00:09:52 loss_cls 0.0029 acc 0.7463 f1 0.7462 conf_mat [626,108,3,75,2,79,426,2,67,0,1,2,50,27,7,81,59,19,536,18,2,2,3,22,65]
Test: [127/200] eta 00:09:44 loss_cls 0.0028 acc 0.7463 f1 0.7462 conf_mat [628,106,3,75,2,81,425,2,66,0,1,2,50,28,6,81,58,20,537,17,2,3,4,22,63]
Test: [128/200] eta 00:09:36 loss_cls 0.0027 acc 0.7476 f1 0.7475 conf_mat [633,101,3,75,2,82,424,3,65,0,1,2,51,27,6,82,58,21,535,17,2,3,4,22,63]
Test: [129/200] eta 00:09:28 loss_cls 0.0028 acc 0.7467 f1 0.7466 conf_mat [631,104,3,74,2,82,424,2,66,0,2,2,50,27,6,82,58,20,536,17,2,3,4,22,63]
Test: [130/200] eta 00:09:20 loss_cls 0.0029 acc 0.7467 f1 0.7467 conf_mat [631,105,3,73,2,82,425,3,64,0,1,2,51,27,6,82,58,22,533,18,2,2,4,22,64]
Test: [131/200] eta 00:09:12 loss_cls 0.0027 acc 0.7463 f1 0.7463 conf_mat [626,108,3,75,2,80,428,3,63,0,1,2,51,27,6,81,59,21,535,17,2,3,4,22,63]
Test: [132/200] eta 00:09:04 loss_cls 0.0027 acc 0.7467 f1 0.7467 conf_mat [628,107,3,74,2,79,426,3,66,0,1,2,51,27,6,81,59,20,536,17,2,3,4,22,63]
Test: [133/200] eta 00:07:49 loss_cls 0.0027 acc 0.7467 f1 0.7466 conf_mat [630,104,3,75,2,82,424,2,66,0,1,2,50,28,6,82,58,20,536,17,2,3,3,22,64]
Test: [134/200] eta 00:07:42 loss_cls 0.0027 acc 0.7502 f1 0.7502 conf_mat [632,103,3,74,2,80,429,3,62,0,1,2,51,27,6,81,59,20,535,18,2,2,3,22,65]
Test: [135/200] eta 00:07:35 loss_cls 0.0027 acc 0.7450 f1 0.7450 conf_mat [626,108,3,75,2,79,426,3,66,0,1,2,50,28,6,81,59,20,535,18,2,3,4,22,63]
Test: [136/200] eta 00:07:28 loss_cls 0.0027 acc 0.7463 f1 0.7462 conf_mat [628,103,3,78,2,81,424,2,67,0,1,2,50,28,6,81,58,20,537,17,2,2,4,22,64]
Test: [137/200] eta 00:07:21 loss_cls 0.0027 acc 0.7476 f1 0.7476 conf_mat [629,107,3,73,2,80,429,3,62,0,1,2,51,27,6,81,60,21,534,17,2,3,4,22,63]
Test: [138/200] eta 00:08:16 loss_cls 0.0027 acc 0.7472 f1 0.7471 conf_mat [631,102,3,76,2,81,424,3,66,0,1,2,51,26,7,81,59,20,536,17,2,3,4,22,63]
Test: [139/200] eta 00:08:08 loss_cls 0.0027 acc 0.7476 f1 0.7475 conf_mat [629,102,3,78,2,80,425,2,67,0,1,2,50,28,6,81,58,19,538,17,2,2,4,22,64]
Test: [140/200] eta 00:08:00 loss_cls 0.0026 acc 0.7454 f1 0.7455 conf_mat [624,109,3,76,2,79,429,3,63,0,1,2,51,27,6,80,61,21,533,18,2,2,4,22,64]
Test: [141/200] eta 00:07:52 loss_cls 0.0026 acc 0.7467 f1 0.7467 conf_mat [633,101,3,75,2,84,422,3,65,0,2,2,51,26,6,82,58,22,534,17,2,2,4,22,64]
Test: [142/200] eta 00:07:44 loss_cls 0.0026 acc 0.7472 f1 0.7472 conf_mat [633,101,3,75,2,82,423,3,66,0,1,2,51,27,6,81,59,22,534,17,2,2,4,22,64]
Test: [143/200] eta 00:07:36 loss_cls 0.0026 acc 0.7485 f1 0.7484 conf_mat [630,106,3,73,2,80,429,3,62,0,2,2,50,27,6,81,60,19,536,17,2,3,4,22,63]
Test: [144/200] eta 00:07:28 loss_cls 0.0025 acc 0.7472 f1 0.7471 conf_mat [630,99,3,80,2,80,422,2,70,0,1,2,50,28,6,80,57,20,539,17,2,2,4,22,64]
Test: [145/200] eta 00:07:20 loss_cls 0.0026 acc 0.7480 f1 0.7479 conf_mat [631,103,3,75,2,80,425,3,66,0,1,2,50,28,6,81,59,19,536,18,2,2,3,22,65]
Test: [146/200] eta 00:07:12 loss_cls 0.0025 acc 0.7476 f1 0.7476 conf_mat [628,107,3,74,2,79,428,3,64,0,1,2,51,27,6,81,59,21,535,17,2,2,4,22,64]
Test: [147/200] eta 00:07:04 loss_cls 0.0026 acc 0.7458 f1 0.7459 conf_mat [627,106,3,76,2,79,426,3,66,0,1,2,51,27,6,81,59,21,535,17,2,3,4,22,63]
Test: [148/200] eta 00:06:56 loss_cls 0.0025 acc 0.7467 f1 0.7466 conf_mat [628,103,3,78,2,80,424,3,67,0,1,2,50,28,6,81,58,19,538,17,2,2,4,22,64]
Test: [149/200] eta 00:06:48 loss_cls 0.0025 acc 0.7476 f1 0.7475 conf_mat [630,104,3,75,2,81,426,3,64,0,1,2,50,28,6,81,59,19,537,17,2,3,4,22,63]
Test: [150/200] eta 00:06:40 loss_cls 0.0025 acc 0.7458 f1 0.7459 conf_mat [627,105,3,77,2,79,426,3,66,0,1,2,50,28,6,81,59,21,535,17,2,2,4,22,64]
Test: [151/200] eta 00:06:32 loss_cls 0.0025 acc 0.7476 f1 0.7476 conf_mat [629,104,3,76,2,80,427,3,64,0,1,2,50,28,6,81,59,20,536,17,2,2,4,22,64]
Test: [152/200] eta 00:06:24 loss_cls 0.0025 acc 0.7467 f1 0.7467 conf_mat [631,102,3,76,2,81,424,3,66,0,1,2,51,27,6,81,59,21,534,18,2,2,4,22,64]
Test: [153/200] eta 00:06:16 loss_cls 0.0025 acc 0.7450 f1 0.7450 conf_mat [628,105,3,76,2,81,423,3,67,0,1,2,50,28,6,81,59,21,535,17,2,2,4,22,64]
Test: [154/200] eta 00:06:08 loss_cls 0.0025 acc 0.7450 f1 0.7450 conf_mat [625,108,3,76,2,79,426,3,66,0,1,2,50,28,6,81,59,20,536,17,2,3,4,22,63]
Test: [155/200] eta 00:06:00 loss_cls 0.0024 acc 0.7467 f1 0.7467 conf_mat [629,104,3,76,2,80,425,3,66,0,1,2,51,27,6,81,59,21,535,17,2,2,4,22,64]
Test: [156/200] eta 00:05:52 loss_cls 0.0026 acc 0.7480 f1 0.7479 conf_mat [632,102,3,75,2,83,424,3,64,0,1,2,50,28,6,82,58,19,537,17,2,2,4,22,64]
Test: [157/200] eta 00:05:44 loss_cls 0.0024 acc 0.7458 f1 0.7458 conf_mat [626,109,3,74,2,79,428,3,64,0,1,2,50,28,6,81,60,20,535,17,2,3,4,22,63]
Test: [158/200] eta 00:05:36 loss_cls 0.0025 acc 0.7467 f1 0.7467 conf_mat [626,106,3,77,2,78,426,2,68,0,1,2,50,28,6,80,59,19,538,17,2,2,4,22,64]
Test: [159/200] eta 00:04:47 loss_cls 0.0024 acc 0.7467 f1 0.7468 conf_mat [628,105,3,76,2,80,426,3,65,0,1,2,51,27,6,81,59,21,535,17,2,2,4,22,64]
Test: [160/200] eta 00:04:40 loss_cls 0.0024 acc 0.7467 f1 0.7468 conf_mat [628,107,3,74,2,79,427,3,65,0,1,2,51,27,6,81,59,21,534,18,2,2,4,22,64]
Test: [161/200] eta 00:04:33 loss_cls 0.0026 acc 0.7480 f1 0.7480 conf_mat [633,103,3,73,2,83,425,3,63,0,2,2,51,26,6,81,59,21,534,18,2,2,4,22,64]
Test: [162/200] eta 00:04:26 loss_cls 0.0025 acc 0.7454 f1 0.7454 conf_mat [626,107,3,76,2,79,426,3,66,0,1,2,50,28,6,81,59,21,535,17,2,2,4,22,64]
Test: [163/200] eta 00:04:19 loss_cls 0.0024 acc 0.7472 f1 0.7471 conf_mat [632,104,3,73,2,83,424,3,64,0,2,2,51,26,6,81,59,21,534,18,2,2,4,22,64]
Test: [164/200] eta 00:04:48 loss_cls 0.0025 acc 0.7480 f1 0.7480 conf_mat [629,107,3,73,2,80,429,3,62,0,2,2,50,27,6,81,60,19,536,17,2,3,4,22,63]
Test: [165/200] eta 00:04:40 loss_cls 0.0026 acc 0.7463 f1 0.7462 conf_mat [629,105,3,75,2,80,424,3,67,0,2,2,50,27,6,81,59,19,537,17,2,3,4,22,63]
Test: [166/200] eta 00:04:32 loss_cls 0.0026 acc 0.7476 f1 0.7476 conf_mat [633,102,3,74,2,82,424,3,65,0,2,2,51,26,6,81,59,21,534,18,2,2,4,22,64]
Test: [167/200] eta 00:04:24 loss_cls 0.0025 acc 0.7463 f1 0.7462 conf_mat [628,104,3,77,2,80,425,3,66,0,1,2,50,28,6,81,59,20,536,17,2,2,4,22,64]
Test: [168/200] eta 00:03:44 loss_cls 0.0024 acc 0.7467 f1 0.7467 conf_mat [630,102,3,77,2,80,425,3,66,0,1,2,50,28,6,81,59,20,535,18,2,2,4,22,64]
Test: [169/200] eta 00:04:08 loss_cls 0.0025 acc 0.7467 f1 0.7468 conf_mat [628,107,3,74,2,79,429,3,63,0,1,2,51,27,6,81,60,21,533,18,2,3,4,22,63]
Test: [170/200] eta 00:04:00 loss_cls 0.0024 acc 0.7472 f1 0.7472 conf_mat [629,107,3,73,2,79,429,3,63,0,2,2,51,26,6,81,60,21,533,18,2,3,4,22,63]
Test: [171/200] eta 00:03:52 loss_cls 0.0024 acc 0.7467 f1 0.7467 conf_mat [627,107,3,75,2,79,429,3,63,0,1,2,50,28,6,81,60,20,534,18,2,2,4,22,64]
Test: [172/200] eta 00:03:44 loss_cls 0.0024 acc 0.7467 f1 0.7467 conf_mat [628,104,3,77,2,80,426,3,65,0,1,2,50,28,6,81,59,19,536,18,2,2,4,22,64]
Test: [173/200] eta 00:03:36 loss_cls 0.0025 acc 0.7463 f1 0.7463 conf_mat [627,107,3,75,2,79,429,3,63,0,1,2,50,28,6,81,60,21,533,18,2,2,4,22,64]
Test: [174/200] eta 00:03:28 loss_cls 0.0024 acc 0.7476 f1 0.7475 conf_mat [630,102,3,77,2,80,425,3,66,0,1,2,50,28,6,81,59,19,537,17,2,2,4,22,64]
Test: [175/200] eta 00:03:20 loss_cls 0.0025 acc 0.7458 f1 0.7458 conf_mat [625,108,3,76,2,79,427,3,65,0,1,2,50,28,6,81,59,19,537,17,2,3,4,22,63]
Test: [176/200] eta 00:03:12 loss_cls 0.0025 acc 0.7458 f1 0.7459 conf_mat [627,106,3,76,2,79,427,3,65,0,1,2,50,28,6,81,59,21,534,18,2,2,4,22,64]
Test: [177/200] eta 00:03:04 loss_cls 0.0024 acc 0.7472 f1 0.7470 conf_mat [631,101,3,77,2,81,423,2,68,0,1,2,50,28,6,81,59,19,537,17,2,2,4,22,64]
Test: [178/200] eta 00:02:56 loss_cls 0.0024 acc 0.7472 f1 0.7471 conf_mat [633,102,3,74,2,81,424,3,66,0,2,2,50,27,6,81,59,21,534,18,2,2,4,22,64]
Test: [179/200] eta 00:02:27 loss_cls 0.0026 acc 0.7472 f1 0.7472 conf_mat [630,106,3,73,2,81,428,3,62,0,2,2,51,25,7,81,60,22,532,18,2,2,4,22,64]
Test: [180/200] eta 00:02:40 loss_cls 0.0024 acc 0.7472 f1 0.7472 conf_mat [633,101,3,75,2,81,424,3,66,0,2,2,51,26,6,81,59,22,533,18,2,2,4,22,64]
Test: [181/200] eta 00:02:32 loss_cls 0.0024 acc 0.7463 f1 0.7462 conf_mat [629,102,3,78,2,81,423,3,67,0,1,2,50,28,6,81,58,20,537,17,2,2,4,22,64]
Test: [182/200] eta 00:02:24 loss_cls 0.0024 acc 0.7467 f1 0.7466 conf_mat [629,102,3,78,2,81,423,3,67,0,1,2,50,28,6,81,58,19,538,17,2,2,4,22,64]
Test: [183/200] eta 00:02:16 loss_cls 0.0025 acc 0.7467 f1 0.7467 conf_mat [627,105,3,77,2,79,426,3,66,0,1,2,50,28,6,81,59,19,537,17,2,2,4,22,64]
Test: [184/200] eta 00:02:08 loss_cls 0.0025 acc 0.7472 f1 0.7471 conf_mat [628,107,3,74,2,79,427,3,65,0,1,2,50,28,6,81,59,19,536,18,2,2,4,22,64]
Test: [185/200] eta 00:01:45 loss_cls 0.0025 acc 0.7476 f1 0.7476 conf_mat [629,107,3,73,2,80,429,3,62,0,2,2,51,26,6,81,60,21,533,18,2,2,4,22,64]
Test: [186/200] eta 00:01:38 loss_cls 0.0024 acc 0.7476 f1 0.7476 conf_mat [629,107,3,73,2,79,429,3,63,0,2,2,51,26,6,81,60,21,533,18,2,2,4,22,64]
Test: [187/200] eta 00:01:31 loss_cls 0.0024 acc 0.7467 f1 0.7467 conf_mat [630,106,3,73,2,81,427,3,63,0,2,2,50,27,6,81,60,21,533,18,2,2,4,22,64]
Test: [188/200] eta 00:01:24 loss_cls 0.0023 acc 0.7463 f1 0.7462 conf_mat [629,103,3,77,2,81,423,3,67,0,1,2,50,28,6,81,59,19,537,17,2,2,4,22,64]
Test: [189/200] eta 00:01:17 loss_cls 0.0024 acc 0.7476 f1 0.7475 conf_mat [632,100,3,77,2,82,422,3,67,0,1,2,50,28,6,81,58,19,538,17,2,2,4,22,64]
Test: [190/200] eta 00:01:20 loss_cls 0.0024 acc 0.7467 f1 0.7466 conf_mat [633,101,3,75,2,84,422,3,65,0,2,2,50,27,6,81,59,20,535,18,2,2,4,22,64]
Test: [191/200] eta 00:01:12 loss_cls 0.0024 acc 0.7463 f1 0.7462 conf_mat [633,101,3,75,2,84,421,3,66,0,2,2,50,27,6,81,59,20,535,18,2,2,4,22,64]
Test: [192/200] eta 00:01:04 loss_cls 0.0024 acc 0.7467 f1 0.7467 conf_mat [627,106,3,76,2,79,427,3,65,0,1,2,50,28,6,81,59,19,536,18,2,2,4,22,64]
Test: [193/200] eta 00:00:56 loss_cls 0.0024 acc 0.7458 f1 0.7458 conf_mat [627,105,3,77,2,79,426,3,66,0,1,2,50,28,6,81,59,20,535,18,2,2,4,22,64]
Test: [194/200] eta 00:00:48 loss_cls 0.0024 acc 0.7463 f1 0.7463 conf_mat [629,107,3,73,2,81,427,3,63,0,2,2,51,26,6,81,60,22,532,18,2,2,4,22,64]
Test: [195/200] eta 00:00:40 loss_cls 0.0024 acc 0.7467 f1 0.7467 conf_mat [627,105,3,77,2,79,426,3,66,0,1,2,50,28,6,81,59,19,537,17,2,2,4,22,64]
Test: [196/200] eta 00:00:32 loss_cls 0.0024 acc 0.7467 f1 0.7467 conf_mat [627,106,3,76,2,79,427,3,65,0,1,2,50,28,6,81,59,19,536,18,2,2,4,22,64]
Test: [197/200] eta 00:00:24 loss_cls 0.0024 acc 0.7472 f1 0.7472 conf_mat [628,107,3,74,2,79,429,3,63,0,2,2,51,26,6,81,60,21,533,18,2,2,4,22,64]
Test: [198/200] eta 00:00:16 loss_cls 0.0024 acc 0.7463 f1 0.7464 conf_mat [627,107,3,75,2,79,428,3,64,0,1,2,51,27,6,81,60,21,533,18,2,2,4,22,64]
Test: [199/200] eta 00:00:08 loss_cls 0.0024 acc 0.7467 f1 0.7467 conf_mat [627,108,3,74,2,79,429,3,63,0,1,2,50,28,6,81,60,20,534,18,2,2,4,22,64]
Test: [200/200] eta 00:00:00 loss_cls 0.0024 acc 0.7458 f1 0.7459 conf_mat [625,109,3,75,2,79,429,3,63,0,1,2,50,28,6,81,60,20,534,18,2,2,4,22,64]
