model = dict(
    type='Classifier',
    backbone=dict(
        type='MyResNetV1d',
        depth=50,
        num_stages=4,
        out_indices=(0, 1, 2, 3),
        frozen_stages=1,
        norm_cfg=dict(type='BN', requires_grad=True),
        norm_eval=True,
        style='pytorch',
        init_cfg=dict(
            type='ft', checkpoint='../work_dirs/untrained/ResNetV1d50.pth')),
    classifier=dict(dim_in=2048, dim_mid=1024, dim_out=5))
optimizer = dict(type='SGD', lr=0.001, momentum=0.9, weight_decay=0.0001)
runner = dict(epoch=200)
data = dict(
    type='OpenSARShip',
    root='../data/opensarship',
    n_class=5,
    percentage=70,
    image_size=64,
    normalize=dict(
        mean=[
            0.026807075832908405, 0.026807075832908405, 0.026807075832908405
        ],
        std=[0.039102898421077066, 0.039102898421077066,
             0.039102898421077066]),
    workers=2,
    batch_size=dict(pretrain=1024, train=512, val=2048))
checkpoints = dict(
    folders=['../work_dirs/untrained'], index=['ResNetV1d50.pth'])
test_mode = 'ft'
work_dir = '../work_dirs/classifier_opensarship_single_ft'
log_file = '../work_dirs/classifier_opensarship_single_ft/20221010_102947.log'
Test: [  1/200] eta 00:43:07 loss_cls 1.5127 acc 0.0381 f1 nan conf_mat [0,0,814,0,0,0,0,574,0,0,0,0,87,0,0,0,0,713,0,0,0,0,94,0,0]
Test: [  2/200] eta 00:26:24 loss_cls 1.3596 acc 0.3887 f1 nan conf_mat [790,23,1,0,0,489,84,1,0,0,74,0,13,0,0,666,28,19,0,0,74,0,20,0,0]
Test: [  3/200] eta 00:26:16 loss_cls 1.2800 acc 0.3703 f1 nan conf_mat [812,0,0,2,0,566,7,0,1,0,70,0,0,17,0,684,3,0,26,0,72,0,0,22,0]
Test: [  4/200] eta 00:26:08 loss_cls 1.2327 acc 0.4145 f1 nan conf_mat [786,13,0,15,0,523,47,0,4,0,40,0,0,47,0,584,16,0,113,0,45,0,0,49,0]
Test: [  5/200] eta 00:26:00 loss_cls 1.1994 acc 0.4584 f1 nan conf_mat [700,71,0,43,0,396,162,0,16,0,20,0,0,67,0,474,55,0,184,0,25,2,0,67,0]
Test: [  6/200] eta 00:25:52 loss_cls 1.1752 acc 0.5009 f1 nan conf_mat [616,127,0,71,0,308,235,0,31,0,11,0,0,76,0,332,96,0,284,1,20,2,0,64,8]
Test: [  7/200] eta 00:25:44 loss_cls 1.1572 acc 0.5123 f1 nan conf_mat [532,189,0,93,0,227,303,0,44,0,7,0,0,80,0,251,129,0,332,1,12,3,0,77,2]
Test: [  8/200] eta 00:25:36 loss_cls 1.1417 acc 0.5110 f1 nan conf_mat [381,287,0,146,0,122,387,0,65,0,2,2,0,83,0,131,191,0,390,1,8,5,0,73,8]
Test: [  9/200] eta 00:25:28 loss_cls 1.1272 acc 0.5342 f1 0.5230 conf_mat [523,179,0,112,0,220,293,0,61,0,4,0,5,77,1,213,118,3,375,4,12,3,2,54,23]
Test: [ 10/200] eta 00:25:20 loss_cls 1.1148 acc 0.5368 f1 0.5263 conf_mat [484,190,0,140,0,190,300,0,84,0,3,0,6,77,1,170,119,5,416,3,11,3,2,59,19]
Test: [ 11/200] eta 00:25:12 loss_cls 1.1008 acc 0.5399 f1 0.5279 conf_mat [557,157,0,100,0,245,269,0,60,0,4,0,6,75,2,223,105,3,373,9,12,2,2,51,27]
Test: [ 12/200] eta 00:25:04 loss_cls 1.0934 acc 0.5451 f1 0.5332 conf_mat [579,108,5,122,0,255,205,2,112,0,2,0,24,61,0,187,69,38,413,6,12,2,9,48,23]
Test: [ 13/200] eta 00:24:56 loss_cls 1.0955 acc 0.5434 f1 0.5355 conf_mat [538,198,1,77,0,223,312,1,38,0,6,0,9,70,2,219,124,7,346,17,12,3,3,41,35]
Test: [ 14/200] eta 00:24:48 loss_cls 1.0738 acc 0.5657 f1 0.5563 conf_mat [475,239,0,100,0,145,360,0,69,0,2,1,5,78,1,135,140,5,428,5,10,4,2,55,23]
Test: [ 15/200] eta 00:24:40 loss_cls 1.0637 acc 0.5526 f1 0.5429 conf_mat [428,297,0,89,0,113,402,0,59,0,2,2,5,78,0,125,174,5,405,4,9,5,2,57,21]
Test: [ 16/200] eta 00:24:32 loss_cls 1.0540 acc 0.5504 f1 0.5381 conf_mat [391,301,0,122,0,97,406,0,71,0,1,2,3,81,0,102,171,1,435,4,6,5,2,60,21]
Test: [ 17/200] eta 00:21:21 loss_cls 1.0470 acc 0.5666 f1 0.5605 conf_mat [474,277,1,62,0,142,389,1,42,0,5,2,9,70,1,147,158,8,394,6,14,4,3,46,27]
Test: [ 18/200] eta 00:21:14 loss_cls 1.0367 acc 0.5701 f1 0.5638 conf_mat [448,224,1,141,0,131,344,1,98,0,1,0,12,72,2,118,111,9,468,7,8,3,3,51,29]
Test: [ 19/200] eta 00:21:07 loss_cls 1.0290 acc 0.5732 f1 0.5665 conf_mat [502,225,0,87,0,161,337,1,75,0,1,1,8,75,2,150,116,7,429,11,10,3,3,46,32]
Test: [ 20/200] eta 00:21:00 loss_cls 1.0238 acc 0.5754 f1 0.5671 conf_mat [478,255,0,81,0,135,383,0,56,0,2,1,8,76,0,137,145,6,421,4,9,4,2,56,23]
Test: [ 21/200] eta 00:20:53 loss_cls 1.0161 acc 0.5504 f1 0.5429 conf_mat [436,142,1,235,0,126,256,1,191,0,0,0,14,71,2,105,66,13,518,11,6,2,3,51,32]
Test: [ 22/200] eta 00:23:44 loss_cls 1.0101 acc 0.5819 f1 0.5745 conf_mat [530,203,0,81,0,184,332,1,57,0,2,0,9,74,2,162,110,8,427,6,9,3,3,49,30]
Test: [ 23/200] eta 00:23:36 loss_cls 1.0050 acc 0.5881 f1 0.5807 conf_mat [576,158,1,79,0,221,291,1,61,0,3,0,17,65,2,178,84,16,428,7,10,2,3,49,30]
Test: [ 24/200] eta 00:23:28 loss_cls 0.9997 acc 0.5890 f1 0.5848 conf_mat [555,178,1,80,0,192,313,1,68,0,2,0,18,63,4,163,94,20,414,22,8,2,3,37,44]
Test: [ 25/200] eta 00:23:20 loss_cls 0.9951 acc 0.5933 f1 0.5834 conf_mat [581,133,1,99,0,230,270,1,73,0,1,0,15,70,1,163,72,13,459,6,7,2,3,53,29]
Test: [ 26/200] eta 00:23:12 loss_cls 0.9896 acc 0.5990 f1 0.5931 conf_mat [513,190,1,110,0,157,335,1,81,0,0,0,11,71,5,124,92,12,469,16,6,2,3,44,39]
Test: [ 27/200] eta 00:23:04 loss_cls 0.9835 acc 0.5951 f1 0.5837 conf_mat [580,155,1,78,0,215,292,1,66,0,2,0,12,73,0,166,81,10,453,3,7,2,3,61,21]
Test: [ 28/200] eta 00:22:56 loss_cls 0.9790 acc 0.5995 f1 0.5956 conf_mat [535,184,1,94,0,173,330,1,70,0,0,0,19,65,3,143,95,17,446,12,5,2,3,46,38]
Test: [ 29/200] eta 00:22:48 loss_cls 0.9744 acc 0.5859 f1 0.5812 conf_mat [551,207,1,55,0,203,330,1,40,0,3,0,17,66,1,176,107,16,408,6,9,2,3,49,31]
Test: [ 30/200] eta 00:22:40 loss_cls 0.9697 acc 0.5960 f1 0.5856 conf_mat [460,244,0,110,0,117,382,0,75,0,0,0,7,79,1,98,117,6,489,3,4,4,2,62,22]
Test: [ 31/200] eta 00:22:32 loss_cls 0.9651 acc 0.5868 f1 0.5773 conf_mat [424,317,0,73,0,89,435,0,50,0,0,0,7,79,1,100,154,7,449,3,4,4,2,60,24]
Test: [ 32/200] eta 00:22:24 loss_cls 0.9611 acc 0.5982 f1 0.5936 conf_mat [531,239,1,43,0,159,378,1,36,0,7,0,18,61,1,162,120,16,411,4,6,4,3,54,27]
Test: [ 33/200] eta 00:22:16 loss_cls 0.9556 acc 0.5903 f1 0.5839 conf_mat [452,155,1,206,0,128,309,1,136,0,0,0,21,66,0,89,67,16,536,5,4,2,4,55,29]
Test: [ 34/200] eta 00:22:08 loss_cls 0.9492 acc 0.6025 f1 0.5980 conf_mat [531,234,1,48,0,156,376,1,41,0,3,0,18,65,1,150,120,16,423,4,4,3,3,57,27]
Test: [ 35/200] eta 00:22:00 loss_cls 0.9477 acc 0.6004 f1 0.5919 conf_mat [513,118,1,182,0,156,274,1,143,0,0,0,20,67,0,102,57,14,536,4,4,2,4,57,27]
Test: [ 36/200] eta 00:21:52 loss_cls 0.9406 acc 0.6091 f1 0.6043 conf_mat [516,236,1,61,0,145,376,1,52,0,3,0,15,68,1,132,111,11,452,7,5,2,3,53,31]
Test: [ 37/200] eta 00:21:44 loss_cls 0.9384 acc 0.5758 f1 0.5630 conf_mat [371,321,1,121,0,69,422,0,83,0,3,0,11,73,0,78,135,7,492,1,3,5,2,66,18]
Test: [ 38/200] eta 00:21:36 loss_cls 0.9364 acc 0.6100 f1 0.6031 conf_mat [497,253,1,63,0,126,395,0,53,0,3,1,10,73,0,122,118,7,461,5,5,3,2,55,29]
Test: [ 39/200] eta 00:21:28 loss_cls 0.9296 acc 0.6117 f1 0.6114 conf_mat [535,227,1,51,0,163,368,1,42,0,6,0,29,48,4,147,110,20,421,15,5,2,4,40,43]
Test: [ 40/200] eta 00:21:20 loss_cls 0.9275 acc 0.6201 f1 0.6097 conf_mat [559,78,1,176,0,185,250,1,138,0,0,0,26,61,0,95,46,16,551,5,2,2,4,57,29]
Test: [ 41/200] eta 00:21:12 loss_cls 0.9212 acc 0.6354 f1 0.6322 conf_mat [572,158,1,83,0,179,334,1,60,0,0,0,27,55,5,129,82,14,474,14,3,2,4,42,43]
Test: [ 42/200] eta 00:21:04 loss_cls 0.9187 acc 0.6157 f1 0.6108 conf_mat [496,105,1,212,0,139,275,1,159,0,0,0,34,53,0,72,49,21,562,9,0,2,4,50,38]
Test: [ 43/200] eta 00:20:56 loss_cls 0.9146 acc 0.5942 f1 0.5863 conf_mat [407,343,0,64,0,79,455,0,40,0,0,0,8,78,1,73,172,6,456,6,2,4,2,56,30]
Test: [ 44/200] eta 00:18:12 loss_cls 0.9125 acc 0.6100 f1 0.6024 conf_mat [515,252,1,46,0,141,394,0,39,0,5,0,15,66,1,135,121,6,449,2,4,2,3,66,19]
Test: [ 45/200] eta 00:18:05 loss_cls 0.9066 acc 0.6398 f1 0.6327 conf_mat [548,159,1,106,0,160,332,0,82,0,1,0,25,61,0,97,73,10,530,3,2,2,4,61,25]
Test: [ 46/200] eta 00:17:58 loss_cls 0.9074 acc 0.6192 f1 0.6180 conf_mat [458,208,1,147,0,114,375,1,84,0,0,0,33,49,5,78,96,21,499,19,2,2,5,37,48]
Test: [ 47/200] eta 00:17:51 loss_cls 0.9026 acc 0.6337 f1 0.6300 conf_mat [619,134,1,60,0,222,308,1,43,0,2,0,36,45,4,162,78,22,440,11,3,2,4,42,43]
Test: [ 48/200] eta 00:20:16 loss_cls 0.8981 acc 0.6407 f1 0.6383 conf_mat [517,168,1,128,0,137,350,1,86,0,0,0,30,52,5,85,79,14,520,15,2,2,4,41,45]
Test: [ 49/200] eta 00:20:08 loss_cls 0.8915 acc 0.6398 f1 0.6353 conf_mat [534,166,1,113,0,149,331,0,94,0,2,0,25,57,3,94,69,10,530,10,2,2,4,46,40]
Test: [ 50/200] eta 00:20:00 loss_cls 0.8866 acc 0.6376 f1 0.6312 conf_mat [537,197,1,79,0,146,365,0,63,0,2,0,29,56,0,107,90,10,505,1,3,2,4,66,19]
Test: [ 51/200] eta 00:19:52 loss_cls 0.8868 acc 0.6350 f1 0.6318 conf_mat [474,261,0,79,0,102,415,0,57,0,2,0,17,65,3,71,124,8,499,11,2,2,3,43,44]
Test: [ 52/200] eta 00:19:44 loss_cls 0.8812 acc 0.6218 f1 0.6146 conf_mat [572,106,1,135,0,188,275,2,109,0,5,0,42,40,0,131,47,27,505,3,3,2,6,58,25]
Test: [ 53/200] eta 00:19:36 loss_cls 0.8832 acc 0.6332 f1 0.6266 conf_mat [532,229,0,53,0,141,396,0,37,0,2,0,13,71,1,117,113,5,475,3,2,2,3,58,29]
Test: [ 54/200] eta 00:19:28 loss_cls 0.8756 acc 0.6139 f1 0.6093 conf_mat [386,208,1,219,0,68,372,1,133,0,0,0,38,44,5,40,75,21,557,20,0,2,5,39,48]
Test: [ 55/200] eta 00:19:20 loss_cls 0.8738 acc 0.6358 f1 0.6345 conf_mat [603,173,1,37,0,191,350,2,31,0,4,0,38,40,5,172,88,24,414,15,4,2,5,37,46]
Test: [ 56/200] eta 00:19:12 loss_cls 0.8730 acc 0.6455 f1 0.6362 conf_mat [614,131,1,68,0,203,320,0,51,0,0,0,20,66,1,136,71,9,493,4,2,2,3,61,26]
Test: [ 57/200] eta 00:19:04 loss_cls 0.8724 acc 0.6301 f1 0.6308 conf_mat [529,247,1,37,0,147,395,0,32,0,4,0,29,51,3,123,129,9,442,10,3,2,3,43,43]
Test: [ 58/200] eta 00:18:56 loss_cls 0.8661 acc 0.6328 f1 0.6277 conf_mat [589,189,1,35,0,175,362,0,37,0,5,0,28,53,1,161,100,10,440,2,3,2,3,61,25]
Test: [ 59/200] eta 00:18:48 loss_cls 0.8670 acc 0.6262 f1 0.6229 conf_mat [409,234,1,170,0,73,392,0,109,0,0,0,38,45,4,41,96,19,547,10,1,2,5,43,43]
Test: [ 60/200] eta 00:18:40 loss_cls 0.8620 acc 0.6358 f1 0.6343 conf_mat [510,247,0,57,0,122,412,0,40,0,0,0,22,61,4,108,123,7,461,14,2,2,3,41,46]
Test: [ 61/200] eta 00:18:32 loss_cls 0.8577 acc 0.6556 f1 0.6501 conf_mat [571,85,1,157,0,171,287,0,116,0,0,0,41,44,2,81,48,18,557,9,1,2,4,47,40]
Test: [ 62/200] eta 00:18:24 loss_cls 0.8547 acc 0.6398 f1 0.6417 conf_mat [516,244,1,53,0,124,402,1,47,0,3,0,39,41,4,101,121,21,454,16,2,2,5,36,49]
Test: [ 63/200] eta 00:18:16 loss_cls 0.8518 acc 0.6560 f1 0.6497 conf_mat [560,184,0,70,0,141,379,0,54,0,2,0,21,63,1,99,97,5,510,2,2,2,3,60,27]
Test: [ 64/200] eta 00:18:08 loss_cls 0.8490 acc 0.6578 f1 0.6555 conf_mat [613,142,1,58,0,191,334,1,48,0,3,0,41,40,3,139,77,18,470,9,2,2,5,42,43]
Test: [ 65/200] eta 00:18:00 loss_cls 0.8462 acc 0.6218 f1 0.6157 conf_mat [525,253,0,36,0,132,410,0,32,0,6,0,17,63,1,132,130,5,444,2,2,2,3,64,23]
Test: [ 66/200] eta 00:17:52 loss_cls 0.8450 acc 0.6424 f1 0.6375 conf_mat [518,174,1,121,0,126,351,0,97,0,3,0,40,44,0,91,73,14,534,1,0,2,4,65,23]
Test: [ 67/200] eta 00:17:44 loss_cls 0.8412 acc 0.6060 f1 0.5974 conf_mat [633,164,0,17,0,207,344,0,23,0,13,1,26,47,0,259,90,9,353,2,5,2,3,57,27]
Test: [ 68/200] eta 00:17:36 loss_cls 0.8387 acc 0.5828 f1 0.5618 conf_mat [296,272,0,246,0,34,400,0,140,0,1,0,17,68,1,25,92,2,594,0,0,2,3,66,23]
Test: [ 69/200] eta 00:15:17 loss_cls 0.8435 acc 0.6188 f1 0.6114 conf_mat [562,226,0,26,0,155,387,0,32,0,11,0,20,55,1,170,112,6,424,1,3,2,3,67,19]
Test: [ 70/200] eta 00:15:10 loss_cls 0.8417 acc 0.6271 f1 0.6227 conf_mat [634,155,1,24,0,209,338,0,27,0,9,0,38,38,2,220,89,13,385,6,4,2,3,49,36]
Test: [ 71/200] eta 00:15:03 loss_cls 0.8393 acc 0.5583 f1 0.5507 conf_mat [339,81,1,393,0,62,242,0,270,0,0,0,34,45,8,31,33,12,607,30,0,1,3,38,52]
Test: [ 72/200] eta 00:14:56 loss_cls 0.8358 acc 0.6591 f1 0.6590 conf_mat [602,164,2,46,0,165,368,3,38,0,2,0,51,31,3,135,91,37,433,17,2,2,5,35,50]
Test: [ 73/200] eta 00:14:49 loss_cls 0.8299 acc 0.6078 f1 0.5979 conf_mat [331,285,0,198,0,41,427,0,106,0,0,0,31,52,4,29,113,9,551,11,0,2,3,42,47]
Test: [ 74/200] eta 00:16:48 loss_cls 0.8297 acc 0.6306 f1 0.6222 conf_mat [678,116,0,20,0,235,312,0,27,0,10,0,28,47,2,240,75,8,384,6,4,2,3,48,37]
Test: [ 75/200] eta 00:16:40 loss_cls 0.8259 acc 0.6231 f1 0.6210 conf_mat [425,158,1,230,0,79,346,1,148,0,0,0,42,42,3,46,66,24,562,15,0,2,5,40,47]
Test: [ 76/200] eta 00:16:32 loss_cls 0.8280 acc 0.6529 f1 0.6497 conf_mat [642,143,0,29,0,198,344,0,32,0,7,0,39,38,3,186,82,15,423,7,2,2,3,45,42]
Test: [ 77/200] eta 00:16:24 loss_cls 0.8237 acc 0.6332 f1 0.6299 conf_mat [437,153,1,223,0,83,345,0,146,0,0,0,36,48,3,43,66,13,582,9,0,2,3,44,45]
Test: [ 78/200] eta 00:16:16 loss_cls 0.8234 acc 0.6450 f1 0.6414 conf_mat [542,225,0,47,0,124,409,0,41,0,5,0,26,54,2,121,116,6,467,3,2,2,3,59,28]
Test: [ 79/200] eta 00:16:08 loss_cls 0.8333 acc 0.6253 f1 0.6211 conf_mat [399,194,1,220,0,64,371,1,138,0,2,0,47,35,3,38,70,28,570,7,0,2,6,46,40]
Test: [ 80/200] eta 00:16:00 loss_cls 0.8322 acc 0.6578 f1 0.6519 conf_mat [647,125,0,42,0,209,327,0,38,0,4,0,33,48,2,164,72,11,461,5,2,2,3,54,33]
Test: [ 81/200] eta 00:15:52 loss_cls 0.8222 acc 0.6661 f1 0.6622 conf_mat [605,107,0,102,0,184,318,0,72,0,0,0,34,46,7,109,57,13,511,23,2,2,3,35,52]
Test: [ 82/200] eta 00:15:44 loss_cls 0.8200 acc 0.6683 f1 0.6693 conf_mat [570,194,1,49,0,135,398,1,40,0,2,0,46,36,3,110,105,21,461,16,2,2,5,35,50]
Test: [ 83/200] eta 00:15:36 loss_cls 0.8130 acc 0.6718 f1 0.6699 conf_mat [558,137,1,118,0,138,344,0,92,0,2,0,42,39,4,81,64,15,541,12,1,2,4,39,48]
Test: [ 84/200] eta 00:15:28 loss_cls 0.8115 acc 0.6630 f1 0.6606 conf_mat [497,229,0,88,0,91,419,0,64,0,2,0,29,54,2,62,108,8,531,4,2,2,3,50,37]
Test: [ 85/200] eta 00:15:20 loss_cls 0.8105 acc 0.6744 f1 0.6703 conf_mat [607,107,0,100,0,157,325,0,92,0,2,0,36,47,2,103,60,13,528,9,1,2,3,45,43]
Test: [ 86/200] eta 00:15:12 loss_cls 0.8090 acc 0.6350 f1 0.6272 conf_mat [570,58,1,185,0,171,239,0,164,0,2,0,44,38,3,94,38,19,553,9,0,2,4,45,43]
Test: [ 87/200] eta 00:15:04 loss_cls 0.8086 acc 0.6639 f1 0.6615 conf_mat [509,186,0,119,0,102,384,0,88,0,2,0,33,50,2,67,81,12,549,4,0,2,3,49,40]
Test: [ 88/200] eta 00:14:56 loss_cls 0.8041 acc 0.6486 f1 0.6470 conf_mat [564,207,0,43,0,145,387,0,42,0,5,0,37,43,2,126,109,13,461,4,2,2,3,56,31]
Test: [ 89/200] eta 00:14:48 loss_cls 0.8066 acc 0.6617 f1 0.6558 conf_mat [530,211,0,73,0,106,414,0,54,0,2,0,18,65,2,82,107,3,517,4,2,2,3,56,31]
Test: [ 90/200] eta 00:14:40 loss_cls 0.8090 acc 0.6727 f1 0.6680 conf_mat [664,94,1,55,0,223,303,0,48,0,1,0,44,38,4,152,55,18,472,16,2,2,4,34,52]
Test: [ 91/200] eta 00:14:32 loss_cls 0.8037 acc 0.6104 f1 0.6076 conf_mat [411,101,1,301,0,75,290,0,209,0,2,0,47,35,3,39,46,21,595,12,0,2,4,38,50]
Test: [ 92/200] eta 00:14:24 loss_cls 0.8020 acc 0.6503 f1 0.6464 conf_mat [645,143,0,26,0,196,348,0,30,0,7,0,37,41,2,193,88,12,414,6,2,2,3,47,40]
Test: [ 93/200] eta 00:14:16 loss_cls 0.8000 acc 0.6569 f1 0.6530 conf_mat [478,236,0,100,0,86,417,0,71,0,2,0,27,56,2,56,106,5,544,2,1,2,3,55,33]
Test: [ 94/200] eta 00:14:08 loss_cls 0.7988 acc 0.6687 f1 0.6681 conf_mat [531,206,0,77,0,111,402,0,61,0,2,0,40,43,2,80,100,14,515,4,2,2,3,49,38]
Test: [ 95/200] eta 00:12:15 loss_cls 0.7971 acc 0.6779 f1 0.6759 conf_mat [609,134,0,71,0,159,348,0,67,0,2,0,45,38,2,109,75,18,501,10,1,2,5,42,44]
Test: [ 96/200] eta 00:12:08 loss_cls 0.7974 acc 0.6709 f1 0.6697 conf_mat [556,198,0,60,0,119,406,0,49,0,2,0,31,52,2,98,104,10,496,5,2,2,3,45,42]
Test: [ 97/200] eta 00:12:01 loss_cls 0.7960 acc 0.6687 f1 0.6678 conf_mat [569,203,0,42,0,124,413,0,37,0,2,0,29,54,2,106,122,8,471,6,2,2,3,43,44]
Test: [ 98/200] eta 00:11:54 loss_cls 0.7929 acc 0.6604 f1 0.6600 conf_mat [502,142,1,169,0,99,352,0,123,0,0,0,46,35,6,51,68,22,552,20,0,2,4,33,55]
Test: [ 99/200] eta 00:13:28 loss_cls 0.7917 acc 0.6805 f1 0.6798 conf_mat [575,162,0,77,0,131,383,0,60,0,2,0,39,42,4,87,91,14,509,12,2,2,3,40,47]
Test: [100/200] eta 00:13:20 loss_cls 0.7896 acc 0.6586 f1 0.6597 conf_mat [502,252,0,60,0,93,439,0,42,0,2,0,37,44,4,83,128,13,477,12,2,2,3,39,48]
Test: [101/200] eta 00:13:12 loss_cls 0.7900 acc 0.6779 f1 0.6780 conf_mat [530,186,1,97,0,104,396,0,74,0,2,0,46,36,3,68,87,18,528,12,1,2,4,40,47]
Test: [102/200] eta 00:13:04 loss_cls 0.7879 acc 0.6604 f1 0.6619 conf_mat [489,265,0,60,0,82,450,0,42,0,0,0,38,45,4,73,135,13,479,13,2,2,3,36,51]
Test: [103/200] eta 00:12:56 loss_cls 0.7880 acc 0.6770 f1 0.6770 conf_mat [590,168,0,56,0,135,395,0,44,0,2,0,45,37,3,116,101,17,466,13,2,2,4,37,49]
Test: [104/200] eta 00:12:48 loss_cls 0.7900 acc 0.6529 f1 0.6546 conf_mat [493,260,0,61,0,92,443,0,39,0,0,0,43,41,3,87,137,13,463,13,2,2,3,39,48]
Test: [105/200] eta 00:14:15 loss_cls 0.7996 acc 0.6652 f1 0.6631 conf_mat [578,101,1,134,0,166,315,0,93,0,0,0,46,35,6,80,58,21,521,33,1,2,4,29,58]
Test: [106/200] eta 00:14:06 loss_cls 0.7894 acc 0.6762 f1 0.6768 conf_mat [566,174,1,73,0,130,390,0,54,0,0,0,46,36,5,93,97,17,487,19,2,2,4,32,54]
Test: [107/200] eta 00:13:57 loss_cls 0.7931 acc 0.6832 f1 0.6819 conf_mat [625,140,0,49,0,159,374,0,41,0,3,0,45,36,3,131,87,16,466,13,2,2,4,37,49]
Test: [108/200] eta 00:12:16 loss_cls 0.7894 acc 0.6705 f1 0.6684 conf_mat [581,190,0,43,0,128,408,0,38,0,3,0,32,50,2,115,115,6,473,4,2,2,3,51,36]
Test: [109/200] eta 00:13:39 loss_cls 0.7794 acc 0.6709 f1 0.6724 conf_mat [532,221,0,61,0,99,433,0,42,0,1,0,44,37,5,94,119,15,465,20,2,2,4,29,57]
Test: [110/200] eta 00:13:30 loss_cls 0.7820 acc 0.6775 f1 0.6780 conf_mat [523,173,1,117,0,96,396,1,81,0,0,0,50,33,4,59,87,26,527,14,1,2,5,36,50]
Test: [111/200] eta 00:13:21 loss_cls 0.7820 acc 0.6805 f1 0.6785 conf_mat [587,176,0,51,0,126,402,0,46,0,2,0,31,52,2,108,100,9,492,4,2,2,3,46,41]
Test: [112/200] eta 00:11:44 loss_cls 0.7747 acc 0.6880 f1 0.6859 conf_mat [590,140,0,84,0,136,370,0,68,0,2,0,37,46,2,89,76,13,528,7,1,2,3,43,45]
Test: [113/200] eta 00:13:03 loss_cls 0.7755 acc 0.6823 f1 0.6820 conf_mat [581,133,1,99,0,137,354,1,82,0,2,0,53,28,4,78,71,31,514,19,1,2,6,30,55]
Test: [114/200] eta 00:11:28 loss_cls 0.7773 acc 0.6849 f1 0.6824 conf_mat [597,164,0,53,0,133,399,0,42,0,2,0,30,53,2,110,98,5,495,5,2,2,3,45,42]
Test: [115/200] eta 00:11:20 loss_cls 0.7734 acc 0.6801 f1 0.6809 conf_mat [539,201,0,74,0,105,413,0,56,0,2,0,46,36,3,82,100,15,506,10,2,2,4,38,48]
Test: [116/200] eta 00:12:36 loss_cls 0.7728 acc 0.6586 f1 0.6607 conf_mat [494,267,0,53,0,91,441,0,42,0,2,0,43,40,2,84,130,14,478,7,2,2,3,40,47]
Test: [117/200] eta 00:12:27 loss_cls 0.7764 acc 0.6858 f1 0.6854 conf_mat [589,160,0,65,0,134,392,0,48,0,0,0,42,41,4,102,91,14,493,13,2,2,4,37,49]
Test: [118/200] eta 00:10:56 loss_cls 0.7758 acc 0.6735 f1 0.6737 conf_mat [489,204,0,121,0,87,407,0,80,0,0,0,49,33,5,54,86,20,536,17,1,2,4,31,56]
Test: [119/200] eta 00:10:48 loss_cls 0.7705 acc 0.6902 f1 0.6884 conf_mat [612,131,0,71,0,146,376,0,52,0,2,0,39,42,4,112,78,12,500,11,2,2,3,39,48]
Test: [120/200] eta 00:12:00 loss_cls 0.7684 acc 0.6854 f1 0.6815 conf_mat [621,95,0,98,0,178,311,0,85,0,2,0,50,32,3,94,52,21,533,13,1,2,4,38,49]
Test: [121/200] eta 00:11:51 loss_cls 0.7697 acc 0.6827 f1 0.6825 conf_mat [574,159,0,81,0,129,394,0,51,0,0,0,42,40,5,98,90,14,495,16,2,2,3,34,53]
Test: [122/200] eta 00:09:06 loss_cls 0.7732 acc 0.6827 f1 0.6819 conf_mat [585,118,1,110,0,149,347,0,78,0,0,0,49,32,6,78,64,20,518,33,1,2,4,28,59]
Test: [123/200] eta 00:08:59 loss_cls 0.7729 acc 0.6797 f1 0.6804 conf_mat [550,177,1,86,0,113,403,0,58,0,0,0,49,34,4,84,94,22,496,17,2,2,4,33,53]
Test: [124/200] eta 00:08:52 loss_cls 0.7680 acc 0.6713 f1 0.6715 conf_mat [533,224,0,57,0,99,431,0,44,0,2,0,33,49,3,88,118,10,487,10,2,2,3,39,48]
Test: [125/200] eta 00:08:45 loss_cls 0.7682 acc 0.6981 f1 0.6974 conf_mat [590,135,0,89,0,130,378,0,66,0,2,0,47,35,3,82,74,18,527,12,1,2,4,36,51]
Test: [126/200] eta 00:09:52 loss_cls 0.7648 acc 0.6840 f1 0.6828 conf_mat [565,175,0,74,0,113,405,0,56,0,2,0,34,49,2,83,100,11,514,5,2,2,3,44,43]
Test: [127/200] eta 00:09:44 loss_cls 0.7663 acc 0.6884 f1 0.6857 conf_mat [606,101,1,106,0,158,324,0,92,0,2,0,51,31,3,85,53,22,539,14,1,2,4,36,51]
Test: [128/200] eta 00:09:36 loss_cls 0.7642 acc 0.6626 f1 0.6639 conf_mat [485,270,0,59,0,80,452,0,42,0,2,0,40,43,2,73,133,12,489,6,2,2,3,41,46]
Test: [129/200] eta 00:09:28 loss_cls 0.7628 acc 0.6889 f1 0.6868 conf_mat [632,122,0,60,0,168,354,0,52,0,3,0,45,36,3,123,70,16,493,11,2,2,4,38,48]
Test: [130/200] eta 00:09:20 loss_cls 0.7617 acc 0.6801 f1 0.6794 conf_mat [521,193,0,100,0,95,406,0,73,0,2,0,41,42,2,67,88,13,540,5,1,2,3,44,44]
Test: [131/200] eta 00:09:12 loss_cls 0.7636 acc 0.6884 f1 0.6882 conf_mat [604,160,0,50,0,137,393,0,44,0,3,0,45,37,2,111,97,15,481,9,2,2,4,38,48]
Test: [132/200] eta 00:09:04 loss_cls 0.7591 acc 0.6919 f1 0.6889 conf_mat [611,110,0,93,0,159,337,0,78,0,2,0,43,39,3,90,58,15,540,10,1,2,3,40,48]
Test: [133/200] eta 00:08:56 loss_cls 0.7599 acc 0.6933 f1 0.6934 conf_mat [575,159,0,80,0,116,397,0,61,0,2,0,46,36,3,83,89,16,513,12,2,2,4,35,51]
Test: [134/200] eta 00:08:48 loss_cls 0.7608 acc 0.6770 f1 0.6776 conf_mat [560,210,0,44,0,106,432,0,36,0,3,0,41,41,2,112,116,12,464,9,2,2,3,39,48]
Test: [135/200] eta 00:08:40 loss_cls 0.7598 acc 0.6871 f1 0.6824 conf_mat [634,92,0,88,0,178,315,0,81,0,2,0,42,41,2,105,53,15,532,8,1,2,3,43,45]
Test: [136/200] eta 00:08:32 loss_cls 0.7587 acc 0.6876 f1 0.6874 conf_mat [578,164,0,72,0,126,391,0,57,0,2,0,45,38,2,93,91,15,509,5,2,2,4,40,46]
Test: [137/200] eta 00:08:24 loss_cls 0.7593 acc 0.6814 f1 0.6826 conf_mat [548,210,0,56,0,105,424,0,45,0,3,0,45,37,2,91,108,15,490,9,2,2,4,38,48]
Test: [138/200] eta 00:08:16 loss_cls 0.7559 acc 0.6976 f1 0.6969 conf_mat [583,133,0,98,0,124,375,0,75,0,2,0,48,34,3,76,73,16,535,13,1,2,4,36,51]
Test: [139/200] eta 00:08:08 loss_cls 0.7560 acc 0.6784 f1 0.6788 conf_mat [578,194,0,42,0,119,420,0,35,0,3,0,44,38,2,118,114,15,460,6,2,2,3,41,46]
Test: [140/200] eta 00:08:00 loss_cls 0.7569 acc 0.6788 f1 0.6760 conf_mat [568,93,0,153,0,129,324,0,121,0,2,0,44,39,2,77,47,15,568,6,0,2,3,44,45]
Test: [141/200] eta 00:07:52 loss_cls 0.7579 acc 0.6902 f1 0.6885 conf_mat [616,146,0,52,0,145,381,0,48,0,3,0,38,44,2,113,88,12,495,5,2,2,3,42,45]
Test: [142/200] eta 00:07:44 loss_cls 0.7559 acc 0.6972 f1 0.6968 conf_mat [595,140,0,79,0,132,385,0,57,0,2,0,48,34,3,89,84,16,512,12,2,2,4,35,51]
Test: [143/200] eta 00:07:36 loss_cls 0.7550 acc 0.6845 f1 0.6852 conf_mat [568,196,0,50,0,111,424,0,39,0,3,0,44,38,2,97,113,15,479,9,2,2,3,40,47]
Test: [144/200] eta 00:07:28 loss_cls 0.7575 acc 0.6937 f1 0.6908 conf_mat [620,106,0,88,0,156,342,0,76,0,2,0,43,40,2,96,61,15,531,10,1,2,3,41,47]
Test: [145/200] eta 00:07:20 loss_cls 0.7549 acc 0.6906 f1 0.6904 conf_mat [566,169,0,79,0,112,399,0,63,0,2,0,45,38,2,85,87,15,520,6,1,2,4,41,46]
Test: [146/200] eta 00:07:12 loss_cls 0.7548 acc 0.6897 f1 0.6883 conf_mat [607,154,0,53,0,135,389,0,50,0,3,0,40,42,2,109,91,12,496,5,2,2,3,45,42]
Test: [147/200] eta 00:07:04 loss_cls 0.7536 acc 0.6981 f1 0.6975 conf_mat [600,132,0,82,0,135,379,0,60,0,2,0,47,33,5,95,75,16,512,15,2,2,4,31,55]
Test: [148/200] eta 00:06:56 loss_cls 0.7531 acc 0.6954 f1 0.6949 conf_mat [593,145,0,76,0,131,386,0,57,0,2,0,46,36,3,91,82,16,513,11,2,2,4,37,49]
Test: [149/200] eta 00:06:48 loss_cls 0.7515 acc 0.6871 f1 0.6866 conf_mat [602,169,0,43,0,129,407,0,38,0,3,0,42,40,2,116,105,14,472,6,2,2,3,42,45]
Test: [150/200] eta 00:06:40 loss_cls 0.7530 acc 0.6981 f1 0.6968 conf_mat [595,120,0,99,0,137,361,0,76,0,1,0,49,34,3,79,68,17,537,12,1,2,4,36,51]
Test: [151/200] eta 00:06:32 loss_cls 0.7544 acc 0.6946 f1 0.6935 conf_mat [571,140,0,103,0,117,378,0,79,0,2,0,44,39,2,75,72,15,545,6,1,2,3,41,47]
Test: [152/200] eta 00:07:12 loss_cls 0.7506 acc 0.6849 f1 0.6857 conf_mat [547,204,0,63,0,102,424,0,48,0,2,0,44,39,2,85,105,15,501,7,2,2,3,40,47]
Test: [153/200] eta 00:07:03 loss_cls 0.7502 acc 0.6994 f1 0.6982 conf_mat [615,132,0,67,0,140,380,0,54,0,2,0,45,37,3,100,81,15,508,9,2,2,3,39,48]
Test: [154/200] eta 00:06:54 loss_cls 0.7520 acc 0.6766 f1 0.6783 conf_mat [539,226,0,49,0,100,432,0,42,0,3,0,46,36,2,94,118,15,480,6,2,2,4,39,47]
Test: [155/200] eta 00:06:45 loss_cls 0.7535 acc 0.6989 f1 0.6962 conf_mat [608,108,0,98,0,144,350,0,80,0,2,0,44,39,2,81,62,15,548,7,1,2,3,43,45]
Test: [156/200] eta 00:06:36 loss_cls 0.7506 acc 0.6897 f1 0.6903 conf_mat [582,182,0,50,0,118,412,0,44,0,3,0,46,36,2,101,103,15,487,7,2,2,4,39,47]
Test: [157/200] eta 00:05:44 loss_cls 0.7496 acc 0.6989 f1 0.6975 conf_mat [601,129,0,84,0,132,373,0,69,0,2,0,44,39,2,90,71,15,530,7,1,2,3,41,47]
Test: [158/200] eta 00:06:18 loss_cls 0.7493 acc 0.6902 f1 0.6904 conf_mat [592,173,0,49,0,123,409,0,42,0,3,0,44,38,2,103,104,15,482,9,2,2,3,39,48]
Test: [159/200] eta 00:06:09 loss_cls 0.7488 acc 0.6963 f1 0.6954 conf_mat [582,143,0,89,0,125,380,0,69,0,2,0,46,37,2,85,72,15,534,7,1,2,4,40,47]
Test: [160/200] eta 00:06:00 loss_cls 0.7478 acc 0.6950 f1 0.6952 conf_mat [569,166,0,79,0,108,404,0,62,0,2,0,47,35,3,80,91,16,517,9,2,2,4,37,49]
Test: [161/200] eta 00:05:51 loss_cls 0.7503 acc 0.6937 f1 0.6931 conf_mat [590,163,0,61,0,122,401,0,51,0,2,0,41,42,2,99,91,13,505,5,2,2,3,41,46]
Test: [162/200] eta 00:05:42 loss_cls 0.7478 acc 0.6976 f1 0.6964 conf_mat [622,132,0,60,0,146,381,0,47,0,3,0,45,37,2,111,82,15,496,9,2,2,3,39,48]
Test: [163/200] eta 00:05:33 loss_cls 0.7482 acc 0.6972 f1 0.6967 conf_mat [567,161,0,86,0,113,395,0,66,0,2,0,45,38,2,76,79,15,537,6,1,2,3,41,47]
Test: [164/200] eta 00:04:48 loss_cls 0.7472 acc 0.6954 f1 0.6951 conf_mat [587,159,0,68,0,123,399,0,52,0,2,0,44,39,2,91,89,15,510,8,2,2,3,40,47]
Test: [165/200] eta 00:04:40 loss_cls 0.7477 acc 0.6915 f1 0.6913 conf_mat [575,163,0,76,0,119,399,0,56,0,2,0,45,38,2,89,90,15,512,7,2,2,3,40,47]
Test: [166/200] eta 00:04:32 loss_cls 0.7457 acc 0.7007 f1 0.6996 conf_mat [597,136,0,81,0,129,382,0,63,0,2,0,45,38,2,88,74,15,527,9,1,2,4,39,48]
Test: [167/200] eta 00:04:24 loss_cls 0.7471 acc 0.6972 f1 0.6970 conf_mat [596,157,0,61,0,124,399,0,51,0,3,0,47,35,2,97,91,16,502,7,2,2,4,39,47]
Test: [168/200] eta 00:04:48 loss_cls 0.7465 acc 0.6933 f1 0.6931 conf_mat [580,164,0,70,0,120,400,0,54,0,2,0,45,38,2,90,91,15,510,7,2,2,3,40,47]
Test: [169/200] eta 00:04:08 loss_cls 0.7465 acc 0.6968 f1 0.6960 conf_mat [600,145,0,69,0,129,389,0,56,0,2,0,45,38,2,99,83,15,509,7,2,2,3,40,47]
Test: [170/200] eta 00:04:30 loss_cls 0.7455 acc 0.6928 f1 0.6927 conf_mat [588,166,0,60,0,121,403,0,50,0,3,0,45,37,2,98,94,15,498,8,2,2,3,40,47]
Test: [171/200] eta 00:03:52 loss_cls 0.7453 acc 0.6985 f1 0.6976 conf_mat [582,147,0,85,0,121,382,0,71,0,2,0,45,38,2,77,76,15,538,7,1,2,3,41,47]
Test: [172/200] eta 00:04:12 loss_cls 0.7464 acc 0.6989 f1 0.6983 conf_mat [596,143,0,75,0,128,392,0,54,0,2,0,47,36,2,95,83,15,513,7,2,2,4,39,47]
Test: [173/200] eta 00:03:36 loss_cls 0.7453 acc 0.6906 f1 0.6909 conf_mat [567,176,0,71,0,113,409,0,52,0,2,0,46,37,2,88,96,15,507,7,2,2,4,39,47]
Test: [174/200] eta 00:03:28 loss_cls 0.7458 acc 0.6959 f1 0.6954 conf_mat [591,154,0,69,0,123,397,0,54,0,2,0,45,38,2,95,88,15,508,7,2,2,3,40,47]
Test: [175/200] eta 00:03:20 loss_cls 0.7456 acc 0.6981 f1 0.6974 conf_mat [594,149,0,71,0,128,392,0,54,0,2,0,45,38,2,93,83,15,515,7,2,2,3,40,47]
Test: [176/200] eta 00:03:12 loss_cls 0.7445 acc 0.6985 f1 0.6981 conf_mat [597,156,0,61,0,123,399,0,52,0,2,0,45,38,2,96,89,15,506,7,2,2,4,39,47]
Test: [177/200] eta 00:03:04 loss_cls 0.7440 acc 0.6963 f1 0.6958 conf_mat [596,152,0,66,0,125,395,0,54,0,2,0,45,38,2,96,89,15,506,7,2,2,4,39,47]
Test: [178/200] eta 00:02:56 loss_cls 0.7467 acc 0.6924 f1 0.6923 conf_mat [576,165,0,73,0,118,401,0,55,0,2,0,45,38,2,89,91,15,511,7,2,2,3,40,47]
Test: [179/200] eta 00:03:09 loss_cls 0.7449 acc 0.6989 f1 0.6981 conf_mat [583,148,0,83,0,124,386,0,64,0,2,0,45,38,2,80,77,15,534,7,1,2,3,41,47]
Test: [180/200] eta 00:03:00 loss_cls 0.7446 acc 0.6963 f1 0.6960 conf_mat [591,156,0,67,0,123,398,0,53,0,2,0,45,38,2,95,89,15,508,6,2,2,3,40,47]
Test: [181/200] eta 00:02:51 loss_cls 0.7457 acc 0.6985 f1 0.6979 conf_mat [601,148,0,65,0,128,392,0,54,0,2,0,45,38,2,97,86,15,509,6,2,2,3,40,47]
Test: [182/200] eta 00:02:24 loss_cls 0.7452 acc 0.6933 f1 0.6930 conf_mat [573,163,0,78,0,118,399,0,57,0,2,0,45,38,2,85,88,15,518,7,2,2,4,39,47]
Test: [183/200] eta 00:02:33 loss_cls 0.7457 acc 0.6946 f1 0.6942 conf_mat [584,156,0,74,0,123,397,0,54,0,2,0,45,38,2,90,89,15,512,7,2,2,3,40,47]
Test: [184/200] eta 00:02:24 loss_cls 0.7448 acc 0.6968 f1 0.6962 conf_mat [590,150,0,74,0,123,396,0,55,0,2,0,45,38,2,93,86,15,512,7,2,2,3,40,47]
Test: [185/200] eta 00:02:15 loss_cls 0.7432 acc 0.6946 f1 0.6940 conf_mat [583,152,0,79,0,124,392,0,58,0,2,0,45,38,2,87,85,15,518,8,2,2,4,39,47]
Test: [186/200] eta 00:02:06 loss_cls 0.7456 acc 0.6950 f1 0.6946 conf_mat [581,156,0,77,0,122,397,0,55,0,2,0,45,38,2,88,87,15,516,7,2,2,4,39,47]
Test: [187/200] eta 00:01:57 loss_cls 0.7463 acc 0.6959 f1 0.6955 conf_mat [589,156,0,69,0,122,397,0,55,0,2,0,45,38,2,95,87,15,510,6,2,2,3,40,47]
Test: [188/200] eta 00:01:48 loss_cls 0.7441 acc 0.6954 f1 0.6951 conf_mat [584,155,0,75,0,121,398,0,55,0,2,0,45,38,2,90,88,15,513,7,2,2,3,40,47]
Test: [189/200] eta 00:01:28 loss_cls 0.7440 acc 0.6950 f1 0.6947 conf_mat [582,157,0,75,0,121,398,0,55,0,2,0,45,38,2,89,88,15,514,7,2,2,4,39,47]
Test: [190/200] eta 00:01:30 loss_cls 0.7439 acc 0.6959 f1 0.6955 conf_mat [585,154,0,75,0,122,397,0,55,0,2,0,45,38,2,88,88,15,514,8,2,2,4,39,47]
Test: [191/200] eta 00:01:21 loss_cls 0.7446 acc 0.6950 f1 0.6947 conf_mat [586,156,0,72,0,123,397,0,54,0,2,0,45,38,2,90,90,15,511,7,2,2,3,40,47]
Test: [192/200] eta 00:01:12 loss_cls 0.7446 acc 0.6941 f1 0.6939 conf_mat [581,160,0,73,0,121,398,0,55,0,2,0,45,38,2,89,89,15,513,7,2,2,3,40,47]
Test: [193/200] eta 00:01:03 loss_cls 0.7435 acc 0.6959 f1 0.6955 conf_mat [584,155,0,75,0,122,397,0,55,0,2,0,45,38,2,88,88,15,515,7,2,2,3,40,47]
Test: [194/200] eta 00:00:54 loss_cls 0.7443 acc 0.6963 f1 0.6959 conf_mat [585,153,0,76,0,122,397,0,55,0,2,0,45,38,2,88,88,15,515,7,2,2,3,40,47]
Test: [195/200] eta 00:00:45 loss_cls 0.7446 acc 0.6954 f1 0.6950 conf_mat [588,154,0,72,0,123,397,0,54,0,2,0,45,38,2,92,89,15,510,7,2,2,3,40,47]
Test: [196/200] eta 00:00:32 loss_cls 0.7441 acc 0.6950 f1 0.6947 conf_mat [583,157,0,74,0,122,398,0,54,0,2,0,45,38,2,89,89,15,513,7,2,2,3,40,47]
Test: [197/200] eta 00:00:27 loss_cls 0.7434 acc 0.6950 f1 0.6947 conf_mat [581,157,0,76,0,121,398,0,55,0,2,0,45,38,2,88,88,15,515,7,2,2,3,40,47]
Test: [198/200] eta 00:00:18 loss_cls 0.7449 acc 0.6950 f1 0.6946 conf_mat [582,156,0,76,0,122,397,0,55,0,2,0,45,38,2,88,88,15,515,7,2,2,3,40,47]
Test: [199/200] eta 00:00:08 loss_cls 0.7442 acc 0.6963 f1 0.6959 conf_mat [587,152,0,75,0,123,397,0,54,0,2,0,45,38,2,90,88,15,513,7,2,2,3,40,47]
Test: [200/200] eta 00:00:00 loss_cls 0.7430 acc 0.6954 f1 0.6951 conf_mat [582,158,0,74,0,121,398,0,55,0,2,0,45,38,2,88,88,15,515,7,2,2,3,40,47]
