model = dict(
    type='Classifier',
    backbone=dict(
        type='MyResNetV1d',
        depth=18,
        num_stages=4,
        out_indices=(0, 1, 2, 3),
        frozen_stages=1,
        norm_cfg=dict(type='BN', requires_grad=True),
        norm_eval=True,
        style='pytorch',
        init_cfg=dict(
            type='ft', checkpoint='../work_dirs/untrained/ResNetV1d18.pth')),
    classifier=dict(dim_in=512, dim_mid=256, dim_out=5))
optimizer = dict(type='SGD', lr=0.001, momentum=0.9, weight_decay=0.0001)
runner = dict(epoch=200)
data = dict(
    type='OpenSARShip',
    root='../data/opensarship',
    n_class=5,
    percentage=70,
    image_size=64,
    normalize=dict(
        mean=[
            0.026807075832908405, 0.026807075832908405, 0.026807075832908405
        ],
        std=[0.039102898421077066, 0.039102898421077066,
             0.039102898421077066]),
    workers=2,
    batch_size=dict(pretrain=1024, train=512, val=2048))
checkpoints = dict(
    folders=['../work_dirs/untrained'], index=['ResNetV1d18.pth'])
test_mode = 'ft'
work_dir = '../work_dirs/classifier_opensarship_single_ft'
log_file = '../work_dirs/classifier_opensarship_single_ft/20221010_144552.log'
Test: [  1/200] eta 00:29:51 loss_cls 1.5051 acc 0.3874 f1 nan conf_mat [0,191,0,623,0,0,263,0,311,0,0,0,0,87,0,0,92,0,621,0,0,0,0,94,0]
Test: [  2/200] eta 00:26:24 loss_cls 1.3533 acc 0.3900 f1 nan conf_mat [0,277,0,537,0,0,338,0,236,0,0,0,0,87,0,0,161,0,552,0,0,3,0,91,0]
Test: [  3/200] eta 00:29:33 loss_cls 1.2784 acc 0.3926 f1 nan conf_mat [0,282,0,532,0,0,345,0,229,0,0,0,0,87,0,0,162,0,551,0,0,3,0,91,0]
Test: [  4/200] eta 00:26:08 loss_cls 1.2251 acc 0.4167 f1 nan conf_mat [43,315,0,456,0,6,374,0,194,0,0,0,0,87,0,7,172,0,534,0,0,4,0,90,0]
Test: [  5/200] eta 00:26:00 loss_cls 1.1837 acc 0.4934 f1 nan conf_mat [260,282,0,272,0,66,370,0,138,0,0,0,0,87,0,47,170,0,496,0,1,4,0,89,0]
Test: [  6/200] eta 00:25:52 loss_cls 1.1492 acc 0.5136 f1 nan conf_mat [390,272,0,152,0,124,370,0,80,0,3,1,0,83,0,124,177,0,412,0,6,4,0,84,0]
Test: [  7/200] eta 00:25:44 loss_cls 1.1177 acc 0.5294 f1 nan conf_mat [409,261,0,144,0,125,368,0,81,0,3,0,0,84,0,126,159,0,428,0,4,4,0,83,3]
Test: [  8/200] eta 00:25:36 loss_cls 1.0913 acc 0.5408 f1 nan conf_mat [442,265,0,107,0,133,376,0,65,0,4,0,0,83,0,138,162,0,413,0,6,4,0,81,3]
Test: [  9/200] eta 00:25:28 loss_cls 1.0683 acc 0.5657 f1 0.5543 conf_mat [464,230,0,120,0,139,349,0,86,0,3,0,7,77,0,123,130,2,456,2,2,4,2,71,15]
Test: [ 10/200] eta 00:25:20 loss_cls 1.0473 acc 0.5784 f1 0.5713 conf_mat [524,217,1,72,0,167,346,1,60,0,4,0,13,67,3,169,118,8,413,5,7,2,2,59,24]
Test: [ 11/200] eta 00:25:12 loss_cls 1.0286 acc 0.5925 f1 0.5861 conf_mat [512,186,2,114,0,160,322,1,91,0,1,0,20,66,0,129,96,11,475,2,4,2,3,62,23]
Test: [ 12/200] eta 00:25:04 loss_cls 1.0100 acc 0.5973 f1 0.5927 conf_mat [529,205,1,79,0,157,341,1,75,0,4,0,21,60,2,150,103,10,444,6,4,2,3,57,28]
Test: [ 13/200] eta 00:24:56 loss_cls 0.9942 acc 0.6012 f1 0.5967 conf_mat [487,203,1,123,0,141,339,0,94,0,1,0,19,65,2,110,95,9,493,6,1,2,2,55,34]
Test: [ 14/200] eta 00:24:48 loss_cls 0.9812 acc 0.6043 f1 0.5981 conf_mat [507,176,1,130,0,151,321,0,102,0,1,0,17,67,2,112,88,5,502,6,2,2,2,56,32]
Test: [ 15/200] eta 00:27:45 loss_cls 0.9670 acc 0.6100 f1 0.6024 conf_mat [537,187,0,90,0,159,330,0,85,0,3,0,19,65,0,131,89,7,484,2,4,2,3,63,22]
Test: [ 16/200] eta 00:24:32 loss_cls 0.9542 acc 0.6087 f1 0.6076 conf_mat [457,214,2,141,0,117,359,1,96,1,1,0,30,51,5,75,102,17,496,23,1,2,3,41,47]
Test: [ 17/200] eta 00:24:24 loss_cls 0.9434 acc 0.6012 f1 0.5979 conf_mat [586,183,1,44,0,199,322,1,52,0,12,0,43,32,0,204,91,23,392,3,5,2,5,53,29]
Test: [ 18/200] eta 00:27:18 loss_cls 0.9362 acc 0.6131 f1 0.6044 conf_mat [567,173,0,74,0,185,324,0,65,0,5,0,17,65,0,151,89,3,468,2,3,2,2,64,23]
Test: [ 19/200] eta 00:24:08 loss_cls 0.9248 acc 0.6280 f1 0.6235 conf_mat [521,222,0,71,0,138,375,0,61,0,2,0,16,66,3,103,114,4,485,7,2,2,2,52,36]
Test: [ 20/200] eta 00:24:00 loss_cls 0.9146 acc 0.6262 f1 0.6278 conf_mat [515,185,8,106,0,136,350,1,86,1,1,0,50,33,3,85,96,44,464,24,1,2,6,35,50]
Test: [ 21/200] eta 00:23:52 loss_cls 0.9077 acc 0.6319 f1 0.6325 conf_mat [493,220,1,100,0,113,385,1,74,1,1,0,35,44,7,80,113,14,479,27,1,2,3,38,50]
Test: [ 22/200] eta 00:20:46 loss_cls 0.8980 acc 0.6284 f1 0.6210 conf_mat [543,183,0,88,0,157,344,0,73,0,3,0,20,64,0,108,96,4,504,1,1,2,3,65,23]
Test: [ 23/200] eta 00:23:36 loss_cls 0.8888 acc 0.6258 f1 0.6189 conf_mat [454,196,0,164,0,82,375,0,117,0,0,0,18,68,1,58,97,4,552,2,1,2,2,60,29]
Test: [ 24/200] eta 00:23:28 loss_cls 0.8832 acc 0.6372 f1 0.6381 conf_mat [479,224,1,110,0,92,396,1,84,1,1,0,36,43,7,61,115,12,491,34,1,2,4,35,52]
Test: [ 25/200] eta 00:20:25 loss_cls 0.8778 acc 0.6494 f1 0.6485 conf_mat [534,193,0,87,0,131,372,0,71,0,1,0,35,49,2,90,106,9,502,6,1,2,3,49,39]
Test: [ 26/200] eta 00:23:12 loss_cls 0.8664 acc 0.6477 f1 0.6470 conf_mat [508,179,1,126,0,113,360,0,101,0,2,0,40,44,1,77,81,21,525,9,1,2,4,42,45]
Test: [ 27/200] eta 00:23:04 loss_cls 0.8587 acc 0.6446 f1 0.6387 conf_mat [565,169,0,80,0,146,358,0,70,0,5,0,24,58,0,117,93,4,497,2,1,2,2,62,27]
Test: [ 28/200] eta 00:22:56 loss_cls 0.8523 acc 0.6429 f1 0.6385 conf_mat [600,175,0,39,0,164,368,0,42,0,10,0,23,52,2,156,109,4,439,5,3,2,2,50,37]
Test: [ 29/200] eta 00:22:48 loss_cls 0.8456 acc 0.6617 f1 0.6620 conf_mat [524,177,1,112,0,111,372,1,90,0,2,0,48,33,4,69,90,20,518,16,1,2,5,38,48]
Test: [ 30/200] eta 00:22:40 loss_cls 0.8402 acc 0.6608 f1 0.6602 conf_mat [585,167,1,61,0,160,354,0,60,0,3,0,40,43,1,112,96,14,483,8,2,2,3,41,46]
Test: [ 31/200] eta 00:22:32 loss_cls 0.8348 acc 0.6490 f1 0.6402 conf_mat [579,174,0,61,0,143,371,0,60,0,5,0,14,68,0,118,101,3,491,0,1,2,1,64,26]
Test: [ 32/200] eta 00:25:12 loss_cls 0.8285 acc 0.6617 f1 0.6618 conf_mat [585,183,0,46,0,147,381,0,46,0,6,0,39,41,1,126,109,12,457,9,2,2,4,38,48]
Test: [ 33/200] eta 00:22:16 loss_cls 0.8221 acc 0.6626 f1 0.6628 conf_mat [544,152,2,116,0,121,354,1,98,0,1,0,54,29,3,76,70,34,509,24,1,2,5,35,51]
Test: [ 34/200] eta 00:22:08 loss_cls 0.8171 acc 0.6551 f1 0.6508 conf_mat [627,150,0,37,0,176,350,0,48,0,9,0,30,47,1,159,92,6,451,5,2,2,3,50,37]
Test: [ 35/200] eta 00:22:00 loss_cls 0.8112 acc 0.6696 f1 0.6682 conf_mat [611,159,0,44,0,159,365,0,50,0,7,0,40,40,0,129,97,12,470,5,2,2,3,45,42]
Test: [ 36/200] eta 00:21:52 loss_cls 0.8058 acc 0.6722 f1 0.6706 conf_mat [574,182,0,58,0,128,386,0,60,0,3,0,31,51,2,96,105,5,502,5,1,2,3,47,41]
Test: [ 37/200] eta 00:21:44 loss_cls 0.8006 acc 0.6744 f1 0.6735 conf_mat [575,174,0,65,0,131,381,0,62,0,3,0,34,47,3,94,99,9,502,9,1,2,3,41,47]
Test: [ 38/200] eta 00:24:18 loss_cls 0.7976 acc 0.6700 f1 0.6644 conf_mat [662,115,0,37,0,187,339,0,48,0,7,0,38,42,0,169,78,8,457,1,2,2,3,54,33]
Test: [ 39/200] eta 00:24:09 loss_cls 0.7919 acc 0.6718 f1 0.6669 conf_mat [609,157,0,48,0,151,364,0,59,0,5,0,25,56,1,113,92,4,499,5,2,2,1,53,36]
Test: [ 40/200] eta 00:21:20 loss_cls 0.7880 acc 0.6683 f1 0.6660 conf_mat [531,198,0,85,0,99,403,0,72,0,2,0,27,57,1,72,109,3,525,4,1,2,2,50,39]
Test: [ 41/200] eta 00:23:51 loss_cls 0.7831 acc 0.6819 f1 0.6816 conf_mat [548,156,1,109,0,111,371,1,91,0,1,0,51,33,2,72,78,17,539,7,1,2,5,39,47]
Test: [ 42/200] eta 00:21:04 loss_cls 0.7774 acc 0.6832 f1 0.6841 conf_mat [572,185,0,57,0,116,399,0,59,0,3,0,40,38,6,87,106,11,491,18,1,2,3,31,57]
Test: [ 43/200] eta 00:23:33 loss_cls 0.7759 acc 0.6924 f1 0.6914 conf_mat [606,135,1,72,0,143,363,1,67,0,3,0,52,31,1,101,74,18,512,8,1,2,5,39,47]
Test: [ 44/200] eta 00:20:48 loss_cls 0.7684 acc 0.6779 f1 0.6801 conf_mat [560,199,1,54,0,114,406,1,53,0,3,0,51,26,7,86,113,20,473,21,1,2,5,29,57]
Test: [ 45/200] eta 00:20:40 loss_cls 0.7686 acc 0.6582 f1 0.6489 conf_mat [708,66,0,40,0,252,270,1,51,0,7,0,53,27,0,209,45,21,433,5,2,2,6,46,38]
Test: [ 46/200] eta 00:20:32 loss_cls 0.7689 acc 0.5824 f1 0.5713 conf_mat [290,222,6,296,0,27,401,2,143,1,0,0,59,21,7,26,97,38,518,34,1,2,5,25,61]
Test: [ 47/200] eta 00:20:24 loss_cls 0.7715 acc 0.6214 f1 0.5994 conf_mat [732,63,0,19,0,276,269,0,29,0,16,0,20,51,0,277,47,2,387,0,3,2,1,78,10]
Test: [ 48/200] eta 00:20:16 loss_cls 0.7677 acc 0.6854 f1 0.6848 conf_mat [617,156,0,41,0,144,388,0,42,0,6,0,43,36,2,132,95,11,466,9,2,2,4,36,50]
Test: [ 49/200] eta 00:20:08 loss_cls 0.7541 acc 0.6941 f1 0.6940 conf_mat [605,160,0,49,0,129,398,0,47,0,5,0,47,34,1,111,96,11,487,8,2,2,4,39,47]
Test: [ 50/200] eta 00:20:00 loss_cls 0.7488 acc 0.6981 f1 0.6959 conf_mat [589,152,0,73,0,117,388,0,69,0,4,0,39,44,0,86,80,6,538,3,1,2,3,49,39]
Test: [ 51/200] eta 00:19:52 loss_cls 0.7458 acc 0.6635 f1 0.6624 conf_mat [470,193,0,151,0,74,405,0,95,0,0,0,37,46,4,49,99,6,549,10,1,2,3,35,53]
Test: [ 52/200] eta 00:19:44 loss_cls 0.7430 acc 0.6797 f1 0.6795 conf_mat [523,154,0,137,0,96,379,0,99,0,1,0,52,32,2,63,76,16,548,10,1,2,4,38,49]
Test: [ 53/200] eta 00:19:36 loss_cls 0.7388 acc 0.6893 f1 0.6899 conf_mat [550,148,2,114,0,105,380,2,87,0,1,0,56,26,4,65,77,25,529,17,1,2,5,28,58]
Test: [ 54/200] eta 00:19:28 loss_cls 0.7390 acc 0.6963 f1 0.6962 conf_mat [624,131,1,58,0,145,376,3,50,0,3,0,62,18,4,110,77,38,467,21,1,2,5,26,60]
Test: [ 55/200] eta 00:19:20 loss_cls 0.7328 acc 0.7095 f1 0.7072 conf_mat [627,121,0,66,0,135,373,1,65,0,5,0,54,28,0,102,67,15,526,3,1,2,6,46,39]
Test: [ 56/200] eta 00:19:12 loss_cls 0.7294 acc 0.6731 f1 0.6698 conf_mat [652,141,0,21,0,159,390,0,25,0,10,0,43,34,0,196,94,11,408,4,2,2,4,43,43]
Test: [ 57/200] eta 00:19:04 loss_cls 0.7258 acc 0.6897 f1 0.6870 conf_mat [550,156,0,108,0,102,388,0,84,0,3,0,31,51,2,66,77,4,561,5,1,2,2,45,44]
Test: [ 58/200] eta 00:18:56 loss_cls 0.7236 acc 0.6862 f1 0.6869 conf_mat [527,206,0,81,0,82,431,0,61,0,4,0,39,41,3,72,111,4,517,9,1,2,2,37,52]
Test: [ 59/200] eta 00:18:48 loss_cls 0.7263 acc 0.6915 f1 0.6889 conf_mat [560,128,0,126,0,102,361,0,111,0,4,0,42,41,0,64,66,4,577,2,1,2,2,51,38]
Test: [ 60/200] eta 00:18:40 loss_cls 0.7162 acc 0.7051 f1 0.7033 conf_mat [655,110,0,49,0,151,375,2,46,0,6,0,58,22,1,141,63,28,474,7,1,2,6,38,47]
Test: [ 61/200] eta 00:18:32 loss_cls 0.7123 acc 0.6529 f1 0.6524 conf_mat [433,207,2,172,0,50,423,3,97,1,0,0,56,20,11,42,87,32,514,38,1,2,5,22,64]
Test: [ 62/200] eta 00:18:24 loss_cls 0.7120 acc 0.6976 f1 0.6993 conf_mat [567,188,0,59,0,98,429,2,45,0,5,0,52,27,3,86,110,14,486,17,1,2,5,28,58]
Test: [ 63/200] eta 00:18:16 loss_cls 0.7085 acc 0.7064 f1 0.7063 conf_mat [586,123,0,105,0,111,374,1,88,0,3,0,57,25,2,73,69,20,539,12,1,2,5,30,56]
Test: [ 64/200] eta 00:18:08 loss_cls 0.7040 acc 0.6753 f1 0.6589 conf_mat [635,135,0,44,0,139,386,0,49,0,6,0,13,68,0,140,75,2,496,0,1,2,0,80,11]
Test: [ 65/200] eta 00:18:00 loss_cls 0.7048 acc 0.6858 f1 0.6861 conf_mat [577,182,0,55,0,106,426,1,41,0,5,0,40,35,7,107,113,11,464,18,2,2,4,28,58]
Test: [ 66/200] eta 00:17:52 loss_cls 0.6991 acc 0.7016 f1 0.7021 conf_mat [562,152,0,100,0,102,391,0,81,0,3,0,55,27,2,64,80,19,537,13,1,2,5,30,56]
Test: [ 67/200] eta 00:17:44 loss_cls 0.6956 acc 0.6713 f1 0.6574 conf_mat [712,72,0,30,0,213,324,0,37,0,7,0,19,61,0,204,54,2,453,0,2,2,1,65,24]
Test: [ 68/200] eta 00:17:36 loss_cls 0.6991 acc 0.7003 f1 0.6990 conf_mat [565,175,0,74,0,99,413,0,62,0,5,0,42,40,0,78,89,4,540,2,1,2,2,51,38]
Test: [ 69/200] eta 00:17:28 loss_cls 0.6949 acc 0.7217 f1 0.7184 conf_mat [673,85,0,56,0,159,361,1,53,0,5,0,52,30,0,114,64,13,518,4,1,2,4,44,43]
Test: [ 70/200] eta 00:19:30 loss_cls 0.6864 acc 0.6976 f1 0.6986 conf_mat [516,198,0,100,0,69,438,1,66,0,3,0,52,28,4,56,96,15,526,20,1,2,5,26,60]
Test: [ 71/200] eta 00:19:21 loss_cls 0.6810 acc 0.7073 f1 0.7049 conf_mat [669,107,0,38,0,155,370,1,48,0,5,0,52,29,1,151,67,14,476,5,2,2,5,38,47]
Test: [ 72/200] eta 00:19:12 loss_cls 0.6796 acc 0.7068 f1 0.7068 conf_mat [570,151,0,93,0,98,395,1,80,0,5,0,47,34,1,67,79,11,548,8,1,2,4,34,53]
Test: [ 73/200] eta 00:16:56 loss_cls 0.6752 acc 0.6959 f1 0.6962 conf_mat [528,150,0,136,0,83,399,1,91,0,3,0,54,28,2,53,80,17,552,11,1,2,4,32,55]
Test: [ 74/200] eta 00:14:42 loss_cls 0.6720 acc 0.7117 f1 0.7093 conf_mat [620,141,0,53,0,120,406,0,48,0,5,0,37,45,0,104,84,3,520,2,1,2,2,48,41]
Test: [ 75/200] eta 00:14:35 loss_cls 0.6711 acc 0.7068 f1 0.7046 conf_mat [670,98,0,46,0,162,367,1,44,0,6,0,51,29,1,165,55,12,475,6,2,2,4,36,50]
Test: [ 76/200] eta 00:14:28 loss_cls 0.6687 acc 0.7174 f1 0.7158 conf_mat [624,128,0,62,0,123,392,1,58,0,5,0,50,31,1,98,73,11,529,2,1,2,4,45,42]
Test: [ 77/200] eta 00:14:21 loss_cls 0.6685 acc 0.6994 f1 0.6977 conf_mat [598,83,0,133,0,127,329,2,116,0,3,0,60,22,2,75,45,28,553,12,1,2,6,29,56]
Test: [ 78/200] eta 00:14:14 loss_cls 0.6697 acc 0.7068 f1 0.7027 conf_mat [677,79,0,58,0,171,338,2,63,0,5,0,59,23,0,130,51,32,499,1,1,2,8,43,40]
Test: [ 79/200] eta 00:16:08 loss_cls 0.6642 acc 0.7147 f1 0.7120 conf_mat [657,105,0,52,0,147,369,1,57,0,5,0,49,32,1,124,63,11,513,2,1,2,4,44,43]
Test: [ 80/200] eta 00:14:00 loss_cls 0.6634 acc 0.7187 f1 0.7183 conf_mat [600,150,0,64,0,101,412,0,61,0,5,0,48,33,1,79,84,11,534,5,1,2,4,41,46]
Test: [ 81/200] eta 00:13:53 loss_cls 0.6602 acc 0.6889 f1 0.6783 conf_mat [722,54,0,38,0,223,310,0,41,0,6,0,39,42,0,190,44,3,476,0,2,2,3,62,25]
Test: [ 82/200] eta 00:13:46 loss_cls 0.6539 acc 0.6854 f1 0.6845 conf_mat [606,186,0,22,0,108,439,0,27,0,8,1,40,37,1,153,120,5,430,5,1,4,3,37,49]
Test: [ 83/200] eta 00:13:39 loss_cls 0.6504 acc 0.7156 f1 0.7115 conf_mat [634,129,0,51,0,119,409,0,46,0,5,0,31,51,0,108,82,2,520,1,1,2,1,51,39]
Test: [ 84/200] eta 00:13:32 loss_cls 0.6461 acc 0.7134 f1 0.7116 conf_mat [567,156,0,91,0,84,420,0,70,0,5,0,40,42,0,66,80,5,561,1,1,2,3,48,40]
Test: [ 85/200] eta 00:13:25 loss_cls 0.6452 acc 0.7055 f1 0.7046 conf_mat [634,148,0,32,0,111,430,1,32,0,5,0,55,25,2,141,105,19,431,17,1,4,5,24,60]
Test: [ 86/200] eta 00:13:18 loss_cls 0.6450 acc 0.6617 f1 0.6463 conf_mat [691,107,0,16,0,164,388,0,22,0,14,0,18,55,0,244,72,2,395,0,3,3,0,70,18]
Test: [ 87/200] eta 00:13:11 loss_cls 0.6580 acc 0.5653 f1 0.5263 conf_mat [777,26,0,11,0,354,205,0,15,0,24,0,11,52,0,388,29,2,294,0,9,1,1,80,3]
Test: [ 88/200] eta 00:13:04 loss_cls 0.6561 acc 0.6525 f1 0.6471 conf_mat [602,200,0,12,0,108,450,0,16,0,15,1,31,33,7,206,140,4,356,7,3,4,1,36,50]
Test: [ 89/200] eta 00:12:57 loss_cls 0.6500 acc 0.6008 f1 0.5680 conf_mat [777,17,0,20,0,383,155,0,36,0,12,0,43,32,0,307,17,8,381,0,4,1,4,70,15]
Test: [ 90/200] eta 00:14:40 loss_cls 0.6348 acc 0.6827 f1 0.6797 conf_mat [626,174,0,14,0,113,441,0,20,0,11,1,36,37,2,177,120,4,411,1,2,4,3,41,44]
Test: [ 91/200] eta 00:12:43 loss_cls 0.6336 acc 0.6503 f1 0.6326 conf_mat [750,45,0,19,0,260,283,0,31,0,11,0,28,48,0,265,39,2,407,0,2,2,1,73,16]
Test: [ 92/200] eta 00:12:36 loss_cls 0.6288 acc 0.7213 f1 0.7187 conf_mat [651,115,0,48,0,128,396,0,50,0,5,0,40,41,1,127,67,4,514,1,2,2,3,42,45]
Test: [ 93/200] eta 00:12:29 loss_cls 0.6206 acc 0.7090 f1 0.7054 conf_mat [651,127,0,36,0,127,412,0,35,0,8,0,42,37,0,143,84,8,478,0,2,3,4,50,35]
Test: [ 94/200] eta 00:12:22 loss_cls 0.6227 acc 0.7239 f1 0.7248 conf_mat [592,165,0,57,0,90,437,1,46,0,5,0,53,28,1,78,97,13,519,6,1,3,4,35,51]
Test: [ 95/200] eta 00:14:00 loss_cls 0.6205 acc 0.6814 f1 0.6725 conf_mat [735,57,0,22,0,226,320,0,28,0,11,0,34,42,0,231,49,2,430,1,2,2,1,53,36]
Test: [ 96/200] eta 00:12:08 loss_cls 0.6186 acc 0.7068 f1 0.7009 conf_mat [672,106,0,36,0,149,387,0,38,0,5,0,42,40,0,159,64,6,484,0,2,2,3,59,28]
Test: [ 97/200] eta 00:12:01 loss_cls 0.6194 acc 0.7134 f1 0.7076 conf_mat [651,71,0,92,0,140,333,0,101,0,5,0,43,39,0,93,45,9,566,0,1,1,4,53,35]
Test: [ 98/200] eta 00:11:54 loss_cls 0.6248 acc 0.7046 f1 0.7040 conf_mat [622,161,0,31,0,104,438,1,31,0,5,0,54,27,1,138,109,15,446,5,2,2,5,37,48]
Test: [ 99/200] eta 00:11:47 loss_cls 0.6169 acc 0.6727 f1 0.6633 conf_mat [715,67,0,32,0,227,303,0,44,0,10,0,48,29,0,217,43,11,442,0,2,2,5,58,27]
Test: [100/200] eta 00:13:20 loss_cls 0.6239 acc 0.6472 f1 0.6359 conf_mat [732,54,0,28,0,227,320,0,27,0,24,0,49,14,0,298,48,19,348,0,5,3,6,52,28]
Test: [101/200] eta 00:11:33 loss_cls 0.6286 acc 0.7134 f1 0.7101 conf_mat [688,75,0,51,0,166,354,1,53,0,9,0,57,21,0,150,52,25,484,2,2,2,8,37,45]
Test: [102/200] eta 00:11:26 loss_cls 0.6048 acc 0.6332 f1 0.6258 conf_mat [340,320,0,154,0,24,470,3,76,1,0,0,63,17,7,28,109,28,507,41,1,2,7,19,65]
Test: [103/200] eta 00:11:19 loss_cls 0.6032 acc 0.7331 f1 0.7322 conf_mat [643,123,0,48,0,109,420,0,45,0,5,0,49,32,1,107,81,9,511,5,2,3,4,35,50]
Test: [104/200] eta 00:11:12 loss_cls 0.5949 acc 0.7174 f1 0.7133 conf_mat [705,68,0,41,0,169,365,0,40,0,9,0,47,30,1,175,52,8,477,1,2,2,4,43,43]
Test: [105/200] eta 00:11:05 loss_cls 0.5972 acc 0.7217 f1 0.7214 conf_mat [648,127,0,39,0,121,411,3,38,1,5,0,62,18,2,126,79,28,465,15,2,2,7,22,61]
Test: [106/200] eta 00:10:58 loss_cls 0.5926 acc 0.7230 f1 0.7204 conf_mat [636,72,0,106,0,120,352,1,101,0,5,0,53,28,1,82,48,16,564,3,1,1,6,41,45]
Test: [107/200] eta 00:10:51 loss_cls 0.5938 acc 0.7064 f1 0.6995 conf_mat [700,75,0,39,0,183,347,0,44,0,5,0,39,43,0,167,49,3,494,0,2,2,3,55,32]
Test: [108/200] eta 00:10:44 loss_cls 0.5958 acc 0.6529 f1 0.6408 conf_mat [731,72,0,11,0,227,323,0,24,0,14,0,33,40,0,283,50,2,378,0,3,1,2,63,25]
Test: [109/200] eta 00:10:37 loss_cls 0.6006 acc 0.7117 f1 0.7057 conf_mat [715,58,0,41,0,205,316,0,53,0,5,0,55,27,0,156,40,19,495,3,2,2,7,40,43]
Test: [110/200] eta 00:10:30 loss_cls 0.5883 acc 0.7152 f1 0.7157 conf_mat [554,146,0,114,0,79,418,2,74,1,5,0,60,19,3,64,74,23,541,11,1,2,6,26,59]
Test: [111/200] eta 00:10:23 loss_cls 0.5955 acc 0.7222 f1 0.7229 conf_mat [575,135,0,104,0,83,412,3,76,0,5,0,60,21,1,64,72,25,543,9,1,2,6,27,58]
Test: [112/200] eta 00:10:16 loss_cls 0.5873 acc 0.7029 f1 0.7044 conf_mat [536,131,0,147,0,63,421,3,86,1,3,0,63,15,6,55,67,36,519,36,1,2,7,19,65]
Test: [113/200] eta 00:10:09 loss_cls 0.5865 acc 0.6858 f1 0.6848 conf_mat [460,167,0,187,0,43,434,1,96,0,2,0,53,28,4,42,84,17,558,12,1,2,4,27,60]
Test: [114/200] eta 00:10:02 loss_cls 0.5874 acc 0.7099 f1 0.7121 conf_mat [514,230,0,70,0,51,464,2,56,1,4,0,57,22,4,50,106,19,524,14,1,4,5,23,61]
Test: [115/200] eta 00:09:55 loss_cls 0.5747 acc 0.6897 f1 0.6902 conf_mat [477,220,0,117,0,43,461,3,66,1,4,0,64,13,6,46,94,34,507,32,1,2,7,19,65]
Test: [116/200] eta 00:09:48 loss_cls 0.5748 acc 0.7200 f1 0.7207 conf_mat [591,163,0,60,0,87,439,0,48,0,7,0,56,23,1,86,95,20,507,5,1,3,6,34,50]
Test: [117/200] eta 00:09:41 loss_cls 0.5756 acc 0.6989 f1 0.6926 conf_mat [729,48,0,37,0,232,299,1,42,0,7,0,56,23,1,183,41,24,460,5,3,1,6,33,51]
Test: [118/200] eta 00:09:34 loss_cls 0.5729 acc 0.6687 f1 0.6700 conf_mat [436,305,0,73,0,35,496,3,39,1,4,0,64,13,6,42,140,31,466,34,1,4,7,18,64]
Test: [119/200] eta 00:09:27 loss_cls 0.5678 acc 0.6727 f1 0.6707 conf_mat [428,168,0,218,0,35,435,3,100,1,0,0,62,19,6,35,78,27,545,28,1,2,6,20,65]
Test: [120/200] eta 00:09:20 loss_cls 0.5624 acc 0.7309 f1 0.7309 conf_mat [581,149,0,84,0,75,432,1,66,0,5,0,50,31,1,67,77,10,554,5,1,2,4,36,51]
Test: [121/200] eta 00:09:13 loss_cls 0.5613 acc 0.6779 f1 0.6764 conf_mat [438,157,0,219,0,35,420,1,118,0,1,0,58,25,3,36,71,20,574,12,1,1,4,31,57]
Test: [122/200] eta 00:09:06 loss_cls 0.5598 acc 0.6933 f1 0.6932 conf_mat [488,178,0,148,0,49,446,3,75,1,3,0,63,15,6,54,79,27,519,34,1,2,6,19,66]
Test: [123/200] eta 00:08:59 loss_cls 0.5614 acc 0.6915 f1 0.6946 conf_mat [487,281,0,46,0,44,495,0,34,1,4,0,47,29,7,53,148,11,488,13,1,4,4,24,61]
Test: [124/200] eta 00:08:52 loss_cls 0.5545 acc 0.7323 f1 0.7279 conf_mat [680,77,0,57,0,141,380,0,53,0,5,0,44,38,0,120,57,7,529,0,2,2,4,48,38]
Test: [125/200] eta 00:08:45 loss_cls 0.5555 acc 0.7152 f1 0.7115 conf_mat [704,79,0,31,0,154,387,1,31,1,6,0,58,19,4,183,65,25,421,19,2,3,7,20,62]
Test: [126/200] eta 00:08:38 loss_cls 0.5491 acc 0.6249 f1 0.6046 conf_mat [269,310,0,235,0,12,468,1,93,0,1,0,56,26,4,16,92,18,572,15,0,3,4,26,61]
Test: [127/200] eta 00:09:44 loss_cls 0.5509 acc 0.7016 f1 0.6950 conf_mat [739,45,0,30,0,230,303,0,41,0,7,0,57,21,2,191,45,20,445,12,3,1,7,26,57]
Test: [128/200] eta 00:09:36 loss_cls 0.5521 acc 0.6595 f1 0.6456 conf_mat [728,78,0,8,0,180,378,0,16,0,18,0,33,36,0,305,63,3,342,0,3,3,2,62,24]
Test: [129/200] eta 00:08:17 loss_cls 0.5468 acc 0.7257 f1 0.7194 conf_mat [689,69,0,56,0,152,362,0,60,0,5,0,38,44,0,132,45,3,533,0,2,2,2,54,34]
Test: [130/200] eta 00:08:10 loss_cls 0.5419 acc 0.7239 f1 0.7215 conf_mat [696,81,0,37,0,150,379,3,42,0,7,0,63,16,1,160,53,30,462,8,2,2,9,29,52]
Test: [131/200] eta 00:08:03 loss_cls 0.5446 acc 0.7309 f1 0.7295 conf_mat [608,132,0,74,0,93,420,0,61,0,5,0,43,38,1,82,73,5,552,1,2,2,3,42,45]
Test: [132/200] eta 00:07:56 loss_cls 0.5446 acc 0.6034 f1 0.5862 conf_mat [269,207,0,338,0,11,431,2,129,1,0,0,61,20,6,20,77,29,550,37,0,2,6,20,66]
Test: [133/200] eta 00:07:49 loss_cls 0.5519 acc 0.6450 f1 0.6390 conf_mat [363,279,0,172,0,23,467,2,81,1,1,0,60,20,6,29,108,23,516,37,1,2,6,19,66]
Test: [134/200] eta 00:08:48 loss_cls 0.5423 acc 0.7143 f1 0.7143 conf_mat [552,103,0,159,0,77,392,1,104,0,4,0,55,27,1,56,56,16,580,5,1,1,4,37,51]
Test: [135/200] eta 00:08:40 loss_cls 0.5332 acc 0.7182 f1 0.7195 conf_mat [537,192,0,85,0,55,456,2,60,1,4,0,55,24,4,56,95,18,531,13,1,2,5,26,60]
Test: [136/200] eta 00:07:28 loss_cls 0.5355 acc 0.7340 f1 0.7312 conf_mat [651,75,0,88,0,128,365,0,81,0,5,0,49,32,1,86,53,9,564,1,1,1,4,42,46]
Test: [137/200] eta 00:07:21 loss_cls 0.5296 acc 0.7279 f1 0.7265 conf_mat [610,114,0,90,0,95,399,1,79,0,5,0,49,32,1,79,64,11,559,0,1,2,4,43,44]
Test: [138/200] eta 00:07:14 loss_cls 0.5309 acc 0.6678 f1 0.6647 conf_mat [396,307,0,111,0,23,491,2,57,1,2,0,52,28,5,37,118,16,522,20,1,4,4,22,63]
Test: [139/200] eta 00:07:07 loss_cls 0.5328 acc 0.7305 f1 0.7294 conf_mat [643,63,0,108,0,124,364,2,84,0,4,0,59,22,2,91,46,24,541,11,1,1,7,25,60]
Test: [140/200] eta 00:07:00 loss_cls 0.5294 acc 0.7318 f1 0.7313 conf_mat [611,144,0,59,0,87,432,0,55,0,5,0,48,33,1,90,81,8,532,2,2,3,4,38,47]
Test: [141/200] eta 00:06:53 loss_cls 0.5242 acc 0.7143 f1 0.7107 conf_mat [709,83,0,22,0,161,381,0,32,0,10,0,55,21,1,195,63,16,435,4,2,3,6,33,50]
Test: [142/200] eta 00:06:46 loss_cls 0.5306 acc 0.7305 f1 0.7291 conf_mat [599,98,0,117,0,91,404,0,79,0,4,0,42,40,1,78,54,5,572,4,1,2,2,39,50]
Test: [143/200] eta 00:06:39 loss_cls 0.5221 acc 0.7296 f1 0.7282 conf_mat [660,116,0,38,0,118,416,0,40,0,6,0,51,29,1,138,70,13,488,4,2,2,4,36,50]
Test: [144/200] eta 00:06:32 loss_cls 0.5254 acc 0.7287 f1 0.7271 conf_mat [591,114,0,109,0,87,407,0,80,0,5,0,44,37,1,70,60,6,576,1,1,2,4,42,45]
Test: [145/200] eta 00:06:25 loss_cls 0.5187 acc 0.7401 f1 0.7404 conf_mat [622,119,0,73,0,90,424,2,57,1,4,0,59,20,4,89,67,23,521,13,2,2,7,20,63]
Test: [146/200] eta 00:06:18 loss_cls 0.5229 acc 0.7200 f1 0.7194 conf_mat [543,153,0,118,0,66,431,1,76,0,5,0,48,33,1,56,72,10,571,4,1,2,4,37,50]
Test: [147/200] eta 00:06:11 loss_cls 0.5202 acc 0.7248 f1 0.7252 conf_mat [570,152,0,92,0,74,431,1,67,1,4,0,53,28,2,69,76,15,543,10,1,2,4,30,57]
Test: [148/200] eta 00:06:56 loss_cls 0.5186 acc 0.7270 f1 0.7266 conf_mat [591,112,0,111,0,85,412,1,76,0,4,0,52,30,1,77,62,14,553,7,1,2,4,36,51]
Test: [149/200] eta 00:06:48 loss_cls 0.5154 acc 0.7283 f1 0.7250 conf_mat [700,84,0,30,0,150,385,0,39,0,7,0,48,31,1,166,54,8,484,1,2,2,4,41,45]
Test: [150/200] eta 00:05:50 loss_cls 0.5153 acc 0.7073 f1 0.7086 conf_mat [505,220,0,89,0,48,468,2,55,1,5,0,56,22,4,51,106,21,522,13,1,4,6,20,63]
Test: [151/200] eta 00:05:43 loss_cls 0.5132 acc 0.7187 f1 0.7119 conf_mat [721,64,0,29,0,176,358,0,40,0,6,0,39,42,0,175,49,2,487,0,3,1,2,53,35]
Test: [152/200] eta 00:05:36 loss_cls 0.5106 acc 0.7327 f1 0.7334 conf_mat [614,151,0,49,0,82,446,1,44,1,5,0,57,23,2,91,91,21,498,12,2,3,7,25,57]
Test: [153/200] eta 00:05:29 loss_cls 0.5107 acc 0.7379 f1 0.7362 conf_mat [628,102,0,84,0,101,402,0,71,0,5,0,45,36,1,87,58,5,562,1,2,2,2,41,47]
Test: [154/200] eta 00:05:22 loss_cls 0.5077 acc 0.7248 f1 0.7250 conf_mat [568,158,0,88,0,72,435,1,66,0,5,0,52,29,1,68,76,15,547,7,1,2,4,35,52]
Test: [155/200] eta 00:05:15 loss_cls 0.5080 acc 0.7301 f1 0.7276 conf_mat [673,99,0,42,0,133,392,0,49,0,6,0,49,31,1,134,62,10,507,0,2,2,4,41,45]
Test: [156/200] eta 00:05:08 loss_cls 0.5053 acc 0.7366 f1 0.7357 conf_mat [625,102,0,87,0,103,404,1,66,0,5,0,52,29,1,85,59,15,549,5,2,2,4,35,51]
Test: [157/200] eta 00:05:01 loss_cls 0.5055 acc 0.7279 f1 0.7253 conf_mat [683,101,0,30,0,135,402,0,37,0,7,0,49,30,1,150,71,9,482,1,2,3,4,40,45]
Test: [158/200] eta 00:04:54 loss_cls 0.5069 acc 0.7051 f1 0.7050 conf_mat [503,144,0,167,0,57,429,2,85,1,3,0,58,22,4,46,72,22,555,18,1,2,6,21,64]
Test: [159/200] eta 00:04:47 loss_cls 0.5081 acc 0.7323 f1 0.7305 conf_mat [652,115,0,47,0,110,408,0,56,0,6,0,50,30,1,116,69,11,516,1,2,2,4,41,45]
Test: [160/200] eta 00:04:40 loss_cls 0.5109 acc 0.7257 f1 0.7219 conf_mat [712,75,0,27,0,160,379,0,35,0,7,0,48,31,1,179,53,8,472,1,2,3,4,40,45]
Test: [161/200] eta 00:04:33 loss_cls 0.5042 acc 0.6766 f1 0.6721 conf_mat [405,200,0,209,0,27,454,2,90,1,1,0,59,22,5,28,84,22,561,18,1,2,6,20,65]
Test: [162/200] eta 00:04:26 loss_cls 0.5064 acc 0.7292 f1 0.7302 conf_mat [585,154,0,75,0,74,443,2,54,1,4,0,55,24,4,71,88,20,521,13,2,3,6,23,60]
Test: [163/200] eta 00:04:19 loss_cls 0.5032 acc 0.7353 f1 0.7322 conf_mat [683,81,0,50,0,140,381,0,53,0,6,0,46,34,1,131,52,7,523,0,2,2,4,41,45]
Test: [164/200] eta 00:04:12 loss_cls 0.5071 acc 0.7349 f1 0.7333 conf_mat [651,116,0,47,0,106,412,0,56,0,6,0,48,32,1,113,69,9,519,3,2,2,4,39,47]
Test: [165/200] eta 00:04:05 loss_cls 0.4999 acc 0.7362 f1 0.7345 conf_mat [656,104,0,54,0,113,401,0,60,0,5,0,51,30,1,109,63,13,524,4,2,2,4,38,48]
Test: [166/200] eta 00:04:32 loss_cls 0.5005 acc 0.7287 f1 0.7258 conf_mat [684,92,0,38,0,140,387,0,47,0,7,0,47,32,1,148,56,9,500,0,2,2,4,41,45]
Test: [167/200] eta 00:03:51 loss_cls 0.4997 acc 0.7366 f1 0.7361 conf_mat [604,119,0,91,0,79,423,1,71,0,5,0,49,32,1,77,66,12,554,4,1,2,4,36,51]
Test: [168/200] eta 00:03:44 loss_cls 0.4957 acc 0.7401 f1 0.7393 conf_mat [643,117,0,54,0,102,417,0,55,0,5,0,51,30,1,94,71,15,527,6,2,3,4,34,51]
Test: [169/200] eta 00:03:37 loss_cls 0.4972 acc 0.7244 f1 0.7247 conf_mat [569,155,0,90,0,72,435,1,65,1,5,0,52,28,2,73,74,16,541,9,1,2,4,31,56]
Test: [170/200] eta 00:03:30 loss_cls 0.4974 acc 0.7423 f1 0.7416 conf_mat [632,118,0,64,0,97,418,0,59,0,5,0,51,30,1,85,68,14,542,4,2,2,4,35,51]
Test: [171/200] eta 00:03:23 loss_cls 0.4958 acc 0.7279 f1 0.7244 conf_mat [698,81,0,35,0,154,374,0,46,0,7,0,47,32,1,158,50,8,497,0,2,2,4,41,45]
Test: [172/200] eta 00:03:16 loss_cls 0.4986 acc 0.7349 f1 0.7333 conf_mat [654,110,0,50,0,110,407,0,57,0,6,0,50,30,1,114,66,11,518,4,2,2,4,38,48]
Test: [173/200] eta 00:03:09 loss_cls 0.4989 acc 0.7428 f1 0.7415 conf_mat [648,106,0,60,0,107,409,0,58,0,5,0,51,30,1,95,64,13,537,4,2,2,4,36,50]
Test: [174/200] eta 00:03:02 loss_cls 0.4978 acc 0.7384 f1 0.7376 conf_mat [625,114,0,75,0,98,414,0,62,0,5,0,51,30,1,84,65,15,544,5,2,2,4,35,51]
Test: [175/200] eta 00:02:55 loss_cls 0.4961 acc 0.7353 f1 0.7355 conf_mat [609,136,0,69,0,81,432,1,59,1,5,0,53,27,2,82,77,16,529,9,2,3,4,30,55]
Test: [176/200] eta 00:02:48 loss_cls 0.4951 acc 0.7279 f1 0.7280 conf_mat [582,147,0,85,0,74,436,1,62,1,5,0,51,30,1,77,76,15,538,7,2,3,4,31,54]
Test: [177/200] eta 00:02:41 loss_cls 0.4936 acc 0.7257 f1 0.7258 conf_mat [560,150,0,104,0,69,432,1,71,1,4,0,52,29,2,64,69,15,556,9,1,2,4,31,56]
Test: [178/200] eta 00:02:34 loss_cls 0.4935 acc 0.7406 f1 0.7395 conf_mat [652,115,0,47,0,103,416,0,55,0,5,0,51,30,1,102,73,13,521,4,2,3,4,35,50]
Test: [179/200] eta 00:02:48 loss_cls 0.4929 acc 0.7366 f1 0.7348 conf_mat [661,107,0,46,0,114,404,0,56,0,6,0,49,31,1,113,65,12,519,4,2,2,4,38,48]
Test: [180/200] eta 00:02:20 loss_cls 0.4922 acc 0.7445 f1 0.7438 conf_mat [631,121,0,62,0,92,423,0,59,0,5,0,50,31,1,85,69,11,544,4,2,2,4,35,51]
Test: [181/200] eta 00:02:13 loss_cls 0.4918 acc 0.7358 f1 0.7354 conf_mat [605,131,0,78,0,80,429,1,64,0,5,0,51,30,1,80,69,15,543,6,2,2,4,35,51]
Test: [182/200] eta 00:02:06 loss_cls 0.4914 acc 0.7375 f1 0.7360 conf_mat [652,112,0,50,0,109,405,0,60,0,6,0,50,30,1,104,65,12,528,4,2,2,4,38,48]
Test: [183/200] eta 00:01:59 loss_cls 0.4938 acc 0.7406 f1 0.7402 conf_mat [619,127,0,68,0,84,430,1,59,0,5,0,51,30,1,82,71,15,538,7,2,2,4,34,52]
Test: [184/200] eta 00:01:52 loss_cls 0.4910 acc 0.7410 f1 0.7405 conf_mat [619,124,0,71,0,85,426,1,62,0,5,0,51,30,1,83,69,13,544,4,2,2,4,35,51]
Test: [185/200] eta 00:01:45 loss_cls 0.4923 acc 0.7406 f1 0.7397 conf_mat [638,116,0,60,0,102,412,0,60,0,5,0,51,30,1,90,68,13,538,4,2,2,4,35,51]
Test: [186/200] eta 00:01:38 loss_cls 0.4913 acc 0.7415 f1 0.7401 conf_mat [657,110,0,47,0,108,408,0,58,0,6,0,51,29,1,104,66,13,526,4,2,2,4,36,50]
Test: [187/200] eta 00:01:31 loss_cls 0.4940 acc 0.7371 f1 0.7369 conf_mat [611,133,0,70,0,82,431,1,60,0,5,0,51,30,1,81,73,15,537,7,2,2,4,34,52]
Test: [188/200] eta 00:01:24 loss_cls 0.4916 acc 0.7401 f1 0.7395 conf_mat [628,121,0,65,0,92,422,0,60,0,5,0,51,30,1,87,71,13,537,5,2,2,4,35,51]
Test: [189/200] eta 00:01:17 loss_cls 0.4911 acc 0.7415 f1 0.7406 conf_mat [637,117,0,60,0,98,417,0,59,0,5,0,50,31,1,89,69,14,537,4,2,3,4,34,51]
Test: [190/200] eta 00:01:20 loss_cls 0.4907 acc 0.7410 f1 0.7406 conf_mat [624,126,0,64,0,86,428,1,59,0,5,0,51,30,1,84,73,15,537,4,2,3,4,34,51]
Test: [191/200] eta 00:01:12 loss_cls 0.4908 acc 0.7401 f1 0.7398 conf_mat [622,127,0,65,0,85,430,1,58,0,5,0,51,30,1,84,74,15,535,5,2,3,4,34,51]
Test: [192/200] eta 00:00:56 loss_cls 0.4909 acc 0.7415 f1 0.7410 conf_mat [622,125,0,67,0,86,428,1,59,0,5,0,51,30,1,83,70,15,540,5,2,2,4,35,51]
Test: [193/200] eta 00:00:49 loss_cls 0.4915 acc 0.7401 f1 0.7397 conf_mat [623,125,0,66,0,88,426,1,59,0,5,0,51,30,1,85,69,15,537,7,2,2,4,34,52]
Test: [194/200] eta 00:00:48 loss_cls 0.4928 acc 0.7415 f1 0.7408 conf_mat [631,121,0,62,0,97,418,0,59,0,5,0,51,30,1,85,69,14,541,4,2,2,4,35,51]
Test: [195/200] eta 00:00:35 loss_cls 0.4893 acc 0.7423 f1 0.7417 conf_mat [630,121,0,63,0,91,424,0,59,0,5,0,51,30,1,85,71,14,538,5,2,3,4,34,51]
Test: [196/200] eta 00:00:28 loss_cls 0.4909 acc 0.7415 f1 0.7410 conf_mat [623,125,0,66,0,87,427,1,59,0,5,0,51,30,1,83,70,15,540,5,2,2,4,35,51]
Test: [197/200] eta 00:00:21 loss_cls 0.4911 acc 0.7423 f1 0.7418 conf_mat [626,122,0,66,0,87,427,1,59,0,5,0,51,30,1,84,70,15,539,5,2,2,4,35,51]
Test: [198/200] eta 00:00:14 loss_cls 0.4899 acc 0.7419 f1 0.7414 conf_mat [627,122,0,65,0,88,426,1,59,0,5,0,51,30,1,84,71,15,538,5,2,2,4,35,51]
Test: [199/200] eta 00:00:08 loss_cls 0.4908 acc 0.7419 f1 0.7413 conf_mat [628,120,0,66,0,91,423,1,59,0,5,0,51,30,1,85,68,15,540,5,2,2,4,35,51]
Test: [200/200] eta 00:00:00 loss_cls 0.4922 acc 0.7415 f1 0.7409 conf_mat [626,122,0,66,0,89,425,1,59,0,5,0,51,30,1,85,69,15,539,5,2,2,4,35,51]
