model = dict(
    type='Classifier',
    backbone=dict(
        type='MyResNetV1d',
        depth=18,
        num_stages=4,
        out_indices=(0, 1, 2, 3),
        frozen_stages=1,
        norm_cfg=dict(type='BN', requires_grad=True),
        norm_eval=True,
        style='pytorch',
        init_cfg=dict(
            type='ft',
            checkpoint=
            '../work_dirs/multiembedding_opensarship_pretrain/0020.pth')),
    classifier=dict(dim_in=512, dim_mid=256, dim_out=5))
optimizer = dict(type='SGD', lr=0.001, momentum=0.9, weight_decay=0.0001)
runner = dict(epoch=200)
data = dict(
    type='OpenSARShip',
    root='../data/opensarship',
    n_class=5,
    percentage=70,
    image_size=64,
    normalize=dict(
        mean=[
            0.026807075832908405, 0.026807075832908405, 0.026807075832908405
        ],
        std=[0.039102898421077066, 0.039102898421077066,
             0.039102898421077066]),
    workers=2,
    batch_size=dict(pretrain=1024, train=512, val=2048))
checkpoints = dict(
    folders=['../work_dirs/multiembedding_opensarship_pretrain'],
    index=['0020.pth'])
test_mode = 'ft'
work_dir = '../work_dirs/classifier_opensarship_single_ft'
log_file = '../work_dirs/classifier_opensarship_single_ft/20221010_141029.log'
Test: [  1/200] eta 00:29:51 loss_cls 1.4979 acc 0.3707 f1 nan conf_mat [254,13,0,532,15,124,11,0,436,3,7,0,0,60,20,114,10,0,530,59,6,0,0,37,51]
Test: [  2/200] eta 00:23:06 loss_cls 1.3589 acc 0.4163 f1 0.4017 conf_mat [326,345,1,142,0,150,388,0,36,0,15,1,7,64,0,186,305,10,211,1,8,11,8,49,18]
Test: [  3/200] eta 00:22:59 loss_cls 1.2740 acc 0.4273 f1 0.4023 conf_mat [416,335,1,61,1,177,381,1,15,0,24,1,6,52,4,258,293,7,135,20,12,11,2,32,37]
Test: [  4/200] eta 00:22:52 loss_cls 1.2205 acc 0.4373 f1 0.4180 conf_mat [423,313,1,77,0,188,368,1,17,0,19,1,4,63,0,261,265,3,178,6,12,8,2,47,25]
Test: [  5/200] eta 00:22:45 loss_cls 1.1839 acc 0.4465 f1 0.4250 conf_mat [467,292,0,55,0,209,349,0,16,0,21,1,4,61,0,306,228,1,171,7,15,6,2,43,28]
Test: [  6/200] eta 00:25:52 loss_cls 1.1538 acc 0.4728 f1 0.4585 conf_mat [470,278,0,66,0,205,340,0,29,0,19,1,2,65,0,262,204,1,235,11,10,3,1,48,32]
Test: [  7/200] eta 00:25:44 loss_cls 1.1209 acc 0.4991 f1 0.4921 conf_mat [488,261,0,65,0,210,324,1,39,0,15,0,11,61,0,236,178,5,283,11,10,2,3,46,33]
Test: [  8/200] eta 00:22:24 loss_cls 1.0954 acc 0.5193 f1 nan conf_mat [450,244,0,120,0,201,311,0,62,0,7,0,0,80,0,157,146,0,409,1,5,2,0,72,15]
Test: [  9/200] eta 00:25:28 loss_cls 1.0638 acc 0.5377 f1 0.5304 conf_mat [476,238,0,100,0,205,311,0,58,0,5,1,4,76,1,162,139,1,400,11,5,2,0,51,36]
Test: [ 10/200] eta 00:25:20 loss_cls 1.0223 acc 0.5578 f1 0.5432 conf_mat [499,227,0,88,0,198,318,0,58,0,6,1,1,79,0,152,120,0,440,1,5,2,0,72,15]
Test: [ 11/200] eta 00:25:12 loss_cls 0.9772 acc 0.5933 f1 0.5892 conf_mat [543,207,1,63,0,181,338,2,53,0,5,1,31,50,0,147,122,21,422,1,2,4,5,63,20]
Test: [ 12/200] eta 00:25:04 loss_cls 0.9403 acc 0.6043 f1 0.5983 conf_mat [528,210,0,76,0,178,337,0,59,0,7,1,17,62,0,129,106,6,471,1,2,4,2,60,26]
Test: [ 13/200] eta 00:24:56 loss_cls 0.9266 acc 0.6227 f1 0.6211 conf_mat [558,181,1,74,0,184,336,1,53,0,5,1,36,45,0,133,98,21,456,5,3,3,4,49,35]
Test: [ 14/200] eta 00:24:48 loss_cls 0.8887 acc 0.6253 f1 0.6236 conf_mat [533,230,0,51,0,152,388,0,34,0,5,2,23,56,1,130,122,9,445,7,1,4,2,49,38]
Test: [ 15/200] eta 00:24:40 loss_cls 0.8568 acc 0.6407 f1 0.6316 conf_mat [500,196,0,118,0,99,394,0,81,0,0,2,12,73,0,85,94,4,529,1,1,3,0,63,27]
Test: [ 16/200] eta 00:24:32 loss_cls 0.8356 acc 0.6621 f1 0.6635 conf_mat [536,186,3,89,0,109,396,2,67,0,0,2,49,32,4,86,97,30,474,26,1,3,4,30,56]
Test: [ 17/200] eta 00:21:21 loss_cls 0.8238 acc 0.6402 f1 0.6365 conf_mat [610,142,2,60,0,165,353,1,55,0,11,2,51,23,0,187,72,35,417,2,6,2,6,50,30]
Test: [ 18/200] eta 00:24:16 loss_cls 0.8053 acc 0.6486 f1 0.6458 conf_mat [519,236,0,59,0,92,440,0,41,1,3,2,19,57,6,108,129,5,444,27,1,3,2,30,58]
Test: [ 19/200] eta 00:24:08 loss_cls 0.7892 acc 0.6718 f1 0.6658 conf_mat [522,155,0,137,0,93,391,0,90,0,0,2,15,66,4,60,84,2,557,10,1,2,0,43,48]
Test: [ 20/200] eta 00:24:00 loss_cls 0.7586 acc 0.6788 f1 0.6669 conf_mat [607,106,1,100,0,146,351,0,77,0,0,2,22,63,0,89,65,6,553,0,1,2,2,73,16]
Test: [ 21/200] eta 00:23:52 loss_cls 0.7427 acc 0.6635 f1 0.6565 conf_mat [519,97,1,197,0,83,347,0,144,0,0,2,16,69,0,55,54,3,599,2,1,2,1,57,33]
Test: [ 22/200] eta 00:23:44 loss_cls 0.7313 acc 0.6994 f1 0.6993 conf_mat [602,139,3,70,0,125,389,0,60,0,1,1,52,32,1,96,76,26,500,15,1,2,4,34,53]
Test: [ 23/200] eta 00:23:36 loss_cls 0.7094 acc 0.6823 f1 0.6703 conf_mat [597,158,0,59,0,107,419,0,48,0,1,2,13,71,0,111,91,3,508,0,1,2,0,71,20]
Test: [ 24/200] eta 00:23:28 loss_cls 0.7082 acc 0.6656 f1 0.6605 conf_mat [544,219,0,51,0,85,453,0,36,0,0,2,27,58,0,113,121,9,469,1,1,3,3,61,26]
Test: [ 25/200] eta 00:23:20 loss_cls 0.6881 acc 0.6854 f1 0.6741 conf_mat [654,68,1,91,0,172,321,0,81,0,1,1,52,33,0,109,57,23,524,0,1,2,5,73,13]
Test: [ 26/200] eta 00:23:12 loss_cls 0.6857 acc 0.6963 f1 0.6943 conf_mat [575,177,0,62,0,93,440,0,41,0,4,2,28,48,5,102,96,6,490,19,1,3,2,32,56]
Test: [ 27/200] eta 00:20:11 loss_cls 0.6519 acc 0.6599 f1 0.6475 conf_mat [722,36,0,56,0,295,230,0,49,0,4,0,45,37,1,197,37,14,459,6,4,1,3,36,50]
Test: [ 28/200] eta 00:20:04 loss_cls 0.6369 acc 0.6744 f1 0.6588 conf_mat [645,37,1,131,0,189,271,0,114,0,0,2,25,60,0,90,37,7,579,0,1,2,1,71,19]
Test: [ 29/200] eta 00:19:57 loss_cls 0.6183 acc 0.7051 f1 0.7048 conf_mat [627,139,2,46,0,116,417,1,40,0,3,4,60,18,2,119,91,33,448,22,1,2,6,28,57]
Test: [ 30/200] eta 00:19:50 loss_cls 0.5965 acc 0.7103 f1 0.7083 conf_mat [577,155,1,81,0,103,424,0,47,0,0,2,35,50,0,91,75,5,540,2,1,2,1,45,45]
Test: [ 31/200] eta 00:19:43 loss_cls 0.5948 acc 0.6599 f1 0.6607 conf_mat [473,91,1,249,0,75,366,0,133,0,0,1,50,33,3,61,54,22,562,14,1,2,4,32,55]
Test: [ 32/200] eta 00:22:24 loss_cls 0.5867 acc 0.6341 f1 0.6079 conf_mat [754,32,0,28,0,305,230,0,39,0,15,0,7,65,0,250,30,0,433,0,9,0,0,62,23]
Test: [ 33/200] eta 00:22:16 loss_cls 0.5503 acc 0.6845 f1 0.6833 conf_mat [594,191,0,29,0,88,457,0,29,0,5,2,37,41,2,135,141,8,422,7,1,4,2,35,52]
Test: [ 34/200] eta 00:22:08 loss_cls 0.5387 acc 0.6266 f1 0.6224 conf_mat [369,140,1,304,0,40,382,0,149,3,0,2,44,32,9,36,48,17,573,39,0,2,3,27,62]
Test: [ 35/200] eta 00:22:00 loss_cls 0.5423 acc 0.7138 f1 0.7128 conf_mat [576,178,0,60,0,78,448,0,48,0,1,2,50,34,0,84,96,12,519,2,1,2,4,51,36]
Test: [ 36/200] eta 00:21:52 loss_cls 0.4793 acc 0.6315 f1 0.6191 conf_mat [628,175,0,11,0,129,434,0,11,0,14,2,54,14,3,282,126,24,270,11,8,5,5,21,55]
Test: [ 37/200] eta 00:19:01 loss_cls 0.4949 acc 0.6827 f1 0.6851 conf_mat [550,235,3,26,0,80,464,2,28,0,1,4,63,18,1,104,140,30,421,18,1,3,6,24,60]
Test: [ 38/200] eta 00:18:54 loss_cls 0.4571 acc 0.6543 f1 0.6567 conf_mat [473,81,4,256,0,48,325,5,195,1,1,1,60,22,3,48,33,38,575,19,0,1,6,27,60]
Test: [ 39/200] eta 00:18:47 loss_cls 0.4542 acc 0.7226 f1 0.7203 conf_mat [623,127,0,64,0,104,423,0,47,0,2,2,33,50,0,109,78,4,519,3,1,3,0,39,51]
Test: [ 40/200] eta 00:21:20 loss_cls 0.4385 acc 0.6845 f1 0.6847 conf_mat [520,79,4,211,0,84,341,1,148,0,1,2,58,25,1,52,32,29,588,12,1,1,6,31,55]
Test: [ 41/200] eta 00:21:12 loss_cls 0.4377 acc 0.6950 f1 0.6912 conf_mat [577,97,0,140,0,104,394,0,76,0,1,2,35,49,0,111,49,5,548,0,1,3,1,57,32]
Test: [ 42/200] eta 00:21:04 loss_cls 0.3826 acc 0.6727 f1 0.6550 conf_mat [676,13,2,123,0,260,195,1,118,0,1,0,56,29,1,120,13,18,554,8,2,0,5,33,54]
Test: [ 43/200] eta 00:20:56 loss_cls 0.3890 acc 0.6367 f1 0.6176 conf_mat [648,96,0,70,0,215,281,0,78,0,11,0,26,50,0,175,39,5,494,0,5,0,0,85,4]
Test: [ 44/200] eta 00:20:48 loss_cls 0.5086 acc 0.5824 f1 0.5656 conf_mat [523,286,0,5,0,71,495,0,5,3,9,14,42,6,16,168,259,16,203,67,2,19,3,4,66]
Test: [ 45/200] eta 00:18:05 loss_cls 0.4582 acc 0.6332 f1 0.6165 conf_mat [788,21,0,5,0,291,272,0,11,0,16,5,38,28,0,356,46,6,303,2,14,7,4,25,44]
Test: [ 46/200] eta 00:20:32 loss_cls 0.3634 acc 0.5894 f1 0.5497 conf_mat [560,2,0,252,0,115,75,0,384,0,2,0,34,51,0,77,2,3,630,1,1,0,0,47,46]
Test: [ 47/200] eta 00:20:24 loss_cls 0.3681 acc 0.6380 f1 0.6002 conf_mat [770,6,1,37,0,389,118,2,65,0,2,0,50,35,0,206,11,14,482,0,7,0,5,46,36]
Test: [ 48/200] eta 00:20:16 loss_cls 0.3334 acc 0.6521 f1 0.6448 conf_mat [386,255,0,173,0,33,482,0,59,0,1,2,42,42,0,63,105,8,534,3,1,4,2,43,44]
Test: [ 49/200] eta 00:17:37 loss_cls 0.3041 acc 0.5701 f1 0.5712 conf_mat [363,437,0,14,0,32,529,1,12,0,5,12,41,25,4,71,301,13,317,11,2,18,3,20,51]
Test: [ 50/200] eta 00:20:00 loss_cls 0.2852 acc 0.6959 f1 0.6900 conf_mat [745,51,0,18,0,208,339,1,26,0,10,2,49,24,2,254,43,12,399,5,3,3,5,27,56]
Test: [ 51/200] eta 00:19:52 loss_cls 0.2955 acc 0.6306 f1 0.6209 conf_mat [508,48,2,256,0,78,190,1,305,0,0,0,57,28,2,42,20,15,625,11,1,2,6,26,59]
Test: [ 52/200] eta 00:19:44 loss_cls 0.2547 acc 0.6858 f1 0.6877 conf_mat [538,248,1,27,0,57,495,1,21,0,2,4,63,16,2,99,154,37,411,12,1,5,8,22,58]
Test: [ 53/200] eta 00:17:09 loss_cls 0.2248 acc 0.6867 f1 0.6838 conf_mat [523,95,0,196,0,70,395,0,109,0,0,2,26,59,0,70,56,4,582,1,1,3,0,49,41]
Test: [ 54/200] eta 00:17:02 loss_cls 0.2070 acc 0.7279 f1 0.7279 conf_mat [635,84,3,89,3,111,391,1,69,2,1,1,52,25,8,88,51,22,515,37,1,3,6,16,68]
Test: [ 55/200] eta 00:16:55 loss_cls 0.1948 acc 0.7292 f1 0.7292 conf_mat [586,110,0,118,0,72,421,1,80,0,3,2,55,25,2,89,56,14,547,7,1,3,6,29,55]
Test: [ 56/200] eta 00:16:48 loss_cls 0.2733 acc 0.6301 f1 0.6116 conf_mat [748,9,0,57,0,270,207,1,95,1,19,2,53,9,4,270,22,28,368,25,9,2,4,17,62]
Test: [ 57/200] eta 00:16:41 loss_cls 0.2408 acc 0.6792 f1 0.6795 conf_mat [552,236,1,25,0,70,484,0,20,0,3,2,59,19,4,138,145,21,401,8,3,7,6,24,54]
Test: [ 58/200] eta 00:18:56 loss_cls 0.1933 acc 0.6941 f1 0.6907 conf_mat [649,63,0,102,0,192,314,0,68,0,0,0,49,36,2,146,32,10,520,5,1,3,4,34,52]
Test: [ 59/200] eta 00:18:48 loss_cls 0.1993 acc 0.7327 f1 0.7327 conf_mat [626,138,1,49,0,86,443,1,44,0,2,2,57,22,4,114,73,26,484,16,1,3,6,22,62]
Test: [ 60/200] eta 00:18:40 loss_cls 0.1355 acc 0.7011 f1 0.6969 conf_mat [660,48,3,102,1,172,295,5,101,1,0,0,61,20,6,109,20,35,517,32,1,3,6,17,67]
Test: [ 61/200] eta 00:16:13 loss_cls 0.1306 acc 0.7287 f1 0.7237 conf_mat [718,39,0,57,0,184,321,1,68,0,4,0,56,25,2,140,32,20,513,8,1,3,5,30,55]
Test: [ 62/200] eta 00:16:06 loss_cls 0.1072 acc 0.7230 f1 0.7205 conf_mat [603,135,0,76,0,84,438,0,52,0,0,0,31,51,5,96,79,6,527,5,1,5,0,37,51]
Test: [ 63/200] eta 00:18:16 loss_cls 0.1128 acc 0.6459 f1 0.6506 conf_mat [490,217,0,103,4,47,448,2,73,4,1,10,43,12,21,53,129,20,418,93,0,6,3,10,75]
Test: [ 64/200] eta 00:18:08 loss_cls 0.1603 acc 0.7077 f1 0.7013 conf_mat [711,29,0,74,0,201,289,3,81,0,4,2,58,21,2,159,25,23,499,7,3,2,6,25,58]
Test: [ 65/200] eta 00:18:00 loss_cls 0.1076 acc 0.6630 f1 0.6468 conf_mat [602,22,1,189,0,180,196,1,197,0,0,0,44,42,1,70,6,11,621,5,0,1,3,40,50]
Test: [ 66/200] eta 00:15:38 loss_cls 0.0926 acc 0.7436 f1 0.7428 conf_mat [637,127,0,49,1,83,459,0,32,0,1,2,46,31,7,117,84,11,492,9,1,4,1,25,63]
Test: [ 67/200] eta 00:17:44 loss_cls 0.0788 acc 0.7187 f1 0.7173 conf_mat [648,120,0,46,0,101,433,2,36,2,2,2,56,16,11,138,73,28,429,45,2,3,5,10,74]
Test: [ 68/200] eta 00:17:36 loss_cls 0.0761 acc 0.7130 f1 0.7071 conf_mat [719,45,0,50,0,218,302,1,53,0,2,2,55,22,6,158,39,14,489,13,1,3,4,24,62]
Test: [ 69/200] eta 00:17:28 loss_cls 0.0688 acc 0.6902 f1 0.6916 conf_mat [544,153,1,114,2,84,394,1,92,3,0,3,53,19,12,67,73,19,512,42,0,3,5,14,72]
Test: [ 70/200] eta 00:15:10 loss_cls 0.0725 acc 0.7082 f1 0.7074 conf_mat [594,74,1,145,0,85,326,3,160,0,0,0,59,25,3,70,32,23,575,13,1,3,6,22,62]
Test: [ 71/200] eta 00:15:03 loss_cls 0.0729 acc 0.7082 f1 0.7083 conf_mat [565,180,0,69,0,60,469,0,45,0,2,2,46,35,2,95,116,11,484,7,1,4,4,33,52]
Test: [ 72/200] eta 00:17:04 loss_cls 0.0793 acc 0.7112 f1 0.7084 conf_mat [651,91,0,72,0,159,328,2,85,0,0,1,58,22,6,100,56,15,521,21,1,4,5,19,65]
Test: [ 73/200] eta 00:16:56 loss_cls 0.0770 acc 0.7318 f1 0.7321 conf_mat [608,165,0,41,0,68,472,0,34,0,1,2,53,28,3,97,108,17,484,7,1,3,5,32,53]
Test: [ 74/200] eta 00:16:48 loss_cls 0.0655 acc 0.6994 f1 0.7004 conf_mat [502,75,0,237,0,45,365,0,164,0,0,0,44,41,2,48,24,9,626,6,0,2,3,30,59]
Test: [ 75/200] eta 00:16:40 loss_cls 0.0931 acc 0.6595 f1 0.6576 conf_mat [437,88,0,287,2,48,360,1,163,2,0,0,29,43,15,33,25,2,616,37,0,3,0,28,63]
Test: [ 76/200] eta 00:16:32 loss_cls 0.0804 acc 0.6700 f1 0.6693 conf_mat [421,300,0,92,1,34,497,2,41,0,1,2,50,28,6,43,141,11,507,11,1,6,1,32,54]
Test: [ 77/200] eta 00:16:24 loss_cls 0.0615 acc 0.7187 f1 0.7129 conf_mat [657,45,0,112,0,141,303,2,128,0,0,0,44,43,0,94,17,10,588,4,1,1,4,40,48]
Test: [ 78/200] eta 00:14:14 loss_cls 0.0507 acc 0.6731 f1 0.6671 conf_mat [393,251,2,166,2,28,480,1,62,3,0,0,53,29,5,41,92,11,546,23,1,3,4,22,64]
Test: [ 79/200] eta 00:14:07 loss_cls 0.0543 acc 0.7003 f1 0.6978 conf_mat [495,146,2,171,0,48,438,0,88,0,0,0,38,48,1,49,69,8,584,3,0,3,1,47,43]
Test: [ 80/200] eta 00:14:00 loss_cls 0.0434 acc 0.6959 f1 0.6980 conf_mat [545,236,0,33,0,44,498,0,31,1,1,2,50,24,10,84,161,15,431,22,1,6,2,21,64]
Test: [ 81/200] eta 00:13:53 loss_cls 0.0518 acc 0.7362 f1 0.7332 conf_mat [660,74,0,80,0,126,372,1,75,0,1,1,48,36,1,104,43,9,556,1,2,3,2,43,44]
Test: [ 82/200] eta 00:13:46 loss_cls 0.1038 acc 0.6091 f1 0.6071 conf_mat [392,34,0,388,0,49,259,1,265,0,1,0,44,41,1,47,9,9,643,5,0,1,3,38,52]
Test: [ 83/200] eta 00:13:39 loss_cls 0.1552 acc 0.7195 f1 0.7168 conf_mat [687,99,0,28,0,139,398,1,36,0,10,0,51,26,0,166,62,20,458,7,2,3,5,36,48]
Test: [ 84/200] eta 00:13:32 loss_cls 0.1585 acc 0.6801 f1 0.6686 conf_mat [722,79,0,13,0,174,385,1,14,0,5,7,59,11,5,232,112,27,315,27,3,6,6,8,71]
Test: [ 85/200] eta 00:15:20 loss_cls 0.0912 acc 0.6845 f1 0.6855 conf_mat [497,264,0,52,1,42,503,0,29,0,2,1,46,24,14,86,142,14,450,21,0,5,4,19,66]
Test: [ 86/200] eta 00:15:12 loss_cls 0.0588 acc 0.7401 f1 0.7383 conf_mat [683,89,0,42,0,121,406,0,47,0,2,1,52,31,1,128,73,13,495,4,1,5,4,31,53]
Test: [ 87/200] eta 00:13:11 loss_cls 0.0463 acc 0.7436 f1 0.7422 conf_mat [657,83,0,74,0,116,387,1,70,0,1,0,54,31,1,106,43,13,544,7,1,3,6,29,55]
Test: [ 88/200] eta 00:14:56 loss_cls 0.0326 acc 0.7340 f1 0.7342 conf_mat [593,79,3,138,1,82,400,1,91,0,0,0,52,33,2,71,44,12,570,16,0,3,3,28,60]
Test: [ 89/200] eta 00:14:48 loss_cls 0.0244 acc 0.7423 f1 0.7422 conf_mat [637,85,0,92,0,87,385,3,99,0,2,0,60,25,0,84,35,29,552,13,1,3,6,24,60]
Test: [ 90/200] eta 00:14:40 loss_cls 0.0202 acc 0.7546 f1 0.7532 conf_mat [682,76,0,56,0,114,405,0,55,0,2,0,54,27,4,117,46,19,520,11,1,3,4,25,61]
Test: [ 91/200] eta 00:14:32 loss_cls 0.0221 acc 0.7498 f1 0.7489 conf_mat [633,99,0,82,0,82,421,1,70,0,1,0,50,36,0,90,51,12,556,4,1,3,4,35,51]
Test: [ 92/200] eta 00:14:24 loss_cls 0.0167 acc 0.7415 f1 0.7419 conf_mat [599,153,0,62,0,63,468,1,42,0,1,0,56,23,7,91,83,19,501,19,1,3,4,18,68]
Test: [ 93/200] eta 00:12:29 loss_cls 0.0146 acc 0.7572 f1 0.7566 conf_mat [645,93,0,76,0,90,415,1,68,0,1,0,56,28,2,92,43,15,554,9,1,3,5,27,58]
Test: [ 94/200] eta 00:12:22 loss_cls 0.0138 acc 0.7555 f1 0.7545 conf_mat [668,86,0,60,0,106,406,1,61,0,2,0,57,25,3,103,51,16,533,10,1,3,5,25,60]
Test: [ 95/200] eta 00:14:00 loss_cls 0.0131 acc 0.7441 f1 0.7443 conf_mat [609,138,0,67,0,68,457,1,48,0,2,0,56,22,7,93,68,22,514,16,1,3,5,23,62]
Test: [ 96/200] eta 00:13:52 loss_cls 0.0126 acc 0.7493 f1 0.7486 conf_mat [643,109,0,62,0,90,426,0,58,0,1,0,53,30,3,101,55,15,533,9,1,3,4,31,55]
Test: [ 97/200] eta 00:13:44 loss_cls 0.0121 acc 0.7515 f1 0.7511 conf_mat [637,110,0,67,0,84,431,0,59,0,1,0,51,31,4,91,60,14,537,11,1,3,4,27,59]
Test: [ 98/200] eta 00:13:36 loss_cls 0.0121 acc 0.7507 f1 0.7502 conf_mat [650,105,0,59,0,87,434,1,52,0,2,0,57,23,5,108,57,24,511,13,1,3,5,24,61]
Test: [ 99/200] eta 00:11:47 loss_cls 0.0113 acc 0.7524 f1 0.7519 conf_mat [639,94,0,81,0,88,419,1,66,0,0,0,54,30,3,94,46,16,546,11,1,3,5,26,59]
Test: [100/200] eta 00:13:20 loss_cls 0.0107 acc 0.7555 f1 0.7552 conf_mat [643,102,0,69,0,87,427,1,59,0,1,0,56,25,5,94,52,18,537,12,1,3,5,24,61]
Test: [101/200] eta 00:13:12 loss_cls 0.0108 acc 0.7537 f1 0.7532 conf_mat [643,104,0,67,0,87,429,1,57,0,1,0,53,27,6,101,52,15,534,11,1,3,4,25,61]
Test: [102/200] eta 00:13:04 loss_cls 0.0103 acc 0.7546 f1 0.7542 conf_mat [641,98,0,75,0,82,431,1,60,0,2,0,54,25,6,99,50,17,535,12,1,3,4,25,61]
Test: [103/200] eta 00:12:56 loss_cls 0.0101 acc 0.7542 f1 0.7539 conf_mat [636,97,0,81,0,86,419,1,68,0,0,0,57,24,6,88,44,18,549,14,1,3,5,25,60]
Test: [104/200] eta 00:12:48 loss_cls 0.0098 acc 0.7550 f1 0.7547 conf_mat [645,100,0,69,0,88,424,1,61,0,2,0,57,23,5,96,48,21,536,12,1,3,5,24,61]
Test: [105/200] eta 00:11:05 loss_cls 0.0094 acc 0.7520 f1 0.7515 conf_mat [640,108,0,66,0,81,436,1,56,0,2,0,53,26,6,101,57,15,526,14,1,3,4,25,61]
Test: [106/200] eta 00:10:58 loss_cls 0.0095 acc 0.7507 f1 0.7504 conf_mat [630,104,0,80,0,85,424,1,64,0,1,0,55,27,4,88,50,17,544,14,1,3,5,25,60]
Test: [107/200] eta 00:10:51 loss_cls 0.0091 acc 0.7472 f1 0.7469 conf_mat [640,106,0,68,0,93,422,1,58,0,2,0,57,23,5,100,53,22,525,13,1,3,4,25,61]
Test: [108/200] eta 00:10:44 loss_cls 0.0089 acc 0.7537 f1 0.7533 conf_mat [632,110,0,72,0,81,434,1,58,0,1,0,52,30,4,90,53,16,543,11,1,3,4,27,59]
Test: [109/200] eta 00:10:37 loss_cls 0.0088 acc 0.7564 f1 0.7556 conf_mat [662,83,0,69,0,98,410,1,65,0,1,0,57,24,5,103,43,19,536,12,1,3,4,25,61]
Test: [110/200] eta 00:10:30 loss_cls 0.0090 acc 0.7528 f1 0.7526 conf_mat [633,108,0,73,0,79,436,1,58,0,1,0,53,26,7,94,53,16,534,16,1,3,4,24,62]
Test: [111/200] eta 00:11:52 loss_cls 0.0084 acc 0.7489 f1 0.7486 conf_mat [635,104,0,75,0,88,421,1,64,0,1,0,56,26,4,96,49,19,538,11,1,3,4,27,59]
Test: [112/200] eta 00:11:44 loss_cls 0.0083 acc 0.7493 f1 0.7491 conf_mat [628,117,0,69,0,75,443,1,55,0,1,0,53,27,6,97,61,17,524,14,1,3,4,24,62]
Test: [113/200] eta 00:11:36 loss_cls 0.0083 acc 0.7542 f1 0.7535 conf_mat [651,90,0,73,0,93,412,1,68,0,1,0,56,27,3,96,46,17,544,10,1,3,4,28,58]
Test: [114/200] eta 00:10:02 loss_cls 0.0081 acc 0.7520 f1 0.7516 conf_mat [635,105,0,74,0,83,430,1,60,0,1,0,53,28,5,92,53,18,538,12,1,3,4,26,60]
Test: [115/200] eta 00:11:20 loss_cls 0.0079 acc 0.7511 f1 0.7505 conf_mat [644,100,0,70,0,87,424,1,62,0,2,0,54,26,5,98,51,19,534,11,1,3,4,28,58]
Test: [116/200] eta 00:11:12 loss_cls 0.0080 acc 0.7498 f1 0.7495 conf_mat [632,111,0,71,0,78,438,1,57,0,1,0,54,26,6,96,60,18,526,13,1,3,4,25,61]
Test: [117/200] eta 00:11:04 loss_cls 0.0079 acc 0.7472 f1 0.7467 conf_mat [638,104,0,72,0,87,425,1,61,0,2,0,55,24,6,99,53,20,528,13,1,3,4,27,59]
Test: [118/200] eta 00:10:56 loss_cls 0.0078 acc 0.7511 f1 0.7511 conf_mat [621,113,0,80,0,74,439,1,60,0,2,0,56,22,7,90,55,19,536,13,1,3,5,23,62]
Test: [119/200] eta 00:10:48 loss_cls 0.0078 acc 0.7515 f1 0.7511 conf_mat [643,100,0,71,0,88,426,1,59,0,2,0,55,24,6,99,52,19,530,13,1,3,4,25,61]
Test: [120/200] eta 00:10:40 loss_cls 0.0073 acc 0.7520 f1 0.7514 conf_mat [648,98,0,68,0,89,425,1,59,0,1,0,54,26,6,103,48,20,528,14,1,3,4,25,61]
Test: [121/200] eta 00:10:32 loss_cls 0.0076 acc 0.7537 f1 0.7533 conf_mat [635,96,0,83,0,84,421,1,68,0,1,0,54,28,4,88,46,16,551,12,1,3,4,27,59]
Test: [122/200] eta 00:10:24 loss_cls 0.0074 acc 0.7502 f1 0.7499 conf_mat [633,112,0,69,0,77,441,1,55,0,1,0,53,28,5,97,60,19,526,11,1,3,4,27,59]
Test: [123/200] eta 00:10:16 loss_cls 0.0073 acc 0.7524 f1 0.7520 conf_mat [643,99,0,72,0,87,427,1,59,0,2,0,56,22,7,99,49,21,530,14,1,3,4,25,61]
Test: [124/200] eta 00:10:08 loss_cls 0.0074 acc 0.7528 f1 0.7522 conf_mat [635,95,0,84,0,87,420,1,66,0,1,0,51,31,4,92,45,12,554,10,1,3,4,28,58]
Test: [125/200] eta 00:10:00 loss_cls 0.0071 acc 0.7450 f1 0.7445 conf_mat [643,110,0,61,0,90,434,1,49,0,1,0,54,27,5,104,65,22,510,12,1,3,4,27,59]
Test: [126/200] eta 00:09:52 loss_cls 0.0069 acc 0.7493 f1 0.7491 conf_mat [628,107,0,79,0,83,427,1,63,0,1,0,54,26,6,94,50,16,540,13,1,3,4,25,61]
Test: [127/200] eta 00:08:31 loss_cls 0.0068 acc 0.7524 f1 0.7520 conf_mat [644,98,0,72,0,90,423,1,60,0,2,0,56,23,6,100,48,20,533,12,1,3,4,25,61]
Test: [128/200] eta 00:09:36 loss_cls 0.0068 acc 0.7520 f1 0.7516 conf_mat [637,103,0,74,0,85,427,1,61,0,2,0,54,25,6,96,49,17,538,13,1,3,4,26,60]
Test: [129/200] eta 00:09:28 loss_cls 0.0067 acc 0.7498 f1 0.7493 conf_mat [640,103,0,71,0,85,430,1,58,0,1,0,54,27,5,98,57,18,528,12,1,3,4,27,59]
Test: [130/200] eta 00:09:20 loss_cls 0.0066 acc 0.7520 f1 0.7517 conf_mat [638,102,0,74,0,85,429,1,59,0,2,0,56,23,6,97,52,20,532,12,1,3,4,25,61]
Test: [131/200] eta 00:08:03 loss_cls 0.0066 acc 0.7507 f1 0.7505 conf_mat [631,106,0,77,0,82,430,1,61,0,2,0,56,23,6,92,51,21,535,14,1,3,4,25,61]
Test: [132/200] eta 00:07:56 loss_cls 0.0066 acc 0.7498 f1 0.7495 conf_mat [639,105,0,70,0,86,431,1,56,0,2,0,56,23,6,98,57,20,524,14,1,3,4,25,61]
Test: [133/200] eta 00:07:49 loss_cls 0.0066 acc 0.7528 f1 0.7523 conf_mat [636,97,0,81,0,85,425,1,63,0,1,0,53,28,5,92,47,15,546,13,1,3,4,28,58]
Test: [134/200] eta 00:07:42 loss_cls 0.0064 acc 0.7489 f1 0.7487 conf_mat [636,105,0,73,0,85,430,1,58,0,2,0,56,23,6,97,56,21,526,13,1,3,4,25,61]
Test: [135/200] eta 00:07:35 loss_cls 0.0064 acc 0.7498 f1 0.7495 conf_mat [631,107,0,76,0,83,431,1,59,0,2,0,54,25,6,94,55,17,534,13,1,3,4,25,61]
Test: [136/200] eta 00:07:28 loss_cls 0.0063 acc 0.7533 f1 0.7528 conf_mat [641,98,0,75,0,85,426,1,62,0,1,0,54,27,5,97,48,18,538,12,1,3,4,26,60]
Test: [137/200] eta 00:08:24 loss_cls 0.0063 acc 0.7528 f1 0.7525 conf_mat [644,99,0,71,0,87,428,1,58,0,2,0,56,22,7,100,50,20,529,14,1,3,4,25,61]
Test: [138/200] eta 00:08:16 loss_cls 0.0066 acc 0.7502 f1 0.7499 conf_mat [625,111,0,78,0,75,438,1,60,0,2,0,53,28,4,94,56,15,538,10,1,3,4,28,58]
Test: [139/200] eta 00:08:08 loss_cls 0.0064 acc 0.7542 f1 0.7537 conf_mat [647,95,0,72,0,90,422,1,61,0,2,0,55,23,7,98,49,17,535,14,1,3,4,24,62]
Test: [140/200] eta 00:08:00 loss_cls 0.0063 acc 0.7502 f1 0.7500 conf_mat [631,108,0,75,0,78,437,1,58,0,2,0,56,23,6,94,57,20,528,14,1,3,4,26,60]
Test: [141/200] eta 00:07:52 loss_cls 0.0062 acc 0.7515 f1 0.7510 conf_mat [645,99,0,70,0,87,424,1,62,0,1,0,54,27,5,99,51,18,532,13,1,3,4,26,60]
Test: [142/200] eta 00:07:44 loss_cls 0.0060 acc 0.7520 f1 0.7517 conf_mat [636,101,0,77,0,86,427,1,60,0,2,0,56,23,6,96,50,18,536,13,1,3,4,25,61]
Test: [143/200] eta 00:07:36 loss_cls 0.0061 acc 0.7502 f1 0.7498 conf_mat [637,102,0,75,0,84,427,1,62,0,1,0,54,26,6,97,51,18,534,13,1,3,4,26,60]
Test: [144/200] eta 00:07:28 loss_cls 0.0060 acc 0.7511 f1 0.7507 conf_mat [639,102,0,73,0,85,428,1,60,0,2,0,54,25,6,97,52,18,533,13,1,3,4,26,60]
Test: [145/200] eta 00:07:20 loss_cls 0.0059 acc 0.7502 f1 0.7499 conf_mat [634,103,0,77,0,83,428,1,62,0,2,0,54,25,6,96,50,18,536,13,1,3,4,26,60]
Test: [146/200] eta 00:07:12 loss_cls 0.0060 acc 0.7515 f1 0.7511 conf_mat [638,100,0,76,0,84,427,1,62,0,2,0,54,25,6,97,50,16,536,14,1,3,4,26,60]
Test: [147/200] eta 00:07:04 loss_cls 0.0060 acc 0.7498 f1 0.7494 conf_mat [642,101,0,71,0,87,427,1,59,0,2,0,56,22,7,101,52,20,525,15,1,3,4,25,61]
Test: [148/200] eta 00:06:56 loss_cls 0.0060 acc 0.7511 f1 0.7506 conf_mat [639,102,0,73,0,85,427,1,61,0,2,0,54,26,5,97,52,17,535,12,1,3,4,27,59]
Test: [149/200] eta 00:06:48 loss_cls 0.0060 acc 0.7489 f1 0.7487 conf_mat [633,103,0,78,0,85,428,1,60,0,2,0,55,24,6,95,52,21,532,13,1,3,4,25,61]
Test: [150/200] eta 00:06:40 loss_cls 0.0058 acc 0.7515 f1 0.7510 conf_mat [641,98,0,75,0,85,427,1,61,0,2,0,54,25,6,98,51,18,534,12,1,3,4,27,59]
Test: [151/200] eta 00:06:32 loss_cls 0.0059 acc 0.7493 f1 0.7491 conf_mat [638,102,0,74,0,85,428,1,60,0,2,0,56,23,6,98,54,21,527,13,1,3,4,25,61]
Test: [152/200] eta 00:06:24 loss_cls 0.0058 acc 0.7511 f1 0.7507 conf_mat [639,102,0,73,0,85,428,1,60,0,2,0,55,24,6,98,52,18,532,13,1,3,4,26,60]
Test: [153/200] eta 00:06:16 loss_cls 0.0058 acc 0.7493 f1 0.7490 conf_mat [638,102,0,74,0,85,428,1,60,0,2,0,56,23,6,98,54,20,529,12,1,3,4,27,59]
Test: [154/200] eta 00:06:08 loss_cls 0.0058 acc 0.7515 f1 0.7511 conf_mat [639,101,0,74,0,85,428,1,60,0,2,0,55,24,6,97,52,17,533,14,1,3,4,26,60]
Test: [155/200] eta 00:06:00 loss_cls 0.0059 acc 0.7502 f1 0.7498 conf_mat [637,102,0,75,0,85,428,1,60,0,2,0,55,24,6,96,52,20,533,12,1,3,4,27,59]
Test: [156/200] eta 00:05:52 loss_cls 0.0057 acc 0.7515 f1 0.7512 conf_mat [638,102,0,74,0,85,428,1,60,0,2,0,55,24,6,98,51,18,534,12,1,3,4,26,60]
Test: [157/200] eta 00:05:01 loss_cls 0.0057 acc 0.7507 f1 0.7503 conf_mat [638,102,0,74,0,85,428,1,60,0,2,0,55,24,6,97,52,19,532,13,1,3,4,26,60]
Test: [158/200] eta 00:04:54 loss_cls 0.0057 acc 0.7485 f1 0.7481 conf_mat [636,104,0,74,0,86,428,1,59,0,2,0,55,24,6,98,54,20,529,12,1,3,4,26,60]
Test: [159/200] eta 00:04:47 loss_cls 0.0057 acc 0.7511 f1 0.7507 conf_mat [639,102,0,73,0,85,428,1,60,0,2,0,55,24,6,99,51,19,531,13,1,3,4,25,61]
Test: [160/200] eta 00:04:40 loss_cls 0.0058 acc 0.7507 f1 0.7503 conf_mat [636,101,0,77,0,85,428,1,60,0,2,0,55,24,6,96,52,19,533,13,1,3,4,25,61]
Test: [161/200] eta 00:04:33 loss_cls 0.0058 acc 0.7515 f1 0.7512 conf_mat [640,99,0,75,0,85,428,1,60,0,2,0,55,24,6,98,51,20,531,13,1,3,4,25,61]
Test: [162/200] eta 00:04:26 loss_cls 0.0057 acc 0.7489 f1 0.7486 conf_mat [633,105,0,76,0,84,429,1,60,0,2,0,55,25,5,95,53,20,533,12,1,3,4,27,59]
Test: [163/200] eta 00:04:56 loss_cls 0.0056 acc 0.7498 f1 0.7494 conf_mat [639,101,0,74,0,85,428,1,60,0,2,0,55,24,6,98,53,20,529,13,1,3,4,26,60]
Test: [164/200] eta 00:04:48 loss_cls 0.0057 acc 0.7507 f1 0.7503 conf_mat [638,102,0,74,0,86,428,1,59,0,2,0,55,24,6,97,52,19,531,14,1,3,4,25,61]
Test: [165/200] eta 00:04:40 loss_cls 0.0057 acc 0.7502 f1 0.7498 conf_mat [638,102,0,74,0,85,428,1,60,0,2,0,55,24,6,98,53,17,532,13,1,3,4,27,59]
Test: [166/200] eta 00:04:32 loss_cls 0.0056 acc 0.7498 f1 0.7494 conf_mat [638,101,0,75,0,85,428,1,60,0,2,0,55,24,6,97,52,20,530,14,1,3,4,26,60]
Test: [167/200] eta 00:04:24 loss_cls 0.0056 acc 0.7493 f1 0.7490 conf_mat [638,102,0,74,0,85,428,1,60,0,2,0,55,24,6,98,52,21,529,13,1,3,4,26,60]
Test: [168/200] eta 00:03:44 loss_cls 0.0056 acc 0.7476 f1 0.7473 conf_mat [636,103,0,75,0,84,428,1,61,0,2,0,55,24,6,98,55,20,527,13,1,3,4,26,60]
Test: [169/200] eta 00:03:37 loss_cls 0.0055 acc 0.7493 f1 0.7490 conf_mat [638,102,0,74,0,86,428,1,59,0,2,0,55,24,6,99,53,19,528,14,1,3,4,25,61]
Test: [170/200] eta 00:04:00 loss_cls 0.0056 acc 0.7489 f1 0.7485 conf_mat [638,102,0,74,0,86,428,1,59,0,2,0,55,24,6,99,53,20,528,13,1,3,4,26,60]
Test: [171/200] eta 00:03:52 loss_cls 0.0056 acc 0.7498 f1 0.7494 conf_mat [638,102,0,74,0,85,428,1,60,0,2,0,55,24,6,98,53,19,531,12,1,3,4,27,59]
Test: [172/200] eta 00:03:44 loss_cls 0.0055 acc 0.7502 f1 0.7498 conf_mat [638,102,0,74,0,85,428,1,60,0,2,0,55,24,6,98,52,19,531,13,1,3,4,26,60]
Test: [173/200] eta 00:03:36 loss_cls 0.0054 acc 0.7485 f1 0.7481 conf_mat [636,103,0,75,0,85,428,1,60,0,2,0,55,24,6,98,53,19,529,14,1,3,4,26,60]
Test: [174/200] eta 00:03:28 loss_cls 0.0054 acc 0.7502 f1 0.7499 conf_mat [637,102,0,75,0,85,428,1,60,0,2,0,55,24,6,96,52,19,532,14,1,3,4,26,60]
Test: [175/200] eta 00:03:20 loss_cls 0.0055 acc 0.7493 f1 0.7490 conf_mat [637,102,0,75,0,85,428,1,60,0,2,0,55,24,6,98,52,20,530,13,1,3,4,26,60]
Test: [176/200] eta 00:02:48 loss_cls 0.0055 acc 0.7507 f1 0.7502 conf_mat [638,102,0,74,0,85,428,1,60,0,2,0,55,24,6,98,52,18,533,12,1,3,4,27,59]
Test: [177/200] eta 00:03:04 loss_cls 0.0054 acc 0.7493 f1 0.7490 conf_mat [637,102,0,75,0,85,428,1,60,0,2,0,55,24,6,98,52,20,530,13,1,3,4,26,60]
Test: [178/200] eta 00:02:56 loss_cls 0.0054 acc 0.7498 f1 0.7495 conf_mat [636,103,0,75,0,85,428,1,60,0,2,0,55,24,6,97,52,19,531,14,1,3,4,25,61]
Test: [179/200] eta 00:02:48 loss_cls 0.0054 acc 0.7498 f1 0.7494 conf_mat [638,102,0,74,0,85,428,1,60,0,2,0,55,24,6,98,52,19,530,14,1,3,4,26,60]
Test: [180/200] eta 00:02:40 loss_cls 0.0056 acc 0.7489 f1 0.7485 conf_mat [639,102,0,73,0,85,428,1,60,0,2,0,55,24,6,98,56,18,527,14,1,3,4,26,60]
Test: [181/200] eta 00:02:32 loss_cls 0.0055 acc 0.7507 f1 0.7503 conf_mat [638,101,0,75,0,85,428,1,60,0,2,0,55,24,6,98,52,17,532,14,1,3,4,26,60]
Test: [182/200] eta 00:02:24 loss_cls 0.0053 acc 0.7502 f1 0.7498 conf_mat [637,102,0,75,0,84,429,1,60,0,2,0,55,24,6,98,53,17,531,14,1,3,4,26,60]
Test: [183/200] eta 00:02:16 loss_cls 0.0056 acc 0.7507 f1 0.7503 conf_mat [637,102,0,75,0,83,430,1,60,0,2,0,55,24,6,97,53,19,532,12,1,3,4,27,59]
Test: [184/200] eta 00:01:52 loss_cls 0.0055 acc 0.7485 f1 0.7481 conf_mat [637,103,0,74,0,84,429,1,60,0,2,0,55,24,6,98,55,20,527,13,1,3,4,26,60]
Test: [185/200] eta 00:01:45 loss_cls 0.0055 acc 0.7498 f1 0.7494 conf_mat [637,102,0,75,0,85,428,1,60,0,2,0,55,24,6,96,53,20,531,13,1,3,4,26,60]
Test: [186/200] eta 00:01:38 loss_cls 0.0054 acc 0.7520 f1 0.7516 conf_mat [637,101,0,76,0,85,428,1,60,0,2,0,55,24,6,96,51,17,536,13,1,3,4,26,60]
Test: [187/200] eta 00:01:31 loss_cls 0.0055 acc 0.7498 f1 0.7494 conf_mat [637,102,0,75,0,85,428,1,60,0,2,0,55,24,6,97,52,19,531,14,1,3,4,26,60]
Test: [188/200] eta 00:01:24 loss_cls 0.0055 acc 0.7507 f1 0.7503 conf_mat [637,102,0,75,0,85,428,1,60,0,2,0,55,24,6,97,52,19,533,12,1,3,4,26,60]
Test: [189/200] eta 00:01:28 loss_cls 0.0054 acc 0.7498 f1 0.7494 conf_mat [638,102,0,74,0,85,428,1,60,0,2,0,55,24,6,98,52,20,530,13,1,3,4,26,60]
Test: [190/200] eta 00:01:20 loss_cls 0.0054 acc 0.7511 f1 0.7507 conf_mat [637,101,0,76,0,85,428,1,60,0,2,0,55,24,6,97,51,18,535,12,1,3,4,27,59]
Test: [191/200] eta 00:01:03 loss_cls 0.0053 acc 0.7498 f1 0.7494 conf_mat [638,102,0,74,0,85,428,1,60,0,2,0,55,24,6,98,52,20,530,13,1,3,4,26,60]
Test: [192/200] eta 00:01:04 loss_cls 0.0054 acc 0.7498 f1 0.7494 conf_mat [639,102,0,73,0,86,428,1,59,0,2,0,55,24,6,100,51,20,529,13,1,3,4,26,60]
Test: [193/200] eta 00:00:56 loss_cls 0.0055 acc 0.7502 f1 0.7498 conf_mat [638,102,0,74,0,85,428,1,60,0,2,0,55,24,6,98,53,17,531,14,1,3,4,26,60]
Test: [194/200] eta 00:00:48 loss_cls 0.0054 acc 0.7507 f1 0.7503 conf_mat [637,102,0,75,0,85,428,1,60,0,2,0,55,24,6,98,52,18,533,12,1,3,4,26,60]
Test: [195/200] eta 00:00:40 loss_cls 0.0054 acc 0.7502 f1 0.7499 conf_mat [637,101,0,76,0,85,428,1,60,0,2,0,55,24,6,98,51,20,532,12,1,3,4,26,60]
Test: [196/200] eta 00:00:32 loss_cls 0.0054 acc 0.7502 f1 0.7499 conf_mat [638,101,0,75,0,85,428,1,60,0,2,0,55,24,6,98,51,21,531,12,1,3,4,26,60]
Test: [197/200] eta 00:00:21 loss_cls 0.0055 acc 0.7507 f1 0.7503 conf_mat [637,101,0,76,0,85,428,1,60,0,2,0,55,24,6,98,51,18,533,13,1,3,4,26,60]
Test: [198/200] eta 00:00:16 loss_cls 0.0054 acc 0.7498 f1 0.7494 conf_mat [637,102,0,75,0,85,428,1,60,0,2,0,55,24,6,98,52,20,531,12,1,3,4,26,60]
Test: [199/200] eta 00:00:08 loss_cls 0.0056 acc 0.7524 f1 0.7520 conf_mat [637,101,0,76,0,85,427,1,61,0,2,0,55,24,6,96,50,17,538,12,1,3,4,26,60]
Test: [200/200] eta 00:00:00 loss_cls 0.0054 acc 0.7507 f1 0.7503 conf_mat [637,101,0,76,0,85,428,1,60,0,2,0,55,24,6,96,51,20,533,13,1,3,4,26,60]
