model = dict(
    type='Classifier',
    backbone=dict(
        type='MyResNetV1d',
        depth=50,
        num_stages=4,
        out_indices=(0, 1, 2, 3),
        frozen_stages=1,
        norm_cfg=dict(type='BN', requires_grad=True),
        norm_eval=True,
        style='pytorch',
        init_cfg=dict(
            type='ft',
            checkpoint='../work_dirs/aet_opensarship_pretrain/0020.pth')),
    classifier=dict(dim_in=2048, dim_mid=1024, dim_out=5))
optimizer = dict(type='SGD', lr=0.001, momentum=0.9, weight_decay=0.0001)
runner = dict(epoch=200)
data = dict(
    type='OpenSARShip',
    root='../data/opensarship',
    n_class=5,
    percentage=70,
    image_size=64,
    normalize=dict(
        mean=[
            0.026807075832908405, 0.026807075832908405, 0.026807075832908405
        ],
        std=[0.039102898421077066, 0.039102898421077066,
             0.039102898421077066]),
    workers=2,
    batch_size=dict(pretrain=1024, train=512, val=2048))
checkpoints = dict(
    folders=['../work_dirs/aet_opensarship_pretrain'], index=['0020.pth'])
test_mode = 'ft'
work_dir = '../work_dirs/classifier_opensarship_single_ft'
log_file = '../work_dirs/classifier_opensarship_single_ft/20221010_111833.log'
Test: [  1/200] eta 00:46:26 loss_cls 1.5097 acc 0.3545 f1 nan conf_mat [0,675,1,138,0,0,530,1,43,0,0,19,10,57,1,0,446,13,253,1,0,18,16,44,16]
Test: [  2/200] eta 00:26:24 loss_cls 1.3244 acc 0.4487 f1 0.4359 conf_mat [302,358,1,153,0,119,396,1,58,0,12,2,6,67,0,121,276,8,307,1,6,8,12,55,13]
Test: [  3/200] eta 00:26:16 loss_cls 1.2203 acc 0.4557 f1 0.3930 conf_mat [607,8,1,198,0,416,36,1,121,0,9,0,1,77,0,315,9,5,383,1,12,0,9,60,13]
Test: [  4/200] eta 00:26:08 loss_cls 1.1751 acc 0.4413 f1 0.3611 conf_mat [646,2,0,166,0,468,6,1,99,0,13,0,1,73,0,363,5,3,341,1,12,0,4,65,13]
Test: [  5/200] eta 00:26:00 loss_cls 1.1530 acc 0.4803 f1 0.4457 conf_mat [596,52,0,166,0,345,120,1,108,0,11,0,1,75,0,309,38,2,363,1,14,0,1,63,16]
Test: [  6/200] eta 00:25:52 loss_cls 1.1320 acc 0.4895 f1 nan conf_mat [615,69,0,130,0,336,159,0,79,0,14,0,0,72,1,327,59,0,326,1,14,0,0,63,17]
Test: [  7/200] eta 00:25:44 loss_cls 1.1178 acc 0.5101 f1 nan conf_mat [563,94,0,157,0,260,201,0,113,0,12,0,0,74,1,271,57,0,382,3,11,0,0,65,18]
Test: [  8/200] eta 00:25:36 loss_cls 1.1118 acc 0.5118 f1 nan conf_mat [604,55,0,155,0,312,148,0,114,0,15,0,0,71,1,271,40,0,399,3,12,0,0,65,17]
Test: [  9/200] eta 00:25:28 loss_cls 1.0962 acc 0.5127 f1 0.4997 conf_mat [458,189,0,167,0,178,282,0,114,0,12,0,1,73,1,180,117,1,411,4,11,2,0,63,18]
Test: [ 10/200] eta 00:25:20 loss_cls 1.0891 acc 0.5294 f1 0.5133 conf_mat [568,147,0,99,0,245,261,0,67,1,25,0,2,59,1,255,96,2,356,4,17,2,1,53,21]
Test: [ 11/200] eta 00:25:12 loss_cls 1.0790 acc 0.5162 f1 0.4983 conf_mat [418,124,0,272,0,154,223,0,197,0,8,0,1,77,1,130,60,2,518,3,7,0,2,67,18]
Test: [ 12/200] eta 00:25:04 loss_cls 1.0671 acc 0.5114 f1 0.4937 conf_mat [395,152,0,267,0,146,235,0,193,0,9,0,1,76,1,115,74,2,518,4,6,0,0,70,18]
Test: [ 13/200] eta 00:24:56 loss_cls 1.0606 acc 0.5241 f1 0.5122 conf_mat [437,201,0,176,0,150,288,0,136,0,17,0,2,67,1,150,108,3,448,4,11,1,2,59,21]
Test: [ 14/200] eta 00:21:42 loss_cls 1.0520 acc 0.5302 f1 0.5155 conf_mat [445,146,0,223,0,161,238,0,174,1,12,0,4,70,1,134,69,4,502,4,9,0,3,61,21]
Test: [ 15/200] eta 00:21:35 loss_cls 1.0412 acc 0.5517 f1 0.5361 conf_mat [509,137,0,168,0,191,257,0,126,0,7,0,3,76,1,155,80,3,472,3,8,1,2,65,18]
Test: [ 16/200] eta 00:24:32 loss_cls 1.0284 acc 0.5280 f1 0.5162 conf_mat [494,226,0,94,0,193,334,0,47,0,13,0,4,69,1,219,133,3,355,3,11,2,3,60,18]
Test: [ 17/200] eta 00:21:21 loss_cls 1.0196 acc 0.5451 f1 0.5328 conf_mat [467,215,0,132,0,166,324,0,84,0,8,0,3,75,1,153,121,3,433,3,10,2,3,62,17]
Test: [ 18/200] eta 00:24:16 loss_cls 1.0123 acc 0.5035 f1 0.4796 conf_mat [279,173,0,362,0,74,270,0,230,0,2,1,3,80,1,49,78,3,580,3,1,0,2,74,17]
Test: [ 19/200] eta 00:24:08 loss_cls 1.0017 acc 0.5762 f1 0.5622 conf_mat [489,201,0,124,0,161,323,0,90,0,9,1,3,73,1,123,101,3,483,3,7,2,2,66,17]
Test: [ 20/200] eta 00:24:00 loss_cls 0.9924 acc 0.4759 f1 0.4436 conf_mat [236,85,1,492,0,50,189,0,335,0,3,0,4,79,1,41,29,3,637,3,1,0,1,72,20]
Test: [ 21/200] eta 00:23:52 loss_cls 0.9832 acc 0.5771 f1 0.5637 conf_mat [575,137,2,100,0,226,281,0,67,0,7,0,7,72,1,192,75,7,434,5,8,2,4,60,20]
Test: [ 22/200] eta 00:23:44 loss_cls 0.9731 acc 0.5622 f1 0.5480 conf_mat [423,193,0,198,0,122,317,0,135,0,2,1,4,79,1,97,89,3,521,3,5,2,3,66,18]
Test: [ 23/200] eta 00:23:36 loss_cls 0.9702 acc 0.4847 f1 0.4597 conf_mat [495,297,2,20,0,161,400,0,13,0,35,1,7,43,1,324,191,9,184,5,26,7,3,38,20]
Test: [ 24/200] eta 00:23:28 loss_cls 0.9589 acc 0.5596 f1 0.5482 conf_mat [470,292,2,50,0,119,427,0,27,1,17,1,5,63,1,168,180,5,354,6,11,6,3,53,21]
Test: [ 25/200] eta 00:23:20 loss_cls 0.9471 acc 0.5631 f1 0.5502 conf_mat [621,164,3,26,0,238,314,0,22,0,21,1,12,52,1,294,88,13,313,5,20,2,3,44,25]
Test: [ 26/200] eta 00:23:12 loss_cls 0.9405 acc 0.5855 f1 0.5685 conf_mat [625,104,2,83,0,272,256,0,45,1,5,0,6,75,1,213,60,7,428,5,8,2,3,60,21]
Test: [ 27/200] eta 00:23:04 loss_cls 0.9363 acc 0.4654 f1 0.4230 conf_mat [326,17,2,469,0,101,77,0,396,0,3,0,7,76,1,61,10,7,628,7,2,0,3,65,24]
Test: [ 28/200] eta 00:22:56 loss_cls 0.9247 acc 0.5039 f1 0.4634 conf_mat [418,11,2,383,0,162,85,0,327,0,2,0,9,75,1,73,7,12,616,5,1,0,4,67,22]
Test: [ 29/200] eta 00:22:48 loss_cls 0.9222 acc 0.5653 f1 0.5209 conf_mat [703,23,2,86,0,395,103,0,76,0,6,0,12,68,1,228,18,12,451,4,10,0,3,60,21]
Test: [ 30/200] eta 00:22:40 loss_cls 0.9148 acc 0.5530 f1 0.5395 conf_mat [403,90,3,318,0,97,229,0,247,1,1,1,11,73,1,63,35,13,597,5,0,0,3,69,22]
Test: [ 31/200] eta 00:25:21 loss_cls 0.9037 acc 0.5890 f1 0.5772 conf_mat [426,202,2,184,0,94,359,0,121,0,5,1,8,72,1,95,77,6,528,7,6,2,3,60,23]
Test: [ 32/200] eta 00:22:24 loss_cls 0.9026 acc 0.6052 f1 0.5953 conf_mat [547,162,2,103,0,175,325,0,74,0,12,1,9,64,1,150,72,10,474,7,10,2,3,53,26]
Test: [ 33/200] eta 00:22:16 loss_cls 0.8933 acc 0.5298 f1 0.5108 conf_mat [320,77,2,415,0,65,232,0,277,0,1,0,6,79,1,43,29,7,629,5,2,0,2,68,22]
Test: [ 34/200] eta 00:22:08 loss_cls 0.8853 acc 0.5018 f1 0.4564 conf_mat [435,13,2,364,0,160,61,1,352,0,2,0,16,68,1,77,6,16,608,6,3,0,3,63,25]
Test: [ 35/200] eta 00:22:00 loss_cls 0.8815 acc 0.4592 f1 0.4184 conf_mat [159,83,2,570,0,27,205,0,342,0,0,0,13,73,1,17,29,13,649,5,0,0,3,69,22]
Test: [ 36/200] eta 00:21:52 loss_cls 0.8850 acc 0.6052 f1 0.6002 conf_mat [480,245,2,87,0,113,407,1,53,0,3,1,19,63,1,117,121,20,449,6,5,2,3,58,26]
Test: [ 37/200] eta 00:21:44 loss_cls 0.8910 acc 0.6218 f1 0.6120 conf_mat [556,158,2,98,0,173,335,0,66,0,2,1,14,69,1,131,73,12,493,4,4,2,3,64,21]
Test: [ 38/200] eta 00:21:36 loss_cls 0.8834 acc 0.5938 f1 0.5866 conf_mat [385,350,2,77,0,71,456,0,47,0,5,1,20,60,1,76,149,15,469,4,5,3,3,58,25]
Test: [ 39/200] eta 00:21:28 loss_cls 0.8746 acc 0.4540 f1 0.3839 conf_mat [771,32,1,10,0,423,144,0,7,0,50,0,11,25,1,592,25,4,88,4,41,0,2,29,22]
Test: [ 40/200] eta 00:18:40 loss_cls 0.8699 acc 0.4351 f1 0.3914 conf_mat [176,45,2,591,0,37,130,0,407,0,2,0,13,71,1,33,17,9,648,6,2,0,2,64,26]
Test: [ 41/200] eta 00:21:12 loss_cls 0.8592 acc 0.5298 f1 0.5043 conf_mat [228,162,2,422,0,22,318,1,233,0,0,0,23,63,1,22,51,16,620,4,0,0,3,71,20]
Test: [ 42/200] eta 00:18:26 loss_cls 0.8522 acc 0.5018 f1 0.4862 conf_mat [343,442,1,28,0,51,503,0,20,0,6,8,15,57,1,156,282,6,262,7,5,9,2,56,22]
Test: [ 43/200] eta 00:18:19 loss_cls 0.8491 acc 0.6152 f1 0.6117 conf_mat [579,187,4,44,0,179,361,2,32,0,5,1,40,38,3,188,94,29,397,5,5,2,3,57,27]
Test: [ 44/200] eta 00:20:48 loss_cls 0.8335 acc 0.5609 f1 0.5306 conf_mat [524,39,1,250,0,193,132,0,249,0,2,0,14,70,1,98,16,7,587,5,3,0,2,66,23]
Test: [ 45/200] eta 00:20:40 loss_cls 0.8282 acc 0.5863 f1 0.5780 conf_mat [516,278,1,19,0,110,444,0,20,0,13,3,23,47,1,194,168,14,333,4,13,5,2,52,22]
Test: [ 46/200] eta 00:20:32 loss_cls 0.8254 acc 0.4549 f1 0.4166 conf_mat [182,50,2,580,0,21,153,0,400,0,1,0,19,66,1,20,16,14,657,6,1,0,2,64,27]
Test: [ 47/200] eta 00:20:24 loss_cls 0.8256 acc 0.5855 f1 0.5521 conf_mat [708,30,1,75,0,381,142,0,51,0,3,0,17,66,1,226,24,12,447,4,4,0,2,66,22]
Test: [ 48/200] eta 00:20:16 loss_cls 0.8399 acc 0.6065 f1 0.5927 conf_mat [661,87,1,65,0,262,265,0,47,0,5,0,19,62,1,225,55,11,415,7,3,2,2,63,24]
Test: [ 49/200] eta 00:20:08 loss_cls 0.8246 acc 0.4246 f1 0.3693 conf_mat [102,62,1,649,0,13,157,1,403,0,1,0,35,50,1,12,20,27,648,6,0,0,3,64,27]
Test: [ 50/200] eta 00:20:00 loss_cls 0.8125 acc 0.6293 f1 0.6239 conf_mat [534,219,1,60,0,134,399,0,41,0,3,2,21,60,1,134,106,10,456,7,6,2,2,58,26]
Test: [ 51/200] eta 00:19:52 loss_cls 0.7949 acc 0.5053 f1 0.4920 conf_mat [262,78,5,469,0,50,218,3,303,0,0,0,49,37,1,26,26,61,594,6,0,0,5,59,30]
Test: [ 52/200] eta 00:19:44 loss_cls 0.7991 acc 0.5596 f1 0.5458 conf_mat [278,450,1,85,0,35,502,0,37,0,2,3,24,56,2,40,208,14,446,5,0,5,2,60,27]
Test: [ 53/200] eta 00:19:36 loss_cls 0.8087 acc 0.5990 f1 0.5867 conf_mat [691,102,2,19,0,264,286,2,22,0,9,1,41,35,1,286,66,36,318,7,8,2,4,49,31]
Test: [ 54/200] eta 00:19:28 loss_cls 0.7906 acc 0.5250 f1 0.4986 conf_mat [370,29,1,414,0,106,139,0,329,0,1,0,16,69,1,42,13,4,649,5,0,0,2,68,24]
Test: [ 55/200] eta 00:24:10 loss_cls 0.7925 acc 0.6266 f1 0.6147 conf_mat [680,78,1,55,0,280,255,1,38,0,3,1,31,50,2,209,44,18,436,6,5,1,3,57,28]
Test: [ 56/200] eta 00:19:12 loss_cls 0.7880 acc 0.6126 f1 0.5987 conf_mat [674,115,1,24,0,234,315,0,25,0,11,1,16,58,1,265,66,8,370,4,8,2,2,59,23]
Test: [ 57/200] eta 00:19:04 loss_cls 0.7757 acc 0.5925 f1 0.5803 conf_mat [322,369,1,122,0,44,443,0,87,0,2,2,23,58,2,49,110,15,531,8,4,2,2,53,33]
Test: [ 58/200] eta 00:18:56 loss_cls 0.7737 acc 0.5473 f1 0.4581 conf_mat [774,0,1,39,0,529,5,0,40,0,10,0,10,66,1,268,0,3,438,4,8,0,2,62,22]
Test: [ 59/200] eta 00:18:48 loss_cls 0.7790 acc 0.4619 f1 0.4356 conf_mat [209,48,7,548,2,37,153,4,380,0,1,0,51,34,1,26,17,53,605,12,2,0,3,53,36]
Test: [ 60/200] eta 00:21:00 loss_cls 0.7855 acc 0.6376 f1 0.6313 conf_mat [574,189,1,50,0,161,369,0,44,0,4,1,20,61,1,135,97,9,466,6,5,2,2,59,26]
Test: [ 61/200] eta 00:18:32 loss_cls 0.7736 acc 0.6096 f1 0.6023 conf_mat [535,254,1,24,0,119,429,0,26,0,15,3,17,51,1,186,133,5,384,5,8,3,2,55,26]
Test: [ 62/200] eta 00:20:42 loss_cls 0.7684 acc 0.5741 f1 0.5641 conf_mat [447,92,1,274,0,104,247,0,223,0,8,0,18,60,1,99,31,6,573,4,5,0,2,62,25]
Test: [ 63/200] eta 00:18:16 loss_cls 0.7565 acc 0.5758 f1 0.5513 conf_mat [265,287,1,261,0,38,409,0,127,0,2,0,21,62,2,34,74,7,591,7,2,2,2,60,28]
Test: [ 64/200] eta 00:18:08 loss_cls 0.7553 acc 0.5491 f1 0.4717 conf_mat [602,0,1,211,0,356,11,2,205,0,2,0,39,46,0,114,0,19,575,5,2,0,3,63,26]
Test: [ 65/200] eta 00:18:00 loss_cls 0.7534 acc 0.3948 f1 0.3198 conf_mat [122,12,1,679,0,23,52,0,499,0,1,0,25,59,2,12,4,17,671,9,0,0,2,61,31]
Test: [ 66/200] eta 00:15:38 loss_cls 0.7492 acc 0.5670 f1 0.5632 conf_mat [381,412,1,20,0,53,499,1,21,0,6,3,31,45,2,118,222,15,353,5,6,6,3,49,30]
Test: [ 67/200] eta 00:15:31 loss_cls 0.7372 acc 0.6034 f1 0.5622 conf_mat [684,17,1,112,0,356,120,0,98,0,6,0,17,64,0,157,13,6,533,4,8,0,2,61,23]
Test: [ 68/200] eta 00:17:36 loss_cls 0.7420 acc 0.6122 f1 0.6093 conf_mat [418,199,4,193,0,78,354,3,139,0,1,0,45,38,3,56,71,30,544,12,1,0,3,54,36]
Test: [ 69/200] eta 00:17:28 loss_cls 0.7426 acc 0.6096 f1 0.5995 conf_mat [614,121,1,78,0,188,315,0,71,0,20,0,17,49,1,231,52,5,421,4,9,2,2,57,24]
Test: [ 70/200] eta 00:17:20 loss_cls 0.7417 acc 0.6534 f1 0.6426 conf_mat [673,97,1,43,0,224,312,0,38,0,3,2,25,56,1,187,53,12,457,4,4,2,2,62,24]
Test: [ 71/200] eta 00:17:12 loss_cls 0.7434 acc 0.6367 f1 0.6295 conf_mat [632,130,1,51,0,198,338,0,38,0,2,1,24,58,2,187,80,13,428,5,2,2,2,57,31]
Test: [ 72/200] eta 00:17:04 loss_cls 0.7266 acc 0.5605 f1 0.5548 conf_mat [343,414,1,56,0,46,497,2,29,0,2,3,45,36,1,99,211,34,364,5,1,6,3,54,30]
Test: [ 73/200] eta 00:16:56 loss_cls 0.7281 acc 0.6464 f1 0.6413 conf_mat [623,159,1,30,1,173,371,1,29,0,5,1,28,49,4,167,99,16,420,11,5,2,3,51,33]
Test: [ 74/200] eta 00:16:48 loss_cls 0.7133 acc 0.6082 f1 0.5952 conf_mat [519,69,1,225,0,174,226,1,173,0,1,0,30,55,1,75,28,17,589,4,1,0,2,67,24]
Test: [ 75/200] eta 00:16:40 loss_cls 0.7069 acc 0.6608 f1 0.6575 conf_mat [572,152,1,88,1,156,356,0,62,0,1,0,32,50,4,98,72,17,511,15,2,2,2,51,37]
Test: [ 76/200] eta 00:16:32 loss_cls 0.7116 acc 0.6350 f1 0.6326 conf_mat [534,230,1,49,0,142,391,1,40,0,3,2,33,48,1,127,104,14,464,4,3,2,2,60,27]
Test: [ 77/200] eta 00:16:24 loss_cls 0.7279 acc 0.6345 f1 0.6304 conf_mat [627,121,1,65,0,212,323,2,37,0,2,0,44,40,1,185,64,37,419,8,2,2,4,51,35]
Test: [ 78/200] eta 00:16:16 loss_cls 0.7068 acc 0.6319 f1 0.6193 conf_mat [596,60,1,157,0,195,244,0,135,0,4,1,21,59,2,114,33,11,548,7,4,0,2,55,33]
Test: [ 79/200] eta 00:16:08 loss_cls 0.7105 acc 0.5061 f1 0.4652 conf_mat [711,91,1,11,0,302,263,0,9,0,29,1,9,47,1,500,55,4,150,4,24,1,2,45,22]
Test: [ 80/200] eta 00:16:00 loss_cls 0.7119 acc 0.5898 f1 0.5821 conf_mat [388,173,5,248,0,84,306,2,182,0,1,1,34,49,2,53,48,18,587,7,1,0,3,59,31]
Test: [ 81/200] eta 00:15:52 loss_cls 0.6977 acc 0.6152 f1 0.6089 conf_mat [603,187,1,23,0,163,385,0,26,0,10,0,28,47,2,231,111,13,354,4,6,3,2,49,34]
Test: [ 82/200] eta 00:15:44 loss_cls 0.7160 acc 0.5302 f1 0.5210 conf_mat [332,78,3,401,0,65,225,0,284,0,5,1,33,46,2,82,21,14,589,7,5,0,2,56,31]
Test: [ 83/200] eta 00:15:36 loss_cls 0.7017 acc 0.5723 f1 0.5525 conf_mat [640,161,1,12,0,188,375,0,11,0,21,5,20,41,0,354,102,8,245,4,12,2,2,52,26]
Test: [ 84/200] eta 00:15:28 loss_cls 0.7016 acc 0.5727 f1 0.5644 conf_mat [337,125,1,351,0,64,298,2,210,0,1,0,35,47,4,38,46,19,600,10,1,0,2,54,37]
Test: [ 85/200] eta 00:15:20 loss_cls 0.6971 acc 0.6043 f1 0.5971 conf_mat [582,208,1,23,0,149,401,0,24,0,4,2,32,49,0,246,113,15,334,5,6,4,2,52,30]
Test: [ 86/200] eta 00:17:06 loss_cls 0.6938 acc 0.6595 f1 0.6519 conf_mat [596,94,1,123,0,179,298,1,96,0,1,1,34,49,2,103,43,16,547,4,2,2,2,58,30]
Test: [ 87/200] eta 00:15:04 loss_cls 0.6869 acc 0.6065 f1 0.5913 conf_mat [719,77,1,17,0,268,284,0,22,0,10,1,26,47,3,314,58,12,322,7,9,2,2,48,33]
Test: [ 88/200] eta 00:14:56 loss_cls 0.6770 acc 0.6060 f1 0.6049 conf_mat [386,372,3,53,0,65,469,2,38,0,1,0,41,42,3,70,160,22,452,9,2,3,3,51,35]
Test: [ 89/200] eta 00:14:48 loss_cls 0.6767 acc 0.6499 f1 0.6318 conf_mat [712,50,1,51,0,297,234,0,43,0,2,0,21,62,2,180,33,8,487,5,3,1,2,59,29]
Test: [ 90/200] eta 00:14:40 loss_cls 0.6686 acc 0.6424 f1 0.6406 conf_mat [480,178,1,155,0,99,369,2,104,0,1,0,46,40,0,67,70,29,535,12,2,2,3,51,36]
Test: [ 91/200] eta 00:12:43 loss_cls 0.6741 acc 0.3804 f1 0.2858 conf_mat [121,0,1,692,0,22,3,2,547,0,1,0,47,39,0,15,0,28,665,5,1,0,3,58,32]
Test: [ 92/200] eta 00:12:36 loss_cls 0.6773 acc 0.6345 f1 0.6277 conf_mat [525,234,1,54,0,105,420,0,49,0,9,1,18,58,1,139,104,6,460,4,6,2,2,59,25]
Test: [ 93/200] eta 00:14:16 loss_cls 0.6833 acc 0.6507 f1 0.6445 conf_mat [673,97,1,43,0,226,314,2,32,0,1,1,40,42,3,191,67,23,419,13,2,2,3,48,39]
Test: [ 94/200] eta 00:12:22 loss_cls 0.6689 acc 0.5863 f1 0.5688 conf_mat [330,257,1,226,0,50,401,0,123,0,3,1,15,68,0,61,77,4,568,3,3,2,2,63,24]
Test: [ 95/200] eta 00:14:00 loss_cls 0.6759 acc 0.5679 f1 0.5358 conf_mat [547,21,1,245,0,215,108,2,249,0,4,1,41,40,1,105,13,19,572,4,4,0,2,60,28]
Test: [ 96/200] eta 00:13:52 loss_cls 0.6738 acc 0.5793 f1 0.5715 conf_mat [292,472,1,49,0,32,503,0,39,0,4,1,37,43,2,54,185,13,453,8,2,4,2,49,37]
Test: [ 97/200] eta 00:13:44 loss_cls 0.6568 acc 0.6179 f1 0.6126 conf_mat [510,279,1,24,0,91,457,0,26,0,4,1,23,58,1,154,152,9,393,5,6,4,2,55,27]
Test: [ 98/200] eta 00:13:36 loss_cls 0.6498 acc 0.6499 f1 0.6473 conf_mat [505,151,1,157,0,117,356,0,101,0,1,0,32,50,4,63,70,15,546,19,2,2,2,44,44]
Test: [ 99/200] eta 00:13:28 loss_cls 0.6586 acc 0.5162 f1 0.4770 conf_mat [151,242,5,416,0,23,359,3,189,0,1,0,52,33,1,18,65,42,580,8,1,2,4,51,36]
Test: [100/200] eta 00:13:20 loss_cls 0.6454 acc 0.6196 f1 0.6093 conf_mat [671,123,1,19,0,221,328,0,25,0,9,1,25,51,1,257,80,12,360,4,8,2,2,52,30]
Test: [101/200] eta 00:13:12 loss_cls 0.6408 acc 0.5416 f1 0.5290 conf_mat [318,60,1,435,0,79,217,2,276,0,1,0,41,42,3,33,23,24,627,6,1,0,2,58,33]
Test: [102/200] eta 00:13:04 loss_cls 0.6402 acc 0.5425 f1 0.4876 conf_mat [788,10,1,15,0,488,64,0,22,0,10,2,34,39,2,368,8,13,314,10,11,0,2,43,38]
Test: [103/200] eta 00:12:56 loss_cls 0.6415 acc 0.5758 f1 0.5668 conf_mat [370,91,1,352,0,98,265,0,211,0,1,1,30,52,3,47,30,13,614,9,0,0,2,57,35]
Test: [104/200] eta 00:12:48 loss_cls 0.6388 acc 0.6538 f1 0.6516 conf_mat [493,148,1,172,0,92,367,2,113,0,1,1,45,39,1,66,60,29,553,5,2,2,2,54,34]
Test: [105/200] eta 00:12:40 loss_cls 0.6373 acc 0.5605 f1 0.5457 conf_mat [421,26,1,366,0,139,173,1,261,0,1,0,37,47,2,54,18,19,616,6,0,0,2,60,32]
Test: [106/200] eta 00:12:32 loss_cls 0.6368 acc 0.6551 f1 0.6517 conf_mat [594,168,1,51,0,143,389,1,41,0,1,1,33,49,3,158,88,17,445,5,3,3,2,52,34]
Test: [107/200] eta 00:12:24 loss_cls 0.6428 acc 0.4619 f1 0.4272 conf_mat [171,52,5,586,0,21,164,1,388,0,1,0,44,40,2,22,15,25,637,14,1,0,3,52,38]
Test: [108/200] eta 00:12:16 loss_cls 0.6294 acc 0.6468 f1 0.6359 conf_mat [707,66,1,40,0,264,281,0,29,0,2,1,28,54,2,214,56,13,424,6,4,2,2,50,36]
Test: [109/200] eta 00:12:08 loss_cls 0.6276 acc 0.6258 f1 0.6157 conf_mat [656,136,1,21,0,187,361,0,26,0,5,1,25,54,2,254,88,12,356,3,7,2,2,53,30]
Test: [110/200] eta 00:12:00 loss_cls 0.6358 acc 0.6345 f1 0.6304 conf_mat [534,89,1,190,0,122,294,0,158,0,4,1,36,45,1,92,53,12,551,5,2,2,2,55,33]
Test: [111/200] eta 00:11:52 loss_cls 0.6392 acc 0.6643 f1 0.6620 conf_mat [572,130,1,111,0,143,346,2,83,0,1,1,45,37,3,90,65,32,517,9,2,2,4,50,36]
Test: [112/200] eta 00:11:44 loss_cls 0.6511 acc 0.5986 f1 0.5948 conf_mat [387,111,1,315,0,97,318,2,157,0,1,0,46,38,2,52,46,28,571,16,1,2,3,44,44]
Test: [113/200] eta 00:11:36 loss_cls 0.6253 acc 0.5688 f1 0.5530 conf_mat [574,225,1,14,0,141,417,0,16,0,11,4,21,49,2,312,134,7,254,6,11,4,2,45,32]
Test: [114/200] eta 00:11:28 loss_cls 0.6178 acc 0.6363 f1 0.6314 conf_mat [419,229,1,165,0,67,409,2,96,0,1,1,40,43,2,59,83,15,550,6,1,2,2,55,34]
Test: [115/200] eta 00:11:20 loss_cls 0.6103 acc 0.5267 f1 0.5067 conf_mat [220,112,5,477,0,33,281,4,256,0,1,0,50,30,6,24,35,29,606,19,1,0,3,45,45]
Test: [116/200] eta 00:11:12 loss_cls 0.6079 acc 0.6613 f1 0.6581 conf_mat [539,190,1,84,0,117,381,1,75,0,3,1,40,42,1,102,73,14,520,4,3,2,2,58,29]
Test: [117/200] eta 00:09:41 loss_cls 0.6087 acc 0.6376 f1 0.6376 conf_mat [496,245,1,72,0,100,426,2,46,0,1,1,41,43,1,104,128,19,455,7,2,3,2,50,37]
Test: [118/200] eta 00:10:56 loss_cls 0.6060 acc 0.6315 f1 0.6181 conf_mat [710,70,1,33,0,295,249,0,30,0,3,1,27,54,2,218,57,12,420,6,6,2,2,49,35]
Test: [119/200] eta 00:10:48 loss_cls 0.6013 acc 0.6310 f1 0.6276 conf_mat [559,233,1,21,0,121,430,1,22,0,4,2,38,42,1,183,130,13,383,4,5,4,2,53,30]
Test: [120/200] eta 00:09:20 loss_cls 0.6068 acc 0.6635 f1 0.6575 conf_mat [602,163,1,48,0,141,387,0,46,0,4,1,21,60,1,130,97,9,472,5,3,2,2,55,32]
Test: [121/200] eta 00:10:32 loss_cls 0.6054 acc 0.4768 f1 0.4491 conf_mat [192,60,5,557,0,26,182,4,362,0,1,1,50,33,2,29,14,31,621,18,1,0,3,47,43]
Test: [122/200] eta 00:10:24 loss_cls 0.6092 acc 0.6691 f1 0.6628 conf_mat [663,98,1,52,0,207,327,0,40,0,1,1,31,51,3,148,75,12,467,11,3,2,2,48,39]
Test: [123/200] eta 00:10:16 loss_cls 0.6031 acc 0.6135 f1 0.6088 conf_mat [529,267,1,17,0,104,447,0,23,0,5,2,32,47,1,184,149,12,364,4,4,5,2,55,28]
Test: [124/200] eta 00:10:08 loss_cls 0.5995 acc 0.6017 f1 0.5832 conf_mat [741,54,1,18,0,330,219,0,25,0,9,2,35,40,1,308,41,12,348,4,8,1,2,53,30]
Test: [125/200] eta 00:10:00 loss_cls 0.6000 acc 0.6358 f1 0.6345 conf_mat [457,216,4,137,0,100,382,2,90,0,1,1,47,36,2,65,84,28,525,11,1,2,2,49,40]
Test: [126/200] eta 00:09:52 loss_cls 0.5860 acc 0.6630 f1 0.6617 conf_mat [516,156,1,141,0,104,370,2,98,0,1,1,45,37,3,74,58,25,540,16,2,2,3,45,42]
Test: [127/200] eta 00:09:44 loss_cls 0.5974 acc 0.5561 f1 0.5274 conf_mat [475,11,1,327,0,167,108,1,298,0,1,0,41,44,1,65,10,23,610,5,1,0,2,56,35]
Test: [128/200] eta 00:09:36 loss_cls 0.5917 acc 0.5254 f1 0.5112 conf_mat [271,64,1,478,0,42,222,1,309,0,1,1,40,42,3,32,22,20,628,11,1,0,2,53,38]
Test: [129/200] eta 00:09:28 loss_cls 0.5879 acc 0.5968 f1 0.5853 conf_mat [324,221,2,267,0,51,382,1,140,0,1,1,40,41,4,40,67,18,579,9,1,2,2,52,37]
Test: [130/200] eta 00:09:20 loss_cls 0.5826 acc 0.6174 f1 0.5811 conf_mat [696,19,1,98,0,345,121,0,108,0,4,1,34,45,3,158,15,11,525,4,5,0,2,54,33]
Test: [131/200] eta 00:09:12 loss_cls 0.5757 acc 0.6192 f1 0.6123 conf_mat [354,310,1,149,0,40,445,2,87,0,1,0,46,37,3,40,105,30,528,10,1,2,3,48,40]
Test: [132/200] eta 00:09:04 loss_cls 0.5715 acc 0.6363 f1 0.6309 conf_mat [404,288,1,121,0,53,441,1,79,0,1,1,37,47,1,54,99,18,537,5,2,2,2,55,33]
Test: [133/200] eta 00:08:56 loss_cls 0.5668 acc 0.6705 f1 0.6649 conf_mat [651,99,1,63,0,199,328,1,46,0,1,1,34,45,6,140,66,16,479,12,2,2,2,50,38]
Test: [134/200] eta 00:08:48 loss_cls 0.5732 acc 0.5881 f1 0.5814 conf_mat [345,128,1,340,0,62,317,2,193,0,1,0,47,36,3,41,39,30,593,10,0,2,2,50,40]
Test: [135/200] eta 00:08:40 loss_cls 0.5633 acc 0.6004 f1 0.5945 conf_mat [398,104,1,311,0,71,293,1,209,0,1,0,41,44,1,44,34,22,609,4,1,2,2,60,29]
Test: [136/200] eta 00:08:32 loss_cls 0.5702 acc 0.6718 f1 0.6657 conf_mat [656,71,1,86,0,219,293,1,61,0,1,1,44,34,7,132,49,19,497,16,2,2,2,45,43]
Test: [137/200] eta 00:08:24 loss_cls 0.5747 acc 0.6740 f1 0.6714 conf_mat [563,154,1,96,0,123,376,1,74,0,1,1,37,45,3,89,77,15,526,6,2,2,2,52,36]
Test: [138/200] eta 00:08:16 loss_cls 0.5656 acc 0.5443 f1 0.5285 conf_mat [260,112,1,441,0,35,282,1,256,0,1,1,45,39,1,34,31,20,623,5,1,1,2,58,32]
Test: [139/200] eta 00:08:08 loss_cls 0.5614 acc 0.6218 f1 0.6175 conf_mat [449,147,1,217,0,98,314,1,161,0,2,1,42,40,2,67,41,19,578,8,1,2,2,53,36]
Test: [140/200] eta 00:08:00 loss_cls 0.5635 acc 0.6494 f1 0.6471 conf_mat [487,135,1,191,0,103,345,2,124,0,1,0,44,39,3,58,52,23,566,14,2,2,2,48,40]
Test: [141/200] eta 00:07:52 loss_cls 0.5645 acc 0.6096 f1 0.6064 conf_mat [494,299,1,20,0,88,460,0,26,0,8,1,34,43,1,168,155,13,373,4,5,5,2,52,30]
Test: [142/200] eta 00:07:44 loss_cls 0.5650 acc 0.5386 f1 0.5187 conf_mat [228,149,5,432,0,33,314,3,224,0,1,0,46,31,9,33,39,27,595,19,1,2,3,42,46]
Test: [143/200] eta 00:06:39 loss_cls 0.5582 acc 0.4702 f1 0.4369 conf_mat [204,15,1,594,0,44,139,1,390,0,1,1,41,41,3,23,11,18,654,7,1,0,2,56,35]
Test: [144/200] eta 00:06:32 loss_cls 0.5632 acc 0.6148 f1 0.6153 conf_mat [404,358,1,51,0,67,470,1,36,0,2,1,47,34,3,77,156,25,441,14,2,5,2,44,41]
Test: [145/200] eta 00:06:25 loss_cls 0.5488 acc 0.6385 f1 0.6378 conf_mat [453,306,1,54,0,70,460,1,43,0,2,1,34,48,2,82,138,13,473,7,2,3,2,50,37]
Test: [146/200] eta 00:06:18 loss_cls 0.5415 acc 0.6678 f1 0.6638 conf_mat [574,155,1,84,0,135,371,0,68,0,1,1,35,49,1,112,70,13,514,4,2,2,2,58,30]
Test: [147/200] eta 00:07:04 loss_cls 0.5479 acc 0.4018 f1 0.3276 conf_mat [124,4,3,683,0,22,47,1,504,0,1,0,43,37,6,9,2,27,657,18,0,0,2,46,46]
Test: [148/200] eta 00:06:56 loss_cls 0.5530 acc 0.6315 f1 0.6317 conf_mat [449,320,1,44,0,66,476,1,31,0,2,1,45,36,3,93,155,23,434,8,2,4,2,49,37]
Test: [149/200] eta 00:07:39 loss_cls 0.5511 acc 0.5977 f1 0.5843 conf_mat [313,298,1,202,0,41,423,1,109,0,1,1,40,44,1,41,92,18,557,5,1,2,2,58,31]
Test: [150/200] eta 00:06:40 loss_cls 0.5430 acc 0.6477 f1 0.6436 conf_mat [516,100,1,197,0,110,308,1,155,0,1,1,38,45,2,67,41,17,582,6,1,2,2,55,34]
Test: [151/200] eta 00:06:32 loss_cls 0.5356 acc 0.6573 f1 0.6552 conf_mat [499,153,1,161,0,93,367,1,113,0,1,1,39,44,2,71,61,16,555,10,2,2,2,48,40]
Test: [152/200] eta 00:06:24 loss_cls 0.5346 acc 0.6591 f1 0.6449 conf_mat [701,50,1,62,0,278,233,1,62,0,3,1,42,38,3,158,37,17,494,7,2,2,2,54,34]
Test: [153/200] eta 00:06:16 loss_cls 0.5376 acc 0.6411 f1 0.6215 conf_mat [681,40,1,92,0,302,188,1,83,0,1,1,38,42,5,141,26,18,516,12,3,1,2,48,40]
Test: [154/200] eta 00:06:08 loss_cls 0.5434 acc 0.6376 f1 0.6158 conf_mat [668,38,1,107,0,293,179,1,101,0,1,1,37,45,3,130,22,18,535,8,3,1,2,52,36]
Test: [155/200] eta 00:06:00 loss_cls 0.5306 acc 0.5973 f1 0.5917 conf_mat [376,113,1,324,0,67,307,1,199,0,1,1,39,42,4,50,34,19,602,8,1,2,2,50,39]
Test: [156/200] eta 00:05:52 loss_cls 0.5303 acc 0.6713 f1 0.6706 conf_mat [540,182,1,91,0,104,397,2,71,0,2,1,46,34,4,84,86,22,511,10,2,2,2,50,38]
Test: [157/200] eta 00:05:44 loss_cls 0.5322 acc 0.6227 f1 0.6219 conf_mat [486,289,1,38,0,96,449,1,28,0,1,1,37,46,2,133,144,15,416,5,2,5,2,52,33]
Test: [158/200] eta 00:05:36 loss_cls 0.5385 acc 0.6398 f1 0.6406 conf_mat [464,299,1,50,0,77,449,1,47,0,2,1,42,41,1,86,136,17,468,6,2,3,2,50,37]
Test: [159/200] eta 00:05:28 loss_cls 0.5362 acc 0.5872 f1 0.5814 conf_mat [313,413,2,86,0,41,472,2,59,0,1,1,48,35,2,43,159,33,466,12,2,4,3,44,41]
Test: [160/200] eta 00:05:20 loss_cls 0.5441 acc 0.6599 f1 0.6582 conf_mat [560,196,1,57,0,120,410,1,43,0,1,1,39,45,1,122,104,18,464,5,2,4,2,53,33]
Test: [161/200] eta 00:05:12 loss_cls 0.5347 acc 0.6512 f1 0.6493 conf_mat [479,172,1,162,0,89,368,1,116,0,1,1,44,37,4,67,62,19,553,12,2,2,2,46,42]
Test: [162/200] eta 00:05:04 loss_cls 0.5252 acc 0.6499 f1 0.6460 conf_mat [534,97,1,182,0,129,305,1,139,0,1,1,36,43,6,71,45,16,567,14,2,2,2,47,41]
Test: [163/200] eta 00:04:56 loss_cls 0.5220 acc 0.6481 f1 0.6460 conf_mat [567,211,1,35,0,122,422,1,29,0,2,1,41,42,1,158,120,14,416,5,2,5,2,52,33]
Test: [164/200] eta 00:04:48 loss_cls 0.5221 acc 0.6529 f1 0.6517 conf_mat [491,210,1,112,0,102,387,1,84,0,1,1,45,38,2,76,81,21,529,6,2,2,2,50,38]
Test: [165/200] eta 00:04:40 loss_cls 0.5221 acc 0.6464 f1 0.6438 conf_mat [474,153,1,186,0,83,363,1,127,0,2,1,40,41,3,69,57,19,561,7,1,2,2,52,37]
Test: [166/200] eta 00:04:32 loss_cls 0.5173 acc 0.6797 f1 0.6775 conf_mat [616,126,1,71,0,149,370,1,54,0,1,1,43,37,5,124,76,21,480,12,2,2,2,46,42]
Test: [167/200] eta 00:04:24 loss_cls 0.5180 acc 0.6705 f1 0.6678 conf_mat [571,183,1,59,0,114,411,1,48,0,2,1,38,45,1,118,97,14,479,5,2,2,2,57,31]
Test: [168/200] eta 00:03:44 loss_cls 0.5145 acc 0.6529 f1 0.6506 conf_mat [460,246,1,107,0,70,425,1,78,0,1,1,40,42,3,69,91,18,529,6,2,2,2,52,36]
Test: [169/200] eta 00:03:37 loss_cls 0.5187 acc 0.6599 f1 0.6585 conf_mat [510,207,1,96,0,92,399,1,82,0,2,1,41,42,1,89,82,16,520,6,2,2,2,52,36]
Test: [170/200] eta 00:03:30 loss_cls 0.5161 acc 0.6779 f1 0.6749 conf_mat [608,106,1,99,0,159,334,1,80,0,1,1,45,35,5,100,63,20,518,12,2,2,2,46,42]
Test: [171/200] eta 00:03:23 loss_cls 0.5174 acc 0.6538 f1 0.6514 conf_mat [507,124,1,182,0,101,338,1,134,0,1,1,42,40,3,68,51,19,567,8,2,2,2,50,38]
Test: [172/200] eta 00:03:44 loss_cls 0.5140 acc 0.6858 f1 0.6795 conf_mat [653,87,1,73,0,181,324,1,68,0,2,1,39,44,1,121,57,14,515,6,2,2,2,54,34]
Test: [173/200] eta 00:03:36 loss_cls 0.5108 acc 0.6722 f1 0.6701 conf_mat [560,183,1,70,0,110,401,1,62,0,2,1,39,44,1,102,90,15,501,5,2,2,2,55,33]
Test: [174/200] eta 00:03:28 loss_cls 0.5137 acc 0.6740 f1 0.6729 conf_mat [533,171,1,109,0,102,391,1,80,0,1,1,45,37,3,80,76,20,529,8,2,2,2,48,40]
Test: [175/200] eta 00:03:20 loss_cls 0.5123 acc 0.6805 f1 0.6760 conf_mat [625,116,1,72,0,154,347,1,72,0,2,1,38,45,1,116,67,15,509,6,2,2,2,54,34]
Test: [176/200] eta 00:03:12 loss_cls 0.5093 acc 0.6779 f1 0.6757 conf_mat [597,154,1,62,0,131,388,1,54,0,2,1,41,41,2,122,83,17,484,7,2,2,2,51,37]
Test: [177/200] eta 00:03:04 loss_cls 0.5116 acc 0.6748 f1 0.6732 conf_mat [560,147,1,106,0,122,369,1,82,0,1,1,44,36,5,91,68,19,527,8,2,2,2,48,40]
Test: [178/200] eta 00:02:56 loss_cls 0.5083 acc 0.6753 f1 0.6737 conf_mat [558,179,1,76,0,108,401,1,64,0,1,1,40,42,3,94,89,17,506,7,2,2,2,52,36]
Test: [179/200] eta 00:02:48 loss_cls 0.5081 acc 0.6713 f1 0.6702 conf_mat [538,164,1,111,0,108,382,1,83,0,1,1,42,39,4,83,74,20,528,8,2,2,2,46,42]
Test: [180/200] eta 00:02:40 loss_cls 0.5075 acc 0.6670 f1 0.6639 conf_mat [601,168,1,44,0,137,399,1,37,0,4,1,37,44,1,145,98,13,452,5,2,4,2,53,33]
Test: [181/200] eta 00:02:32 loss_cls 0.5076 acc 0.6433 f1 0.6411 conf_mat [463,128,1,222,0,83,348,1,142,0,1,1,43,37,5,63,46,21,573,10,1,2,2,48,41]
Test: [182/200] eta 00:02:24 loss_cls 0.5091 acc 0.6691 f1 0.6671 conf_mat [552,173,1,88,0,109,386,1,78,0,2,1,39,44,1,97,80,15,515,6,2,2,2,53,35]
Test: [183/200] eta 00:02:16 loss_cls 0.5072 acc 0.6661 f1 0.6636 conf_mat [534,129,1,150,0,105,355,1,113,0,1,1,41,41,3,77,55,19,554,8,2,2,2,52,36]
Test: [184/200] eta 00:02:08 loss_cls 0.5054 acc 0.6753 f1 0.6730 conf_mat [563,161,1,89,0,115,384,1,74,0,1,1,39,44,2,91,77,18,520,7,2,2,2,53,35]
Test: [185/200] eta 00:02:00 loss_cls 0.5064 acc 0.6775 f1 0.6753 conf_mat [572,152,1,89,0,123,376,1,74,0,1,1,40,43,2,94,73,18,521,7,2,2,2,51,37]
Test: [186/200] eta 00:01:52 loss_cls 0.5054 acc 0.6766 f1 0.6744 conf_mat [564,157,1,92,0,119,380,1,74,0,1,1,41,41,3,92,73,18,523,7,2,2,2,52,36]
Test: [187/200] eta 00:01:44 loss_cls 0.5041 acc 0.6735 f1 0.6711 conf_mat [569,157,1,87,0,121,382,1,70,0,1,1,40,43,2,97,78,19,512,7,2,2,2,54,34]
Test: [188/200] eta 00:01:36 loss_cls 0.5042 acc 0.6735 f1 0.6714 conf_mat [557,165,1,91,0,114,383,1,76,0,1,1,41,42,2,92,75,18,521,7,2,2,2,53,35]
Test: [189/200] eta 00:01:28 loss_cls 0.5059 acc 0.6744 f1 0.6726 conf_mat [565,162,1,86,0,117,386,1,70,0,1,1,40,42,3,96,81,18,511,7,2,2,2,51,37]
Test: [190/200] eta 00:01:20 loss_cls 0.5050 acc 0.6762 f1 0.6739 conf_mat [563,161,1,89,0,116,386,1,71,0,1,1,40,43,2,92,77,18,519,7,2,2,2,53,35]
Test: [191/200] eta 00:01:12 loss_cls 0.5029 acc 0.6727 f1 0.6705 conf_mat [565,160,1,88,0,118,382,1,73,0,1,1,40,43,2,94,81,18,513,7,2,2,2,53,35]
Test: [192/200] eta 00:01:04 loss_cls 0.5038 acc 0.6744 f1 0.6717 conf_mat [577,153,1,83,0,125,377,1,71,0,1,1,39,44,2,100,77,17,512,7,2,2,2,54,34]
Test: [193/200] eta 00:00:56 loss_cls 0.5049 acc 0.6770 f1 0.6751 conf_mat [566,158,1,89,0,119,382,1,72,0,1,1,41,41,3,92,76,18,519,8,2,2,2,51,37]
Test: [194/200] eta 00:00:42 loss_cls 0.5038 acc 0.6740 f1 0.6721 conf_mat [562,163,1,88,0,116,386,1,71,0,1,1,40,42,3,90,84,18,514,7,2,2,2,52,36]
Test: [195/200] eta 00:00:35 loss_cls 0.5034 acc 0.6731 f1 0.6710 conf_mat [561,161,1,91,0,117,383,1,73,0,1,1,40,43,2,89,82,18,517,7,2,2,2,53,35]
Test: [196/200] eta 00:00:28 loss_cls 0.5032 acc 0.6753 f1 0.6732 conf_mat [572,156,1,85,0,120,382,1,71,0,1,1,40,42,3,96,81,18,511,7,2,2,2,52,36]
Test: [197/200] eta 00:00:24 loss_cls 0.5039 acc 0.6762 f1 0.6739 conf_mat [570,156,1,87,0,118,383,1,72,0,1,1,40,43,2,93,80,18,515,7,2,2,2,53,35]
Test: [198/200] eta 00:00:16 loss_cls 0.5031 acc 0.6757 f1 0.6737 conf_mat [566,157,1,90,0,118,382,1,73,0,1,1,41,41,3,91,80,18,517,7,2,2,2,52,36]
Test: [199/200] eta 00:00:08 loss_cls 0.5026 acc 0.6748 f1 0.6730 conf_mat [564,159,1,90,0,118,382,1,73,0,1,1,41,41,3,92,80,18,516,7,2,2,2,51,37]
Test: [200/200] eta 00:00:00 loss_cls 0.5042 acc 0.6753 f1 0.6731 conf_mat [572,156,1,85,0,119,383,1,71,0,1,1,40,42,3,96,81,18,511,7,2,2,2,53,35]
