model = dict(
    type='Classifier',
    backbone=dict(
        type='MyResNetV1d',
        depth=34,
        num_stages=4,
        out_indices=(0, 1, 2, 3),
        frozen_stages=1,
        norm_cfg=dict(type='BN', requires_grad=True),
        norm_eval=True,
        style='pytorch',
        init_cfg=dict(
            type='ft',
            checkpoint=
            '../work_dirs/multiembedding_opensarship_pretrain/res34_0020.pth')
    ),
    classifier=dict(dim_in=512, dim_mid=256, dim_out=5))
optimizer = dict(type='SGD', lr=0.001, momentum=0.9, weight_decay=0.0001)
runner = dict(epoch=200)
data = dict(
    type='OpenSARShip',
    root='../data/opensarship',
    n_class=5,
    percentage=70,
    image_size=64,
    normalize=dict(
        mean=[
            0.026807075832908405, 0.026807075832908405, 0.026807075832908405
        ],
        std=[0.039102898421077066, 0.039102898421077066,
             0.039102898421077066]),
    workers=2,
    batch_size=dict(pretrain=1024, train=512, val=2048))
checkpoints = dict(
    folders=['../work_dirs/multiembedding_opensarship_pretrain'],
    index=['res34_0020.pth'])
test_mode = 'ft'
work_dir = '../work_dirs/classifier_opensarship_single_ft'
log_file = '../work_dirs/classifier_opensarship_single_ft/20221010_154620.log'
Test: [  1/200] eta 00:29:51 loss_cls 1.5650 acc 0.3212 f1 nan conf_mat [0,0,0,813,1,0,0,0,574,0,0,0,0,77,10,0,0,0,693,20,0,0,0,54,40]
Test: [  2/200] eta 00:23:06 loss_cls 1.4764 acc 0.4010 f1 nan conf_mat [674,0,3,136,1,539,0,1,34,0,16,0,10,54,7,489,0,11,191,22,17,0,1,36,40]
Test: [  3/200] eta 00:22:59 loss_cls 1.3827 acc 0.3922 f1 nan conf_mat [588,0,0,226,0,513,0,0,61,0,9,0,1,74,3,427,0,0,283,3,15,0,0,56,23]
Test: [  4/200] eta 00:22:52 loss_cls 1.2975 acc 0.4439 f1 nan conf_mat [516,142,0,156,0,306,231,0,37,0,16,0,0,65,6,397,71,0,234,11,17,0,0,45,32]
Test: [  5/200] eta 00:22:45 loss_cls 1.2418 acc 0.4395 f1 0.4236 conf_mat [418,291,0,105,0,202,351,0,21,0,18,1,3,63,2,272,230,1,202,8,14,6,2,43,29]
Test: [  6/200] eta 00:22:38 loss_cls 1.2128 acc 0.4325 f1 nan conf_mat [500,288,0,26,0,215,351,0,8,0,38,1,0,48,0,366,227,0,120,0,23,6,0,49,16]
Test: [  7/200] eta 00:22:31 loss_cls 1.1934 acc 0.4417 f1 0.4235 conf_mat [436,288,0,90,0,207,349,0,18,0,18,1,2,63,3,291,223,3,186,10,14,6,2,37,35]
Test: [  8/200] eta 00:22:24 loss_cls 1.1758 acc 0.4382 f1 nan conf_mat [473,267,0,72,2,225,332,0,17,0,22,0,0,47,18,336,193,1,143,40,17,3,0,22,52]
Test: [  9/200] eta 00:22:17 loss_cls 1.1658 acc 0.4465 f1 0.4182 conf_mat [493,286,0,35,0,213,349,0,12,0,33,0,3,51,0,341,217,0,148,7,16,5,0,47,26]
Test: [ 10/200] eta 00:22:10 loss_cls 1.1467 acc 0.4514 f1 nan conf_mat [507,258,0,49,0,237,320,0,17,0,26,0,0,61,0,357,174,0,178,4,19,1,0,49,25]
Test: [ 11/200] eta 00:22:03 loss_cls 1.1252 acc 0.4623 f1 0.4349 conf_mat [552,232,0,30,0,261,302,0,11,0,33,0,6,44,4,404,142,1,151,15,21,0,0,29,44]
Test: [ 12/200] eta 00:21:56 loss_cls 1.1062 acc 0.4680 f1 0.4405 conf_mat [573,215,0,26,0,270,293,0,11,0,28,0,3,56,0,409,130,0,172,2,20,0,0,47,27]
Test: [ 13/200] eta 00:21:49 loss_cls 1.0859 acc 0.4790 f1 nan conf_mat [479,211,0,124,0,224,293,0,57,0,8,0,0,79,0,275,124,0,314,0,13,0,0,74,7]
Test: [ 14/200] eta 00:21:42 loss_cls 1.0629 acc 0.5074 f1 0.4912 conf_mat [570,212,0,32,0,240,304,0,30,0,21,0,6,60,0,344,120,2,245,2,11,1,2,47,33]
Test: [ 15/200] eta 00:21:35 loss_cls 1.0336 acc 0.5368 f1 0.5261 conf_mat [549,215,0,50,0,211,327,0,36,0,14,0,7,66,0,277,124,2,307,3,7,3,0,49,35]
Test: [ 16/200] eta 00:21:28 loss_cls 1.0016 acc 0.5749 f1 0.5727 conf_mat [514,227,1,72,0,150,364,1,59,0,6,0,27,46,8,189,129,15,350,30,4,3,2,28,57]
Test: [ 17/200] eta 00:21:21 loss_cls 0.9705 acc 0.5841 f1 nan conf_mat [489,245,0,80,0,118,391,0,65,0,3,0,0,84,0,131,142,0,440,0,1,4,0,76,13]
Test: [ 18/200] eta 00:21:14 loss_cls 0.9177 acc 0.6170 f1 0.6178 conf_mat [491,237,1,85,0,89,420,1,64,0,3,1,32,40,11,96,158,19,410,30,1,5,5,28,55]
Test: [ 19/200] eta 00:21:07 loss_cls 0.8863 acc 0.6157 f1 0.5997 conf_mat [484,126,0,204,0,96,324,0,154,0,1,0,4,82,0,61,74,0,578,0,1,2,0,76,15]
Test: [ 20/200] eta 00:21:00 loss_cls 0.8541 acc 0.5600 f1 0.5341 conf_mat [633,165,1,15,0,182,371,0,21,0,37,1,20,29,0,345,114,4,250,0,20,4,5,61,4]
Test: [ 21/200] eta 00:20:53 loss_cls 0.8332 acc 0.5890 f1 0.5682 conf_mat [367,213,0,234,0,51,409,0,114,0,0,0,15,72,0,40,116,5,552,0,1,2,2,88,1]
Test: [ 22/200] eta 00:20:46 loss_cls 0.7898 acc 0.6849 f1 0.6814 conf_mat [604,129,0,81,0,142,360,0,72,0,4,0,28,54,1,108,73,4,522,6,1,2,2,40,49]
Test: [ 23/200] eta 00:20:39 loss_cls 0.7523 acc 0.5811 f1 0.5771 conf_mat [376,287,1,148,2,37,464,1,70,2,1,1,30,40,15,79,167,10,394,63,1,4,3,24,62]
Test: [ 24/200] eta 00:20:32 loss_cls 0.7347 acc 0.6718 f1 0.6622 conf_mat [696,76,0,42,0,216,319,0,39,0,4,0,19,61,3,192,54,5,451,11,2,2,2,40,48]
Test: [ 25/200] eta 00:20:25 loss_cls 0.6980 acc 0.6376 f1 0.6247 conf_mat [410,269,0,135,0,43,447,0,84,0,1,0,32,54,0,33,118,4,558,0,0,2,2,82,8]
Test: [ 26/200] eta 00:20:18 loss_cls 0.6689 acc 0.6775 f1 0.6733 conf_mat [549,54,0,211,0,115,310,0,149,0,1,0,42,44,0,59,28,14,612,0,1,2,3,55,33]
Test: [ 27/200] eta 00:20:11 loss_cls 0.6420 acc 0.6599 f1 0.6481 conf_mat [604,159,0,51,0,128,412,0,34,0,12,0,17,58,0,162,90,5,456,0,5,2,2,68,17]
Test: [ 28/200] eta 00:20:04 loss_cls 0.6319 acc 0.5364 f1 0.4753 conf_mat [759,4,0,51,0,409,74,0,91,0,44,0,13,30,0,337,4,2,370,0,21,0,1,64,8]
Test: [ 29/200] eta 00:19:57 loss_cls 0.6485 acc 0.6021 f1 0.5855 conf_mat [677,114,0,23,0,181,374,0,19,0,56,1,19,9,2,375,74,2,253,9,23,3,1,16,51]
Test: [ 30/200] eta 00:19:50 loss_cls 0.6093 acc 0.6814 f1 0.6769 conf_mat [568,215,0,31,0,75,471,1,27,0,4,0,45,38,0,117,137,9,450,0,1,4,6,62,21]
Test: [ 31/200] eta 00:19:43 loss_cls 0.5676 acc 0.6801 f1 0.6664 conf_mat [637,47,0,130,0,165,283,0,126,0,1,0,26,60,0,102,22,3,586,0,1,1,2,70,20]
Test: [ 32/200] eta 00:19:36 loss_cls 0.5391 acc 0.5828 f1 0.5702 conf_mat [419,378,0,17,0,35,526,0,13,0,4,8,15,60,0,85,262,3,363,0,1,13,2,71,7]
Test: [ 33/200] eta 00:19:29 loss_cls 0.4988 acc 0.6678 f1 0.6670 conf_mat [439,130,9,236,0,53,421,4,96,0,3,0,65,18,1,43,65,47,552,6,0,2,16,29,47]
Test: [ 34/200] eta 00:19:22 loss_cls 0.4905 acc 0.6713 f1 0.6689 conf_mat [423,241,0,150,0,39,463,1,71,0,0,1,58,27,1,41,97,25,528,22,0,3,3,28,60]
Test: [ 35/200] eta 00:19:15 loss_cls 0.4497 acc 0.6573 f1 0.6480 conf_mat [704,84,0,26,0,223,314,0,37,0,21,1,26,39,0,236,49,5,422,1,7,1,1,51,34]
Test: [ 36/200] eta 00:19:08 loss_cls 0.4722 acc 0.6433 f1 0.6451 conf_mat [470,203,0,134,7,42,467,2,60,3,2,2,32,19,32,75,96,20,428,94,2,7,3,11,71]
Test: [ 37/200] eta 00:19:01 loss_cls 0.4388 acc 0.6687 f1 0.6583 conf_mat [606,106,0,102,0,123,393,0,58,0,10,4,30,43,0,178,45,5,485,0,8,3,2,69,12]
Test: [ 38/200] eta 00:18:54 loss_cls 0.4085 acc 0.6341 f1 0.6329 conf_mat [407,67,6,332,2,64,318,2,189,1,0,2,62,21,2,37,19,37,605,15,0,1,11,27,55]
Test: [ 39/200] eta 00:18:47 loss_cls 0.3863 acc 0.6499 f1 0.6522 conf_mat [499,270,0,45,0,93,434,2,45,0,3,1,40,43,0,82,151,7,473,0,2,5,2,48,37]
Test: [ 40/200] eta 00:18:40 loss_cls 0.5487 acc 0.4645 f1 0.4057 conf_mat [66,661,3,77,7,1,542,2,24,5,0,4,42,18,23,5,240,19,337,112,0,7,1,13,73]
Test: [ 41/200] eta 00:18:33 loss_cls 0.4414 acc 0.7279 f1 0.7258 conf_mat [606,121,0,87,0,97,422,1,54,0,3,0,41,43,0,92,62,8,548,3,4,0,2,44,44]
Test: [ 42/200] eta 00:18:26 loss_cls 0.3287 acc 0.7305 f1 0.7287 conf_mat [646,78,0,90,0,120,381,2,71,0,3,0,49,32,3,101,49,16,541,6,3,0,4,37,50]
Test: [ 43/200] eta 00:18:19 loss_cls 0.2927 acc 0.6284 f1 0.6002 conf_mat [756,11,0,47,0,339,160,1,74,0,10,0,23,49,5,244,7,9,442,11,6,0,1,34,53]
Test: [ 44/200] eta 00:18:12 loss_cls 0.3306 acc 0.5938 f1 0.5869 conf_mat [520,264,0,30,0,48,498,1,27,0,8,20,42,3,14,92,324,22,237,38,1,27,4,4,58]
Test: [ 45/200] eta 00:18:05 loss_cls 0.3506 acc 0.7182 f1 0.7187 conf_mat [578,138,0,97,1,71,432,1,69,1,2,1,42,26,16,78,73,8,517,37,0,5,2,17,70]
Test: [ 46/200] eta 00:17:58 loss_cls 0.2535 acc 0.7117 f1 0.7093 conf_mat [653,139,0,22,0,106,446,1,21,0,7,0,51,27,2,152,109,21,425,6,2,7,5,31,49]
Test: [ 47/200] eta 00:17:51 loss_cls 0.2184 acc 0.6678 f1 0.6550 conf_mat [673,30,1,110,0,213,221,2,137,1,5,0,47,32,3,150,13,14,528,8,2,0,3,34,55]
Test: [ 48/200] eta 00:17:44 loss_cls 0.2760 acc 0.6696 f1 0.6463 conf_mat [723,20,0,71,0,250,225,1,98,0,3,0,27,57,0,159,13,4,536,1,2,0,0,75,17]
Test: [ 49/200] eta 00:17:37 loss_cls 0.2380 acc 0.6902 f1 0.6825 conf_mat [754,30,1,29,0,248,284,1,41,0,6,0,55,26,0,237,24,17,424,11,9,0,6,21,58]
Test: [ 50/200] eta 00:17:30 loss_cls 0.1711 acc 0.7200 f1 0.7208 conf_mat [561,62,0,191,0,66,373,2,133,0,1,2,45,33,6,67,28,7,595,16,1,0,0,24,69]
Test: [ 51/200] eta 00:17:23 loss_cls 0.1507 acc 0.7029 f1 0.7018 conf_mat [519,213,0,82,0,46,488,1,39,0,2,2,34,43,6,69,119,7,509,9,0,4,1,35,54]
Test: [ 52/200] eta 00:17:16 loss_cls 0.1478 acc 0.6897 f1 0.6918 conf_mat [550,176,2,83,3,63,463,2,43,3,1,3,64,11,8,61,116,52,421,63,0,7,5,6,76]
Test: [ 53/200] eta 00:17:09 loss_cls 0.1352 acc 0.6429 f1 0.6268 conf_mat [780,17,0,17,0,257,300,1,16,0,12,0,31,35,9,357,32,12,298,14,8,2,1,25,58]
Test: [ 54/200] eta 00:17:02 loss_cls 0.1042 acc 0.7068 f1 0.7073 conf_mat [518,140,0,155,1,47,438,1,87,1,3,3,50,18,13,58,69,16,537,33,0,4,3,17,70]
Test: [ 55/200] eta 00:16:55 loss_cls 0.0887 acc 0.7489 f1 0.7469 conf_mat [703,59,0,52,0,119,392,2,61,0,8,0,54,22,3,141,45,23,494,10,2,1,4,21,66]
Test: [ 56/200] eta 00:16:48 loss_cls 0.0761 acc 0.7160 f1 0.7027 conf_mat [666,63,0,85,0,126,365,1,82,0,5,0,16,65,1,110,31,4,567,1,3,2,2,67,20]
Test: [ 57/200] eta 00:16:41 loss_cls 0.0592 acc 0.6823 f1 0.6852 conf_mat [479,279,0,55,1,33,513,1,26,1,0,3,48,31,5,48,176,14,452,23,0,8,3,18,65]
Test: [ 58/200] eta 00:16:34 loss_cls 0.0429 acc 0.7366 f1 0.7366 conf_mat [567,112,0,135,0,64,435,1,74,0,1,2,46,33,5,56,62,14,567,14,0,3,2,23,66]
Test: [ 59/200] eta 00:16:27 loss_cls 0.0304 acc 0.7520 f1 0.7517 conf_mat [644,117,0,53,0,81,440,1,52,0,4,1,48,27,7,89,76,15,517,16,0,3,3,21,67]
Test: [ 60/200] eta 00:16:20 loss_cls 0.0257 acc 0.7252 f1 0.7190 conf_mat [722,78,0,14,0,125,429,1,19,0,10,1,44,27,5,209,82,14,396,12,1,5,2,22,64]
Test: [ 61/200] eta 00:16:13 loss_cls 0.0206 acc 0.7524 f1 0.7518 conf_mat [650,98,0,65,1,88,431,1,53,1,2,0,48,29,8,93,64,14,519,23,0,3,2,20,69]
Test: [ 62/200] eta 00:16:06 loss_cls 0.0168 acc 0.7599 f1 0.7586 conf_mat [685,77,0,52,0,109,417,1,47,0,7,0,53,23,4,119,46,18,511,19,0,3,4,19,68]
Test: [ 63/200] eta 00:15:59 loss_cls 0.0147 acc 0.7590 f1 0.7578 conf_mat [661,83,0,70,0,95,416,1,62,0,3,0,46,32,6,101,47,10,544,11,0,3,2,24,65]
Test: [ 64/200] eta 00:15:52 loss_cls 0.0129 acc 0.7520 f1 0.7517 conf_mat [641,106,1,65,1,84,434,1,55,0,2,0,51,28,6,93,59,21,523,17,0,3,2,22,67]
Test: [ 65/200] eta 00:15:45 loss_cls 0.0119 acc 0.7515 f1 0.7504 conf_mat [644,116,0,54,0,83,442,1,48,0,3,0,43,35,6,105,63,10,522,13,0,3,2,25,64]
Test: [ 66/200] eta 00:15:38 loss_cls 0.0114 acc 0.7524 f1 0.7518 conf_mat [639,107,1,67,0,84,436,1,53,0,2,0,47,32,6,93,58,16,528,18,0,3,2,22,67]
Test: [ 67/200] eta 00:15:31 loss_cls 0.0105 acc 0.7577 f1 0.7574 conf_mat [644,93,1,76,0,82,426,1,65,0,4,0,54,25,4,90,50,21,538,14,0,3,2,22,67]
Test: [ 68/200] eta 00:15:24 loss_cls 0.0096 acc 0.7572 f1 0.7565 conf_mat [647,101,0,66,0,86,431,1,56,0,3,0,47,30,7,93,56,13,536,15,0,3,2,22,67]
Test: [ 69/200] eta 00:15:17 loss_cls 0.0092 acc 0.7467 f1 0.7469 conf_mat [609,125,2,78,0,70,442,1,61,0,2,0,49,29,7,74,66,18,537,18,0,3,2,22,67]
Test: [ 70/200] eta 00:15:10 loss_cls 0.0085 acc 0.7581 f1 0.7576 conf_mat [645,91,1,76,1,84,427,1,62,0,3,0,50,30,4,90,51,18,541,13,0,3,2,22,67]
Test: [ 71/200] eta 00:15:03 loss_cls 0.0083 acc 0.7546 f1 0.7539 conf_mat [647,103,1,63,0,84,433,1,56,0,3,0,47,31,6,93,61,15,528,16,0,3,2,22,67]
Test: [ 72/200] eta 00:14:56 loss_cls 0.0077 acc 0.7533 f1 0.7524 conf_mat [650,92,1,71,0,91,424,1,58,0,2,0,47,31,7,97,53,15,531,17,0,3,2,22,67]
Test: [ 73/200] eta 00:14:49 loss_cls 0.0076 acc 0.7546 f1 0.7542 conf_mat [638,111,1,64,0,80,439,1,54,0,2,0,47,31,7,85,63,15,531,19,0,3,2,22,67]
Test: [ 74/200] eta 00:14:42 loss_cls 0.0074 acc 0.7564 f1 0.7559 conf_mat [644,92,1,76,1,88,428,1,57,0,3,0,50,30,4,92,50,20,537,14,0,3,2,22,67]
Test: [ 75/200] eta 00:14:35 loss_cls 0.0069 acc 0.7550 f1 0.7543 conf_mat [647,94,0,72,1,86,426,1,61,0,2,0,47,31,7,94,52,15,536,16,0,3,2,22,67]
Test: [ 76/200] eta 00:14:28 loss_cls 0.0068 acc 0.7564 f1 0.7557 conf_mat [648,105,0,61,0,82,437,1,54,0,2,0,47,31,7,93,60,16,527,17,0,3,2,22,67]
Test: [ 77/200] eta 00:14:21 loss_cls 0.0067 acc 0.7559 f1 0.7556 conf_mat [636,98,2,78,0,82,432,1,59,0,3,0,50,30,4,85,54,20,540,14,0,3,2,22,67]
Test: [ 78/200] eta 00:14:14 loss_cls 0.0064 acc 0.7542 f1 0.7537 conf_mat [644,102,2,65,1,83,433,1,57,0,2,0,48,30,7,88,61,20,529,15,0,3,2,22,67]
Test: [ 79/200] eta 00:14:07 loss_cls 0.0061 acc 0.7572 f1 0.7567 conf_mat [639,94,1,79,1,82,431,1,60,0,2,0,47,31,7,85,53,17,544,14,0,3,2,22,67]
Test: [ 80/200] eta 00:14:00 loss_cls 0.0059 acc 0.7533 f1 0.7526 conf_mat [648,102,1,63,0,85,432,1,56,0,2,0,47,31,7,93,61,19,525,15,0,3,2,22,67]
Test: [ 81/200] eta 00:13:53 loss_cls 0.0057 acc 0.7564 f1 0.7558 conf_mat [640,96,2,75,1,85,430,1,58,0,2,0,47,31,7,85,56,16,542,14,0,3,2,22,67]
Test: [ 82/200] eta 00:13:46 loss_cls 0.0057 acc 0.7537 f1 0.7532 conf_mat [642,98,2,71,1,85,431,1,57,0,2,0,48,31,6,89,57,20,532,15,0,3,2,22,67]
Test: [ 83/200] eta 00:13:39 loss_cls 0.0056 acc 0.7546 f1 0.7539 conf_mat [646,98,0,70,0,84,433,1,56,0,2,0,47,31,7,93,58,18,529,15,0,3,2,22,67]
Test: [ 84/200] eta 00:13:32 loss_cls 0.0054 acc 0.7564 f1 0.7557 conf_mat [646,99,1,68,0,83,433,1,57,0,2,0,47,31,7,89,59,15,533,17,0,3,2,22,67]
Test: [ 85/200] eta 00:13:25 loss_cls 0.0052 acc 0.7564 f1 0.7559 conf_mat [645,90,1,77,1,85,426,1,62,0,2,0,48,31,6,85,50,23,540,15,0,3,2,22,67]
Test: [ 86/200] eta 00:13:18 loss_cls 0.0053 acc 0.7542 f1 0.7537 conf_mat [638,103,2,70,1,81,435,1,57,0,2,0,47,31,7,85,59,19,534,16,0,3,2,22,67]
Test: [ 87/200] eta 00:13:11 loss_cls 0.0050 acc 0.7559 f1 0.7553 conf_mat [646,100,1,67,0,84,432,1,57,0,2,0,47,31,7,90,58,18,533,14,0,3,2,22,67]
Test: [ 88/200] eta 00:13:04 loss_cls 0.0048 acc 0.7537 f1 0.7535 conf_mat [636,105,2,70,1,80,436,1,57,0,2,0,49,29,7,82,61,22,532,16,0,3,2,22,67]
Test: [ 89/200] eta 00:12:57 loss_cls 0.0047 acc 0.7555 f1 0.7550 conf_mat [644,96,2,71,1,83,432,1,58,0,2,0,47,31,7,86,58,21,534,14,0,3,2,22,67]
Test: [ 90/200] eta 00:12:50 loss_cls 0.0049 acc 0.7555 f1 0.7548 conf_mat [646,92,2,73,1,89,425,1,59,0,2,0,47,31,7,90,52,18,539,14,0,3,2,22,67]
Test: [ 91/200] eta 00:12:43 loss_cls 0.0047 acc 0.7533 f1 0.7529 conf_mat [639,106,1,68,0,79,437,1,57,0,2,0,47,31,7,86,62,20,529,16,0,3,2,22,67]
Test: [ 92/200] eta 00:12:36 loss_cls 0.0046 acc 0.7537 f1 0.7534 conf_mat [637,99,2,75,1,81,433,1,59,0,2,0,48,31,6,82,60,22,535,14,0,3,2,22,67]
Test: [ 93/200] eta 00:12:29 loss_cls 0.0044 acc 0.7550 f1 0.7545 conf_mat [643,100,2,69,0,82,434,1,57,0,2,0,47,31,7,87,60,18,532,16,0,3,2,22,67]
Test: [ 94/200] eta 00:12:22 loss_cls 0.0043 acc 0.7559 f1 0.7553 conf_mat [646,94,2,71,1,85,431,1,57,0,2,0,47,31,7,86,59,18,534,16,0,3,2,22,67]
Test: [ 95/200] eta 00:12:15 loss_cls 0.0043 acc 0.7528 f1 0.7525 conf_mat [638,100,2,73,1,82,432,1,59,0,2,0,47,31,7,81,59,23,534,16,0,3,2,22,67]
Test: [ 96/200] eta 00:12:08 loss_cls 0.0043 acc 0.7524 f1 0.7521 conf_mat [640,98,2,73,1,85,431,1,57,0,2,0,48,31,6,85,58,23,531,16,0,3,2,22,67]
Test: [ 97/200] eta 00:12:01 loss_cls 0.0042 acc 0.7550 f1 0.7545 conf_mat [640,99,2,72,1,84,431,1,58,0,2,0,47,31,7,83,58,18,538,16,0,3,2,22,67]
Test: [ 98/200] eta 00:11:54 loss_cls 0.0041 acc 0.7564 f1 0.7558 conf_mat [645,101,2,66,0,82,434,1,57,0,2,0,47,31,7,87,58,19,533,16,0,3,2,22,67]
Test: [ 99/200] eta 00:11:47 loss_cls 0.0041 acc 0.7559 f1 0.7554 conf_mat [643,93,2,75,1,84,426,1,63,0,2,0,47,31,7,81,55,20,542,15,0,3,2,22,67]
Test: [100/200] eta 00:11:40 loss_cls 0.0040 acc 0.7520 f1 0.7517 conf_mat [631,108,2,72,1,78,438,1,57,0,2,0,47,31,7,81,62,21,533,16,0,3,2,22,67]
Test: [101/200] eta 00:11:33 loss_cls 0.0040 acc 0.7555 f1 0.7548 conf_mat [651,93,2,67,1,88,428,1,57,0,2,0,47,31,7,90,55,21,531,16,0,3,2,22,67]
Test: [102/200] eta 00:11:26 loss_cls 0.0039 acc 0.7542 f1 0.7539 conf_mat [636,102,2,73,1,78,434,1,61,0,2,0,48,30,7,81,58,22,536,16,0,3,2,22,67]
Test: [103/200] eta 00:11:19 loss_cls 0.0039 acc 0.7524 f1 0.7520 conf_mat [637,104,2,70,1,80,436,1,57,0,2,0,47,31,7,85,61,21,530,16,0,3,2,22,67]
Test: [104/200] eta 00:11:12 loss_cls 0.0039 acc 0.7572 f1 0.7565 conf_mat [647,92,2,72,1,86,428,1,59,0,2,0,46,32,7,85,55,18,540,15,0,3,2,22,67]
Test: [105/200] eta 00:11:05 loss_cls 0.0038 acc 0.7533 f1 0.7529 conf_mat [638,102,2,71,1,81,435,1,57,0,2,0,47,31,7,82,61,22,532,16,0,3,2,22,67]
Test: [106/200] eta 00:10:58 loss_cls 0.0036 acc 0.7528 f1 0.7525 conf_mat [638,104,2,69,1,81,435,1,57,0,2,0,47,31,7,81,63,22,531,16,0,3,2,22,67]
Test: [107/200] eta 00:10:51 loss_cls 0.0037 acc 0.7577 f1 0.7572 conf_mat [646,95,2,70,1,83,431,1,59,0,2,0,47,31,7,83,56,21,538,15,0,3,2,22,67]
Test: [108/200] eta 00:10:44 loss_cls 0.0036 acc 0.7533 f1 0.7530 conf_mat [635,106,2,70,1,78,438,1,57,0,2,0,47,31,7,82,61,22,532,16,0,3,2,22,67]
Test: [109/200] eta 00:10:37 loss_cls 0.0037 acc 0.7546 f1 0.7541 conf_mat [646,93,2,72,1,85,429,1,59,0,2,0,47,31,7,83,59,22,533,16,0,3,2,22,67]
Test: [110/200] eta 00:10:30 loss_cls 0.0035 acc 0.7533 f1 0.7530 conf_mat [639,103,2,69,1,79,437,1,57,0,2,0,47,31,7,84,61,23,529,16,0,3,2,22,67]
Test: [111/200] eta 00:10:23 loss_cls 0.0034 acc 0.7537 f1 0.7532 conf_mat [645,97,2,69,1,84,431,1,58,0,2,0,47,31,7,86,59,22,530,16,0,3,2,22,67]
Test: [112/200] eta 00:10:16 loss_cls 0.0034 acc 0.7559 f1 0.7554 conf_mat [645,92,2,74,1,85,429,1,59,0,2,0,47,31,7,84,55,22,537,15,0,3,2,22,67]
Test: [113/200] eta 00:10:09 loss_cls 0.0034 acc 0.7537 f1 0.7534 conf_mat [640,102,2,69,1,80,436,1,57,0,2,0,47,31,7,84,60,23,530,16,0,3,2,22,67]
Test: [114/200] eta 00:10:02 loss_cls 0.0034 acc 0.7542 f1 0.7538 conf_mat [637,103,2,71,1,80,436,1,57,0,2,0,47,31,7,81,61,21,534,16,0,3,2,22,67]
Test: [115/200] eta 00:09:55 loss_cls 0.0035 acc 0.7537 f1 0.7534 conf_mat [635,100,2,76,1,80,434,1,59,0,2,0,47,31,7,82,57,22,537,15,0,3,2,22,67]
Test: [116/200] eta 00:09:48 loss_cls 0.0034 acc 0.7537 f1 0.7534 conf_mat [640,100,2,71,1,82,434,1,57,0,2,0,47,31,7,82,60,23,532,16,0,3,2,22,67]
Test: [117/200] eta 00:09:41 loss_cls 0.0034 acc 0.7546 f1 0.7542 conf_mat [641,100,2,70,1,81,435,1,57,0,2,0,47,31,7,84,60,21,532,16,0,3,2,22,67]
Test: [118/200] eta 00:09:34 loss_cls 0.0033 acc 0.7533 f1 0.7529 conf_mat [638,100,2,73,1,82,432,1,59,0,2,0,47,31,7,81,59,22,535,16,0,3,2,22,67]
Test: [119/200] eta 00:09:27 loss_cls 0.0033 acc 0.7550 f1 0.7546 conf_mat [644,98,2,69,1,81,435,1,57,0,2,0,47,31,7,86,59,22,530,16,0,3,2,22,67]
Test: [120/200] eta 00:09:20 loss_cls 0.0034 acc 0.7546 f1 0.7543 conf_mat [638,102,2,71,1,80,435,1,58,0,2,0,47,31,7,81,60,22,535,15,0,3,2,22,67]
Test: [121/200] eta 00:09:13 loss_cls 0.0032 acc 0.7528 f1 0.7525 conf_mat [638,101,2,72,1,81,433,1,59,0,2,0,47,31,7,82,60,22,533,16,0,3,2,22,67]
Test: [122/200] eta 00:09:06 loss_cls 0.0032 acc 0.7564 f1 0.7559 conf_mat [646,96,2,69,1,81,435,1,57,0,2,0,47,31,7,86,58,22,531,16,0,3,2,22,67]
Test: [123/200] eta 00:08:59 loss_cls 0.0032 acc 0.7528 f1 0.7526 conf_mat [635,104,2,72,1,79,437,1,57,0,2,0,47,31,7,82,61,22,532,16,0,3,2,22,67]
Test: [124/200] eta 00:08:52 loss_cls 0.0032 acc 0.7564 f1 0.7559 conf_mat [646,96,2,69,1,81,435,1,57,0,2,0,47,31,7,84,60,22,531,16,0,3,2,22,67]
Test: [125/200] eta 00:08:45 loss_cls 0.0031 acc 0.7542 f1 0.7538 conf_mat [640,100,2,71,1,80,436,1,57,0,2,0,47,31,7,83,61,22,531,16,0,3,2,22,67]
Test: [126/200] eta 00:08:38 loss_cls 0.0032 acc 0.7546 f1 0.7542 conf_mat [643,99,2,69,1,81,435,1,57,0,2,0,47,31,7,85,60,22,530,16,0,3,2,22,67]
Test: [127/200] eta 00:08:31 loss_cls 0.0031 acc 0.7546 f1 0.7543 conf_mat [639,101,2,71,1,80,436,1,57,0,2,0,47,31,7,82,60,22,533,16,0,3,2,22,67]
Test: [128/200] eta 00:08:24 loss_cls 0.0030 acc 0.7533 f1 0.7530 conf_mat [636,104,2,71,1,79,437,1,57,0,2,0,47,31,7,82,61,22,532,16,0,3,2,22,67]
Test: [129/200] eta 00:08:17 loss_cls 0.0031 acc 0.7555 f1 0.7551 conf_mat [643,97,2,71,1,81,435,1,57,0,2,0,48,30,7,83,61,22,531,16,0,3,2,22,67]
Test: [130/200] eta 00:08:10 loss_cls 0.0030 acc 0.7546 f1 0.7542 conf_mat [639,101,2,71,1,80,434,1,59,0,2,0,47,31,7,82,59,21,535,16,0,3,2,22,67]
Test: [131/200] eta 00:08:03 loss_cls 0.0029 acc 0.7542 f1 0.7538 conf_mat [641,99,2,71,1,80,435,1,58,0,2,0,47,31,7,83,61,22,531,16,0,3,2,22,67]
Test: [132/200] eta 00:07:56 loss_cls 0.0030 acc 0.7546 f1 0.7542 conf_mat [640,100,2,71,1,80,436,1,57,0,2,0,47,31,7,82,61,22,532,16,0,3,2,22,67]
Test: [133/200] eta 00:07:49 loss_cls 0.0029 acc 0.7550 f1 0.7546 conf_mat [644,97,2,70,1,82,433,1,58,0,2,0,47,31,7,85,58,22,532,16,0,3,2,22,67]
Test: [134/200] eta 00:07:42 loss_cls 0.0029 acc 0.7550 f1 0.7546 conf_mat [642,99,2,70,1,80,436,1,57,0,2,0,47,31,7,83,61,22,531,16,0,3,2,22,67]
Test: [135/200] eta 00:07:35 loss_cls 0.0029 acc 0.7542 f1 0.7538 conf_mat [637,103,2,71,1,80,435,1,58,0,2,0,47,31,7,82,59,22,535,15,0,3,2,22,67]
Test: [136/200] eta 00:07:28 loss_cls 0.0029 acc 0.7550 f1 0.7547 conf_mat [641,101,2,69,1,80,436,1,57,0,2,0,48,30,7,83,61,22,531,16,0,3,2,22,67]
Test: [137/200] eta 00:07:21 loss_cls 0.0029 acc 0.7555 f1 0.7552 conf_mat [642,99,2,70,1,80,435,1,58,0,2,0,48,30,7,82,61,22,532,16,0,3,2,22,67]
Test: [138/200] eta 00:07:14 loss_cls 0.0029 acc 0.7546 f1 0.7543 conf_mat [638,102,2,71,1,79,437,1,57,0,1,0,48,30,8,82,61,22,532,16,0,3,2,22,67]
Test: [139/200] eta 00:07:07 loss_cls 0.0029 acc 0.7546 f1 0.7543 conf_mat [637,103,2,71,1,78,438,1,57,0,2,0,48,30,7,82,61,22,532,16,0,3,2,22,67]
Test: [140/200] eta 00:07:00 loss_cls 0.0029 acc 0.7546 f1 0.7543 conf_mat [639,103,2,69,1,79,437,1,57,0,1,1,48,30,7,83,61,22,531,16,0,3,2,22,67]
Test: [141/200] eta 00:06:53 loss_cls 0.0029 acc 0.7537 f1 0.7534 conf_mat [636,104,2,71,1,78,438,1,57,0,1,1,47,31,7,82,61,22,532,16,0,3,2,22,67]
Test: [142/200] eta 00:06:46 loss_cls 0.0029 acc 0.7550 f1 0.7546 conf_mat [644,98,2,69,1,82,434,1,57,0,2,0,48,30,7,85,60,22,530,16,0,3,2,22,67]
Test: [143/200] eta 00:06:39 loss_cls 0.0028 acc 0.7546 f1 0.7542 conf_mat [642,99,2,70,1,80,436,1,57,0,2,0,47,31,7,84,61,22,530,16,0,3,2,22,67]
Test: [144/200] eta 00:06:32 loss_cls 0.0028 acc 0.7528 f1 0.7525 conf_mat [637,104,2,70,1,80,436,1,57,0,2,0,47,31,7,83,61,22,531,16,0,3,2,22,67]
Test: [145/200] eta 00:06:25 loss_cls 0.0028 acc 0.7555 f1 0.7552 conf_mat [643,99,2,69,1,80,436,1,57,0,2,0,48,30,7,83,61,23,530,16,0,3,2,22,67]
Test: [146/200] eta 00:06:18 loss_cls 0.0028 acc 0.7555 f1 0.7551 conf_mat [642,99,2,70,1,80,435,1,58,0,2,0,48,30,7,83,60,22,532,16,0,3,2,22,67]
Test: [147/200] eta 00:06:11 loss_cls 0.0028 acc 0.7550 f1 0.7546 conf_mat [643,99,2,69,1,80,436,1,57,0,2,0,47,31,7,84,61,22,530,16,0,3,2,22,67]
Test: [148/200] eta 00:06:04 loss_cls 0.0027 acc 0.7546 f1 0.7542 conf_mat [643,99,2,69,1,81,435,1,57,0,2,0,47,31,7,84,61,22,530,16,0,3,2,22,67]
Test: [149/200] eta 00:05:57 loss_cls 0.0027 acc 0.7550 f1 0.7547 conf_mat [643,99,2,69,1,81,434,1,58,0,2,0,48,30,7,83,60,23,531,16,0,3,2,22,67]
Test: [150/200] eta 00:05:50 loss_cls 0.0027 acc 0.7550 f1 0.7546 conf_mat [643,99,2,69,1,80,436,1,57,0,2,0,47,31,7,84,61,22,530,16,0,3,2,22,67]
Test: [151/200] eta 00:05:43 loss_cls 0.0027 acc 0.7550 f1 0.7547 conf_mat [643,99,2,69,1,80,436,1,57,0,2,0,48,30,7,84,62,22,529,16,0,3,2,22,67]
Test: [152/200] eta 00:05:36 loss_cls 0.0027 acc 0.7555 f1 0.7552 conf_mat [644,99,2,68,1,80,436,1,57,0,2,0,48,30,7,84,60,24,529,16,0,3,2,22,67]
Test: [153/200] eta 00:05:29 loss_cls 0.0027 acc 0.7550 f1 0.7547 conf_mat [642,99,2,70,1,80,435,1,58,0,2,0,48,30,7,83,61,22,531,16,0,3,2,22,67]
Test: [154/200] eta 00:05:22 loss_cls 0.0027 acc 0.7546 f1 0.7543 conf_mat [640,99,2,72,1,80,434,1,59,0,2,0,48,30,7,82,60,22,533,16,0,3,2,22,67]
Test: [155/200] eta 00:05:15 loss_cls 0.0027 acc 0.7546 f1 0.7543 conf_mat [640,101,2,70,1,80,436,1,57,0,2,0,48,30,7,83,61,22,531,16,0,3,2,22,67]
Test: [156/200] eta 00:05:08 loss_cls 0.0027 acc 0.7550 f1 0.7547 conf_mat [643,99,2,69,1,80,436,1,57,0,2,0,48,30,7,84,61,23,529,16,0,3,2,22,67]
Test: [157/200] eta 00:05:01 loss_cls 0.0027 acc 0.7542 f1 0.7539 conf_mat [642,100,2,69,1,80,436,1,57,0,2,0,48,30,7,84,62,23,528,16,0,3,2,22,67]
Test: [158/200] eta 00:04:54 loss_cls 0.0027 acc 0.7550 f1 0.7547 conf_mat [642,100,2,69,1,80,436,1,57,0,2,0,48,30,7,84,61,22,530,16,0,3,2,22,67]
Test: [159/200] eta 00:04:47 loss_cls 0.0027 acc 0.7555 f1 0.7551 conf_mat [642,99,2,70,1,80,436,1,57,0,2,0,48,30,7,83,61,22,531,16,0,3,2,22,67]
Test: [160/200] eta 00:04:40 loss_cls 0.0027 acc 0.7533 f1 0.7531 conf_mat [634,105,2,72,1,78,438,1,57,0,1,1,48,30,7,81,62,22,532,16,0,3,2,22,67]
Test: [161/200] eta 00:04:33 loss_cls 0.0027 acc 0.7559 f1 0.7555 conf_mat [643,98,2,70,1,80,435,1,58,0,2,0,47,31,7,83,59,22,533,16,0,3,2,22,67]
Test: [162/200] eta 00:04:26 loss_cls 0.0027 acc 0.7550 f1 0.7547 conf_mat [641,98,2,72,1,80,434,1,59,0,2,0,47,31,7,82,59,22,534,16,0,3,2,22,67]
Test: [163/200] eta 00:04:19 loss_cls 0.0027 acc 0.7564 f1 0.7560 conf_mat [640,98,2,73,1,80,434,1,59,0,2,0,48,31,6,81,58,22,537,15,0,3,2,22,67]
Test: [164/200] eta 00:04:12 loss_cls 0.0026 acc 0.7555 f1 0.7552 conf_mat [641,100,2,70,1,80,436,1,57,0,2,0,48,30,7,83,60,22,532,16,0,3,2,22,67]
Test: [165/200] eta 00:04:05 loss_cls 0.0027 acc 0.7542 f1 0.7539 conf_mat [642,100,2,69,1,80,436,1,57,0,2,0,48,30,7,84,62,23,528,16,0,3,2,22,67]
Test: [166/200] eta 00:03:58 loss_cls 0.0027 acc 0.7555 f1 0.7551 conf_mat [643,99,2,69,1,80,436,1,57,0,2,0,48,30,7,84,60,23,530,16,0,3,2,22,67]
Test: [167/200] eta 00:03:51 loss_cls 0.0027 acc 0.7555 f1 0.7551 conf_mat [643,99,2,69,1,80,436,1,57,0,2,0,48,30,7,84,61,22,530,16,0,3,2,22,67]
Test: [168/200] eta 00:03:44 loss_cls 0.0027 acc 0.7542 f1 0.7539 conf_mat [639,102,2,70,1,80,436,1,57,0,2,0,48,30,7,83,61,22,531,16,0,3,2,22,67]
Test: [169/200] eta 00:03:37 loss_cls 0.0027 acc 0.7564 f1 0.7560 conf_mat [643,99,2,69,1,80,436,1,57,0,2,0,48,30,7,83,60,22,532,16,0,3,2,22,67]
Test: [170/200] eta 00:03:30 loss_cls 0.0027 acc 0.7550 f1 0.7546 conf_mat [643,99,2,69,1,80,436,1,57,0,2,0,47,31,7,84,61,22,530,16,0,3,2,22,67]
Test: [171/200] eta 00:03:23 loss_cls 0.0027 acc 0.7550 f1 0.7547 conf_mat [640,101,2,70,1,80,436,1,57,0,1,1,48,30,7,83,60,22,532,16,0,3,2,22,67]
Test: [172/200] eta 00:03:16 loss_cls 0.0026 acc 0.7546 f1 0.7542 conf_mat [642,99,2,70,1,80,434,1,59,0,2,0,47,31,7,83,60,22,532,16,0,3,2,22,67]
Test: [173/200] eta 00:03:09 loss_cls 0.0026 acc 0.7550 f1 0.7547 conf_mat [640,98,2,73,1,80,434,1,59,0,2,0,47,31,7,82,59,22,535,15,0,3,2,22,67]
Test: [174/200] eta 00:03:02 loss_cls 0.0026 acc 0.7546 f1 0.7543 conf_mat [640,98,2,73,1,80,434,1,59,0,1,0,48,30,8,82,60,22,533,16,0,3,2,22,67]
Test: [175/200] eta 00:02:55 loss_cls 0.0026 acc 0.7550 f1 0.7547 conf_mat [642,98,2,71,1,80,434,1,59,0,2,0,48,30,7,83,60,22,532,16,0,3,2,22,67]
Test: [176/200] eta 00:02:48 loss_cls 0.0027 acc 0.7550 f1 0.7547 conf_mat [642,98,2,71,1,80,434,1,59,0,2,0,48,30,7,83,60,22,532,16,0,3,2,22,67]
Test: [177/200] eta 00:02:41 loss_cls 0.0027 acc 0.7555 f1 0.7552 conf_mat [643,99,2,69,1,80,436,1,57,0,1,0,48,30,8,83,61,23,530,16,0,3,2,22,67]
Test: [178/200] eta 00:02:34 loss_cls 0.0027 acc 0.7542 f1 0.7538 conf_mat [642,98,2,71,1,82,432,1,59,0,2,0,47,31,7,83,59,22,533,16,0,3,2,22,67]
Test: [179/200] eta 00:02:27 loss_cls 0.0027 acc 0.7555 f1 0.7551 conf_mat [643,99,2,69,1,80,436,1,57,0,2,0,48,30,7,84,61,22,530,16,0,3,2,22,67]
Test: [180/200] eta 00:02:20 loss_cls 0.0027 acc 0.7555 f1 0.7551 conf_mat [643,99,2,69,1,80,436,1,57,0,2,0,48,30,7,84,61,22,530,16,0,3,2,22,67]
Test: [181/200] eta 00:02:13 loss_cls 0.0026 acc 0.7533 f1 0.7530 conf_mat [639,103,2,69,1,80,436,1,57,0,1,1,48,30,7,83,62,23,529,16,0,3,2,22,67]
Test: [182/200] eta 00:02:06 loss_cls 0.0027 acc 0.7555 f1 0.7552 conf_mat [641,99,2,71,1,80,435,1,58,0,2,0,48,30,7,82,60,22,533,16,0,3,2,22,67]
Test: [183/200] eta 00:01:59 loss_cls 0.0026 acc 0.7537 f1 0.7535 conf_mat [636,103,2,72,1,79,437,1,57,0,1,1,48,30,7,82,61,22,532,16,0,3,2,22,67]
Test: [184/200] eta 00:01:52 loss_cls 0.0026 acc 0.7542 f1 0.7539 conf_mat [639,103,2,69,1,79,437,1,57,0,1,1,48,30,7,83,62,22,530,16,0,3,2,22,67]
Test: [185/200] eta 00:01:45 loss_cls 0.0026 acc 0.7550 f1 0.7547 conf_mat [641,101,2,69,1,80,436,1,57,0,1,1,48,30,7,83,61,22,531,16,0,3,2,22,67]
Test: [186/200] eta 00:01:38 loss_cls 0.0026 acc 0.7555 f1 0.7552 conf_mat [642,99,2,70,1,80,435,1,58,0,1,0,48,30,8,83,60,22,532,16,0,3,2,22,67]
Test: [187/200] eta 00:01:31 loss_cls 0.0026 acc 0.7550 f1 0.7547 conf_mat [642,99,2,70,1,80,435,1,58,0,2,0,48,30,7,83,60,23,531,16,0,3,2,22,67]
Test: [188/200] eta 00:01:24 loss_cls 0.0026 acc 0.7559 f1 0.7556 conf_mat [643,99,2,69,1,80,435,1,58,0,2,0,48,30,7,83,60,22,532,16,0,3,2,22,67]
Test: [189/200] eta 00:01:17 loss_cls 0.0026 acc 0.7537 f1 0.7534 conf_mat [636,103,2,72,1,79,437,1,57,0,1,1,47,31,7,82,60,22,533,16,0,3,2,22,67]
Test: [190/200] eta 00:01:10 loss_cls 0.0026 acc 0.7550 f1 0.7547 conf_mat [641,101,2,69,1,80,436,1,57,0,1,1,48,30,7,83,61,22,531,16,0,3,2,22,67]
Test: [191/200] eta 00:01:03 loss_cls 0.0027 acc 0.7546 f1 0.7543 conf_mat [643,99,2,69,1,80,436,1,57,0,2,0,48,30,7,84,62,23,528,16,0,3,2,22,67]
Test: [192/200] eta 00:00:56 loss_cls 0.0025 acc 0.7559 f1 0.7556 conf_mat [643,99,2,69,1,80,436,1,57,0,2,0,48,30,7,83,61,22,531,16,0,3,2,22,67]
Test: [193/200] eta 00:00:49 loss_cls 0.0027 acc 0.7546 f1 0.7543 conf_mat [640,99,2,72,1,80,434,1,59,0,2,0,48,30,7,82,60,22,533,16,0,3,2,22,67]
Test: [194/200] eta 00:00:42 loss_cls 0.0026 acc 0.7555 f1 0.7551 conf_mat [643,99,2,69,1,80,436,1,57,0,2,0,48,30,7,84,60,23,530,16,0,3,2,22,67]
Test: [195/200] eta 00:00:35 loss_cls 0.0027 acc 0.7555 f1 0.7551 conf_mat [644,97,2,70,1,82,432,1,59,0,2,0,48,30,7,84,58,22,533,16,0,3,2,22,67]
Test: [196/200] eta 00:00:28 loss_cls 0.0026 acc 0.7550 f1 0.7546 conf_mat [642,98,2,71,1,80,434,1,59,0,2,0,47,31,7,83,59,22,533,16,0,3,2,22,67]
Test: [197/200] eta 00:00:21 loss_cls 0.0026 acc 0.7555 f1 0.7551 conf_mat [642,99,2,70,1,80,436,1,57,0,2,0,47,31,7,83,60,22,532,16,0,3,2,22,67]
Test: [198/200] eta 00:00:14 loss_cls 0.0027 acc 0.7555 f1 0.7551 conf_mat [643,99,2,69,1,80,434,1,59,0,2,0,48,30,7,83,60,22,532,16,0,3,2,22,67]
Test: [199/200] eta 00:00:07 loss_cls 0.0027 acc 0.7542 f1 0.7539 conf_mat [641,101,2,69,1,80,436,1,57,0,2,0,48,30,7,84,61,23,529,16,0,3,2,22,67]
Test: [200/200] eta 00:00:00 loss_cls 0.0027 acc 0.7550 f1 0.7547 conf_mat [643,99,2,69,1,80,436,1,57,0,2,0,48,30,7,84,61,23,529,16,0,3,2,22,67]
